[ 2018-04-08T10:37:17+08:00 ] 127.0.0.1 127.0.0.1 GET /TP_5.0.5_new/public/
[ log ] 127.0.0.1/TP_5.0.5_new/public/ [运行时间：0.351020s][吞吐率：2.85req/s] [内存消耗：1,228.08kb] [文件加载：43]
[ info ] [ LANG ] F:\phpStudy\WWW\TP_5.0.5_new\thinkphp\lang\zh-cn.php
[ info ] [ ROUTE ] array (
  'type' => 'module',
  'module' => 
  array (
    0 => '',
    1 => NULL,
    2 => NULL,
  ),
)
[ info ] [ HEADER ] array (
  'cookie' => 'XSRF-TOKEN=eyJpdiI6InpDV1VSSWwrcW1RejNTQ2FSWGhreUE9PSIsInZhbHVlIjoiSldOSlprdytMd1BYMUdIUzhGbmhBSTZyMVA5UXpYS2lIU1E3bTN1Ukl1WWZjNHIzZHV3cU9VVTRDZTNUK1NDdVc1ZEVKdmRwUFhxcXZoVjFudzFMM1E9PSIsIm1hYyI6IjU5NGUwMTFiZTIwN2MxOTU5NjQzMjBlYjkxMDEyYzJkODY1YWZlMWExZWYxOTBkMjcxZmZhOGU0NmI1MzU1MWUifQ%3D%3D; laravel_session=eyJpdiI6ImhMM1FGTGRBUVVqRVNoMUtzYk8xR1E9PSIsInZhbHVlIjoiemo5S29qK0pETzRJY2N5OU9DM1hzRGhaNzFRRmRCMzlBa2tSdE9peEdEOHk4SGlWYW91aU1oWFpxUUtWdTA2YU96alRrcWtKOG1FSGZJWHh3aXVEZUE9PSIsIm1hYyI6IjcxYzQ0MGJkOGI4YWY0NWQ2MmVlODA0NDliNTkxMTQyZDc1ZTgxM2RkYjhlMTJmYzNjMGY4YWQ1NTIzNTNjZDgifQ%3D%3D',
  'accept-language' => 'zh-CN,zh;q=0.9',
  'accept-encoding' => 'gzip, deflate, br',
  'referer' => 'http://127.0.0.1/TP_5.0.5_new/',
  'accept' => 'text/html,application/xhtml+xml,application/xml;q=0.9,image/webp,image/apng,*/*;q=0.8',
  'user-agent' => 'Mozilla/5.0 (Windows NT 6.1; Win64; x64) AppleWebKit/537.36 (KHTML, like Gecko) Chrome/63.0.3239.132 Safari/537.36',
  'upgrade-insecure-requests' => '1',
  'connection' => 'close',
  'host' => '127.0.0.1',
)
[ info ] [ PARAM ] array (
)
[ info ] [ RUN ] app\index\controller\Index->index[ F:\phpStudy\WWW\TP_5.0.5_new\application\index\controller\Index.php ]
[ info ] [ LOG ] INIT File

---------------------------------------------------------------
[ 2018-04-08T10:37:24+08:00 ] 127.0.0.1 127.0.0.1 GET /TP_5.0.5_new/public/index.php/admin
[ log ] 127.0.0.1/TP_5.0.5_new/public/index.php/admin [运行时间：0.148009s][吞吐率：6.76req/s] [内存消耗：1,419.14kb] [文件加载：50]
[ info ] [ LANG ] F:\phpStudy\WWW\TP_5.0.5_new\thinkphp\lang\zh-cn.php
[ info ] [ ROUTE ] array (
  'type' => 'module',
  'module' => 
  array (
    0 => 'admin',
    1 => NULL,
    2 => NULL,
  ),
)
[ info ] [ HEADER ] array (
  'cookie' => 'thinkphp_show_page_trace=0|0; XSRF-TOKEN=eyJpdiI6InpDV1VSSWwrcW1RejNTQ2FSWGhreUE9PSIsInZhbHVlIjoiSldOSlprdytMd1BYMUdIUzhGbmhBSTZyMVA5UXpYS2lIU1E3bTN1Ukl1WWZjNHIzZHV3cU9VVTRDZTNUK1NDdVc1ZEVKdmRwUFhxcXZoVjFudzFMM1E9PSIsIm1hYyI6IjU5NGUwMTFiZTIwN2MxOTU5NjQzMjBlYjkxMDEyYzJkODY1YWZlMWExZWYxOTBkMjcxZmZhOGU0NmI1MzU1MWUifQ%3D%3D; laravel_session=eyJpdiI6ImhMM1FGTGRBUVVqRVNoMUtzYk8xR1E9PSIsInZhbHVlIjoiemo5S29qK0pETzRJY2N5OU9DM1hzRGhaNzFRRmRCMzlBa2tSdE9peEdEOHk4SGlWYW91aU1oWFpxUUtWdTA2YU96alRrcWtKOG1FSGZJWHh3aXVEZUE9PSIsIm1hYyI6IjcxYzQ0MGJkOGI4YWY0NWQ2MmVlODA0NDliNTkxMTQyZDc1ZTgxM2RkYjhlMTJmYzNjMGY4YWQ1NTIzNTNjZDgifQ%3D%3D',
  'accept-language' => 'zh-CN,zh;q=0.9',
  'accept-encoding' => 'gzip, deflate, br',
  'accept' => 'text/html,application/xhtml+xml,application/xml;q=0.9,image/webp,image/apng,*/*;q=0.8',
  'upgrade-insecure-requests' => '1',
  'user-agent' => 'Mozilla/5.0 (Windows NT 6.1; Win64; x64) AppleWebKit/537.36 (KHTML, like Gecko) Chrome/63.0.3239.132 Safari/537.36',
  'connection' => 'close',
  'host' => '127.0.0.1',
)
[ info ] [ PARAM ] array (
)
[ info ] [ SESSION ] INIT array (
  'id' => '',
  'var_session_id' => '',
  'prefix' => 'think',
  'type' => '',
  'auto_start' => true,
  'expire' => 1800,
)
[ info ] [ LOG ] INIT File

---------------------------------------------------------------
[ 2018-04-08T10:37:24+08:00 ] 127.0.0.1 127.0.0.1 GET /TP_5.0.5_new/public/index.php/admin/login/index.html
[ log ] 127.0.0.1/TP_5.0.5_new/public/index.php/admin/login/index.html [运行时间：0.117007s][吞吐率：8.55req/s] [内存消耗：1,480.46kb] [文件加载：51]
[ info ] [ LANG ] F:\phpStudy\WWW\TP_5.0.5_new\thinkphp\lang\zh-cn.php
[ info ] [ ROUTE ] array (
  'type' => 'module',
  'module' => 
  array (
    0 => 'admin',
    1 => 'login',
    2 => 'index',
  ),
)
[ info ] [ HEADER ] array (
  'cookie' => 'thinkphp_show_page_trace=0|0; XSRF-TOKEN=eyJpdiI6InpDV1VSSWwrcW1RejNTQ2FSWGhreUE9PSIsInZhbHVlIjoiSldOSlprdytMd1BYMUdIUzhGbmhBSTZyMVA5UXpYS2lIU1E3bTN1Ukl1WWZjNHIzZHV3cU9VVTRDZTNUK1NDdVc1ZEVKdmRwUFhxcXZoVjFudzFMM1E9PSIsIm1hYyI6IjU5NGUwMTFiZTIwN2MxOTU5NjQzMjBlYjkxMDEyYzJkODY1YWZlMWExZWYxOTBkMjcxZmZhOGU0NmI1MzU1MWUifQ%3D%3D; laravel_session=eyJpdiI6ImhMM1FGTGRBUVVqRVNoMUtzYk8xR1E9PSIsInZhbHVlIjoiemo5S29qK0pETzRJY2N5OU9DM1hzRGhaNzFRRmRCMzlBa2tSdE9peEdEOHk4SGlWYW91aU1oWFpxUUtWdTA2YU96alRrcWtKOG1FSGZJWHh3aXVEZUE9PSIsIm1hYyI6IjcxYzQ0MGJkOGI4YWY0NWQ2MmVlODA0NDliNTkxMTQyZDc1ZTgxM2RkYjhlMTJmYzNjMGY4YWQ1NTIzNTNjZDgifQ%3D%3D; PHPSESSID=ju5kd7jumb784eqc0h2kshds70',
  'accept-language' => 'zh-CN,zh;q=0.9',
  'accept-encoding' => 'gzip, deflate, br',
  'accept' => 'text/html,application/xhtml+xml,application/xml;q=0.9,image/webp,image/apng,*/*;q=0.8',
  'upgrade-insecure-requests' => '1',
  'user-agent' => 'Mozilla/5.0 (Windows NT 6.1; Win64; x64) AppleWebKit/537.36 (KHTML, like Gecko) Chrome/63.0.3239.132 Safari/537.36',
  'connection' => 'close',
  'host' => '127.0.0.1',
)
[ info ] [ PARAM ] array (
)
[ info ] [ RUN ] app\admin\controller\Login->index[ F:\phpStudy\WWW\TP_5.0.5_new\application\admin\controller\Login.php ]
[ info ] [ VIEW ] F:\phpStudy\WWW\TP_5.0.5_new\public/../application/admin\view\login\index.html [ array (
) ]
[ info ] [ LOG ] INIT File

---------------------------------------------------------------
[ 2018-04-08T10:37:24+08:00 ] 127.0.0.1 127.0.0.1 GET /TP_5.0.5_new/public/index.php/captcha.html
[ log ] 127.0.0.1/TP_5.0.5_new/public/index.php/captcha.html [运行时间：0.088005s][吞吐率：11.36req/s] [内存消耗：1,220.22kb] [文件加载：41]
[ info ] [ LANG ] F:\phpStudy\WWW\TP_5.0.5_new\thinkphp\lang\zh-cn.php
[ info ] [ ROUTE ] array (
  'type' => 'method',
  'method' => 
  array (
    0 => '\\think\\captcha\\CaptchaController',
    1 => 'index',
  ),
  'var' => 
  array (
  ),
)
[ info ] [ HEADER ] array (
  'cookie' => 'thinkphp_show_page_trace=0|0; XSRF-TOKEN=eyJpdiI6InpDV1VSSWwrcW1RejNTQ2FSWGhreUE9PSIsInZhbHVlIjoiSldOSlprdytMd1BYMUdIUzhGbmhBSTZyMVA5UXpYS2lIU1E3bTN1Ukl1WWZjNHIzZHV3cU9VVTRDZTNUK1NDdVc1ZEVKdmRwUFhxcXZoVjFudzFMM1E9PSIsIm1hYyI6IjU5NGUwMTFiZTIwN2MxOTU5NjQzMjBlYjkxMDEyYzJkODY1YWZlMWExZWYxOTBkMjcxZmZhOGU0NmI1MzU1MWUifQ%3D%3D; laravel_session=eyJpdiI6ImhMM1FGTGRBUVVqRVNoMUtzYk8xR1E9PSIsInZhbHVlIjoiemo5S29qK0pETzRJY2N5OU9DM1hzRGhaNzFRRmRCMzlBa2tSdE9peEdEOHk4SGlWYW91aU1oWFpxUUtWdTA2YU96alRrcWtKOG1FSGZJWHh3aXVEZUE9PSIsIm1hYyI6IjcxYzQ0MGJkOGI4YWY0NWQ2MmVlODA0NDliNTkxMTQyZDc1ZTgxM2RkYjhlMTJmYzNjMGY4YWQ1NTIzNTNjZDgifQ%3D%3D; PHPSESSID=ju5kd7jumb784eqc0h2kshds70',
  'accept-language' => 'zh-CN,zh;q=0.9',
  'accept-encoding' => 'gzip, deflate, br',
  'referer' => 'http://127.0.0.1/TP_5.0.5_new/public/index.php/admin/login/index.html',
  'accept' => 'image/webp,image/apng,image/*,*/*;q=0.8',
  'user-agent' => 'Mozilla/5.0 (Windows NT 6.1; Win64; x64) AppleWebKit/537.36 (KHTML, like Gecko) Chrome/63.0.3239.132 Safari/537.36',
  'connection' => 'close',
  'host' => '127.0.0.1',
)
[ info ] [ PARAM ] array (
  'id' => NULL,
)
[ info ] [ RUN ] think\captcha\CaptchaController->index[ F:\phpStudy\WWW\TP_5.0.5_new\vendor\topthink\think-captcha\src\CaptchaController.php ]
[ info ] [ SESSION ] INIT array (
  'id' => '',
  'var_session_id' => '',
  'prefix' => 'think',
  'type' => '',
  'auto_start' => true,
  'expire' => 1800,
)
[ info ] [ LOG ] INIT File

---------------------------------------------------------------
[ 2018-04-08T10:37:31+08:00 ] 127.0.0.1 127.0.0.1 POST /TP_5.0.5_new/public/index.php/admin/login/index.html
[ log ] 127.0.0.1/TP_5.0.5_new/public/index.php/admin/login/index.html [运行时间：0.438025s][吞吐率：2.28req/s] [内存消耗：2,218.89kb] [文件加载：60]
[ info ] [ LANG ] F:\phpStudy\WWW\TP_5.0.5_new\thinkphp\lang\zh-cn.php
[ info ] [ ROUTE ] array (
  'type' => 'module',
  'module' => 
  array (
    0 => 'admin',
    1 => 'login',
    2 => 'index',
  ),
)
[ info ] [ HEADER ] array (
  'cookie' => 'thinkphp_show_page_trace=0|0; thinkphp_show_page_trace=0|0; XSRF-TOKEN=eyJpdiI6InpDV1VSSWwrcW1RejNTQ2FSWGhreUE9PSIsInZhbHVlIjoiSldOSlprdytMd1BYMUdIUzhGbmhBSTZyMVA5UXpYS2lIU1E3bTN1Ukl1WWZjNHIzZHV3cU9VVTRDZTNUK1NDdVc1ZEVKdmRwUFhxcXZoVjFudzFMM1E9PSIsIm1hYyI6IjU5NGUwMTFiZTIwN2MxOTU5NjQzMjBlYjkxMDEyYzJkODY1YWZlMWExZWYxOTBkMjcxZmZhOGU0NmI1MzU1MWUifQ%3D%3D; laravel_session=eyJpdiI6ImhMM1FGTGRBUVVqRVNoMUtzYk8xR1E9PSIsInZhbHVlIjoiemo5S29qK0pETzRJY2N5OU9DM1hzRGhaNzFRRmRCMzlBa2tSdE9peEdEOHk4SGlWYW91aU1oWFpxUUtWdTA2YU96alRrcWtKOG1FSGZJWHh3aXVEZUE9PSIsIm1hYyI6IjcxYzQ0MGJkOGI4YWY0NWQ2MmVlODA0NDliNTkxMTQyZDc1ZTgxM2RkYjhlMTJmYzNjMGY4YWQ1NTIzNTNjZDgifQ%3D%3D; PHPSESSID=ju5kd7jumb784eqc0h2kshds70',
  'accept-language' => 'zh-CN,zh;q=0.9',
  'accept-encoding' => 'gzip, deflate, br',
  'referer' => 'http://127.0.0.1/TP_5.0.5_new/public/index.php/admin/login/index.html',
  'content-type' => 'application/x-www-form-urlencoded; charset=UTF-8',
  'user-agent' => 'Mozilla/5.0 (Windows NT 6.1; Win64; x64) AppleWebKit/537.36 (KHTML, like Gecko) Chrome/63.0.3239.132 Safari/537.36',
  'x-requested-with' => 'XMLHttpRequest',
  'origin' => 'http://127.0.0.1',
  'accept' => 'application/json, text/javascript, */*; q=0.01',
  'content-length' => '40',
  'connection' => 'close',
  'host' => '127.0.0.1',
)
[ info ] [ PARAM ] array (
  'username' => 'admin',
  'password' => 'admin',
  'captcha' => 'va',
)
[ info ] [ RUN ] app\admin\controller\Login->index[ F:\phpStudy\WWW\TP_5.0.5_new\application\admin\controller\Login.php ]
[ info ] [ SESSION ] INIT array (
  'id' => '',
  'var_session_id' => '',
  'prefix' => 'think',
  'type' => '',
  'auto_start' => true,
  'expire' => 1800,
)
[ info ] [ DB ] INIT mysql
[ info ] [ CACHE ] INIT File
[ info ] [ LOG ] INIT File
[ sql ] [ DB ] CONNECT:[ UseTime:0.056003s ] mysql:dbname=tp_5.0.5_new;host=127.0.0.1;port=3306;charset=utf8
[ sql ] [ SQL ] SHOW COLUMNS FROM `new_admin` [ RunTime:0.169009s ]
[ sql ] [ SQL ] SELECT * FROM `new_admin` WHERE  `username` = 'admin' LIMIT 1 [ RunTime:0.019001s ]
[ sql ] [ SQL ] SELECT * FROM `new_admin` WHERE  `username` = 'admin'  AND `password` = 'ae26ee2b1583b607b0008b8e6131b149' LIMIT 1 [ RunTime:0.003001s ]
[ sql ] [ SQL ] UPDATE `new_admin`  SET `lastlogin`=1523155051  WHERE  `id` = 1 [ RunTime:0.021001s ]

---------------------------------------------------------------
[ 2018-04-08T10:37:35+08:00 ] 127.0.0.1 127.0.0.1 GET /TP_5.0.5_new/public/index.php/admin/index/index.html
[ log ] 127.0.0.1/TP_5.0.5_new/public/index.php/admin/index/index.html [运行时间：0.276016s][吞吐率：3.62req/s] [内存消耗：2,421.29kb] [文件加载：61]
[ info ] [ LANG ] F:\phpStudy\WWW\TP_5.0.5_new\thinkphp\lang\zh-cn.php
[ info ] [ ROUTE ] array (
  'type' => 'module',
  'module' => 
  array (
    0 => 'admin',
    1 => 'index',
    2 => 'index',
  ),
)
[ info ] [ HEADER ] array (
  'cookie' => 'thinkphp_show_page_trace=0|0; XSRF-TOKEN=eyJpdiI6InpDV1VSSWwrcW1RejNTQ2FSWGhreUE9PSIsInZhbHVlIjoiSldOSlprdytMd1BYMUdIUzhGbmhBSTZyMVA5UXpYS2lIU1E3bTN1Ukl1WWZjNHIzZHV3cU9VVTRDZTNUK1NDdVc1ZEVKdmRwUFhxcXZoVjFudzFMM1E9PSIsIm1hYyI6IjU5NGUwMTFiZTIwN2MxOTU5NjQzMjBlYjkxMDEyYzJkODY1YWZlMWExZWYxOTBkMjcxZmZhOGU0NmI1MzU1MWUifQ%3D%3D; laravel_session=eyJpdiI6ImhMM1FGTGRBUVVqRVNoMUtzYk8xR1E9PSIsInZhbHVlIjoiemo5S29qK0pETzRJY2N5OU9DM1hzRGhaNzFRRmRCMzlBa2tSdE9peEdEOHk4SGlWYW91aU1oWFpxUUtWdTA2YU96alRrcWtKOG1FSGZJWHh3aXVEZUE9PSIsIm1hYyI6IjcxYzQ0MGJkOGI4YWY0NWQ2MmVlODA0NDliNTkxMTQyZDc1ZTgxM2RkYjhlMTJmYzNjMGY4YWQ1NTIzNTNjZDgifQ%3D%3D; PHPSESSID=ju5kd7jumb784eqc0h2kshds70',
  'accept-language' => 'zh-CN,zh;q=0.9',
  'accept-encoding' => 'gzip, deflate, br',
  'referer' => 'http://127.0.0.1/TP_5.0.5_new/public/index.php/admin/login/index.html',
  'accept' => 'text/html,application/xhtml+xml,application/xml;q=0.9,image/webp,image/apng,*/*;q=0.8',
  'user-agent' => 'Mozilla/5.0 (Windows NT 6.1; Win64; x64) AppleWebKit/537.36 (KHTML, like Gecko) Chrome/63.0.3239.132 Safari/537.36',
  'upgrade-insecure-requests' => '1',
  'connection' => 'close',
  'host' => '127.0.0.1',
)
[ info ] [ PARAM ] array (
)
[ info ] [ SESSION ] INIT array (
  'id' => '',
  'var_session_id' => '',
  'prefix' => 'think',
  'type' => '',
  'auto_start' => true,
  'expire' => 1800,
)
[ info ] [ DB ] INIT mysql
[ info ] [ RUN ] app\admin\controller\Index->index[ F:\phpStudy\WWW\TP_5.0.5_new\application\admin\controller\Index.php ]
[ info ] [ VIEW ] F:\phpStudy\WWW\TP_5.0.5_new\public/../application/admin\view\index\index.html [ array (
  0 => 'info',
  1 => 'num1',
  2 => 'num2',
) ]
[ info ] [ LOG ] INIT File
[ sql ] [ DB ] CONNECT:[ UseTime:0.011000s ] mysql:dbname=tp_5.0.5_new;host=127.0.0.1;port=3306;charset=utf8
[ sql ] [ SQL ] SHOW COLUMNS FROM `new_admin` [ RunTime:0.002000s ]
[ sql ] [ SQL ] SELECT * FROM `new_admin` WHERE  `id` = 1 LIMIT 1 [ RunTime:0.001000s ]
[ sql ] [ SQL ] SHOW COLUMNS FROM `new_order` [ RunTime:0.033002s ]
[ sql ] [ SQL ] SELECT COUNT(*) AS tp_count FROM `new_order` LIMIT 1 [ RunTime:0.037002s ]
[ sql ] [ SQL ] SHOW COLUMNS FROM `new_mail_admin` [ RunTime:0.032001s ]
[ sql ] [ SQL ] SELECT COUNT(*) AS tp_count FROM `new_mail_admin` WHERE  `receiveid` = 1  AND `status` = 1 LIMIT 1 [ RunTime:0.001001s ]

---------------------------------------------------------------
[ 2018-04-08T10:37:39+08:00 ] 127.0.0.1 127.0.0.1 GET /TP_5.0.5_new/public/index.php/admin/order/index.html
[ log ] 127.0.0.1/TP_5.0.5_new/public/index.php/admin/order/index.html [运行时间：0.253015s][吞吐率：3.95req/s] [内存消耗：2,503.70kb] [文件加载：69]
[ info ] [ LANG ] F:\phpStudy\WWW\TP_5.0.5_new\thinkphp\lang\zh-cn.php
[ info ] [ ROUTE ] array (
  'type' => 'module',
  'module' => 
  array (
    0 => 'admin',
    1 => 'order',
    2 => 'index',
  ),
)
[ info ] [ HEADER ] array (
  'cookie' => 'thinkphp_show_page_trace=0|0; XSRF-TOKEN=eyJpdiI6InpDV1VSSWwrcW1RejNTQ2FSWGhreUE9PSIsInZhbHVlIjoiSldOSlprdytMd1BYMUdIUzhGbmhBSTZyMVA5UXpYS2lIU1E3bTN1Ukl1WWZjNHIzZHV3cU9VVTRDZTNUK1NDdVc1ZEVKdmRwUFhxcXZoVjFudzFMM1E9PSIsIm1hYyI6IjU5NGUwMTFiZTIwN2MxOTU5NjQzMjBlYjkxMDEyYzJkODY1YWZlMWExZWYxOTBkMjcxZmZhOGU0NmI1MzU1MWUifQ%3D%3D; laravel_session=eyJpdiI6ImhMM1FGTGRBUVVqRVNoMUtzYk8xR1E9PSIsInZhbHVlIjoiemo5S29qK0pETzRJY2N5OU9DM1hzRGhaNzFRRmRCMzlBa2tSdE9peEdEOHk4SGlWYW91aU1oWFpxUUtWdTA2YU96alRrcWtKOG1FSGZJWHh3aXVEZUE9PSIsIm1hYyI6IjcxYzQ0MGJkOGI4YWY0NWQ2MmVlODA0NDliNTkxMTQyZDc1ZTgxM2RkYjhlMTJmYzNjMGY4YWQ1NTIzNTNjZDgifQ%3D%3D; PHPSESSID=ju5kd7jumb784eqc0h2kshds70',
  'accept-language' => 'zh-CN,zh;q=0.9',
  'accept-encoding' => 'gzip, deflate, br',
  'referer' => 'http://127.0.0.1/TP_5.0.5_new/public/index.php/admin/index/index.html',
  'accept' => 'text/html,application/xhtml+xml,application/xml;q=0.9,image/webp,image/apng,*/*;q=0.8',
  'user-agent' => 'Mozilla/5.0 (Windows NT 6.1; Win64; x64) AppleWebKit/537.36 (KHTML, like Gecko) Chrome/63.0.3239.132 Safari/537.36',
  'upgrade-insecure-requests' => '1',
  'connection' => 'close',
  'host' => '127.0.0.1',
)
[ info ] [ PARAM ] array (
)
[ info ] [ SESSION ] INIT array (
  'id' => '',
  'var_session_id' => '',
  'prefix' => 'think',
  'type' => '',
  'auto_start' => true,
  'expire' => 1800,
)
[ info ] [ DB ] INIT mysql
[ info ] [ RUN ] app\admin\controller\Order->index[ F:\phpStudy\WWW\TP_5.0.5_new\application\admin\controller\Order.php ]
[ info ] [ VIEW ] F:\phpStudy\WWW\TP_5.0.5_new\public/../application/admin\view\order\index.html [ array (
  0 => 'info',
  1 => 'num1',
  2 => 'num2',
  3 => 'keywords',
  4 => 'time1',
  5 => 'time2',
  6 => 'list',
  7 => 'pages',
  8 => 'firstRow',
) ]
[ info ] [ LOG ] INIT File
[ sql ] [ DB ] CONNECT:[ UseTime:0.002000s ] mysql:dbname=tp_5.0.5_new;host=127.0.0.1;port=3306;charset=utf8
[ sql ] [ SQL ] SHOW COLUMNS FROM `new_admin` [ RunTime:0.001001s ]
[ sql ] [ SQL ] SELECT * FROM `new_admin` WHERE  `id` = 1 LIMIT 1 [ RunTime:0.000000s ]
[ sql ] [ SQL ] SHOW COLUMNS FROM `new_order` [ RunTime:0.002000s ]
[ sql ] [ SQL ] SELECT COUNT(*) AS tp_count FROM `new_order` LIMIT 1 [ RunTime:0.000000s ]
[ sql ] [ SQL ] SHOW COLUMNS FROM `new_mail_admin` [ RunTime:0.002000s ]
[ sql ] [ SQL ] SELECT COUNT(*) AS tp_count FROM `new_mail_admin` WHERE  `receiveid` = 1  AND `status` = 1 LIMIT 1 [ RunTime:0.001000s ]
[ sql ] [ SQL ] SELECT COUNT(*) AS tp_count FROM `new_order` LIMIT 1 [ RunTime:0.001000s ]
[ sql ] [ SQL ] SELECT * FROM `new_order` LIMIT 0,10 [ RunTime:0.001000s ]
[ sql ] [ SQL ] SHOW COLUMNS FROM `new_order_status` [ RunTime:0.022002s ]
[ sql ] [ SQL ] SELECT * FROM `new_order_status` WHERE  `id` IN (4,1,6,5,5,5,5,1,2,3) [ RunTime:0.012000s ]
[ sql ] [ SQL ] SHOW COLUMNS FROM `new_user` [ RunTime:0.012001s ]
[ sql ] [ SQL ] SELECT * FROM `new_user` WHERE  `id` IN (6,6,6,8,8,8,8,11,35,35) [ RunTime:0.001000s ]
[ sql ] [ SQL ] SELECT * FROM `new_order_status` WHERE  `id` = 4 LIMIT 1 [ RunTime:0.001000s ]
[ sql ] [ SQL ] SELECT * FROM `new_order_status` WHERE  `id` = 1 LIMIT 1 [ RunTime:0.000000s ]
[ sql ] [ SQL ] SELECT * FROM `new_order_status` WHERE  `id` = 6 LIMIT 1 [ RunTime:0.000000s ]
[ sql ] [ SQL ] SELECT * FROM `new_order_status` WHERE  `id` = 5 LIMIT 1 [ RunTime:0.000000s ]
[ sql ] [ SQL ] SELECT * FROM `new_order_status` WHERE  `id` = 5 LIMIT 1 [ RunTime:0.001000s ]
[ sql ] [ SQL ] SELECT * FROM `new_order_status` WHERE  `id` = 5 LIMIT 1 [ RunTime:0.001000s ]
[ sql ] [ SQL ] SELECT * FROM `new_order_status` WHERE  `id` = 5 LIMIT 1 [ RunTime:0.001000s ]
[ sql ] [ SQL ] SELECT * FROM `new_order_status` WHERE  `id` = 1 LIMIT 1 [ RunTime:0.001000s ]
[ sql ] [ SQL ] SELECT * FROM `new_order_status` WHERE  `id` = 2 LIMIT 1 [ RunTime:0.001000s ]
[ sql ] [ SQL ] SELECT * FROM `new_order_status` WHERE  `id` = 3 LIMIT 1 [ RunTime:0.001000s ]

---------------------------------------------------------------
[ 2018-04-08T10:37:42+08:00 ] 127.0.0.1 127.0.0.1 GET /TP_5.0.5_new/public/index.php/admin/order/export.html?search=
[ log ] 127.0.0.1/TP_5.0.5_new/public/index.php/admin/order/export.html?search= [运行时间：0.429025s][吞吐率：2.33req/s] [内存消耗：5,094.52kb] [文件加载：119]
[ info ] [ LANG ] F:\phpStudy\WWW\TP_5.0.5_new\thinkphp\lang\zh-cn.php
[ info ] [ ROUTE ] array (
  'type' => 'module',
  'module' => 
  array (
    0 => 'admin',
    1 => 'order',
    2 => 'export',
  ),
)
[ info ] [ HEADER ] array (
  'cookie' => 'thinkphp_show_page_trace=0|0; thinkphp_show_page_trace=0|0; XSRF-TOKEN=eyJpdiI6InpDV1VSSWwrcW1RejNTQ2FSWGhreUE9PSIsInZhbHVlIjoiSldOSlprdytMd1BYMUdIUzhGbmhBSTZyMVA5UXpYS2lIU1E3bTN1Ukl1WWZjNHIzZHV3cU9VVTRDZTNUK1NDdVc1ZEVKdmRwUFhxcXZoVjFudzFMM1E9PSIsIm1hYyI6IjU5NGUwMTFiZTIwN2MxOTU5NjQzMjBlYjkxMDEyYzJkODY1YWZlMWExZWYxOTBkMjcxZmZhOGU0NmI1MzU1MWUifQ%3D%3D; laravel_session=eyJpdiI6ImhMM1FGTGRBUVVqRVNoMUtzYk8xR1E9PSIsInZhbHVlIjoiemo5S29qK0pETzRJY2N5OU9DM1hzRGhaNzFRRmRCMzlBa2tSdE9peEdEOHk4SGlWYW91aU1oWFpxUUtWdTA2YU96alRrcWtKOG1FSGZJWHh3aXVEZUE9PSIsIm1hYyI6IjcxYzQ0MGJkOGI4YWY0NWQ2MmVlODA0NDliNTkxMTQyZDc1ZTgxM2RkYjhlMTJmYzNjMGY4YWQ1NTIzNTNjZDgifQ%3D%3D; PHPSESSID=ju5kd7jumb784eqc0h2kshds70',
  'accept-language' => 'zh-CN,zh;q=0.9',
  'accept-encoding' => 'gzip, deflate, br',
  'referer' => 'http://127.0.0.1/TP_5.0.5_new/public/index.php/admin/order/index.html',
  'accept' => 'text/html,application/xhtml+xml,application/xml;q=0.9,image/webp,image/apng,*/*;q=0.8',
  'user-agent' => 'Mozilla/5.0 (Windows NT 6.1; Win64; x64) AppleWebKit/537.36 (KHTML, like Gecko) Chrome/63.0.3239.132 Safari/537.36',
  'upgrade-insecure-requests' => '1',
  'connection' => 'close',
  'host' => '127.0.0.1',
)
[ info ] [ PARAM ] array (
  'search' => '',
)
[ info ] [ SESSION ] INIT array (
  'id' => '',
  'var_session_id' => '',
  'prefix' => 'think',
  'type' => '',
  'auto_start' => true,
  'expire' => 1800,
)
[ info ] [ DB ] INIT mysql
[ info ] [ RUN ] app\admin\controller\Order->export[ F:\phpStudy\WWW\TP_5.0.5_new\application\admin\controller\Order.php ]
[ info ] [ LOG ] INIT File
[ sql ] [ DB ] CONNECT:[ UseTime:0.002001s ] mysql:dbname=tp_5.0.5_new;host=127.0.0.1;port=3306;charset=utf8
[ sql ] [ SQL ] SHOW COLUMNS FROM `new_admin` [ RunTime:0.001000s ]
[ sql ] [ SQL ] SELECT * FROM `new_admin` WHERE  `id` = 1 LIMIT 1 [ RunTime:0.000000s ]
[ sql ] [ SQL ] SHOW COLUMNS FROM `new_order` [ RunTime:0.002000s ]
[ sql ] [ SQL ] SELECT COUNT(*) AS tp_count FROM `new_order` LIMIT 1 [ RunTime:0.000000s ]
[ sql ] [ SQL ] SHOW COLUMNS FROM `new_mail_admin` [ RunTime:0.002000s ]
[ sql ] [ SQL ] SELECT COUNT(*) AS tp_count FROM `new_mail_admin` WHERE  `receiveid` = 1  AND `status` = 1 LIMIT 1 [ RunTime:0.001000s ]
[ sql ] [ SQL ] SELECT * FROM `new_order` [ RunTime:0.000000s ]
[ sql ] [ SQL ] SHOW COLUMNS FROM `new_order_status` [ RunTime:0.002001s ]
[ sql ] [ SQL ] SELECT * FROM `new_order_status` WHERE  `id` IN (4,1,6,5,5,5,5,1,2,3,3,3,1,2,2,5,1,1,1,1,5,1,5,2,3,3,5,1,2,2,2,3,6,4,4,1,3,1,4) [ RunTime:0.001000s ]
[ sql ] [ SQL ] SELECT * FROM `new_order_status` WHERE  `id` = 4 LIMIT 1 [ RunTime:0.001000s ]
[ sql ] [ SQL ] SELECT * FROM `new_order_status` WHERE  `id` = 1 LIMIT 1 [ RunTime:0.000000s ]
[ sql ] [ SQL ] SELECT * FROM `new_order_status` WHERE  `id` = 6 LIMIT 1 [ RunTime:0.000000s ]
[ sql ] [ SQL ] SELECT * FROM `new_order_status` WHERE  `id` = 5 LIMIT 1 [ RunTime:0.000000s ]
[ sql ] [ SQL ] SELECT * FROM `new_order_status` WHERE  `id` = 5 LIMIT 1 [ RunTime:0.000000s ]
[ sql ] [ SQL ] SELECT * FROM `new_order_status` WHERE  `id` = 5 LIMIT 1 [ RunTime:0.000000s ]
[ sql ] [ SQL ] SELECT * FROM `new_order_status` WHERE  `id` = 5 LIMIT 1 [ RunTime:0.000000s ]
[ sql ] [ SQL ] SELECT * FROM `new_order_status` WHERE  `id` = 1 LIMIT 1 [ RunTime:0.000000s ]
[ sql ] [ SQL ] SELECT * FROM `new_order_status` WHERE  `id` = 2 LIMIT 1 [ RunTime:0.001000s ]
[ sql ] [ SQL ] SELECT * FROM `new_order_status` WHERE  `id` = 3 LIMIT 1 [ RunTime:0.000000s ]
[ sql ] [ SQL ] SELECT * FROM `new_order_status` WHERE  `id` = 3 LIMIT 1 [ RunTime:0.000000s ]
[ sql ] [ SQL ] SELECT * FROM `new_order_status` WHERE  `id` = 3 LIMIT 1 [ RunTime:0.001000s ]
[ sql ] [ SQL ] SELECT * FROM `new_order_status` WHERE  `id` = 1 LIMIT 1 [ RunTime:0.000000s ]
[ sql ] [ SQL ] SELECT * FROM `new_order_status` WHERE  `id` = 2 LIMIT 1 [ RunTime:0.000000s ]
[ sql ] [ SQL ] SELECT * FROM `new_order_status` WHERE  `id` = 2 LIMIT 1 [ RunTime:0.001000s ]
[ sql ] [ SQL ] SELECT * FROM `new_order_status` WHERE  `id` = 5 LIMIT 1 [ RunTime:0.000000s ]
[ sql ] [ SQL ] SELECT * FROM `new_order_status` WHERE  `id` = 1 LIMIT 1 [ RunTime:0.000000s ]
[ sql ] [ SQL ] SELECT * FROM `new_order_status` WHERE  `id` = 1 LIMIT 1 [ RunTime:0.001000s ]
[ sql ] [ SQL ] SELECT * FROM `new_order_status` WHERE  `id` = 1 LIMIT 1 [ RunTime:0.000000s ]
[ sql ] [ SQL ] SELECT * FROM `new_order_status` WHERE  `id` = 1 LIMIT 1 [ RunTime:0.000000s ]
[ sql ] [ SQL ] SELECT * FROM `new_order_status` WHERE  `id` = 5 LIMIT 1 [ RunTime:0.001000s ]
[ sql ] [ SQL ] SELECT * FROM `new_order_status` WHERE  `id` = 1 LIMIT 1 [ RunTime:0.000000s ]
[ sql ] [ SQL ] SELECT * FROM `new_order_status` WHERE  `id` = 5 LIMIT 1 [ RunTime:0.000000s ]
[ sql ] [ SQL ] SELECT * FROM `new_order_status` WHERE  `id` = 2 LIMIT 1 [ RunTime:0.000000s ]
[ sql ] [ SQL ] SELECT * FROM `new_order_status` WHERE  `id` = 3 LIMIT 1 [ RunTime:0.000000s ]
[ sql ] [ SQL ] SELECT * FROM `new_order_status` WHERE  `id` = 3 LIMIT 1 [ RunTime:0.000000s ]
[ sql ] [ SQL ] SELECT * FROM `new_order_status` WHERE  `id` = 5 LIMIT 1 [ RunTime:0.000000s ]
[ sql ] [ SQL ] SELECT * FROM `new_order_status` WHERE  `id` = 1 LIMIT 1 [ RunTime:0.000000s ]
[ sql ] [ SQL ] SELECT * FROM `new_order_status` WHERE  `id` = 2 LIMIT 1 [ RunTime:0.000000s ]
[ sql ] [ SQL ] SELECT * FROM `new_order_status` WHERE  `id` = 2 LIMIT 1 [ RunTime:0.001001s ]
[ sql ] [ SQL ] SELECT * FROM `new_order_status` WHERE  `id` = 2 LIMIT 1 [ RunTime:0.000000s ]
[ sql ] [ SQL ] SELECT * FROM `new_order_status` WHERE  `id` = 3 LIMIT 1 [ RunTime:0.000000s ]
[ sql ] [ SQL ] SELECT * FROM `new_order_status` WHERE  `id` = 6 LIMIT 1 [ RunTime:0.000000s ]
[ sql ] [ SQL ] SELECT * FROM `new_order_status` WHERE  `id` = 4 LIMIT 1 [ RunTime:0.001000s ]
[ sql ] [ SQL ] SELECT * FROM `new_order_status` WHERE  `id` = 4 LIMIT 1 [ RunTime:0.000000s ]
[ sql ] [ SQL ] SELECT * FROM `new_order_status` WHERE  `id` = 1 LIMIT 1 [ RunTime:0.000000s ]
[ sql ] [ SQL ] SELECT * FROM `new_order_status` WHERE  `id` = 3 LIMIT 1 [ RunTime:0.001000s ]
[ sql ] [ SQL ] SELECT * FROM `new_order_status` WHERE  `id` = 1 LIMIT 1 [ RunTime:0.001000s ]
[ sql ] [ SQL ] SELECT * FROM `new_order_status` WHERE  `id` = 4 LIMIT 1 [ RunTime:0.000000s ]

---------------------------------------------------------------
[ 2018-04-08T10:41:18+08:00 ] 127.0.0.1 127.0.0.1 GET /TP_5.0.5_new/public/index.php/admin/order/index.html
[ log ] 127.0.0.1/TP_5.0.5_new/public/index.php/admin/order/index.html [运行时间：0.391022s][吞吐率：2.56req/s] [内存消耗：2,508.83kb] [文件加载：69]
[ info ] [ LANG ] F:\phpStudy\WWW\TP_5.0.5_new\thinkphp\lang\zh-cn.php
[ info ] [ ROUTE ] array (
  'type' => 'module',
  'module' => 
  array (
    0 => 'admin',
    1 => 'order',
    2 => 'index',
  ),
)
[ info ] [ HEADER ] array (
  'cookie' => 'thinkphp_show_page_trace=0|0; thinkphp_show_page_trace=0|0; XSRF-TOKEN=eyJpdiI6InpDV1VSSWwrcW1RejNTQ2FSWGhreUE9PSIsInZhbHVlIjoiSldOSlprdytMd1BYMUdIUzhGbmhBSTZyMVA5UXpYS2lIU1E3bTN1Ukl1WWZjNHIzZHV3cU9VVTRDZTNUK1NDdVc1ZEVKdmRwUFhxcXZoVjFudzFMM1E9PSIsIm1hYyI6IjU5NGUwMTFiZTIwN2MxOTU5NjQzMjBlYjkxMDEyYzJkODY1YWZlMWExZWYxOTBkMjcxZmZhOGU0NmI1MzU1MWUifQ%3D%3D; laravel_session=eyJpdiI6ImhMM1FGTGRBUVVqRVNoMUtzYk8xR1E9PSIsInZhbHVlIjoiemo5S29qK0pETzRJY2N5OU9DM1hzRGhaNzFRRmRCMzlBa2tSdE9peEdEOHk4SGlWYW91aU1oWFpxUUtWdTA2YU96alRrcWtKOG1FSGZJWHh3aXVEZUE9PSIsIm1hYyI6IjcxYzQ0MGJkOGI4YWY0NWQ2MmVlODA0NDliNTkxMTQyZDc1ZTgxM2RkYjhlMTJmYzNjMGY4YWQ1NTIzNTNjZDgifQ%3D%3D; PHPSESSID=ju5kd7jumb784eqc0h2kshds70',
  'accept-language' => 'zh-CN,zh;q=0.9',
  'accept-encoding' => 'gzip, deflate, br',
  'referer' => 'http://127.0.0.1/TP_5.0.5_new/public/index.php/admin/order/index.html',
  'accept' => 'text/html,application/xhtml+xml,application/xml;q=0.9,image/webp,image/apng,*/*;q=0.8',
  'user-agent' => 'Mozilla/5.0 (Windows NT 6.1; Win64; x64) AppleWebKit/537.36 (KHTML, like Gecko) Chrome/63.0.3239.132 Safari/537.36',
  'upgrade-insecure-requests' => '1',
  'connection' => 'close',
  'host' => '127.0.0.1',
)
[ info ] [ PARAM ] array (
)
[ info ] [ SESSION ] INIT array (
  'id' => '',
  'var_session_id' => '',
  'prefix' => 'think',
  'type' => '',
  'auto_start' => true,
  'expire' => 1800,
)
[ info ] [ DB ] INIT mysql
[ info ] [ RUN ] app\admin\controller\Order->index[ F:\phpStudy\WWW\TP_5.0.5_new\application\admin\controller\Order.php ]
[ info ] [ VIEW ] F:\phpStudy\WWW\TP_5.0.5_new\public/../application/admin\view\order\index.html [ array (
  0 => 'info',
  1 => 'num1',
  2 => 'num2',
  3 => 'keywords',
  4 => 'time1',
  5 => 'time2',
  6 => 'list',
  7 => 'pages',
  8 => 'firstRow',
) ]
[ info ] [ LOG ] INIT File
[ sql ] [ DB ] CONNECT:[ UseTime:0.011001s ] mysql:dbname=tp_5.0.5_new;host=127.0.0.1;port=3306;charset=utf8
[ sql ] [ SQL ] SHOW COLUMNS FROM `new_admin` [ RunTime:0.002000s ]
[ sql ] [ SQL ] SELECT * FROM `new_admin` WHERE  `id` = 1 LIMIT 1 [ RunTime:0.001000s ]
[ sql ] [ SQL ] SHOW COLUMNS FROM `new_order` [ RunTime:0.002000s ]
[ sql ] [ SQL ] SELECT COUNT(*) AS tp_count FROM `new_order` LIMIT 1 [ RunTime:0.001000s ]
[ sql ] [ SQL ] SHOW COLUMNS FROM `new_mail_admin` [ RunTime:0.002000s ]
[ sql ] [ SQL ] SELECT COUNT(*) AS tp_count FROM `new_mail_admin` WHERE  `receiveid` = 1  AND `status` = 1 LIMIT 1 [ RunTime:0.000000s ]
[ sql ] [ SQL ] SELECT COUNT(*) AS tp_count FROM `new_order` LIMIT 1 [ RunTime:0.000000s ]
[ sql ] [ SQL ] SELECT * FROM `new_order` LIMIT 0,10 [ RunTime:0.000000s ]
[ sql ] [ SQL ] SHOW COLUMNS FROM `new_order_status` [ RunTime:0.002000s ]
[ sql ] [ SQL ] SELECT * FROM `new_order_status` WHERE  `id` IN (4,1,6,5,5,5,5,1,2,3) [ RunTime:0.000000s ]
[ sql ] [ SQL ] SHOW COLUMNS FROM `new_user` [ RunTime:0.002000s ]
[ sql ] [ SQL ] SELECT * FROM `new_user` WHERE  `id` IN (6,6,6,8,8,8,8,11,35,35) [ RunTime:0.001000s ]
[ sql ] [ SQL ] SELECT * FROM `new_order_status` WHERE  `id` = 4 LIMIT 1 [ RunTime:0.001000s ]
[ sql ] [ SQL ] SELECT * FROM `new_order_status` WHERE  `id` = 1 LIMIT 1 [ RunTime:0.000000s ]
[ sql ] [ SQL ] SELECT * FROM `new_order_status` WHERE  `id` = 6 LIMIT 1 [ RunTime:0.000000s ]
[ sql ] [ SQL ] SELECT * FROM `new_order_status` WHERE  `id` = 5 LIMIT 1 [ RunTime:0.001000s ]
[ sql ] [ SQL ] SELECT * FROM `new_order_status` WHERE  `id` = 5 LIMIT 1 [ RunTime:0.000000s ]
[ sql ] [ SQL ] SELECT * FROM `new_order_status` WHERE  `id` = 5 LIMIT 1 [ RunTime:0.001000s ]
[ sql ] [ SQL ] SELECT * FROM `new_order_status` WHERE  `id` = 5 LIMIT 1 [ RunTime:0.000000s ]
[ sql ] [ SQL ] SELECT * FROM `new_order_status` WHERE  `id` = 1 LIMIT 1 [ RunTime:0.000000s ]
[ sql ] [ SQL ] SELECT * FROM `new_order_status` WHERE  `id` = 2 LIMIT 1 [ RunTime:0.000000s ]
[ sql ] [ SQL ] SELECT * FROM `new_order_status` WHERE  `id` = 3 LIMIT 1 [ RunTime:0.000000s ]

---------------------------------------------------------------
[ 2018-04-08T10:41:20+08:00 ] 127.0.0.1 127.0.0.1 GET /TP_5.0.5_new/public/index.php/admin/order/export.html?search=
[ log ] 127.0.0.1/TP_5.0.5_new/public/index.php/admin/order/export.html?search= [运行时间：0.294017s][吞吐率：3.40req/s] [内存消耗：5,108.16kb] [文件加载：119]
[ info ] [ LANG ] F:\phpStudy\WWW\TP_5.0.5_new\thinkphp\lang\zh-cn.php
[ info ] [ ROUTE ] array (
  'type' => 'module',
  'module' => 
  array (
    0 => 'admin',
    1 => 'order',
    2 => 'export',
  ),
)
[ info ] [ HEADER ] array (
  'cookie' => 'thinkphp_show_page_trace=0|0; thinkphp_show_page_trace=0|0; XSRF-TOKEN=eyJpdiI6InpDV1VSSWwrcW1RejNTQ2FSWGhreUE9PSIsInZhbHVlIjoiSldOSlprdytMd1BYMUdIUzhGbmhBSTZyMVA5UXpYS2lIU1E3bTN1Ukl1WWZjNHIzZHV3cU9VVTRDZTNUK1NDdVc1ZEVKdmRwUFhxcXZoVjFudzFMM1E9PSIsIm1hYyI6IjU5NGUwMTFiZTIwN2MxOTU5NjQzMjBlYjkxMDEyYzJkODY1YWZlMWExZWYxOTBkMjcxZmZhOGU0NmI1MzU1MWUifQ%3D%3D; laravel_session=eyJpdiI6ImhMM1FGTGRBUVVqRVNoMUtzYk8xR1E9PSIsInZhbHVlIjoiemo5S29qK0pETzRJY2N5OU9DM1hzRGhaNzFRRmRCMzlBa2tSdE9peEdEOHk4SGlWYW91aU1oWFpxUUtWdTA2YU96alRrcWtKOG1FSGZJWHh3aXVEZUE9PSIsIm1hYyI6IjcxYzQ0MGJkOGI4YWY0NWQ2MmVlODA0NDliNTkxMTQyZDc1ZTgxM2RkYjhlMTJmYzNjMGY4YWQ1NTIzNTNjZDgifQ%3D%3D; PHPSESSID=ju5kd7jumb784eqc0h2kshds70',
  'accept-language' => 'zh-CN,zh;q=0.9',
  'accept-encoding' => 'gzip, deflate, br',
  'referer' => 'http://127.0.0.1/TP_5.0.5_new/public/index.php/admin/order/index.html',
  'accept' => 'text/html,application/xhtml+xml,application/xml;q=0.9,image/webp,image/apng,*/*;q=0.8',
  'user-agent' => 'Mozilla/5.0 (Windows NT 6.1; Win64; x64) AppleWebKit/537.36 (KHTML, like Gecko) Chrome/63.0.3239.132 Safari/537.36',
  'upgrade-insecure-requests' => '1',
  'connection' => 'close',
  'host' => '127.0.0.1',
)
[ info ] [ PARAM ] array (
  'search' => '',
)
[ info ] [ SESSION ] INIT array (
  'id' => '',
  'var_session_id' => '',
  'prefix' => 'think',
  'type' => '',
  'auto_start' => true,
  'expire' => 1800,
)
[ info ] [ DB ] INIT mysql
[ info ] [ RUN ] app\admin\controller\Order->export[ F:\phpStudy\WWW\TP_5.0.5_new\application\admin\controller\Order.php ]
[ info ] [ LOG ] INIT File
[ sql ] [ DB ] CONNECT:[ UseTime:0.002000s ] mysql:dbname=tp_5.0.5_new;host=127.0.0.1;port=3306;charset=utf8
[ sql ] [ SQL ] SHOW COLUMNS FROM `new_admin` [ RunTime:0.002000s ]
[ sql ] [ SQL ] SELECT * FROM `new_admin` WHERE  `id` = 1 LIMIT 1 [ RunTime:0.001000s ]
[ sql ] [ SQL ] SHOW COLUMNS FROM `new_order` [ RunTime:0.002000s ]
[ sql ] [ SQL ] SELECT COUNT(*) AS tp_count FROM `new_order` LIMIT 1 [ RunTime:0.000000s ]
[ sql ] [ SQL ] SHOW COLUMNS FROM `new_mail_admin` [ RunTime:0.001000s ]
[ sql ] [ SQL ] SELECT COUNT(*) AS tp_count FROM `new_mail_admin` WHERE  `receiveid` = 1  AND `status` = 1 LIMIT 1 [ RunTime:0.000000s ]
[ sql ] [ SQL ] SELECT * FROM `new_order` [ RunTime:0.000000s ]
[ sql ] [ SQL ] SHOW COLUMNS FROM `new_order_status` [ RunTime:0.001001s ]
[ sql ] [ SQL ] SELECT * FROM `new_order_status` WHERE  `id` IN (4,1,6,5,5,5,5,1,2,3,3,3,1,2,2,5,1,1,1,1,5,1,5,2,3,3,5,1,2,2,2,3,6,4,4,1,3,1,4) [ RunTime:0.000000s ]
[ sql ] [ SQL ] SELECT * FROM `new_order_status` WHERE  `id` = 4 LIMIT 1 [ RunTime:0.000000s ]
[ sql ] [ SQL ] SELECT * FROM `new_order_status` WHERE  `id` = 1 LIMIT 1 [ RunTime:0.001000s ]
[ sql ] [ SQL ] SELECT * FROM `new_order_status` WHERE  `id` = 6 LIMIT 1 [ RunTime:0.000000s ]
[ sql ] [ SQL ] SELECT * FROM `new_order_status` WHERE  `id` = 5 LIMIT 1 [ RunTime:0.000000s ]
[ sql ] [ SQL ] SELECT * FROM `new_order_status` WHERE  `id` = 5 LIMIT 1 [ RunTime:0.000000s ]
[ sql ] [ SQL ] SELECT * FROM `new_order_status` WHERE  `id` = 5 LIMIT 1 [ RunTime:0.000000s ]
[ sql ] [ SQL ] SELECT * FROM `new_order_status` WHERE  `id` = 5 LIMIT 1 [ RunTime:0.000000s ]
[ sql ] [ SQL ] SELECT * FROM `new_order_status` WHERE  `id` = 1 LIMIT 1 [ RunTime:0.000000s ]
[ sql ] [ SQL ] SELECT * FROM `new_order_status` WHERE  `id` = 2 LIMIT 1 [ RunTime:0.001000s ]
[ sql ] [ SQL ] SELECT * FROM `new_order_status` WHERE  `id` = 3 LIMIT 1 [ RunTime:0.000000s ]
[ sql ] [ SQL ] SELECT * FROM `new_order_status` WHERE  `id` = 3 LIMIT 1 [ RunTime:0.000000s ]
[ sql ] [ SQL ] SELECT * FROM `new_order_status` WHERE  `id` = 3 LIMIT 1 [ RunTime:0.000000s ]
[ sql ] [ SQL ] SELECT * FROM `new_order_status` WHERE  `id` = 1 LIMIT 1 [ RunTime:0.000000s ]
[ sql ] [ SQL ] SELECT * FROM `new_order_status` WHERE  `id` = 2 LIMIT 1 [ RunTime:0.001000s ]
[ sql ] [ SQL ] SELECT * FROM `new_order_status` WHERE  `id` = 2 LIMIT 1 [ RunTime:0.000000s ]
[ sql ] [ SQL ] SELECT * FROM `new_order_status` WHERE  `id` = 5 LIMIT 1 [ RunTime:0.001000s ]
[ sql ] [ SQL ] SELECT * FROM `new_order_status` WHERE  `id` = 1 LIMIT 1 [ RunTime:0.000000s ]
[ sql ] [ SQL ] SELECT * FROM `new_order_status` WHERE  `id` = 1 LIMIT 1 [ RunTime:0.000000s ]
[ sql ] [ SQL ] SELECT * FROM `new_order_status` WHERE  `id` = 1 LIMIT 1 [ RunTime:0.000000s ]
[ sql ] [ SQL ] SELECT * FROM `new_order_status` WHERE  `id` = 1 LIMIT 1 [ RunTime:0.000000s ]
[ sql ] [ SQL ] SELECT * FROM `new_order_status` WHERE  `id` = 5 LIMIT 1 [ RunTime:0.000000s ]
[ sql ] [ SQL ] SELECT * FROM `new_order_status` WHERE  `id` = 1 LIMIT 1 [ RunTime:0.000000s ]
[ sql ] [ SQL ] SELECT * FROM `new_order_status` WHERE  `id` = 5 LIMIT 1 [ RunTime:0.000000s ]
[ sql ] [ SQL ] SELECT * FROM `new_order_status` WHERE  `id` = 2 LIMIT 1 [ RunTime:0.001000s ]
[ sql ] [ SQL ] SELECT * FROM `new_order_status` WHERE  `id` = 3 LIMIT 1 [ RunTime:0.000000s ]
[ sql ] [ SQL ] SELECT * FROM `new_order_status` WHERE  `id` = 3 LIMIT 1 [ RunTime:0.000000s ]
[ sql ] [ SQL ] SELECT * FROM `new_order_status` WHERE  `id` = 5 LIMIT 1 [ RunTime:0.000000s ]
[ sql ] [ SQL ] SELECT * FROM `new_order_status` WHERE  `id` = 1 LIMIT 1 [ RunTime:0.000000s ]
[ sql ] [ SQL ] SELECT * FROM `new_order_status` WHERE  `id` = 2 LIMIT 1 [ RunTime:0.001000s ]
[ sql ] [ SQL ] SELECT * FROM `new_order_status` WHERE  `id` = 2 LIMIT 1 [ RunTime:0.000000s ]
[ sql ] [ SQL ] SELECT * FROM `new_order_status` WHERE  `id` = 2 LIMIT 1 [ RunTime:0.000000s ]
[ sql ] [ SQL ] SELECT * FROM `new_order_status` WHERE  `id` = 3 LIMIT 1 [ RunTime:0.000000s ]
[ sql ] [ SQL ] SELECT * FROM `new_order_status` WHERE  `id` = 6 LIMIT 1 [ RunTime:0.000000s ]
[ sql ] [ SQL ] SELECT * FROM `new_order_status` WHERE  `id` = 4 LIMIT 1 [ RunTime:0.000000s ]
[ sql ] [ SQL ] SELECT * FROM `new_order_status` WHERE  `id` = 4 LIMIT 1 [ RunTime:0.000000s ]
[ sql ] [ SQL ] SELECT * FROM `new_order_status` WHERE  `id` = 1 LIMIT 1 [ RunTime:0.000000s ]
[ sql ] [ SQL ] SELECT * FROM `new_order_status` WHERE  `id` = 3 LIMIT 1 [ RunTime:0.000000s ]
[ sql ] [ SQL ] SELECT * FROM `new_order_status` WHERE  `id` = 1 LIMIT 1 [ RunTime:0.000000s ]
[ sql ] [ SQL ] SELECT * FROM `new_order_status` WHERE  `id` = 4 LIMIT 1 [ RunTime:0.000000s ]

---------------------------------------------------------------
[ 2018-04-08T10:42:12+08:00 ] 127.0.0.1 127.0.0.1 GET /TP_5.0.5_new/public/index.php/admin/order/index.html
[ log ] 127.0.0.1/TP_5.0.5_new/public/index.php/admin/order/index.html [运行时间：0.104006s][吞吐率：9.61req/s] [内存消耗：2,508.91kb] [文件加载：69]
[ info ] [ LANG ] F:\phpStudy\WWW\TP_5.0.5_new\thinkphp\lang\zh-cn.php
[ info ] [ ROUTE ] array (
  'type' => 'module',
  'module' => 
  array (
    0 => 'admin',
    1 => 'order',
    2 => 'index',
  ),
)
[ info ] [ HEADER ] array (
  'cookie' => 'thinkphp_show_page_trace=0|0; thinkphp_show_page_trace=0|0; XSRF-TOKEN=eyJpdiI6InpDV1VSSWwrcW1RejNTQ2FSWGhreUE9PSIsInZhbHVlIjoiSldOSlprdytMd1BYMUdIUzhGbmhBSTZyMVA5UXpYS2lIU1E3bTN1Ukl1WWZjNHIzZHV3cU9VVTRDZTNUK1NDdVc1ZEVKdmRwUFhxcXZoVjFudzFMM1E9PSIsIm1hYyI6IjU5NGUwMTFiZTIwN2MxOTU5NjQzMjBlYjkxMDEyYzJkODY1YWZlMWExZWYxOTBkMjcxZmZhOGU0NmI1MzU1MWUifQ%3D%3D; laravel_session=eyJpdiI6ImhMM1FGTGRBUVVqRVNoMUtzYk8xR1E9PSIsInZhbHVlIjoiemo5S29qK0pETzRJY2N5OU9DM1hzRGhaNzFRRmRCMzlBa2tSdE9peEdEOHk4SGlWYW91aU1oWFpxUUtWdTA2YU96alRrcWtKOG1FSGZJWHh3aXVEZUE9PSIsIm1hYyI6IjcxYzQ0MGJkOGI4YWY0NWQ2MmVlODA0NDliNTkxMTQyZDc1ZTgxM2RkYjhlMTJmYzNjMGY4YWQ1NTIzNTNjZDgifQ%3D%3D; PHPSESSID=ju5kd7jumb784eqc0h2kshds70',
  'accept-language' => 'zh-CN,zh;q=0.9',
  'accept-encoding' => 'gzip, deflate, br',
  'referer' => 'http://127.0.0.1/TP_5.0.5_new/public/index.php/admin/order/index.html',
  'accept' => 'text/html,application/xhtml+xml,application/xml;q=0.9,image/webp,image/apng,*/*;q=0.8',
  'user-agent' => 'Mozilla/5.0 (Windows NT 6.1; Win64; x64) AppleWebKit/537.36 (KHTML, like Gecko) Chrome/63.0.3239.132 Safari/537.36',
  'upgrade-insecure-requests' => '1',
  'connection' => 'close',
  'host' => '127.0.0.1',
)
[ info ] [ PARAM ] array (
)
[ info ] [ SESSION ] INIT array (
  'id' => '',
  'var_session_id' => '',
  'prefix' => 'think',
  'type' => '',
  'auto_start' => true,
  'expire' => 1800,
)
[ info ] [ DB ] INIT mysql
[ info ] [ RUN ] app\admin\controller\Order->index[ F:\phpStudy\WWW\TP_5.0.5_new\application\admin\controller\Order.php ]
[ info ] [ VIEW ] F:\phpStudy\WWW\TP_5.0.5_new\public/../application/admin\view\order\index.html [ array (
  0 => 'info',
  1 => 'num1',
  2 => 'num2',
  3 => 'keywords',
  4 => 'time1',
  5 => 'time2',
  6 => 'list',
  7 => 'pages',
  8 => 'firstRow',
) ]
[ info ] [ LOG ] INIT File
[ sql ] [ DB ] CONNECT:[ UseTime:0.011001s ] mysql:dbname=tp_5.0.5_new;host=127.0.0.1;port=3306;charset=utf8
[ sql ] [ SQL ] SHOW COLUMNS FROM `new_admin` [ RunTime:0.002000s ]
[ sql ] [ SQL ] SELECT * FROM `new_admin` WHERE  `id` = 1 LIMIT 1 [ RunTime:0.001000s ]
[ sql ] [ SQL ] SHOW COLUMNS FROM `new_order` [ RunTime:0.001000s ]
[ sql ] [ SQL ] SELECT COUNT(*) AS tp_count FROM `new_order` LIMIT 1 [ RunTime:0.001000s ]
[ sql ] [ SQL ] SHOW COLUMNS FROM `new_mail_admin` [ RunTime:0.001000s ]
[ sql ] [ SQL ] SELECT COUNT(*) AS tp_count FROM `new_mail_admin` WHERE  `receiveid` = 1  AND `status` = 1 LIMIT 1 [ RunTime:0.000000s ]
[ sql ] [ SQL ] SELECT COUNT(*) AS tp_count FROM `new_order` LIMIT 1 [ RunTime:0.001000s ]
[ sql ] [ SQL ] SELECT * FROM `new_order` LIMIT 0,10 [ RunTime:0.000000s ]
[ sql ] [ SQL ] SHOW COLUMNS FROM `new_order_status` [ RunTime:0.001000s ]
[ sql ] [ SQL ] SELECT * FROM `new_order_status` WHERE  `id` IN (4,1,6,5,5,5,5,1,2,3) [ RunTime:0.000000s ]
[ sql ] [ SQL ] SHOW COLUMNS FROM `new_user` [ RunTime:0.001000s ]
[ sql ] [ SQL ] SELECT * FROM `new_user` WHERE  `id` IN (6,6,6,8,8,8,8,11,35,35) [ RunTime:0.000000s ]
[ sql ] [ SQL ] SELECT * FROM `new_order_status` WHERE  `id` = 4 LIMIT 1 [ RunTime:0.000000s ]
[ sql ] [ SQL ] SELECT * FROM `new_order_status` WHERE  `id` = 1 LIMIT 1 [ RunTime:0.000000s ]
[ sql ] [ SQL ] SELECT * FROM `new_order_status` WHERE  `id` = 6 LIMIT 1 [ RunTime:0.000000s ]
[ sql ] [ SQL ] SELECT * FROM `new_order_status` WHERE  `id` = 5 LIMIT 1 [ RunTime:0.000000s ]
[ sql ] [ SQL ] SELECT * FROM `new_order_status` WHERE  `id` = 5 LIMIT 1 [ RunTime:0.001000s ]
[ sql ] [ SQL ] SELECT * FROM `new_order_status` WHERE  `id` = 5 LIMIT 1 [ RunTime:0.000000s ]
[ sql ] [ SQL ] SELECT * FROM `new_order_status` WHERE  `id` = 5 LIMIT 1 [ RunTime:0.001000s ]
[ sql ] [ SQL ] SELECT * FROM `new_order_status` WHERE  `id` = 1 LIMIT 1 [ RunTime:0.000000s ]
[ sql ] [ SQL ] SELECT * FROM `new_order_status` WHERE  `id` = 2 LIMIT 1 [ RunTime:0.000000s ]
[ sql ] [ SQL ] SELECT * FROM `new_order_status` WHERE  `id` = 3 LIMIT 1 [ RunTime:0.000000s ]

---------------------------------------------------------------
[ 2018-04-08T10:42:13+08:00 ] 127.0.0.1 127.0.0.1 GET /TP_5.0.5_new/public/index.php/admin/order/export.html?search=
[ log ] 127.0.0.1/TP_5.0.5_new/public/index.php/admin/order/export.html?search= [运行时间：0.163010s][吞吐率：6.13req/s] [内存消耗：3,948.77kb] [文件加载：103]
[ info ] [ LANG ] F:\phpStudy\WWW\TP_5.0.5_new\thinkphp\lang\zh-cn.php
[ info ] [ ROUTE ] array (
  'type' => 'module',
  'module' => 
  array (
    0 => 'admin',
    1 => 'order',
    2 => 'export',
  ),
)
[ info ] [ HEADER ] array (
  'cookie' => 'thinkphp_show_page_trace=0|0; thinkphp_show_page_trace=0|0; XSRF-TOKEN=eyJpdiI6InpDV1VSSWwrcW1RejNTQ2FSWGhreUE9PSIsInZhbHVlIjoiSldOSlprdytMd1BYMUdIUzhGbmhBSTZyMVA5UXpYS2lIU1E3bTN1Ukl1WWZjNHIzZHV3cU9VVTRDZTNUK1NDdVc1ZEVKdmRwUFhxcXZoVjFudzFMM1E9PSIsIm1hYyI6IjU5NGUwMTFiZTIwN2MxOTU5NjQzMjBlYjkxMDEyYzJkODY1YWZlMWExZWYxOTBkMjcxZmZhOGU0NmI1MzU1MWUifQ%3D%3D; laravel_session=eyJpdiI6ImhMM1FGTGRBUVVqRVNoMUtzYk8xR1E9PSIsInZhbHVlIjoiemo5S29qK0pETzRJY2N5OU9DM1hzRGhaNzFRRmRCMzlBa2tSdE9peEdEOHk4SGlWYW91aU1oWFpxUUtWdTA2YU96alRrcWtKOG1FSGZJWHh3aXVEZUE9PSIsIm1hYyI6IjcxYzQ0MGJkOGI4YWY0NWQ2MmVlODA0NDliNTkxMTQyZDc1ZTgxM2RkYjhlMTJmYzNjMGY4YWQ1NTIzNTNjZDgifQ%3D%3D; PHPSESSID=ju5kd7jumb784eqc0h2kshds70',
  'accept-language' => 'zh-CN,zh;q=0.9',
  'accept-encoding' => 'gzip, deflate, br',
  'referer' => 'http://127.0.0.1/TP_5.0.5_new/public/index.php/admin/order/index.html',
  'accept' => 'text/html,application/xhtml+xml,application/xml;q=0.9,image/webp,image/apng,*/*;q=0.8',
  'user-agent' => 'Mozilla/5.0 (Windows NT 6.1; Win64; x64) AppleWebKit/537.36 (KHTML, like Gecko) Chrome/63.0.3239.132 Safari/537.36',
  'upgrade-insecure-requests' => '1',
  'connection' => 'close',
  'host' => '127.0.0.1',
)
[ info ] [ PARAM ] array (
  'search' => '',
)
[ info ] [ SESSION ] INIT array (
  'id' => '',
  'var_session_id' => '',
  'prefix' => 'think',
  'type' => '',
  'auto_start' => true,
  'expire' => 1800,
)
[ info ] [ DB ] INIT mysql
[ info ] [ RUN ] app\admin\controller\Order->export[ F:\phpStudy\WWW\TP_5.0.5_new\application\admin\controller\Order.php ]
[ info ] [ LOG ] INIT File
[ sql ] [ DB ] CONNECT:[ UseTime:0.011001s ] mysql:dbname=tp_5.0.5_new;host=127.0.0.1;port=3306;charset=utf8
[ sql ] [ SQL ] SHOW COLUMNS FROM `new_admin` [ RunTime:0.002000s ]
[ sql ] [ SQL ] SELECT * FROM `new_admin` WHERE  `id` = 1 LIMIT 1 [ RunTime:0.001000s ]
[ sql ] [ SQL ] SHOW COLUMNS FROM `new_order` [ RunTime:0.002000s ]
[ sql ] [ SQL ] SELECT COUNT(*) AS tp_count FROM `new_order` LIMIT 1 [ RunTime:0.000000s ]
[ sql ] [ SQL ] SHOW COLUMNS FROM `new_mail_admin` [ RunTime:0.001000s ]
[ sql ] [ SQL ] SELECT COUNT(*) AS tp_count FROM `new_mail_admin` WHERE  `receiveid` = 1  AND `status` = 1 LIMIT 1 [ RunTime:0.001000s ]
[ sql ] [ SQL ] SELECT * FROM `new_order` [ RunTime:0.000000s ]
[ sql ] [ SQL ] SHOW COLUMNS FROM `new_order_status` [ RunTime:0.002000s ]
[ sql ] [ SQL ] SELECT * FROM `new_order_status` WHERE  `id` IN (4,1,6,5,5,5,5,1,2,3,3,3,1,2,2,5,1,1,1,1,5,1,5,2,3,3,5,1,2,2,2,3,6,4,4,1,3,1,4) [ RunTime:0.001000s ]
[ error ] [0]致命错误: Call to a member function getStyle() on integer[F:\phpStudy\WWW\TP_5.0.5_new\application\admin\controller\Order.php:104]

---------------------------------------------------------------
[ 2018-04-08T10:42:16+08:00 ] 127.0.0.1 127.0.0.1 GET /TP_5.0.5_new/public/index.php/admin/order/index.html
[ log ] 127.0.0.1/TP_5.0.5_new/public/index.php/admin/order/index.html [运行时间：0.099006s][吞吐率：10.10req/s] [内存消耗：2,508.91kb] [文件加载：69]
[ info ] [ LANG ] F:\phpStudy\WWW\TP_5.0.5_new\thinkphp\lang\zh-cn.php
[ info ] [ ROUTE ] array (
  'type' => 'module',
  'module' => 
  array (
    0 => 'admin',
    1 => 'order',
    2 => 'index',
  ),
)
[ info ] [ HEADER ] array (
  'cookie' => 'thinkphp_show_page_trace=0|0; thinkphp_show_page_trace=0|0; XSRF-TOKEN=eyJpdiI6InpDV1VSSWwrcW1RejNTQ2FSWGhreUE9PSIsInZhbHVlIjoiSldOSlprdytMd1BYMUdIUzhGbmhBSTZyMVA5UXpYS2lIU1E3bTN1Ukl1WWZjNHIzZHV3cU9VVTRDZTNUK1NDdVc1ZEVKdmRwUFhxcXZoVjFudzFMM1E9PSIsIm1hYyI6IjU5NGUwMTFiZTIwN2MxOTU5NjQzMjBlYjkxMDEyYzJkODY1YWZlMWExZWYxOTBkMjcxZmZhOGU0NmI1MzU1MWUifQ%3D%3D; laravel_session=eyJpdiI6ImhMM1FGTGRBUVVqRVNoMUtzYk8xR1E9PSIsInZhbHVlIjoiemo5S29qK0pETzRJY2N5OU9DM1hzRGhaNzFRRmRCMzlBa2tSdE9peEdEOHk4SGlWYW91aU1oWFpxUUtWdTA2YU96alRrcWtKOG1FSGZJWHh3aXVEZUE9PSIsIm1hYyI6IjcxYzQ0MGJkOGI4YWY0NWQ2MmVlODA0NDliNTkxMTQyZDc1ZTgxM2RkYjhlMTJmYzNjMGY4YWQ1NTIzNTNjZDgifQ%3D%3D; PHPSESSID=ju5kd7jumb784eqc0h2kshds70',
  'accept-language' => 'zh-CN,zh;q=0.9',
  'accept-encoding' => 'gzip, deflate, br',
  'referer' => 'http://127.0.0.1/TP_5.0.5_new/public/index.php/admin/order/index.html',
  'accept' => 'text/html,application/xhtml+xml,application/xml;q=0.9,image/webp,image/apng,*/*;q=0.8',
  'upgrade-insecure-requests' => '1',
  'user-agent' => 'Mozilla/5.0 (Windows NT 6.1; Win64; x64) AppleWebKit/537.36 (KHTML, like Gecko) Chrome/63.0.3239.132 Safari/537.36',
  'connection' => 'close',
  'host' => '127.0.0.1',
)
[ info ] [ PARAM ] array (
)
[ info ] [ SESSION ] INIT array (
  'id' => '',
  'var_session_id' => '',
  'prefix' => 'think',
  'type' => '',
  'auto_start' => true,
  'expire' => 1800,
)
[ info ] [ DB ] INIT mysql
[ info ] [ RUN ] app\admin\controller\Order->index[ F:\phpStudy\WWW\TP_5.0.5_new\application\admin\controller\Order.php ]
[ info ] [ VIEW ] F:\phpStudy\WWW\TP_5.0.5_new\public/../application/admin\view\order\index.html [ array (
  0 => 'info',
  1 => 'num1',
  2 => 'num2',
  3 => 'keywords',
  4 => 'time1',
  5 => 'time2',
  6 => 'list',
  7 => 'pages',
  8 => 'firstRow',
) ]
[ info ] [ LOG ] INIT File
[ sql ] [ DB ] CONNECT:[ UseTime:0.002000s ] mysql:dbname=tp_5.0.5_new;host=127.0.0.1;port=3306;charset=utf8
[ sql ] [ SQL ] SHOW COLUMNS FROM `new_admin` [ RunTime:0.002000s ]
[ sql ] [ SQL ] SELECT * FROM `new_admin` WHERE  `id` = 1 LIMIT 1 [ RunTime:0.000000s ]
[ sql ] [ SQL ] SHOW COLUMNS FROM `new_order` [ RunTime:0.002000s ]
[ sql ] [ SQL ] SELECT COUNT(*) AS tp_count FROM `new_order` LIMIT 1 [ RunTime:0.000000s ]
[ sql ] [ SQL ] SHOW COLUMNS FROM `new_mail_admin` [ RunTime:0.002000s ]
[ sql ] [ SQL ] SELECT COUNT(*) AS tp_count FROM `new_mail_admin` WHERE  `receiveid` = 1  AND `status` = 1 LIMIT 1 [ RunTime:0.000000s ]
[ sql ] [ SQL ] SELECT COUNT(*) AS tp_count FROM `new_order` LIMIT 1 [ RunTime:0.001000s ]
[ sql ] [ SQL ] SELECT * FROM `new_order` LIMIT 0,10 [ RunTime:0.000000s ]
[ sql ] [ SQL ] SHOW COLUMNS FROM `new_order_status` [ RunTime:0.001000s ]
[ sql ] [ SQL ] SELECT * FROM `new_order_status` WHERE  `id` IN (4,1,6,5,5,5,5,1,2,3) [ RunTime:0.001000s ]
[ sql ] [ SQL ] SHOW COLUMNS FROM `new_user` [ RunTime:0.002000s ]
[ sql ] [ SQL ] SELECT * FROM `new_user` WHERE  `id` IN (6,6,6,8,8,8,8,11,35,35) [ RunTime:0.001000s ]
[ sql ] [ SQL ] SELECT * FROM `new_order_status` WHERE  `id` = 4 LIMIT 1 [ RunTime:0.001000s ]
[ sql ] [ SQL ] SELECT * FROM `new_order_status` WHERE  `id` = 1 LIMIT 1 [ RunTime:0.000000s ]
[ sql ] [ SQL ] SELECT * FROM `new_order_status` WHERE  `id` = 6 LIMIT 1 [ RunTime:0.001000s ]
[ sql ] [ SQL ] SELECT * FROM `new_order_status` WHERE  `id` = 5 LIMIT 1 [ RunTime:0.000000s ]
[ sql ] [ SQL ] SELECT * FROM `new_order_status` WHERE  `id` = 5 LIMIT 1 [ RunTime:0.001000s ]
[ sql ] [ SQL ] SELECT * FROM `new_order_status` WHERE  `id` = 5 LIMIT 1 [ RunTime:0.000000s ]
[ sql ] [ SQL ] SELECT * FROM `new_order_status` WHERE  `id` = 5 LIMIT 1 [ RunTime:0.001000s ]
[ sql ] [ SQL ] SELECT * FROM `new_order_status` WHERE  `id` = 1 LIMIT 1 [ RunTime:0.000000s ]
[ sql ] [ SQL ] SELECT * FROM `new_order_status` WHERE  `id` = 2 LIMIT 1 [ RunTime:0.001000s ]
[ sql ] [ SQL ] SELECT * FROM `new_order_status` WHERE  `id` = 3 LIMIT 1 [ RunTime:0.000000s ]

---------------------------------------------------------------
[ 2018-04-08T17:32:46+08:00 ] 127.0.0.1 127.0.0.1 GET /TP_5.0.5_new/public/index.php/admin/order/index.html
[ log ] 127.0.0.1/TP_5.0.5_new/public/index.php/admin/order/index.html [运行时间：0.413023s][吞吐率：2.42req/s] [内存消耗：1,437.23kb] [文件加载：50]
[ info ] [ LANG ] F:\phpStudy\WWW\TP_5.0.5_new\thinkphp\lang\zh-cn.php
[ info ] [ ROUTE ] array (
  'type' => 'module',
  'module' => 
  array (
    0 => 'admin',
    1 => 'order',
    2 => 'index',
  ),
)
[ info ] [ HEADER ] array (
  'cookie' => 'thinkphp_show_page_trace=0|0; thinkphp_show_page_trace=0|0',
  'accept-language' => 'zh-CN,zh;q=0.9',
  'accept-encoding' => 'gzip, deflate, br',
  'referer' => 'http://127.0.0.1/TP_5.0.5_new/public/index.php/admin/order/index.html',
  'accept' => 'text/html,application/xhtml+xml,application/xml;q=0.9,image/webp,image/apng,*/*;q=0.8',
  'upgrade-insecure-requests' => '1',
  'user-agent' => 'Mozilla/5.0 (Windows NT 6.1; Win64; x64) AppleWebKit/537.36 (KHTML, like Gecko) Chrome/63.0.3239.132 Safari/537.36',
  'connection' => 'close',
  'host' => '127.0.0.1',
)
[ info ] [ PARAM ] array (
)
[ info ] [ SESSION ] INIT array (
  'id' => '',
  'var_session_id' => '',
  'prefix' => 'think',
  'type' => '',
  'auto_start' => true,
  'expire' => 1800,
)
[ info ] [ LOG ] INIT File

---------------------------------------------------------------
