[ 2017-08-31T10:27:53+08:00 ] 127.0.0.1 127.0.0.1 GET /zzz/public/
[ log ] 127.0.0.1/zzz/public/ [运行时间：1.438082s][吞吐率：0.70req/s] [内存消耗：1,456.59kb] [文件加载：43]
[ info ] [ LANG ] D:\phpstudy\WWW\zzz\thinkphp\lang\zh-cn.php
[ info ] [ ROUTE ] array (
  'type' => 'module',
  'module' => 
  array (
    0 => '',
    1 => NULL,
    2 => NULL,
  ),
)
[ info ] [ HEADER ] array (
  'host' => '127.0.0.1',
  'connection' => 'keep-alive',
  'upgrade-insecure-requests' => '1',
  'user-agent' => 'Mozilla/5.0 (Windows NT 6.1; Win64; x64) AppleWebKit/537.36 (KHTML, like Gecko) Chrome/57.0.2987.110 Safari/537.36',
  'accept' => 'text/html,application/xhtml+xml,application/xml;q=0.9,image/webp,*/*;q=0.8',
  'referer' => 'http://127.0.0.1/zzz/',
  'accept-encoding' => 'gzip, deflate, sdch, br',
  'accept-language' => 'zh-CN,zh;q=0.8',
)
[ info ] [ PARAM ] array (
)
[ info ] [ RUN ] app\index\controller\Index->index[ D:\phpstudy\WWW\zzz\application\index\controller\Index.php ]
[ info ] [ LOG ] INIT File

---------------------------------------------------------------
[ 2017-08-31T10:27:56+08:00 ] 127.0.0.1 127.0.0.1 GET /zzz/public/admin
[ log ] 127.0.0.1/zzz/public/admin [运行时间：0.234014s][吞吐率：4.27req/s] [内存消耗：1,758.05kb] [文件加载：50]
[ info ] [ LANG ] D:\phpstudy\WWW\zzz\thinkphp\lang\zh-cn.php
[ info ] [ ROUTE ] array (
  'type' => 'module',
  'module' => 
  array (
    0 => 'admin',
    1 => NULL,
    2 => NULL,
  ),
)
[ info ] [ HEADER ] array (
  'host' => '127.0.0.1',
  'connection' => 'keep-alive',
  'upgrade-insecure-requests' => '1',
  'user-agent' => 'Mozilla/5.0 (Windows NT 6.1; Win64; x64) AppleWebKit/537.36 (KHTML, like Gecko) Chrome/57.0.2987.110 Safari/537.36',
  'accept' => 'text/html,application/xhtml+xml,application/xml;q=0.9,image/webp,*/*;q=0.8',
  'accept-encoding' => 'gzip, deflate, sdch, br',
  'accept-language' => 'zh-CN,zh;q=0.8',
  'cookie' => 'thinkphp_show_page_trace=0|0',
)
[ info ] [ PARAM ] array (
)
[ info ] [ SESSION ] INIT array (
  'id' => '',
  'var_session_id' => '',
  'prefix' => 'think',
  'type' => '',
  'auto_start' => true,
  'expire' => 1800,
)
[ info ] [ LOG ] INIT File

---------------------------------------------------------------
[ 2017-08-31T10:27:56+08:00 ] 127.0.0.1 127.0.0.1 GET /zzz/public/admin/login/index.html
[ log ] 127.0.0.1/zzz/public/admin/login/index.html [运行时间：0.098005s][吞吐率：10.20req/s] [内存消耗：1,807.45kb] [文件加载：51]
[ info ] [ LANG ] D:\phpstudy\WWW\zzz\thinkphp\lang\zh-cn.php
[ info ] [ ROUTE ] array (
  'type' => 'module',
  'module' => 
  array (
    0 => 'admin',
    1 => 'login',
    2 => 'index',
  ),
)
[ info ] [ HEADER ] array (
  'host' => '127.0.0.1',
  'connection' => 'keep-alive',
  'upgrade-insecure-requests' => '1',
  'user-agent' => 'Mozilla/5.0 (Windows NT 6.1; Win64; x64) AppleWebKit/537.36 (KHTML, like Gecko) Chrome/57.0.2987.110 Safari/537.36',
  'accept' => 'text/html,application/xhtml+xml,application/xml;q=0.9,image/webp,*/*;q=0.8',
  'accept-encoding' => 'gzip, deflate, sdch, br',
  'accept-language' => 'zh-CN,zh;q=0.8',
  'cookie' => 'thinkphp_show_page_trace=0|0; PHPSESSID=75d78nf3g7ihr29336qfao8kg4',
)
[ info ] [ PARAM ] array (
)
[ info ] [ RUN ] app\admin\controller\Login->index[ D:\phpstudy\WWW\zzz\application\admin\controller\Login.php ]
[ info ] [ VIEW ] D:\phpstudy\WWW\zzz\public/../application/admin\view\login\index.html [ array (
) ]
[ info ] [ LOG ] INIT File

---------------------------------------------------------------
[ 2017-08-31T10:27:57+08:00 ] 127.0.0.1 127.0.0.1 GET /zzz/public/admin
[ log ] 127.0.0.1/zzz/public/admin [运行时间：0.048003s][吞吐率：20.83req/s] [内存消耗：1,757.84kb] [文件加载：50]
[ info ] [ LANG ] D:\phpstudy\WWW\zzz\thinkphp\lang\zh-cn.php
[ info ] [ ROUTE ] array (
  'type' => 'module',
  'module' => 
  array (
    0 => 'admin',
    1 => NULL,
    2 => NULL,
  ),
)
[ info ] [ HEADER ] array (
  'host' => '127.0.0.1',
  'connection' => 'keep-alive',
  'upgrade-insecure-requests' => '1',
  'user-agent' => 'Mozilla/5.0 (Windows NT 6.1; Win64; x64) AppleWebKit/537.36 (KHTML, like Gecko) Chrome/57.0.2987.110 Safari/537.36',
  'accept' => 'text/html,application/xhtml+xml,application/xml;q=0.9,image/webp,*/*;q=0.8',
  'accept-encoding' => 'gzip, deflate, sdch, br',
  'accept-language' => 'zh-CN,zh;q=0.8',
  'cookie' => 'thinkphp_show_page_trace=0|0; PHPSESSID=75d78nf3g7ihr29336qfao8kg4',
)
[ info ] [ PARAM ] array (
)
[ info ] [ SESSION ] INIT array (
  'id' => '',
  'var_session_id' => '',
  'prefix' => 'think',
  'type' => '',
  'auto_start' => true,
  'expire' => 1800,
)
[ info ] [ LOG ] INIT File

---------------------------------------------------------------
[ 2017-08-31T10:27:57+08:00 ] 127.0.0.1 127.0.0.1 GET /zzz/public/admin/login/index.html
[ log ] 127.0.0.1/zzz/public/admin/login/index.html [运行时间：0.050003s][吞吐率：20.00req/s] [内存消耗：1,807.45kb] [文件加载：51]
[ info ] [ LANG ] D:\phpstudy\WWW\zzz\thinkphp\lang\zh-cn.php
[ info ] [ ROUTE ] array (
  'type' => 'module',
  'module' => 
  array (
    0 => 'admin',
    1 => 'login',
    2 => 'index',
  ),
)
[ info ] [ HEADER ] array (
  'host' => '127.0.0.1',
  'connection' => 'keep-alive',
  'upgrade-insecure-requests' => '1',
  'user-agent' => 'Mozilla/5.0 (Windows NT 6.1; Win64; x64) AppleWebKit/537.36 (KHTML, like Gecko) Chrome/57.0.2987.110 Safari/537.36',
  'accept' => 'text/html,application/xhtml+xml,application/xml;q=0.9,image/webp,*/*;q=0.8',
  'accept-encoding' => 'gzip, deflate, sdch, br',
  'accept-language' => 'zh-CN,zh;q=0.8',
  'cookie' => 'thinkphp_show_page_trace=0|0; PHPSESSID=75d78nf3g7ihr29336qfao8kg4',
)
[ info ] [ PARAM ] array (
)
[ info ] [ RUN ] app\admin\controller\Login->index[ D:\phpstudy\WWW\zzz\application\admin\controller\Login.php ]
[ info ] [ VIEW ] D:\phpstudy\WWW\zzz\public/../application/admin\view\login\index.html [ array (
) ]
[ info ] [ LOG ] INIT File

---------------------------------------------------------------
[ 2017-08-31T10:29:20+08:00 ] 127.0.0.1 127.0.0.1 POST /zzz/public/admin/login/index.html
[ log ] 127.0.0.1/zzz/public/admin/login/index.html [运行时间：0.692040s][吞吐率：1.45req/s] [内存消耗：2,728.19kb] [文件加载：59]
[ info ] [ LANG ] D:\phpstudy\WWW\zzz\thinkphp\lang\zh-cn.php
[ info ] [ ROUTE ] array (
  'type' => 'module',
  'module' => 
  array (
    0 => 'admin',
    1 => 'login',
    2 => 'index',
  ),
)
[ info ] [ HEADER ] array (
  'host' => '127.0.0.1',
  'connection' => 'keep-alive',
  'content-length' => '29',
  'accept' => 'application/json, text/javascript, */*; q=0.01',
  'origin' => 'http://127.0.0.1',
  'x-requested-with' => 'XMLHttpRequest',
  'user-agent' => 'Mozilla/5.0 (Windows NT 6.1; Win64; x64) AppleWebKit/537.36 (KHTML, like Gecko) Chrome/57.0.2987.110 Safari/537.36',
  'content-type' => 'application/x-www-form-urlencoded; charset=UTF-8',
  'referer' => 'http://127.0.0.1/zzz/public/admin/login/index.html',
  'accept-encoding' => 'gzip, deflate, br',
  'accept-language' => 'zh-CN,zh;q=0.8',
  'cookie' => 'thinkphp_show_page_trace=0|0; thinkphp_show_page_trace=0|0; PHPSESSID=75d78nf3g7ihr29336qfao8kg4',
)
[ info ] [ PARAM ] array (
  'username' => 'admin',
  'password' => 'admin',
)
[ info ] [ RUN ] app\admin\controller\Login->index[ D:\phpstudy\WWW\zzz\application\admin\controller\Login.php ]
[ info ] [ DB ] INIT mysql
[ info ] [ SESSION ] INIT array (
  'id' => '',
  'var_session_id' => '',
  'prefix' => 'think',
  'type' => '',
  'auto_start' => true,
  'expire' => 1800,
)
[ info ] [ CACHE ] INIT File
[ info ] [ LOG ] INIT File
[ sql ] [ DB ] CONNECT:[ UseTime:0.130007s ] mysql:dbname=new;host=127.0.0.1;port=3306;charset=utf8
[ sql ] [ SQL ] SHOW COLUMNS FROM `new_admin` [ RunTime:0.271015s ]
[ sql ] [ SQL ] SELECT * FROM `new_admin` WHERE  `username` = 'admin' LIMIT 1 [ RunTime:0.018001s ]
[ sql ] [ SQL ] SELECT * FROM `new_admin` WHERE  `username` = 'admin'  AND `password` = 'ae26ee2b1583b607b0008b8e6131b149' LIMIT 1 [ RunTime:0.001000s ]
[ sql ] [ SQL ] UPDATE `new_admin`  SET `lastlogin`=1504146559  WHERE  `id` = 1 [ RunTime:0.049003s ]

---------------------------------------------------------------
[ 2017-08-31T10:29:23+08:00 ] 127.0.0.1 127.0.0.1 GET /zzz/public/admin/index/index.html
[ log ] 127.0.0.1/zzz/public/admin/index/index.html [运行时间：0.329019s][吞吐率：3.04req/s] [内存消耗：2,859.12kb] [文件加载：61]
[ info ] [ LANG ] D:\phpstudy\WWW\zzz\thinkphp\lang\zh-cn.php
[ info ] [ ROUTE ] array (
  'type' => 'module',
  'module' => 
  array (
    0 => 'admin',
    1 => 'index',
    2 => 'index',
  ),
)
[ info ] [ HEADER ] array (
  'host' => '127.0.0.1',
  'connection' => 'keep-alive',
  'upgrade-insecure-requests' => '1',
  'user-agent' => 'Mozilla/5.0 (Windows NT 6.1; Win64; x64) AppleWebKit/537.36 (KHTML, like Gecko) Chrome/57.0.2987.110 Safari/537.36',
  'accept' => 'text/html,application/xhtml+xml,application/xml;q=0.9,image/webp,*/*;q=0.8',
  'referer' => 'http://127.0.0.1/zzz/public/admin/login/index.html',
  'accept-encoding' => 'gzip, deflate, sdch, br',
  'accept-language' => 'zh-CN,zh;q=0.8',
  'cookie' => 'thinkphp_show_page_trace=0|0; PHPSESSID=75d78nf3g7ihr29336qfao8kg4',
)
[ info ] [ PARAM ] array (
)
[ info ] [ SESSION ] INIT array (
  'id' => '',
  'var_session_id' => '',
  'prefix' => 'think',
  'type' => '',
  'auto_start' => true,
  'expire' => 1800,
)
[ info ] [ DB ] INIT mysql
[ info ] [ RUN ] app\admin\controller\Index->index[ D:\phpstudy\WWW\zzz\application\admin\controller\Index.php ]
[ info ] [ VIEW ] D:\phpstudy\WWW\zzz\public/../application/admin\view\index\index.html [ array (
  0 => 'info',
  1 => 'num1',
  2 => 'num2',
) ]
[ info ] [ LOG ] INIT File
[ sql ] [ DB ] CONNECT:[ UseTime:0.001000s ] mysql:dbname=new;host=127.0.0.1;port=3306;charset=utf8
[ sql ] [ SQL ] SHOW COLUMNS FROM `new_admin` [ RunTime:0.018001s ]
[ sql ] [ SQL ] SELECT * FROM `new_admin` WHERE  `id` = 1 LIMIT 1 [ RunTime:0.001000s ]
[ sql ] [ SQL ] SHOW COLUMNS FROM `new_order` [ RunTime:0.054003s ]
[ sql ] [ SQL ] SELECT COUNT(*) AS tp_count FROM `new_order` LIMIT 1 [ RunTime:0.027001s ]
[ sql ] [ SQL ] SHOW COLUMNS FROM `new_mail_admin` [ RunTime:0.033001s ]
[ sql ] [ SQL ] SELECT COUNT(*) AS tp_count FROM `new_mail_admin` WHERE  `receiveid` = 1  AND `status` = 1 LIMIT 1 [ RunTime:0.001000s ]

---------------------------------------------------------------
[ 2017-08-31T10:29:24+08:00 ] 127.0.0.1 127.0.0.1 GET /zzz/public/static/admin/images/avatar/%7Bval.avatar%7D
[ log ] 127.0.0.1/zzz/public/static/admin/images/avatar/%7Bval.avatar%7D [运行时间：0.095005s][吞吐率：10.53req/s] [内存消耗：1,473.81kb] [文件加载：45]
[ info ] [ LANG ] D:\phpstudy\WWW\zzz\thinkphp\lang\zh-cn.php
[ info ] [ ROUTE ] array (
  'type' => 'module',
  'module' => 
  array (
    0 => 'static',
    1 => 'admin',
    2 => 'images',
  ),
)
[ info ] [ HEADER ] array (
  'host' => '127.0.0.1',
  'connection' => 'keep-alive',
  'user-agent' => 'Mozilla/5.0 (Windows NT 6.1; Win64; x64) AppleWebKit/537.36 (KHTML, like Gecko) Chrome/57.0.2987.110 Safari/537.36',
  'accept' => 'image/webp,image/*,*/*;q=0.8',
  'referer' => 'http://127.0.0.1/zzz/public/admin/index/index.html',
  'accept-encoding' => 'gzip, deflate, sdch, br',
  'accept-language' => 'zh-CN,zh;q=0.8',
  'cookie' => 'thinkphp_show_page_trace=0|0; PHPSESSID=75d78nf3g7ihr29336qfao8kg4',
)
[ info ] [ PARAM ] array (
  'avatar' => '{val.avatar}',
)
[ info ] [ LOG ] INIT File

---------------------------------------------------------------
[ 2017-08-31T10:29:24+08:00 ] 127.0.0.1 127.0.0.1 GET /zzz/public/static/admin/images/avatar/eight.png
[ log ] 127.0.0.1/zzz/public/static/admin/images/avatar/eight.png [运行时间：0.073004s][吞吐率：13.70req/s] [内存消耗：1,473.84kb] [文件加载：45]
[ info ] [ LANG ] D:\phpstudy\WWW\zzz\thinkphp\lang\zh-cn.php
[ info ] [ ROUTE ] array (
  'type' => 'module',
  'module' => 
  array (
    0 => 'static',
    1 => 'admin',
    2 => 'images',
  ),
)
[ info ] [ HEADER ] array (
  'host' => '127.0.0.1',
  'connection' => 'keep-alive',
  'user-agent' => 'Mozilla/5.0 (Windows NT 6.1; Win64; x64) AppleWebKit/537.36 (KHTML, like Gecko) Chrome/57.0.2987.110 Safari/537.36',
  'accept' => 'image/webp,image/*,*/*;q=0.8',
  'referer' => 'http://127.0.0.1/zzz/public/admin/index/index.html',
  'accept-encoding' => 'gzip, deflate, sdch, br',
  'accept-language' => 'zh-CN,zh;q=0.8',
  'cookie' => 'thinkphp_show_page_trace=0|0; PHPSESSID=75d78nf3g7ihr29336qfao8kg4',
)
[ info ] [ PARAM ] array (
  'avatar' => 'eight.png',
)
[ info ] [ LOG ] INIT File

---------------------------------------------------------------
[ 2017-08-31T10:29:24+08:00 ] 127.0.0.1 127.0.0.1 GET /zzz/public/static/admin/images/avatar/seven.png
[ log ] 127.0.0.1/zzz/public/static/admin/images/avatar/seven.png [运行时间：0.110007s][吞吐率：9.09req/s] [内存消耗：1,473.84kb] [文件加载：45]
[ info ] [ LANG ] D:\phpstudy\WWW\zzz\thinkphp\lang\zh-cn.php
[ info ] [ ROUTE ] array (
  'type' => 'module',
  'module' => 
  array (
    0 => 'static',
    1 => 'admin',
    2 => 'images',
  ),
)
[ info ] [ HEADER ] array (
  'host' => '127.0.0.1',
  'connection' => 'keep-alive',
  'user-agent' => 'Mozilla/5.0 (Windows NT 6.1; Win64; x64) AppleWebKit/537.36 (KHTML, like Gecko) Chrome/57.0.2987.110 Safari/537.36',
  'accept' => 'image/webp,image/*,*/*;q=0.8',
  'referer' => 'http://127.0.0.1/zzz/public/admin/index/index.html',
  'accept-encoding' => 'gzip, deflate, sdch, br',
  'accept-language' => 'zh-CN,zh;q=0.8',
  'cookie' => 'thinkphp_show_page_trace=0|0; PHPSESSID=75d78nf3g7ihr29336qfao8kg4',
)
[ info ] [ PARAM ] array (
  'avatar' => 'seven.png',
)
[ info ] [ LOG ] INIT File

---------------------------------------------------------------
[ 2017-08-31T10:29:24+08:00 ] 127.0.0.1 127.0.0.1 GET /zzz/public/static/admin/images/avatar/three.png
[ log ] 127.0.0.1/zzz/public/static/admin/images/avatar/three.png [运行时间：0.100006s][吞吐率：10.00req/s] [内存消耗：1,473.84kb] [文件加载：45]
[ info ] [ LANG ] D:\phpstudy\WWW\zzz\thinkphp\lang\zh-cn.php
[ info ] [ ROUTE ] array (
  'type' => 'module',
  'module' => 
  array (
    0 => 'static',
    1 => 'admin',
    2 => 'images',
  ),
)
[ info ] [ HEADER ] array (
  'host' => '127.0.0.1',
  'connection' => 'keep-alive',
  'user-agent' => 'Mozilla/5.0 (Windows NT 6.1; Win64; x64) AppleWebKit/537.36 (KHTML, like Gecko) Chrome/57.0.2987.110 Safari/537.36',
  'accept' => 'image/webp,image/*,*/*;q=0.8',
  'referer' => 'http://127.0.0.1/zzz/public/admin/index/index.html',
  'accept-encoding' => 'gzip, deflate, sdch, br',
  'accept-language' => 'zh-CN,zh;q=0.8',
  'cookie' => 'thinkphp_show_page_trace=0|0; PHPSESSID=75d78nf3g7ihr29336qfao8kg4',
)
[ info ] [ PARAM ] array (
  'avatar' => 'three.png',
)
[ info ] [ LOG ] INIT File

---------------------------------------------------------------
[ 2017-08-31T10:29:24+08:00 ] 127.0.0.1 127.0.0.1 GET /zzz/public/static/admin/images/avatar/six.png
[ log ] 127.0.0.1/zzz/public/static/admin/images/avatar/six.png [运行时间：0.050003s][吞吐率：20.00req/s] [内存消耗：1,473.74kb] [文件加载：45]
[ info ] [ LANG ] D:\phpstudy\WWW\zzz\thinkphp\lang\zh-cn.php
[ info ] [ ROUTE ] array (
  'type' => 'module',
  'module' => 
  array (
    0 => 'static',
    1 => 'admin',
    2 => 'images',
  ),
)
[ info ] [ HEADER ] array (
  'host' => '127.0.0.1',
  'connection' => 'keep-alive',
  'user-agent' => 'Mozilla/5.0 (Windows NT 6.1; Win64; x64) AppleWebKit/537.36 (KHTML, like Gecko) Chrome/57.0.2987.110 Safari/537.36',
  'accept' => 'image/webp,image/*,*/*;q=0.8',
  'referer' => 'http://127.0.0.1/zzz/public/admin/index/index.html',
  'accept-encoding' => 'gzip, deflate, sdch, br',
  'accept-language' => 'zh-CN,zh;q=0.8',
  'cookie' => 'thinkphp_show_page_trace=0|0; PHPSESSID=75d78nf3g7ihr29336qfao8kg4',
)
[ info ] [ PARAM ] array (
  'avatar' => 'six.png',
)
[ info ] [ LOG ] INIT File

---------------------------------------------------------------
[ 2017-08-31T10:29:24+08:00 ] 127.0.0.1 127.0.0.1 GET /zzz/public/static/admin/images/avatar/ten.png
[ log ] 127.0.0.1/zzz/public/static/admin/images/avatar/ten.png [运行时间：0.048003s][吞吐率：20.83req/s] [内存消耗：1,473.74kb] [文件加载：45]
[ info ] [ LANG ] D:\phpstudy\WWW\zzz\thinkphp\lang\zh-cn.php
[ info ] [ ROUTE ] array (
  'type' => 'module',
  'module' => 
  array (
    0 => 'static',
    1 => 'admin',
    2 => 'images',
  ),
)
[ info ] [ HEADER ] array (
  'host' => '127.0.0.1',
  'connection' => 'keep-alive',
  'user-agent' => 'Mozilla/5.0 (Windows NT 6.1; Win64; x64) AppleWebKit/537.36 (KHTML, like Gecko) Chrome/57.0.2987.110 Safari/537.36',
  'accept' => 'image/webp,image/*,*/*;q=0.8',
  'referer' => 'http://127.0.0.1/zzz/public/admin/index/index.html',
  'accept-encoding' => 'gzip, deflate, sdch, br',
  'accept-language' => 'zh-CN,zh;q=0.8',
  'cookie' => 'thinkphp_show_page_trace=0|0; PHPSESSID=75d78nf3g7ihr29336qfao8kg4',
)
[ info ] [ PARAM ] array (
  'avatar' => 'ten.png',
)
[ info ] [ LOG ] INIT File

---------------------------------------------------------------
[ 2017-08-31T10:29:24+08:00 ] 127.0.0.1 127.0.0.1 GET /zzz/public/static/admin/images/avatar/five.png
[ log ] 127.0.0.1/zzz/public/static/admin/images/avatar/five.png [运行时间：0.088005s][吞吐率：11.36req/s] [内存消耗：1,473.76kb] [文件加载：45]
[ info ] [ LANG ] D:\phpstudy\WWW\zzz\thinkphp\lang\zh-cn.php
[ info ] [ ROUTE ] array (
  'type' => 'module',
  'module' => 
  array (
    0 => 'static',
    1 => 'admin',
    2 => 'images',
  ),
)
[ info ] [ HEADER ] array (
  'host' => '127.0.0.1',
  'connection' => 'keep-alive',
  'user-agent' => 'Mozilla/5.0 (Windows NT 6.1; Win64; x64) AppleWebKit/537.36 (KHTML, like Gecko) Chrome/57.0.2987.110 Safari/537.36',
  'accept' => 'image/webp,image/*,*/*;q=0.8',
  'referer' => 'http://127.0.0.1/zzz/public/admin/index/index.html',
  'accept-encoding' => 'gzip, deflate, sdch, br',
  'accept-language' => 'zh-CN,zh;q=0.8',
  'cookie' => 'thinkphp_show_page_trace=0|0; PHPSESSID=75d78nf3g7ihr29336qfao8kg4',
)
[ info ] [ PARAM ] array (
  'avatar' => 'five.png',
)
[ info ] [ LOG ] INIT File

---------------------------------------------------------------
[ 2017-08-31T10:29:24+08:00 ] 127.0.0.1 127.0.0.1 GET /zzz/public/static/admin/images/avatar/four.png
[ log ] 127.0.0.1/zzz/public/static/admin/images/avatar/four.png [运行时间：0.091005s][吞吐率：10.99req/s] [内存消耗：1,473.76kb] [文件加载：45]
[ info ] [ LANG ] D:\phpstudy\WWW\zzz\thinkphp\lang\zh-cn.php
[ info ] [ ROUTE ] array (
  'type' => 'module',
  'module' => 
  array (
    0 => 'static',
    1 => 'admin',
    2 => 'images',
  ),
)
[ info ] [ HEADER ] array (
  'host' => '127.0.0.1',
  'connection' => 'keep-alive',
  'user-agent' => 'Mozilla/5.0 (Windows NT 6.1; Win64; x64) AppleWebKit/537.36 (KHTML, like Gecko) Chrome/57.0.2987.110 Safari/537.36',
  'accept' => 'image/webp,image/*,*/*;q=0.8',
  'referer' => 'http://127.0.0.1/zzz/public/admin/index/index.html',
  'accept-encoding' => 'gzip, deflate, sdch, br',
  'accept-language' => 'zh-CN,zh;q=0.8',
  'cookie' => 'thinkphp_show_page_trace=0|0; PHPSESSID=75d78nf3g7ihr29336qfao8kg4',
)
[ info ] [ PARAM ] array (
  'avatar' => 'four.png',
)
[ info ] [ LOG ] INIT File

---------------------------------------------------------------
[ 2017-08-31T10:29:28+08:00 ] 127.0.0.1 127.0.0.1 GET /zzz/public/admin/admin/index.html
[ log ] 127.0.0.1/zzz/public/admin/admin/index.html [运行时间：0.294017s][吞吐率：3.40req/s] [内存消耗：3,129.07kb] [文件加载：66]
[ info ] [ LANG ] D:\phpstudy\WWW\zzz\thinkphp\lang\zh-cn.php
[ info ] [ ROUTE ] array (
  'type' => 'module',
  'module' => 
  array (
    0 => 'admin',
    1 => 'admin',
    2 => 'index',
  ),
)
[ info ] [ HEADER ] array (
  'host' => '127.0.0.1',
  'connection' => 'keep-alive',
  'upgrade-insecure-requests' => '1',
  'user-agent' => 'Mozilla/5.0 (Windows NT 6.1; Win64; x64) AppleWebKit/537.36 (KHTML, like Gecko) Chrome/57.0.2987.110 Safari/537.36',
  'accept' => 'text/html,application/xhtml+xml,application/xml;q=0.9,image/webp,*/*;q=0.8',
  'referer' => 'http://127.0.0.1/zzz/public/admin/index/index.html',
  'accept-encoding' => 'gzip, deflate, sdch, br',
  'accept-language' => 'zh-CN,zh;q=0.8',
  'cookie' => 'thinkphp_show_page_trace=0|0; PHPSESSID=75d78nf3g7ihr29336qfao8kg4',
)
[ info ] [ PARAM ] array (
)
[ info ] [ SESSION ] INIT array (
  'id' => '',
  'var_session_id' => '',
  'prefix' => 'think',
  'type' => '',
  'auto_start' => true,
  'expire' => 1800,
)
[ info ] [ DB ] INIT mysql
[ info ] [ RUN ] app\admin\controller\Admin->index[ D:\phpstudy\WWW\zzz\application\admin\controller\Admin.php ]
[ info ] [ VIEW ] D:\phpstudy\WWW\zzz\public/../application/admin\view\admin\index.html [ array (
  0 => 'info',
  1 => 'num1',
  2 => 'num2',
  3 => 'keywords',
  4 => 'list',
  5 => 'pages',
  6 => 'a',
) ]
[ info ] [ LOG ] INIT File
[ sql ] [ DB ] CONNECT:[ UseTime:0.011000s ] mysql:dbname=new;host=127.0.0.1;port=3306;charset=utf8
[ sql ] [ SQL ] SHOW COLUMNS FROM `new_admin` [ RunTime:0.016001s ]
[ sql ] [ SQL ] SELECT * FROM `new_admin` WHERE  `id` = 1 LIMIT 1 [ RunTime:0.001000s ]
[ sql ] [ SQL ] SHOW COLUMNS FROM `new_order` [ RunTime:0.014001s ]
[ sql ] [ SQL ] SELECT COUNT(*) AS tp_count FROM `new_order` LIMIT 1 [ RunTime:0.001000s ]
[ sql ] [ SQL ] SHOW COLUMNS FROM `new_mail_admin` [ RunTime:0.012001s ]
[ sql ] [ SQL ] SELECT COUNT(*) AS tp_count FROM `new_mail_admin` WHERE  `receiveid` = 1  AND `status` = 1 LIMIT 1 [ RunTime:0.001000s ]
[ sql ] [ SQL ] SELECT COUNT(*) AS tp_count FROM `new_admin` LIMIT 1 [ RunTime:0.001000s ]
[ sql ] [ SQL ] SELECT * FROM `new_admin` LIMIT 0,1 [ RunTime:0.001001s ]

---------------------------------------------------------------
[ 2017-08-31T10:29:28+08:00 ] 127.0.0.1 127.0.0.1 GET /zzz/public/static/admin/images/avatar/%7Bval.avatar%7D
[ log ] 127.0.0.1/zzz/public/static/admin/images/avatar/%7Bval.avatar%7D [运行时间：0.044002s][吞吐率：22.73req/s] [内存消耗：1,473.81kb] [文件加载：45]
[ info ] [ LANG ] D:\phpstudy\WWW\zzz\thinkphp\lang\zh-cn.php
[ info ] [ ROUTE ] array (
  'type' => 'module',
  'module' => 
  array (
    0 => 'static',
    1 => 'admin',
    2 => 'images',
  ),
)
[ info ] [ HEADER ] array (
  'host' => '127.0.0.1',
  'connection' => 'keep-alive',
  'user-agent' => 'Mozilla/5.0 (Windows NT 6.1; Win64; x64) AppleWebKit/537.36 (KHTML, like Gecko) Chrome/57.0.2987.110 Safari/537.36',
  'accept' => 'image/webp,image/*,*/*;q=0.8',
  'referer' => 'http://127.0.0.1/zzz/public/admin/admin/index.html',
  'accept-encoding' => 'gzip, deflate, sdch, br',
  'accept-language' => 'zh-CN,zh;q=0.8',
  'cookie' => 'thinkphp_show_page_trace=0|0; PHPSESSID=75d78nf3g7ihr29336qfao8kg4',
)
[ info ] [ PARAM ] array (
  'avatar' => '{val.avatar}',
)
[ info ] [ LOG ] INIT File

---------------------------------------------------------------
[ 2017-08-31T10:29:28+08:00 ] 127.0.0.1 127.0.0.1 GET /zzz/public/static/admin/images/avatar/%7Bval.avatar%7D
[ log ] 127.0.0.1/zzz/public/static/admin/images/avatar/%7Bval.avatar%7D [运行时间：0.047002s][吞吐率：21.28req/s] [内存消耗：1,473.81kb] [文件加载：45]
[ info ] [ LANG ] D:\phpstudy\WWW\zzz\thinkphp\lang\zh-cn.php
[ info ] [ ROUTE ] array (
  'type' => 'module',
  'module' => 
  array (
    0 => 'static',
    1 => 'admin',
    2 => 'images',
  ),
)
[ info ] [ HEADER ] array (
  'host' => '127.0.0.1',
  'connection' => 'keep-alive',
  'user-agent' => 'Mozilla/5.0 (Windows NT 6.1; Win64; x64) AppleWebKit/537.36 (KHTML, like Gecko) Chrome/57.0.2987.110 Safari/537.36',
  'accept' => 'image/webp,image/*,*/*;q=0.8',
  'referer' => 'http://127.0.0.1/zzz/public/admin/admin/index.html',
  'accept-encoding' => 'gzip, deflate, sdch, br',
  'accept-language' => 'zh-CN,zh;q=0.8',
  'cookie' => 'thinkphp_show_page_trace=0|0; PHPSESSID=75d78nf3g7ihr29336qfao8kg4',
)
[ info ] [ PARAM ] array (
  'avatar' => '{val.avatar}',
)
[ info ] [ LOG ] INIT File

---------------------------------------------------------------
[ 2017-08-31T10:32:13+08:00 ] 127.0.0.1 127.0.0.1 GET /zzz/public/admin/admin/index.html
[ log ] 127.0.0.1/zzz/public/admin/admin/index.html [运行时间：0.189011s][吞吐率：5.29req/s] [内存消耗：3,129.58kb] [文件加载：66]
[ info ] [ LANG ] D:\phpstudy\WWW\zzz\thinkphp\lang\zh-cn.php
[ info ] [ ROUTE ] array (
  'type' => 'module',
  'module' => 
  array (
    0 => 'admin',
    1 => 'admin',
    2 => 'index',
  ),
)
[ info ] [ HEADER ] array (
  'host' => '127.0.0.1',
  'connection' => 'keep-alive',
  'upgrade-insecure-requests' => '1',
  'user-agent' => 'Mozilla/5.0 (Windows NT 6.1; Win64; x64) AppleWebKit/537.36 (KHTML, like Gecko) Chrome/57.0.2987.110 Safari/537.36',
  'accept' => 'text/html,application/xhtml+xml,application/xml;q=0.9,image/webp,*/*;q=0.8',
  'referer' => 'http://127.0.0.1/zzz/public/admin/admin/index.html',
  'accept-encoding' => 'gzip, deflate, sdch, br',
  'accept-language' => 'zh-CN,zh;q=0.8',
  'cookie' => 'thinkphp_show_page_trace=0|0; thinkphp_show_page_trace=0|0; PHPSESSID=75d78nf3g7ihr29336qfao8kg4',
)
[ info ] [ PARAM ] array (
)
[ info ] [ SESSION ] INIT array (
  'id' => '',
  'var_session_id' => '',
  'prefix' => 'think',
  'type' => '',
  'auto_start' => true,
  'expire' => 1800,
)
[ info ] [ DB ] INIT mysql
[ info ] [ RUN ] app\admin\controller\Admin->index[ D:\phpstudy\WWW\zzz\application\admin\controller\Admin.php ]
[ info ] [ VIEW ] D:\phpstudy\WWW\zzz\public/../application/admin\view\admin\index.html [ array (
  0 => 'info',
  1 => 'num1',
  2 => 'num2',
  3 => 'keywords',
  4 => 'list',
  5 => 'pages',
  6 => 'a',
) ]
[ info ] [ LOG ] INIT File
[ sql ] [ DB ] CONNECT:[ UseTime:0.011001s ] mysql:dbname=new;host=127.0.0.1;port=3306;charset=utf8
[ sql ] [ SQL ] SHOW COLUMNS FROM `new_admin` [ RunTime:0.011000s ]
[ sql ] [ SQL ] SELECT * FROM `new_admin` WHERE  `id` = 1 LIMIT 1 [ RunTime:0.000000s ]
[ sql ] [ SQL ] SHOW COLUMNS FROM `new_order` [ RunTime:0.011000s ]
[ sql ] [ SQL ] SELECT COUNT(*) AS tp_count FROM `new_order` LIMIT 1 [ RunTime:0.001000s ]
[ sql ] [ SQL ] SHOW COLUMNS FROM `new_mail_admin` [ RunTime:0.011000s ]
[ sql ] [ SQL ] SELECT COUNT(*) AS tp_count FROM `new_mail_admin` WHERE  `receiveid` = 1  AND `status` = 1 LIMIT 1 [ RunTime:0.001000s ]
[ sql ] [ SQL ] SELECT COUNT(*) AS tp_count FROM `new_admin` LIMIT 1 [ RunTime:0.001000s ]
[ sql ] [ SQL ] SELECT * FROM `new_admin` LIMIT 0,1 [ RunTime:0.000000s ]

---------------------------------------------------------------
[ 2017-08-31T10:32:13+08:00 ] 127.0.0.1 127.0.0.1 GET /zzz/public/static/admin/images/avatar/%7Bval.avatar%7D
[ log ] 127.0.0.1/zzz/public/static/admin/images/avatar/%7Bval.avatar%7D [运行时间：0.046002s][吞吐率：21.74req/s] [内存消耗：1,473.81kb] [文件加载：45]
[ info ] [ LANG ] D:\phpstudy\WWW\zzz\thinkphp\lang\zh-cn.php
[ info ] [ ROUTE ] array (
  'type' => 'module',
  'module' => 
  array (
    0 => 'static',
    1 => 'admin',
    2 => 'images',
  ),
)
[ info ] [ HEADER ] array (
  'host' => '127.0.0.1',
  'connection' => 'keep-alive',
  'user-agent' => 'Mozilla/5.0 (Windows NT 6.1; Win64; x64) AppleWebKit/537.36 (KHTML, like Gecko) Chrome/57.0.2987.110 Safari/537.36',
  'accept' => 'image/webp,image/*,*/*;q=0.8',
  'referer' => 'http://127.0.0.1/zzz/public/admin/admin/index.html',
  'accept-encoding' => 'gzip, deflate, sdch, br',
  'accept-language' => 'zh-CN,zh;q=0.8',
  'cookie' => 'thinkphp_show_page_trace=0|0; PHPSESSID=75d78nf3g7ihr29336qfao8kg4',
)
[ info ] [ PARAM ] array (
  'avatar' => '{val.avatar}',
)
[ info ] [ LOG ] INIT File

---------------------------------------------------------------
[ 2017-08-31T10:32:13+08:00 ] 127.0.0.1 127.0.0.1 GET /zzz/public/static/admin/images/avatar/%7Bval.avatar%7D
[ log ] 127.0.0.1/zzz/public/static/admin/images/avatar/%7Bval.avatar%7D [运行时间：0.041002s][吞吐率：24.39req/s] [内存消耗：1,473.81kb] [文件加载：45]
[ info ] [ LANG ] D:\phpstudy\WWW\zzz\thinkphp\lang\zh-cn.php
[ info ] [ ROUTE ] array (
  'type' => 'module',
  'module' => 
  array (
    0 => 'static',
    1 => 'admin',
    2 => 'images',
  ),
)
[ info ] [ HEADER ] array (
  'host' => '127.0.0.1',
  'connection' => 'keep-alive',
  'user-agent' => 'Mozilla/5.0 (Windows NT 6.1; Win64; x64) AppleWebKit/537.36 (KHTML, like Gecko) Chrome/57.0.2987.110 Safari/537.36',
  'accept' => 'image/webp,image/*,*/*;q=0.8',
  'referer' => 'http://127.0.0.1/zzz/public/admin/admin/index.html',
  'accept-encoding' => 'gzip, deflate, sdch, br',
  'accept-language' => 'zh-CN,zh;q=0.8',
  'cookie' => 'thinkphp_show_page_trace=0|0; PHPSESSID=75d78nf3g7ihr29336qfao8kg4',
)
[ info ] [ PARAM ] array (
  'avatar' => '{val.avatar}',
)
[ info ] [ LOG ] INIT File

---------------------------------------------------------------
[ 2017-08-31T10:32:16+08:00 ] 127.0.0.1 127.0.0.1 GET /zzz/public/admin/admin/index.html
[ log ] 127.0.0.1/zzz/public/admin/admin/index.html [运行时间：0.135008s][吞吐率：7.41req/s] [内存消耗：2,956.27kb] [文件加载：64]
[ info ] [ LANG ] D:\phpstudy\WWW\zzz\thinkphp\lang\zh-cn.php
[ info ] [ ROUTE ] array (
  'type' => 'module',
  'module' => 
  array (
    0 => 'admin',
    1 => 'admin',
    2 => 'index',
  ),
)
[ info ] [ HEADER ] array (
  'host' => '127.0.0.1',
  'connection' => 'keep-alive',
  'upgrade-insecure-requests' => '1',
  'user-agent' => 'Mozilla/5.0 (Windows NT 6.1; Win64; x64) AppleWebKit/537.36 (KHTML, like Gecko) Chrome/57.0.2987.110 Safari/537.36',
  'accept' => 'text/html,application/xhtml+xml,application/xml;q=0.9,image/webp,*/*;q=0.8',
  'referer' => 'http://127.0.0.1/zzz/public/admin/admin/index.html',
  'accept-encoding' => 'gzip, deflate, sdch, br',
  'accept-language' => 'zh-CN,zh;q=0.8',
  'cookie' => 'thinkphp_show_page_trace=0|0; thinkphp_show_page_trace=0|0; PHPSESSID=75d78nf3g7ihr29336qfao8kg4',
)
[ info ] [ PARAM ] array (
)
[ info ] [ SESSION ] INIT array (
  'id' => '',
  'var_session_id' => '',
  'prefix' => 'think',
  'type' => '',
  'auto_start' => true,
  'expire' => 1800,
)
[ info ] [ DB ] INIT mysql
[ info ] [ RUN ] app\admin\controller\Admin->index[ D:\phpstudy\WWW\zzz\application\admin\controller\Admin.php ]
[ info ] [ VIEW ] D:\phpstudy\WWW\zzz\public/../application/admin\view\admin\index.html [ array (
  0 => 'info',
  1 => 'num1',
  2 => 'num2',
  3 => 'keywords',
  4 => 'list',
  5 => 'pages',
  6 => 'a',
) ]
[ info ] [ LOG ] INIT File
[ sql ] [ DB ] CONNECT:[ UseTime:0.001000s ] mysql:dbname=new;host=127.0.0.1;port=3306;charset=utf8
[ sql ] [ SQL ] SHOW COLUMNS FROM `new_admin` [ RunTime:0.011001s ]
[ sql ] [ SQL ] SELECT * FROM `new_admin` WHERE  `id` = 1 LIMIT 1 [ RunTime:0.000000s ]
[ sql ] [ SQL ] SHOW COLUMNS FROM `new_order` [ RunTime:0.013001s ]
[ sql ] [ SQL ] SELECT COUNT(*) AS tp_count FROM `new_order` LIMIT 1 [ RunTime:0.000000s ]
[ sql ] [ SQL ] SHOW COLUMNS FROM `new_mail_admin` [ RunTime:0.012000s ]
[ sql ] [ SQL ] SELECT COUNT(*) AS tp_count FROM `new_mail_admin` WHERE  `receiveid` = 1  AND `status` = 1 LIMIT 1 [ RunTime:0.001001s ]
[ sql ] [ SQL ] SELECT COUNT(*) AS tp_count FROM `new_admin` LIMIT 1 [ RunTime:0.001000s ]
[ sql ] [ SQL ] SELECT * FROM `new_admin` LIMIT 0,1 [ RunTime:0.001000s ]

---------------------------------------------------------------
[ 2017-08-31T10:34:15+08:00 ] 127.0.0.1 127.0.0.1 GET /zzz/public/admin/admin/index.html
[ log ] 127.0.0.1/zzz/public/admin/admin/index.html [运行时间：0.138008s][吞吐率：7.25req/s] [内存消耗：3,129.83kb] [文件加载：66]
[ info ] [ LANG ] D:\phpstudy\WWW\zzz\thinkphp\lang\zh-cn.php
[ info ] [ ROUTE ] array (
  'type' => 'module',
  'module' => 
  array (
    0 => 'admin',
    1 => 'admin',
    2 => 'index',
  ),
)
[ info ] [ HEADER ] array (
  'host' => '127.0.0.1',
  'connection' => 'keep-alive',
  'cache-control' => 'max-age=0',
  'upgrade-insecure-requests' => '1',
  'user-agent' => 'Mozilla/5.0 (Windows NT 6.1; Win64; x64) AppleWebKit/537.36 (KHTML, like Gecko) Chrome/57.0.2987.110 Safari/537.36',
  'accept' => 'text/html,application/xhtml+xml,application/xml;q=0.9,image/webp,*/*;q=0.8',
  'referer' => 'http://127.0.0.1/zzz/public/admin/admin/index.html',
  'accept-encoding' => 'gzip, deflate, sdch, br',
  'accept-language' => 'zh-CN,zh;q=0.8',
  'cookie' => 'thinkphp_show_page_trace=0|0; thinkphp_show_page_trace=0|0; PHPSESSID=75d78nf3g7ihr29336qfao8kg4',
)
[ info ] [ PARAM ] array (
)
[ info ] [ SESSION ] INIT array (
  'id' => '',
  'var_session_id' => '',
  'prefix' => 'think',
  'type' => '',
  'auto_start' => true,
  'expire' => 1800,
)
[ info ] [ DB ] INIT mysql
[ info ] [ RUN ] app\admin\controller\Admin->index[ D:\phpstudy\WWW\zzz\application\admin\controller\Admin.php ]
[ info ] [ VIEW ] D:\phpstudy\WWW\zzz\public/../application/admin\view\admin\index.html [ array (
  0 => 'info',
  1 => 'num1',
  2 => 'num2',
  3 => 'keywords',
  4 => 'list',
  5 => 'pages',
  6 => 'a',
) ]
[ info ] [ LOG ] INIT File
[ sql ] [ DB ] CONNECT:[ UseTime:0.001000s ] mysql:dbname=new;host=127.0.0.1;port=3306;charset=utf8
[ sql ] [ SQL ] SHOW COLUMNS FROM `new_admin` [ RunTime:0.010000s ]
[ sql ] [ SQL ] SELECT * FROM `new_admin` WHERE  `id` = 1 LIMIT 1 [ RunTime:0.001000s ]
[ sql ] [ SQL ] SHOW COLUMNS FROM `new_order` [ RunTime:0.011001s ]
[ sql ] [ SQL ] SELECT COUNT(*) AS tp_count FROM `new_order` LIMIT 1 [ RunTime:0.000000s ]
[ sql ] [ SQL ] SHOW COLUMNS FROM `new_mail_admin` [ RunTime:0.020001s ]
[ sql ] [ SQL ] SELECT COUNT(*) AS tp_count FROM `new_mail_admin` WHERE  `receiveid` = 1  AND `status` = 1 LIMIT 1 [ RunTime:0.000000s ]
[ sql ] [ SQL ] SELECT COUNT(*) AS tp_count FROM `new_admin` LIMIT 1 [ RunTime:0.001000s ]
[ sql ] [ SQL ] SELECT * FROM `new_admin` LIMIT 0,1 [ RunTime:0.001000s ]

---------------------------------------------------------------
[ 2017-08-31T10:35:03+08:00 ] 127.0.0.1 127.0.0.1 GET /zzz/public/admin/admin/index.html
[ log ] 127.0.0.1/zzz/public/admin/admin/index.html [运行时间：0.140008s][吞吐率：7.14req/s] [内存消耗：3,129.91kb] [文件加载：66]
[ info ] [ LANG ] D:\phpstudy\WWW\zzz\thinkphp\lang\zh-cn.php
[ info ] [ ROUTE ] array (
  'type' => 'module',
  'module' => 
  array (
    0 => 'admin',
    1 => 'admin',
    2 => 'index',
  ),
)
[ info ] [ HEADER ] array (
  'host' => '127.0.0.1',
  'connection' => 'keep-alive',
  'cache-control' => 'max-age=0',
  'upgrade-insecure-requests' => '1',
  'user-agent' => 'Mozilla/5.0 (Windows NT 6.1; Win64; x64) AppleWebKit/537.36 (KHTML, like Gecko) Chrome/57.0.2987.110 Safari/537.36',
  'accept' => 'text/html,application/xhtml+xml,application/xml;q=0.9,image/webp,*/*;q=0.8',
  'referer' => 'http://127.0.0.1/zzz/public/admin/admin/index.html',
  'accept-encoding' => 'gzip, deflate, sdch, br',
  'accept-language' => 'zh-CN,zh;q=0.8',
  'cookie' => 'thinkphp_show_page_trace=0|0; thinkphp_show_page_trace=0|0; PHPSESSID=75d78nf3g7ihr29336qfao8kg4',
)
[ info ] [ PARAM ] array (
)
[ info ] [ SESSION ] INIT array (
  'id' => '',
  'var_session_id' => '',
  'prefix' => 'think',
  'type' => '',
  'auto_start' => true,
  'expire' => 1800,
)
[ info ] [ DB ] INIT mysql
[ info ] [ RUN ] app\admin\controller\Admin->index[ D:\phpstudy\WWW\zzz\application\admin\controller\Admin.php ]
[ info ] [ VIEW ] D:\phpstudy\WWW\zzz\public/../application/admin\view\admin\index.html [ array (
  0 => 'info',
  1 => 'num1',
  2 => 'num2',
  3 => 'keywords',
  4 => 'list',
  5 => 'pages',
  6 => 'a',
) ]
[ info ] [ LOG ] INIT File
[ sql ] [ DB ] CONNECT:[ UseTime:0.010001s ] mysql:dbname=new;host=127.0.0.1;port=3306;charset=utf8
[ sql ] [ SQL ] SHOW COLUMNS FROM `new_admin` [ RunTime:0.011001s ]
[ sql ] [ SQL ] SELECT * FROM `new_admin` WHERE  `id` = 1 LIMIT 1 [ RunTime:0.001000s ]
[ sql ] [ SQL ] SHOW COLUMNS FROM `new_order` [ RunTime:0.011000s ]
[ sql ] [ SQL ] SELECT COUNT(*) AS tp_count FROM `new_order` LIMIT 1 [ RunTime:0.001000s ]
[ sql ] [ SQL ] SHOW COLUMNS FROM `new_mail_admin` [ RunTime:0.011001s ]
[ sql ] [ SQL ] SELECT COUNT(*) AS tp_count FROM `new_mail_admin` WHERE  `receiveid` = 1  AND `status` = 1 LIMIT 1 [ RunTime:0.001000s ]
[ sql ] [ SQL ] SELECT COUNT(*) AS tp_count FROM `new_admin` LIMIT 1 [ RunTime:0.000000s ]
[ sql ] [ SQL ] SELECT * FROM `new_admin` LIMIT 0,1 [ RunTime:0.000000s ]

---------------------------------------------------------------
[ 2017-08-31T10:35:06+08:00 ] 127.0.0.1 127.0.0.1 GET /zzz/public/admin/admin/index.html
[ log ] 127.0.0.1/zzz/public/admin/admin/index.html [运行时间：0.141008s][吞吐率：7.09req/s] [内存消耗：2,956.55kb] [文件加载：64]
[ info ] [ LANG ] D:\phpstudy\WWW\zzz\thinkphp\lang\zh-cn.php
[ info ] [ ROUTE ] array (
  'type' => 'module',
  'module' => 
  array (
    0 => 'admin',
    1 => 'admin',
    2 => 'index',
  ),
)
[ info ] [ HEADER ] array (
  'host' => '127.0.0.1',
  'connection' => 'keep-alive',
  'cache-control' => 'max-age=0',
  'upgrade-insecure-requests' => '1',
  'user-agent' => 'Mozilla/5.0 (Windows NT 6.1; Win64; x64) AppleWebKit/537.36 (KHTML, like Gecko) Chrome/57.0.2987.110 Safari/537.36',
  'accept' => 'text/html,application/xhtml+xml,application/xml;q=0.9,image/webp,*/*;q=0.8',
  'referer' => 'http://127.0.0.1/zzz/public/admin/admin/index.html',
  'accept-encoding' => 'gzip, deflate, sdch, br',
  'accept-language' => 'zh-CN,zh;q=0.8',
  'cookie' => 'thinkphp_show_page_trace=0|0; thinkphp_show_page_trace=0|0; PHPSESSID=75d78nf3g7ihr29336qfao8kg4',
)
[ info ] [ PARAM ] array (
)
[ info ] [ SESSION ] INIT array (
  'id' => '',
  'var_session_id' => '',
  'prefix' => 'think',
  'type' => '',
  'auto_start' => true,
  'expire' => 1800,
)
[ info ] [ DB ] INIT mysql
[ info ] [ RUN ] app\admin\controller\Admin->index[ D:\phpstudy\WWW\zzz\application\admin\controller\Admin.php ]
[ info ] [ VIEW ] D:\phpstudy\WWW\zzz\public/../application/admin\view\admin\index.html [ array (
  0 => 'info',
  1 => 'num1',
  2 => 'num2',
  3 => 'keywords',
  4 => 'list',
  5 => 'pages',
  6 => 'a',
) ]
[ info ] [ LOG ] INIT File
[ sql ] [ DB ] CONNECT:[ UseTime:0.011001s ] mysql:dbname=new;host=127.0.0.1;port=3306;charset=utf8
[ sql ] [ SQL ] SHOW COLUMNS FROM `new_admin` [ RunTime:0.013001s ]
[ sql ] [ SQL ] SELECT * FROM `new_admin` WHERE  `id` = 1 LIMIT 1 [ RunTime:0.001000s ]
[ sql ] [ SQL ] SHOW COLUMNS FROM `new_order` [ RunTime:0.012001s ]
[ sql ] [ SQL ] SELECT COUNT(*) AS tp_count FROM `new_order` LIMIT 1 [ RunTime:0.001000s ]
[ sql ] [ SQL ] SHOW COLUMNS FROM `new_mail_admin` [ RunTime:0.011000s ]
[ sql ] [ SQL ] SELECT COUNT(*) AS tp_count FROM `new_mail_admin` WHERE  `receiveid` = 1  AND `status` = 1 LIMIT 1 [ RunTime:0.001000s ]
[ sql ] [ SQL ] SELECT COUNT(*) AS tp_count FROM `new_admin` LIMIT 1 [ RunTime:0.000000s ]
[ sql ] [ SQL ] SELECT * FROM `new_admin` LIMIT 0,1 [ RunTime:0.000000s ]

---------------------------------------------------------------
[ 2017-08-31T10:35:06+08:00 ] 127.0.0.1 127.0.0.1 GET /zzz/public/admin/admin/index.html
[ log ] 127.0.0.1/zzz/public/admin/admin/index.html [运行时间：0.143008s][吞吐率：6.99req/s] [内存消耗：2,956.55kb] [文件加载：64]
[ info ] [ LANG ] D:\phpstudy\WWW\zzz\thinkphp\lang\zh-cn.php
[ info ] [ ROUTE ] array (
  'type' => 'module',
  'module' => 
  array (
    0 => 'admin',
    1 => 'admin',
    2 => 'index',
  ),
)
[ info ] [ HEADER ] array (
  'host' => '127.0.0.1',
  'connection' => 'keep-alive',
  'cache-control' => 'max-age=0',
  'upgrade-insecure-requests' => '1',
  'user-agent' => 'Mozilla/5.0 (Windows NT 6.1; Win64; x64) AppleWebKit/537.36 (KHTML, like Gecko) Chrome/57.0.2987.110 Safari/537.36',
  'accept' => 'text/html,application/xhtml+xml,application/xml;q=0.9,image/webp,*/*;q=0.8',
  'referer' => 'http://127.0.0.1/zzz/public/admin/admin/index.html',
  'accept-encoding' => 'gzip, deflate, sdch, br',
  'accept-language' => 'zh-CN,zh;q=0.8',
  'cookie' => 'thinkphp_show_page_trace=0|0; thinkphp_show_page_trace=0|0; PHPSESSID=75d78nf3g7ihr29336qfao8kg4',
)
[ info ] [ PARAM ] array (
)
[ info ] [ SESSION ] INIT array (
  'id' => '',
  'var_session_id' => '',
  'prefix' => 'think',
  'type' => '',
  'auto_start' => true,
  'expire' => 1800,
)
[ info ] [ DB ] INIT mysql
[ info ] [ RUN ] app\admin\controller\Admin->index[ D:\phpstudy\WWW\zzz\application\admin\controller\Admin.php ]
[ info ] [ VIEW ] D:\phpstudy\WWW\zzz\public/../application/admin\view\admin\index.html [ array (
  0 => 'info',
  1 => 'num1',
  2 => 'num2',
  3 => 'keywords',
  4 => 'list',
  5 => 'pages',
  6 => 'a',
) ]
[ info ] [ LOG ] INIT File
[ sql ] [ DB ] CONNECT:[ UseTime:0.010000s ] mysql:dbname=new;host=127.0.0.1;port=3306;charset=utf8
[ sql ] [ SQL ] SHOW COLUMNS FROM `new_admin` [ RunTime:0.014001s ]
[ sql ] [ SQL ] SELECT * FROM `new_admin` WHERE  `id` = 1 LIMIT 1 [ RunTime:0.000000s ]
[ sql ] [ SQL ] SHOW COLUMNS FROM `new_order` [ RunTime:0.011001s ]
[ sql ] [ SQL ] SELECT COUNT(*) AS tp_count FROM `new_order` LIMIT 1 [ RunTime:0.001000s ]
[ sql ] [ SQL ] SHOW COLUMNS FROM `new_mail_admin` [ RunTime:0.012001s ]
[ sql ] [ SQL ] SELECT COUNT(*) AS tp_count FROM `new_mail_admin` WHERE  `receiveid` = 1  AND `status` = 1 LIMIT 1 [ RunTime:0.001000s ]
[ sql ] [ SQL ] SELECT COUNT(*) AS tp_count FROM `new_admin` LIMIT 1 [ RunTime:0.001000s ]
[ sql ] [ SQL ] SELECT * FROM `new_admin` LIMIT 0,1 [ RunTime:0.001000s ]

---------------------------------------------------------------
[ 2017-08-31T10:38:38+08:00 ] 127.0.0.1 127.0.0.1 GET /zzz/public/admin/admin/index.html
[ log ] 127.0.0.1/zzz/public/admin/admin/index.html [运行时间：0.145008s][吞吐率：6.90req/s] [内存消耗：3,129.87kb] [文件加载：66]
[ info ] [ LANG ] D:\phpstudy\WWW\zzz\thinkphp\lang\zh-cn.php
[ info ] [ ROUTE ] array (
  'type' => 'module',
  'module' => 
  array (
    0 => 'admin',
    1 => 'admin',
    2 => 'index',
  ),
)
[ info ] [ HEADER ] array (
  'host' => '127.0.0.1',
  'connection' => 'keep-alive',
  'cache-control' => 'max-age=0',
  'upgrade-insecure-requests' => '1',
  'user-agent' => 'Mozilla/5.0 (Windows NT 6.1; Win64; x64) AppleWebKit/537.36 (KHTML, like Gecko) Chrome/57.0.2987.110 Safari/537.36',
  'accept' => 'text/html,application/xhtml+xml,application/xml;q=0.9,image/webp,*/*;q=0.8',
  'referer' => 'http://127.0.0.1/zzz/public/admin/admin/index.html',
  'accept-encoding' => 'gzip, deflate, sdch, br',
  'accept-language' => 'zh-CN,zh;q=0.8',
  'cookie' => 'thinkphp_show_page_trace=0|0; thinkphp_show_page_trace=0|0; PHPSESSID=75d78nf3g7ihr29336qfao8kg4',
)
[ info ] [ PARAM ] array (
)
[ info ] [ SESSION ] INIT array (
  'id' => '',
  'var_session_id' => '',
  'prefix' => 'think',
  'type' => '',
  'auto_start' => true,
  'expire' => 1800,
)
[ info ] [ DB ] INIT mysql
[ info ] [ RUN ] app\admin\controller\Admin->index[ D:\phpstudy\WWW\zzz\application\admin\controller\Admin.php ]
[ info ] [ VIEW ] D:\phpstudy\WWW\zzz\public/../application/admin\view\admin\index.html [ array (
  0 => 'info',
  1 => 'num1',
  2 => 'num2',
  3 => 'keywords',
  4 => 'list',
  5 => 'pages',
  6 => 'a',
) ]
[ info ] [ LOG ] INIT File
[ sql ] [ DB ] CONNECT:[ UseTime:0.011001s ] mysql:dbname=new;host=127.0.0.1;port=3306;charset=utf8
[ sql ] [ SQL ] SHOW COLUMNS FROM `new_admin` [ RunTime:0.012001s ]
[ sql ] [ SQL ] SELECT * FROM `new_admin` WHERE  `id` = 1 LIMIT 1 [ RunTime:0.001000s ]
[ sql ] [ SQL ] SHOW COLUMNS FROM `new_order` [ RunTime:0.011001s ]
[ sql ] [ SQL ] SELECT COUNT(*) AS tp_count FROM `new_order` LIMIT 1 [ RunTime:0.001000s ]
[ sql ] [ SQL ] SHOW COLUMNS FROM `new_mail_admin` [ RunTime:0.011000s ]
[ sql ] [ SQL ] SELECT COUNT(*) AS tp_count FROM `new_mail_admin` WHERE  `receiveid` = 1  AND `status` = 1 LIMIT 1 [ RunTime:0.001000s ]
[ sql ] [ SQL ] SELECT COUNT(*) AS tp_count FROM `new_admin` LIMIT 1 [ RunTime:0.001000s ]
[ sql ] [ SQL ] SELECT * FROM `new_admin` LIMIT 0,1 [ RunTime:0.001000s ]

---------------------------------------------------------------
[ 2017-08-31T10:38:56+08:00 ] 127.0.0.1 127.0.0.1 GET /zzz/public/admin/admin/index.html
[ log ] 127.0.0.1/zzz/public/admin/admin/index.html [运行时间：0.143008s][吞吐率：6.99req/s] [内存消耗：3,129.88kb] [文件加载：66]
[ info ] [ LANG ] D:\phpstudy\WWW\zzz\thinkphp\lang\zh-cn.php
[ info ] [ ROUTE ] array (
  'type' => 'module',
  'module' => 
  array (
    0 => 'admin',
    1 => 'admin',
    2 => 'index',
  ),
)
[ info ] [ HEADER ] array (
  'host' => '127.0.0.1',
  'connection' => 'keep-alive',
  'cache-control' => 'max-age=0',
  'upgrade-insecure-requests' => '1',
  'user-agent' => 'Mozilla/5.0 (Windows NT 6.1; Win64; x64) AppleWebKit/537.36 (KHTML, like Gecko) Chrome/57.0.2987.110 Safari/537.36',
  'accept' => 'text/html,application/xhtml+xml,application/xml;q=0.9,image/webp,*/*;q=0.8',
  'referer' => 'http://127.0.0.1/zzz/public/admin/admin/index.html',
  'accept-encoding' => 'gzip, deflate, sdch, br',
  'accept-language' => 'zh-CN,zh;q=0.8',
  'cookie' => 'thinkphp_show_page_trace=0|0; thinkphp_show_page_trace=0|0; PHPSESSID=75d78nf3g7ihr29336qfao8kg4',
)
[ info ] [ PARAM ] array (
)
[ info ] [ SESSION ] INIT array (
  'id' => '',
  'var_session_id' => '',
  'prefix' => 'think',
  'type' => '',
  'auto_start' => true,
  'expire' => 1800,
)
[ info ] [ DB ] INIT mysql
[ info ] [ RUN ] app\admin\controller\Admin->index[ D:\phpstudy\WWW\zzz\application\admin\controller\Admin.php ]
[ info ] [ VIEW ] D:\phpstudy\WWW\zzz\public/../application/admin\view\admin\index.html [ array (
  0 => 'info',
  1 => 'num1',
  2 => 'num2',
  3 => 'keywords',
  4 => 'list',
  5 => 'pages',
  6 => 'a',
) ]
[ info ] [ LOG ] INIT File
[ sql ] [ DB ] CONNECT:[ UseTime:0.014001s ] mysql:dbname=new;host=127.0.0.1;port=3306;charset=utf8
[ sql ] [ SQL ] SHOW COLUMNS FROM `new_admin` [ RunTime:0.011001s ]
[ sql ] [ SQL ] SELECT * FROM `new_admin` WHERE  `id` = 1 LIMIT 1 [ RunTime:0.002000s ]
[ sql ] [ SQL ] SHOW COLUMNS FROM `new_order` [ RunTime:0.010001s ]
[ sql ] [ SQL ] SELECT COUNT(*) AS tp_count FROM `new_order` LIMIT 1 [ RunTime:0.001000s ]
[ sql ] [ SQL ] SHOW COLUMNS FROM `new_mail_admin` [ RunTime:0.010000s ]
[ sql ] [ SQL ] SELECT COUNT(*) AS tp_count FROM `new_mail_admin` WHERE  `receiveid` = 1  AND `status` = 1 LIMIT 1 [ RunTime:0.001000s ]
[ sql ] [ SQL ] SELECT COUNT(*) AS tp_count FROM `new_admin` LIMIT 1 [ RunTime:0.002000s ]
[ sql ] [ SQL ] SELECT * FROM `new_admin` LIMIT 0,1 [ RunTime:0.001000s ]

---------------------------------------------------------------
[ 2017-08-31T10:38:59+08:00 ] 127.0.0.1 127.0.0.1 GET /zzz/public/admin/admin/index.html
[ log ] 127.0.0.1/zzz/public/admin/admin/index.html [运行时间：0.135008s][吞吐率：7.41req/s] [内存消耗：2,956.56kb] [文件加载：64]
[ info ] [ LANG ] D:\phpstudy\WWW\zzz\thinkphp\lang\zh-cn.php
[ info ] [ ROUTE ] array (
  'type' => 'module',
  'module' => 
  array (
    0 => 'admin',
    1 => 'admin',
    2 => 'index',
  ),
)
[ info ] [ HEADER ] array (
  'host' => '127.0.0.1',
  'connection' => 'keep-alive',
  'cache-control' => 'max-age=0',
  'upgrade-insecure-requests' => '1',
  'user-agent' => 'Mozilla/5.0 (Windows NT 6.1; Win64; x64) AppleWebKit/537.36 (KHTML, like Gecko) Chrome/57.0.2987.110 Safari/537.36',
  'accept' => 'text/html,application/xhtml+xml,application/xml;q=0.9,image/webp,*/*;q=0.8',
  'referer' => 'http://127.0.0.1/zzz/public/admin/admin/index.html',
  'accept-encoding' => 'gzip, deflate, sdch, br',
  'accept-language' => 'zh-CN,zh;q=0.8',
  'cookie' => 'thinkphp_show_page_trace=0|0; thinkphp_show_page_trace=0|0; PHPSESSID=75d78nf3g7ihr29336qfao8kg4',
)
[ info ] [ PARAM ] array (
)
[ info ] [ SESSION ] INIT array (
  'id' => '',
  'var_session_id' => '',
  'prefix' => 'think',
  'type' => '',
  'auto_start' => true,
  'expire' => 1800,
)
[ info ] [ DB ] INIT mysql
[ info ] [ RUN ] app\admin\controller\Admin->index[ D:\phpstudy\WWW\zzz\application\admin\controller\Admin.php ]
[ info ] [ VIEW ] D:\phpstudy\WWW\zzz\public/../application/admin\view\admin\index.html [ array (
  0 => 'info',
  1 => 'num1',
  2 => 'num2',
  3 => 'keywords',
  4 => 'list',
  5 => 'pages',
  6 => 'a',
) ]
[ info ] [ LOG ] INIT File
[ sql ] [ DB ] CONNECT:[ UseTime:0.002001s ] mysql:dbname=new;host=127.0.0.1;port=3306;charset=utf8
[ sql ] [ SQL ] SHOW COLUMNS FROM `new_admin` [ RunTime:0.011000s ]
[ sql ] [ SQL ] SELECT * FROM `new_admin` WHERE  `id` = 1 LIMIT 1 [ RunTime:0.001000s ]
[ sql ] [ SQL ] SHOW COLUMNS FROM `new_order` [ RunTime:0.012001s ]
[ sql ] [ SQL ] SELECT COUNT(*) AS tp_count FROM `new_order` LIMIT 1 [ RunTime:0.001000s ]
[ sql ] [ SQL ] SHOW COLUMNS FROM `new_mail_admin` [ RunTime:0.011001s ]
[ sql ] [ SQL ] SELECT COUNT(*) AS tp_count FROM `new_mail_admin` WHERE  `receiveid` = 1  AND `status` = 1 LIMIT 1 [ RunTime:0.001000s ]
[ sql ] [ SQL ] SELECT COUNT(*) AS tp_count FROM `new_admin` LIMIT 1 [ RunTime:0.002000s ]
[ sql ] [ SQL ] SELECT * FROM `new_admin` LIMIT 0,1 [ RunTime:0.002000s ]

---------------------------------------------------------------
[ 2017-08-31T10:38:59+08:00 ] 127.0.0.1 127.0.0.1 GET /zzz/public/admin/admin/index.html
[ log ] 127.0.0.1/zzz/public/admin/admin/index.html [运行时间：0.131007s][吞吐率：7.63req/s] [内存消耗：2,956.56kb] [文件加载：64]
[ info ] [ LANG ] D:\phpstudy\WWW\zzz\thinkphp\lang\zh-cn.php
[ info ] [ ROUTE ] array (
  'type' => 'module',
  'module' => 
  array (
    0 => 'admin',
    1 => 'admin',
    2 => 'index',
  ),
)
[ info ] [ HEADER ] array (
  'host' => '127.0.0.1',
  'connection' => 'keep-alive',
  'cache-control' => 'max-age=0',
  'upgrade-insecure-requests' => '1',
  'user-agent' => 'Mozilla/5.0 (Windows NT 6.1; Win64; x64) AppleWebKit/537.36 (KHTML, like Gecko) Chrome/57.0.2987.110 Safari/537.36',
  'accept' => 'text/html,application/xhtml+xml,application/xml;q=0.9,image/webp,*/*;q=0.8',
  'referer' => 'http://127.0.0.1/zzz/public/admin/admin/index.html',
  'accept-encoding' => 'gzip, deflate, sdch, br',
  'accept-language' => 'zh-CN,zh;q=0.8',
  'cookie' => 'thinkphp_show_page_trace=0|0; thinkphp_show_page_trace=0|0; PHPSESSID=75d78nf3g7ihr29336qfao8kg4',
)
[ info ] [ PARAM ] array (
)
[ info ] [ SESSION ] INIT array (
  'id' => '',
  'var_session_id' => '',
  'prefix' => 'think',
  'type' => '',
  'auto_start' => true,
  'expire' => 1800,
)
[ info ] [ DB ] INIT mysql
[ info ] [ RUN ] app\admin\controller\Admin->index[ D:\phpstudy\WWW\zzz\application\admin\controller\Admin.php ]
[ info ] [ VIEW ] D:\phpstudy\WWW\zzz\public/../application/admin\view\admin\index.html [ array (
  0 => 'info',
  1 => 'num1',
  2 => 'num2',
  3 => 'keywords',
  4 => 'list',
  5 => 'pages',
  6 => 'a',
) ]
[ info ] [ LOG ] INIT File
[ sql ] [ DB ] CONNECT:[ UseTime:0.010001s ] mysql:dbname=new;host=127.0.0.1;port=3306;charset=utf8
[ sql ] [ SQL ] SHOW COLUMNS FROM `new_admin` [ RunTime:0.012000s ]
[ sql ] [ SQL ] SELECT * FROM `new_admin` WHERE  `id` = 1 LIMIT 1 [ RunTime:0.002001s ]
[ sql ] [ SQL ] SHOW COLUMNS FROM `new_order` [ RunTime:0.011000s ]
[ sql ] [ SQL ] SELECT COUNT(*) AS tp_count FROM `new_order` LIMIT 1 [ RunTime:0.001000s ]
[ sql ] [ SQL ] SHOW COLUMNS FROM `new_mail_admin` [ RunTime:0.011001s ]
[ sql ] [ SQL ] SELECT COUNT(*) AS tp_count FROM `new_mail_admin` WHERE  `receiveid` = 1  AND `status` = 1 LIMIT 1 [ RunTime:0.001000s ]
[ sql ] [ SQL ] SELECT COUNT(*) AS tp_count FROM `new_admin` LIMIT 1 [ RunTime:0.001000s ]
[ sql ] [ SQL ] SELECT * FROM `new_admin` LIMIT 0,1 [ RunTime:0.000000s ]

---------------------------------------------------------------
[ 2017-08-31T10:39:00+08:00 ] 127.0.0.1 127.0.0.1 GET /zzz/public/admin/admin/index.html
[ log ] 127.0.0.1/zzz/public/admin/admin/index.html [运行时间：0.150009s][吞吐率：6.67req/s] [内存消耗：2,956.56kb] [文件加载：64]
[ info ] [ LANG ] D:\phpstudy\WWW\zzz\thinkphp\lang\zh-cn.php
[ info ] [ ROUTE ] array (
  'type' => 'module',
  'module' => 
  array (
    0 => 'admin',
    1 => 'admin',
    2 => 'index',
  ),
)
[ info ] [ HEADER ] array (
  'host' => '127.0.0.1',
  'connection' => 'keep-alive',
  'cache-control' => 'max-age=0',
  'upgrade-insecure-requests' => '1',
  'user-agent' => 'Mozilla/5.0 (Windows NT 6.1; Win64; x64) AppleWebKit/537.36 (KHTML, like Gecko) Chrome/57.0.2987.110 Safari/537.36',
  'accept' => 'text/html,application/xhtml+xml,application/xml;q=0.9,image/webp,*/*;q=0.8',
  'referer' => 'http://127.0.0.1/zzz/public/admin/admin/index.html',
  'accept-encoding' => 'gzip, deflate, sdch, br',
  'accept-language' => 'zh-CN,zh;q=0.8',
  'cookie' => 'thinkphp_show_page_trace=0|0; thinkphp_show_page_trace=0|0; PHPSESSID=75d78nf3g7ihr29336qfao8kg4',
)
[ info ] [ PARAM ] array (
)
[ info ] [ SESSION ] INIT array (
  'id' => '',
  'var_session_id' => '',
  'prefix' => 'think',
  'type' => '',
  'auto_start' => true,
  'expire' => 1800,
)
[ info ] [ DB ] INIT mysql
[ info ] [ RUN ] app\admin\controller\Admin->index[ D:\phpstudy\WWW\zzz\application\admin\controller\Admin.php ]
[ info ] [ VIEW ] D:\phpstudy\WWW\zzz\public/../application/admin\view\admin\index.html [ array (
  0 => 'info',
  1 => 'num1',
  2 => 'num2',
  3 => 'keywords',
  4 => 'list',
  5 => 'pages',
  6 => 'a',
) ]
[ info ] [ LOG ] INIT File
[ sql ] [ DB ] CONNECT:[ UseTime:0.007000s ] mysql:dbname=new;host=127.0.0.1;port=3306;charset=utf8
[ sql ] [ SQL ] SHOW COLUMNS FROM `new_admin` [ RunTime:0.014001s ]
[ sql ] [ SQL ] SELECT * FROM `new_admin` WHERE  `id` = 1 LIMIT 1 [ RunTime:0.001000s ]
[ sql ] [ SQL ] SHOW COLUMNS FROM `new_order` [ RunTime:0.018001s ]
[ sql ] [ SQL ] SELECT COUNT(*) AS tp_count FROM `new_order` LIMIT 1 [ RunTime:0.000000s ]
[ sql ] [ SQL ] SHOW COLUMNS FROM `new_mail_admin` [ RunTime:0.017000s ]
[ sql ] [ SQL ] SELECT COUNT(*) AS tp_count FROM `new_mail_admin` WHERE  `receiveid` = 1  AND `status` = 1 LIMIT 1 [ RunTime:0.001001s ]
[ sql ] [ SQL ] SELECT COUNT(*) AS tp_count FROM `new_admin` LIMIT 1 [ RunTime:0.000000s ]
[ sql ] [ SQL ] SELECT * FROM `new_admin` LIMIT 0,1 [ RunTime:0.001000s ]

---------------------------------------------------------------
[ 2017-08-31T10:39:09+08:00 ] 127.0.0.1 127.0.0.1 GET /zzz/public/admin/admin/index.html
[ log ] 127.0.0.1/zzz/public/admin/admin/index.html [运行时间：0.147008s][吞吐率：6.80req/s] [内存消耗：3,129.30kb] [文件加载：66]
[ info ] [ LANG ] D:\phpstudy\WWW\zzz\thinkphp\lang\zh-cn.php
[ info ] [ ROUTE ] array (
  'type' => 'module',
  'module' => 
  array (
    0 => 'admin',
    1 => 'admin',
    2 => 'index',
  ),
)
[ info ] [ HEADER ] array (
  'host' => '127.0.0.1',
  'connection' => 'keep-alive',
  'cache-control' => 'max-age=0',
  'upgrade-insecure-requests' => '1',
  'user-agent' => 'Mozilla/5.0 (Windows NT 6.1; Win64; x64) AppleWebKit/537.36 (KHTML, like Gecko) Chrome/57.0.2987.110 Safari/537.36',
  'accept' => 'text/html,application/xhtml+xml,application/xml;q=0.9,image/webp,*/*;q=0.8',
  'referer' => 'http://127.0.0.1/zzz/public/admin/admin/index.html',
  'accept-encoding' => 'gzip, deflate, sdch, br',
  'accept-language' => 'zh-CN,zh;q=0.8',
  'cookie' => 'thinkphp_show_page_trace=0|0; thinkphp_show_page_trace=0|0; PHPSESSID=75d78nf3g7ihr29336qfao8kg4',
)
[ info ] [ PARAM ] array (
)
[ info ] [ SESSION ] INIT array (
  'id' => '',
  'var_session_id' => '',
  'prefix' => 'think',
  'type' => '',
  'auto_start' => true,
  'expire' => 1800,
)
[ info ] [ DB ] INIT mysql
[ info ] [ RUN ] app\admin\controller\Admin->index[ D:\phpstudy\WWW\zzz\application\admin\controller\Admin.php ]
[ info ] [ VIEW ] D:\phpstudy\WWW\zzz\public/../application/admin\view\admin\index.html [ array (
  0 => 'info',
  1 => 'num1',
  2 => 'num2',
  3 => 'keywords',
  4 => 'list',
  5 => 'pages',
  6 => 'a',
) ]
[ info ] [ LOG ] INIT File
[ sql ] [ DB ] CONNECT:[ UseTime:0.010000s ] mysql:dbname=new;host=127.0.0.1;port=3306;charset=utf8
[ sql ] [ SQL ] SHOW COLUMNS FROM `new_admin` [ RunTime:0.011001s ]
[ sql ] [ SQL ] SELECT * FROM `new_admin` WHERE  `id` = 1 LIMIT 1 [ RunTime:0.001000s ]
[ sql ] [ SQL ] SHOW COLUMNS FROM `new_order` [ RunTime:0.011001s ]
[ sql ] [ SQL ] SELECT COUNT(*) AS tp_count FROM `new_order` LIMIT 1 [ RunTime:0.001000s ]
[ sql ] [ SQL ] SHOW COLUMNS FROM `new_mail_admin` [ RunTime:0.010000s ]
[ sql ] [ SQL ] SELECT COUNT(*) AS tp_count FROM `new_mail_admin` WHERE  `receiveid` = 1  AND `status` = 1 LIMIT 1 [ RunTime:0.001000s ]
[ sql ] [ SQL ] SELECT COUNT(*) AS tp_count FROM `new_admin` LIMIT 1 [ RunTime:0.001000s ]
[ sql ] [ SQL ] SELECT * FROM `new_admin` LIMIT 0,1 [ RunTime:0.001000s ]

---------------------------------------------------------------
[ 2017-08-31T10:39:16+08:00 ] 127.0.0.1 127.0.0.1 GET /zzz/public/admin/admin/index.html
[ log ] 127.0.0.1/zzz/public/admin/admin/index.html [运行时间：0.128007s][吞吐率：7.81req/s] [内存消耗：2,956.56kb] [文件加载：64]
[ info ] [ LANG ] D:\phpstudy\WWW\zzz\thinkphp\lang\zh-cn.php
[ info ] [ ROUTE ] array (
  'type' => 'module',
  'module' => 
  array (
    0 => 'admin',
    1 => 'admin',
    2 => 'index',
  ),
)
[ info ] [ HEADER ] array (
  'host' => '127.0.0.1',
  'connection' => 'keep-alive',
  'cache-control' => 'max-age=0',
  'upgrade-insecure-requests' => '1',
  'user-agent' => 'Mozilla/5.0 (Windows NT 6.1; Win64; x64) AppleWebKit/537.36 (KHTML, like Gecko) Chrome/57.0.2987.110 Safari/537.36',
  'accept' => 'text/html,application/xhtml+xml,application/xml;q=0.9,image/webp,*/*;q=0.8',
  'referer' => 'http://127.0.0.1/zzz/public/admin/admin/index.html',
  'accept-encoding' => 'gzip, deflate, sdch, br',
  'accept-language' => 'zh-CN,zh;q=0.8',
  'cookie' => 'thinkphp_show_page_trace=0|0; thinkphp_show_page_trace=0|0; PHPSESSID=75d78nf3g7ihr29336qfao8kg4',
)
[ info ] [ PARAM ] array (
)
[ info ] [ SESSION ] INIT array (
  'id' => '',
  'var_session_id' => '',
  'prefix' => 'think',
  'type' => '',
  'auto_start' => true,
  'expire' => 1800,
)
[ info ] [ DB ] INIT mysql
[ info ] [ RUN ] app\admin\controller\Admin->index[ D:\phpstudy\WWW\zzz\application\admin\controller\Admin.php ]
[ info ] [ VIEW ] D:\phpstudy\WWW\zzz\public/../application/admin\view\admin\index.html [ array (
  0 => 'info',
  1 => 'num1',
  2 => 'num2',
  3 => 'keywords',
  4 => 'list',
  5 => 'pages',
  6 => 'a',
) ]
[ info ] [ LOG ] INIT File
[ sql ] [ DB ] CONNECT:[ UseTime:0.001000s ] mysql:dbname=new;host=127.0.0.1;port=3306;charset=utf8
[ sql ] [ SQL ] SHOW COLUMNS FROM `new_admin` [ RunTime:0.012001s ]
[ sql ] [ SQL ] SELECT * FROM `new_admin` WHERE  `id` = 1 LIMIT 1 [ RunTime:0.002000s ]
[ sql ] [ SQL ] SHOW COLUMNS FROM `new_order` [ RunTime:0.011001s ]
[ sql ] [ SQL ] SELECT COUNT(*) AS tp_count FROM `new_order` LIMIT 1 [ RunTime:0.001000s ]
[ sql ] [ SQL ] SHOW COLUMNS FROM `new_mail_admin` [ RunTime:0.011001s ]
[ sql ] [ SQL ] SELECT COUNT(*) AS tp_count FROM `new_mail_admin` WHERE  `receiveid` = 1  AND `status` = 1 LIMIT 1 [ RunTime:0.001000s ]
[ sql ] [ SQL ] SELECT COUNT(*) AS tp_count FROM `new_admin` LIMIT 1 [ RunTime:0.001000s ]
[ sql ] [ SQL ] SELECT * FROM `new_admin` LIMIT 0,1 [ RunTime:0.001000s ]

---------------------------------------------------------------
[ 2017-08-31T10:39:16+08:00 ] 127.0.0.1 127.0.0.1 GET /zzz/public/static/admin/images/avatar/%7Bval.avatar%7D
[ log ] 127.0.0.1/zzz/public/static/admin/images/avatar/%7Bval.avatar%7D [运行时间：0.040002s][吞吐率：25.00req/s] [内存消耗：1,473.81kb] [文件加载：45]
[ info ] [ LANG ] D:\phpstudy\WWW\zzz\thinkphp\lang\zh-cn.php
[ info ] [ ROUTE ] array (
  'type' => 'module',
  'module' => 
  array (
    0 => 'static',
    1 => 'admin',
    2 => 'images',
  ),
)
[ info ] [ HEADER ] array (
  'host' => '127.0.0.1',
  'connection' => 'keep-alive',
  'user-agent' => 'Mozilla/5.0 (Windows NT 6.1; Win64; x64) AppleWebKit/537.36 (KHTML, like Gecko) Chrome/57.0.2987.110 Safari/537.36',
  'accept' => 'image/webp,image/*,*/*;q=0.8',
  'referer' => 'http://127.0.0.1/zzz/public/admin/admin/index.html',
  'accept-encoding' => 'gzip, deflate, sdch, br',
  'accept-language' => 'zh-CN,zh;q=0.8',
  'cookie' => 'thinkphp_show_page_trace=0|0; PHPSESSID=75d78nf3g7ihr29336qfao8kg4',
)
[ info ] [ PARAM ] array (
  'avatar' => '{val.avatar}',
)
[ info ] [ LOG ] INIT File

---------------------------------------------------------------
[ 2017-08-31T10:39:16+08:00 ] 127.0.0.1 127.0.0.1 GET /zzz/public/static/admin/images/avatar/%7Bval.avatar%7D
[ log ] 127.0.0.1/zzz/public/static/admin/images/avatar/%7Bval.avatar%7D [运行时间：0.047002s][吞吐率：21.28req/s] [内存消耗：1,473.81kb] [文件加载：45]
[ info ] [ LANG ] D:\phpstudy\WWW\zzz\thinkphp\lang\zh-cn.php
[ info ] [ ROUTE ] array (
  'type' => 'module',
  'module' => 
  array (
    0 => 'static',
    1 => 'admin',
    2 => 'images',
  ),
)
[ info ] [ HEADER ] array (
  'host' => '127.0.0.1',
  'connection' => 'keep-alive',
  'user-agent' => 'Mozilla/5.0 (Windows NT 6.1; Win64; x64) AppleWebKit/537.36 (KHTML, like Gecko) Chrome/57.0.2987.110 Safari/537.36',
  'accept' => 'image/webp,image/*,*/*;q=0.8',
  'referer' => 'http://127.0.0.1/zzz/public/admin/admin/index.html',
  'accept-encoding' => 'gzip, deflate, sdch, br',
  'accept-language' => 'zh-CN,zh;q=0.8',
  'cookie' => 'thinkphp_show_page_trace=0|0; PHPSESSID=75d78nf3g7ihr29336qfao8kg4',
)
[ info ] [ PARAM ] array (
  'avatar' => '{val.avatar}',
)
[ info ] [ LOG ] INIT File

---------------------------------------------------------------
[ 2017-08-31T10:39:20+08:00 ] 127.0.0.1 127.0.0.1 GET /zzz/public/admin/admin/index.html
[ log ] 127.0.0.1/zzz/public/admin/admin/index.html [运行时间：0.127008s][吞吐率：7.87req/s] [内存消耗：2,956.27kb] [文件加载：64]
[ info ] [ LANG ] D:\phpstudy\WWW\zzz\thinkphp\lang\zh-cn.php
[ info ] [ ROUTE ] array (
  'type' => 'module',
  'module' => 
  array (
    0 => 'admin',
    1 => 'admin',
    2 => 'index',
  ),
)
[ info ] [ HEADER ] array (
  'host' => '127.0.0.1',
  'connection' => 'keep-alive',
  'upgrade-insecure-requests' => '1',
  'user-agent' => 'Mozilla/5.0 (Windows NT 6.1; Win64; x64) AppleWebKit/537.36 (KHTML, like Gecko) Chrome/57.0.2987.110 Safari/537.36',
  'accept' => 'text/html,application/xhtml+xml,application/xml;q=0.9,image/webp,*/*;q=0.8',
  'referer' => 'http://127.0.0.1/zzz/public/admin/admin/index.html',
  'accept-encoding' => 'gzip, deflate, sdch, br',
  'accept-language' => 'zh-CN,zh;q=0.8',
  'cookie' => 'thinkphp_show_page_trace=0|0; thinkphp_show_page_trace=0|0; PHPSESSID=75d78nf3g7ihr29336qfao8kg4',
)
[ info ] [ PARAM ] array (
)
[ info ] [ SESSION ] INIT array (
  'id' => '',
  'var_session_id' => '',
  'prefix' => 'think',
  'type' => '',
  'auto_start' => true,
  'expire' => 1800,
)
[ info ] [ DB ] INIT mysql
[ info ] [ RUN ] app\admin\controller\Admin->index[ D:\phpstudy\WWW\zzz\application\admin\controller\Admin.php ]
[ info ] [ VIEW ] D:\phpstudy\WWW\zzz\public/../application/admin\view\admin\index.html [ array (
  0 => 'info',
  1 => 'num1',
  2 => 'num2',
  3 => 'keywords',
  4 => 'list',
  5 => 'pages',
  6 => 'a',
) ]
[ info ] [ LOG ] INIT File
[ sql ] [ DB ] CONNECT:[ UseTime:0.002000s ] mysql:dbname=new;host=127.0.0.1;port=3306;charset=utf8
[ sql ] [ SQL ] SHOW COLUMNS FROM `new_admin` [ RunTime:0.011001s ]
[ sql ] [ SQL ] SELECT * FROM `new_admin` WHERE  `id` = 1 LIMIT 1 [ RunTime:0.001000s ]
[ sql ] [ SQL ] SHOW COLUMNS FROM `new_order` [ RunTime:0.013000s ]
[ sql ] [ SQL ] SELECT COUNT(*) AS tp_count FROM `new_order` LIMIT 1 [ RunTime:0.001001s ]
[ sql ] [ SQL ] SHOW COLUMNS FROM `new_mail_admin` [ RunTime:0.014000s ]
[ sql ] [ SQL ] SELECT COUNT(*) AS tp_count FROM `new_mail_admin` WHERE  `receiveid` = 1  AND `status` = 1 LIMIT 1 [ RunTime:0.000000s ]
[ sql ] [ SQL ] SELECT COUNT(*) AS tp_count FROM `new_admin` LIMIT 1 [ RunTime:0.001000s ]
[ sql ] [ SQL ] SELECT * FROM `new_admin` LIMIT 0,1 [ RunTime:0.001000s ]

---------------------------------------------------------------
[ 2017-08-31T10:40:39+08:00 ] 127.0.0.1 127.0.0.1 GET /zzz/public/admin/admin/index.html
[ log ] 127.0.0.1/zzz/public/admin/admin/index.html [运行时间：0.146009s][吞吐率：6.85req/s] [内存消耗：3,129.80kb] [文件加载：66]
[ info ] [ LANG ] D:\phpstudy\WWW\zzz\thinkphp\lang\zh-cn.php
[ info ] [ ROUTE ] array (
  'type' => 'module',
  'module' => 
  array (
    0 => 'admin',
    1 => 'admin',
    2 => 'index',
  ),
)
[ info ] [ HEADER ] array (
  'host' => '127.0.0.1',
  'connection' => 'keep-alive',
  'cache-control' => 'max-age=0',
  'upgrade-insecure-requests' => '1',
  'user-agent' => 'Mozilla/5.0 (Windows NT 6.1; Win64; x64) AppleWebKit/537.36 (KHTML, like Gecko) Chrome/57.0.2987.110 Safari/537.36',
  'accept' => 'text/html,application/xhtml+xml,application/xml;q=0.9,image/webp,*/*;q=0.8',
  'referer' => 'http://127.0.0.1/zzz/public/admin/admin/index.html',
  'accept-encoding' => 'gzip, deflate, sdch, br',
  'accept-language' => 'zh-CN,zh;q=0.8',
  'cookie' => 'thinkphp_show_page_trace=0|0; thinkphp_show_page_trace=0|0; PHPSESSID=75d78nf3g7ihr29336qfao8kg4',
)
[ info ] [ PARAM ] array (
)
[ info ] [ SESSION ] INIT array (
  'id' => '',
  'var_session_id' => '',
  'prefix' => 'think',
  'type' => '',
  'auto_start' => true,
  'expire' => 1800,
)
[ info ] [ DB ] INIT mysql
[ info ] [ RUN ] app\admin\controller\Admin->index[ D:\phpstudy\WWW\zzz\application\admin\controller\Admin.php ]
[ info ] [ VIEW ] D:\phpstudy\WWW\zzz\public/../application/admin\view\admin\index.html [ array (
  0 => 'info',
  1 => 'num1',
  2 => 'num2',
  3 => 'keywords',
  4 => 'list',
  5 => 'pages',
  6 => 'a',
) ]
[ info ] [ LOG ] INIT File
[ sql ] [ DB ] CONNECT:[ UseTime:0.010001s ] mysql:dbname=new;host=127.0.0.1;port=3306;charset=utf8
[ sql ] [ SQL ] SHOW COLUMNS FROM `new_admin` [ RunTime:0.012000s ]
[ sql ] [ SQL ] SELECT * FROM `new_admin` WHERE  `id` = 1 LIMIT 1 [ RunTime:0.001000s ]
[ sql ] [ SQL ] SHOW COLUMNS FROM `new_order` [ RunTime:0.014001s ]
[ sql ] [ SQL ] SELECT COUNT(*) AS tp_count FROM `new_order` LIMIT 1 [ RunTime:0.001000s ]
[ sql ] [ SQL ] SHOW COLUMNS FROM `new_mail_admin` [ RunTime:0.011001s ]
[ sql ] [ SQL ] SELECT COUNT(*) AS tp_count FROM `new_mail_admin` WHERE  `receiveid` = 1  AND `status` = 1 LIMIT 1 [ RunTime:0.000000s ]
[ sql ] [ SQL ] SELECT COUNT(*) AS tp_count FROM `new_admin` LIMIT 1 [ RunTime:0.001000s ]
[ sql ] [ SQL ] SELECT * FROM `new_admin` LIMIT 0,1 [ RunTime:0.001000s ]

---------------------------------------------------------------
[ 2017-08-31T10:40:39+08:00 ] 127.0.0.1 127.0.0.1 GET /zzz/public/static/admin/images/avatar/%7Bval.avatar%7D
[ log ] 127.0.0.1/zzz/public/static/admin/images/avatar/%7Bval.avatar%7D [运行时间：0.052003s][吞吐率：19.23req/s] [内存消耗：1,473.81kb] [文件加载：45]
[ info ] [ LANG ] D:\phpstudy\WWW\zzz\thinkphp\lang\zh-cn.php
[ info ] [ ROUTE ] array (
  'type' => 'module',
  'module' => 
  array (
    0 => 'static',
    1 => 'admin',
    2 => 'images',
  ),
)
[ info ] [ HEADER ] array (
  'host' => '127.0.0.1',
  'connection' => 'keep-alive',
  'user-agent' => 'Mozilla/5.0 (Windows NT 6.1; Win64; x64) AppleWebKit/537.36 (KHTML, like Gecko) Chrome/57.0.2987.110 Safari/537.36',
  'accept' => 'image/webp,image/*,*/*;q=0.8',
  'referer' => 'http://127.0.0.1/zzz/public/admin/admin/index.html',
  'accept-encoding' => 'gzip, deflate, sdch, br',
  'accept-language' => 'zh-CN,zh;q=0.8',
  'cookie' => 'thinkphp_show_page_trace=0|0; PHPSESSID=75d78nf3g7ihr29336qfao8kg4',
)
[ info ] [ PARAM ] array (
  'avatar' => '{val.avatar}',
)
[ info ] [ LOG ] INIT File

---------------------------------------------------------------
[ 2017-08-31T10:40:39+08:00 ] 127.0.0.1 127.0.0.1 GET /zzz/public/static/admin/images/avatar/%7Bval.avatar%7D
[ log ] 127.0.0.1/zzz/public/static/admin/images/avatar/%7Bval.avatar%7D [运行时间：0.063004s][吞吐率：15.87req/s] [内存消耗：1,473.81kb] [文件加载：45]
[ info ] [ LANG ] D:\phpstudy\WWW\zzz\thinkphp\lang\zh-cn.php
[ info ] [ ROUTE ] array (
  'type' => 'module',
  'module' => 
  array (
    0 => 'static',
    1 => 'admin',
    2 => 'images',
  ),
)
[ info ] [ HEADER ] array (
  'host' => '127.0.0.1',
  'connection' => 'keep-alive',
  'user-agent' => 'Mozilla/5.0 (Windows NT 6.1; Win64; x64) AppleWebKit/537.36 (KHTML, like Gecko) Chrome/57.0.2987.110 Safari/537.36',
  'accept' => 'image/webp,image/*,*/*;q=0.8',
  'referer' => 'http://127.0.0.1/zzz/public/admin/admin/index.html',
  'accept-encoding' => 'gzip, deflate, sdch, br',
  'accept-language' => 'zh-CN,zh;q=0.8',
  'cookie' => 'thinkphp_show_page_trace=0|0; PHPSESSID=75d78nf3g7ihr29336qfao8kg4',
)
[ info ] [ PARAM ] array (
  'avatar' => '{val.avatar}',
)
[ info ] [ LOG ] INIT File

---------------------------------------------------------------
[ 2017-08-31T10:40:44+08:00 ] 127.0.0.1 127.0.0.1 GET /zzz/public/admin/admin/index.html
[ log ] 127.0.0.1/zzz/public/admin/admin/index.html [运行时间：0.147009s][吞吐率：6.80req/s] [内存消耗：2,956.25kb] [文件加载：64]
[ info ] [ LANG ] D:\phpstudy\WWW\zzz\thinkphp\lang\zh-cn.php
[ info ] [ ROUTE ] array (
  'type' => 'module',
  'module' => 
  array (
    0 => 'admin',
    1 => 'admin',
    2 => 'index',
  ),
)
[ info ] [ HEADER ] array (
  'host' => '127.0.0.1',
  'connection' => 'keep-alive',
  'upgrade-insecure-requests' => '1',
  'user-agent' => 'Mozilla/5.0 (Windows NT 6.1; Win64; x64) AppleWebKit/537.36 (KHTML, like Gecko) Chrome/57.0.2987.110 Safari/537.36',
  'accept' => 'text/html,application/xhtml+xml,application/xml;q=0.9,image/webp,*/*;q=0.8',
  'referer' => 'http://127.0.0.1/zzz/public/admin/admin/index.html',
  'accept-encoding' => 'gzip, deflate, sdch, br',
  'accept-language' => 'zh-CN,zh;q=0.8',
  'cookie' => 'thinkphp_show_page_trace=0|0; thinkphp_show_page_trace=0|0; PHPSESSID=75d78nf3g7ihr29336qfao8kg4',
)
[ info ] [ PARAM ] array (
)
[ info ] [ SESSION ] INIT array (
  'id' => '',
  'var_session_id' => '',
  'prefix' => 'think',
  'type' => '',
  'auto_start' => true,
  'expire' => 1800,
)
[ info ] [ DB ] INIT mysql
[ info ] [ RUN ] app\admin\controller\Admin->index[ D:\phpstudy\WWW\zzz\application\admin\controller\Admin.php ]
[ info ] [ VIEW ] D:\phpstudy\WWW\zzz\public/../application/admin\view\admin\index.html [ array (
  0 => 'info',
  1 => 'num1',
  2 => 'num2',
  3 => 'keywords',
  4 => 'list',
  5 => 'pages',
  6 => 'a',
) ]
[ info ] [ LOG ] INIT File
[ sql ] [ DB ] CONNECT:[ UseTime:0.012001s ] mysql:dbname=new;host=127.0.0.1;port=3306;charset=utf8
[ sql ] [ SQL ] SHOW COLUMNS FROM `new_admin` [ RunTime:0.016001s ]
[ sql ] [ SQL ] SELECT * FROM `new_admin` WHERE  `id` = 1 LIMIT 1 [ RunTime:0.001000s ]
[ sql ] [ SQL ] SHOW COLUMNS FROM `new_order` [ RunTime:0.013000s ]
[ sql ] [ SQL ] SELECT COUNT(*) AS tp_count FROM `new_order` LIMIT 1 [ RunTime:0.001001s ]
[ sql ] [ SQL ] SHOW COLUMNS FROM `new_mail_admin` [ RunTime:0.015000s ]
[ sql ] [ SQL ] SELECT COUNT(*) AS tp_count FROM `new_mail_admin` WHERE  `receiveid` = 1  AND `status` = 1 LIMIT 1 [ RunTime:0.001001s ]
[ sql ] [ SQL ] SELECT COUNT(*) AS tp_count FROM `new_admin` LIMIT 1 [ RunTime:0.001000s ]
[ sql ] [ SQL ] SELECT * FROM `new_admin` LIMIT 0,1 [ RunTime:0.001000s ]

---------------------------------------------------------------
[ 2017-08-31T10:40:44+08:00 ] 127.0.0.1 127.0.0.1 GET /zzz/public/static/admin/images/avatar/%7Bval.avatar%7D
[ log ] 127.0.0.1/zzz/public/static/admin/images/avatar/%7Bval.avatar%7D [运行时间：0.042002s][吞吐率：23.81req/s] [内存消耗：1,473.81kb] [文件加载：45]
[ info ] [ LANG ] D:\phpstudy\WWW\zzz\thinkphp\lang\zh-cn.php
[ info ] [ ROUTE ] array (
  'type' => 'module',
  'module' => 
  array (
    0 => 'static',
    1 => 'admin',
    2 => 'images',
  ),
)
[ info ] [ HEADER ] array (
  'host' => '127.0.0.1',
  'connection' => 'keep-alive',
  'user-agent' => 'Mozilla/5.0 (Windows NT 6.1; Win64; x64) AppleWebKit/537.36 (KHTML, like Gecko) Chrome/57.0.2987.110 Safari/537.36',
  'accept' => 'image/webp,image/*,*/*;q=0.8',
  'referer' => 'http://127.0.0.1/zzz/public/admin/admin/index.html',
  'accept-encoding' => 'gzip, deflate, sdch, br',
  'accept-language' => 'zh-CN,zh;q=0.8',
  'cookie' => 'thinkphp_show_page_trace=0|0; PHPSESSID=75d78nf3g7ihr29336qfao8kg4',
)
[ info ] [ PARAM ] array (
  'avatar' => '{val.avatar}',
)
[ info ] [ LOG ] INIT File

---------------------------------------------------------------
[ 2017-08-31T10:40:57+08:00 ] 127.0.0.1 127.0.0.1 GET /zzz/public/admin/admin/index.html
[ log ] 127.0.0.1/zzz/public/admin/admin/index.html [运行时间：0.145008s][吞吐率：6.90req/s] [内存消耗：3,129.80kb] [文件加载：66]
[ info ] [ LANG ] D:\phpstudy\WWW\zzz\thinkphp\lang\zh-cn.php
[ info ] [ ROUTE ] array (
  'type' => 'module',
  'module' => 
  array (
    0 => 'admin',
    1 => 'admin',
    2 => 'index',
  ),
)
[ info ] [ HEADER ] array (
  'host' => '127.0.0.1',
  'connection' => 'keep-alive',
  'cache-control' => 'max-age=0',
  'upgrade-insecure-requests' => '1',
  'user-agent' => 'Mozilla/5.0 (Windows NT 6.1; Win64; x64) AppleWebKit/537.36 (KHTML, like Gecko) Chrome/57.0.2987.110 Safari/537.36',
  'accept' => 'text/html,application/xhtml+xml,application/xml;q=0.9,image/webp,*/*;q=0.8',
  'referer' => 'http://127.0.0.1/zzz/public/admin/admin/index.html',
  'accept-encoding' => 'gzip, deflate, sdch, br',
  'accept-language' => 'zh-CN,zh;q=0.8',
  'cookie' => 'thinkphp_show_page_trace=0|0; thinkphp_show_page_trace=0|0; PHPSESSID=75d78nf3g7ihr29336qfao8kg4',
)
[ info ] [ PARAM ] array (
)
[ info ] [ SESSION ] INIT array (
  'id' => '',
  'var_session_id' => '',
  'prefix' => 'think',
  'type' => '',
  'auto_start' => true,
  'expire' => 1800,
)
[ info ] [ DB ] INIT mysql
[ info ] [ RUN ] app\admin\controller\Admin->index[ D:\phpstudy\WWW\zzz\application\admin\controller\Admin.php ]
[ info ] [ VIEW ] D:\phpstudy\WWW\zzz\public/../application/admin\view\admin\index.html [ array (
  0 => 'info',
  1 => 'num1',
  2 => 'num2',
  3 => 'keywords',
  4 => 'list',
  5 => 'pages',
  6 => 'a',
) ]
[ info ] [ LOG ] INIT File
[ sql ] [ DB ] CONNECT:[ UseTime:0.001000s ] mysql:dbname=new;host=127.0.0.1;port=3306;charset=utf8
[ sql ] [ SQL ] SHOW COLUMNS FROM `new_admin` [ RunTime:0.015001s ]
[ sql ] [ SQL ] SELECT * FROM `new_admin` WHERE  `id` = 1 LIMIT 1 [ RunTime:0.000000s ]
[ sql ] [ SQL ] SHOW COLUMNS FROM `new_order` [ RunTime:0.013001s ]
[ sql ] [ SQL ] SELECT COUNT(*) AS tp_count FROM `new_order` LIMIT 1 [ RunTime:0.000000s ]
[ sql ] [ SQL ] SHOW COLUMNS FROM `new_mail_admin` [ RunTime:0.034002s ]
[ sql ] [ SQL ] SELECT COUNT(*) AS tp_count FROM `new_mail_admin` WHERE  `receiveid` = 1  AND `status` = 1 LIMIT 1 [ RunTime:0.000000s ]
[ sql ] [ SQL ] SELECT COUNT(*) AS tp_count FROM `new_admin` LIMIT 1 [ RunTime:0.001000s ]
[ sql ] [ SQL ] SELECT * FROM `new_admin` LIMIT 0,1 [ RunTime:0.000000s ]

---------------------------------------------------------------
[ 2017-08-31T10:40:57+08:00 ] 127.0.0.1 127.0.0.1 GET /zzz/public/static/admin/images/avatar/%7Bval.avatar%7D
[ log ] 127.0.0.1/zzz/public/static/admin/images/avatar/%7Bval.avatar%7D [运行时间：0.045003s][吞吐率：22.22req/s] [内存消耗：1,473.81kb] [文件加载：45]
[ info ] [ LANG ] D:\phpstudy\WWW\zzz\thinkphp\lang\zh-cn.php
[ info ] [ ROUTE ] array (
  'type' => 'module',
  'module' => 
  array (
    0 => 'static',
    1 => 'admin',
    2 => 'images',
  ),
)
[ info ] [ HEADER ] array (
  'host' => '127.0.0.1',
  'connection' => 'keep-alive',
  'user-agent' => 'Mozilla/5.0 (Windows NT 6.1; Win64; x64) AppleWebKit/537.36 (KHTML, like Gecko) Chrome/57.0.2987.110 Safari/537.36',
  'accept' => 'image/webp,image/*,*/*;q=0.8',
  'referer' => 'http://127.0.0.1/zzz/public/admin/admin/index.html',
  'accept-encoding' => 'gzip, deflate, sdch, br',
  'accept-language' => 'zh-CN,zh;q=0.8',
  'cookie' => 'thinkphp_show_page_trace=0|0; PHPSESSID=75d78nf3g7ihr29336qfao8kg4',
)
[ info ] [ PARAM ] array (
  'avatar' => '{val.avatar}',
)
[ info ] [ LOG ] INIT File

---------------------------------------------------------------
[ 2017-08-31T10:40:58+08:00 ] 127.0.0.1 127.0.0.1 GET /zzz/public/static/admin/images/avatar/%7Bval.avatar%7D
[ log ] 127.0.0.1/zzz/public/static/admin/images/avatar/%7Bval.avatar%7D [运行时间：0.039003s][吞吐率：25.64req/s] [内存消耗：1,473.81kb] [文件加载：45]
[ info ] [ LANG ] D:\phpstudy\WWW\zzz\thinkphp\lang\zh-cn.php
[ info ] [ ROUTE ] array (
  'type' => 'module',
  'module' => 
  array (
    0 => 'static',
    1 => 'admin',
    2 => 'images',
  ),
)
[ info ] [ HEADER ] array (
  'host' => '127.0.0.1',
  'connection' => 'keep-alive',
  'user-agent' => 'Mozilla/5.0 (Windows NT 6.1; Win64; x64) AppleWebKit/537.36 (KHTML, like Gecko) Chrome/57.0.2987.110 Safari/537.36',
  'accept' => 'image/webp,image/*,*/*;q=0.8',
  'referer' => 'http://127.0.0.1/zzz/public/admin/admin/index.html',
  'accept-encoding' => 'gzip, deflate, sdch, br',
  'accept-language' => 'zh-CN,zh;q=0.8',
  'cookie' => 'thinkphp_show_page_trace=0|0; PHPSESSID=75d78nf3g7ihr29336qfao8kg4',
)
[ info ] [ PARAM ] array (
  'avatar' => '{val.avatar}',
)
[ info ] [ LOG ] INIT File

---------------------------------------------------------------
