[ 2018-01-29T10:38:45+08:00 ] 127.0.0.1 127.0.0.1 GET /TP_5.0.5_new/public/
[ log ] 127.0.0.1/TP_5.0.5_new/public/ [运行时间：0.368021s][吞吐率：2.72req/s] [内存消耗：1,226.54kb] [文件加载：43]
[ info ] [ LANG ] F:\phpStudy\WWW\TP_5.0.5_new\thinkphp\lang\zh-cn.php
[ info ] [ ROUTE ] array (
  'type' => 'module',
  'module' => 
  array (
    0 => '',
    1 => NULL,
    2 => NULL,
  ),
)
[ info ] [ HEADER ] array (
  'cookie' => 'bdshare_firstime=1512963762370; _ga=GA1.1.1710640224.1515034265',
  'accept-language' => 'zh-CN,zh;q=0.8',
  'accept-encoding' => 'gzip, deflate, br',
  'referer' => 'http://127.0.0.1/TP_5.0.5_new/',
  'accept' => 'text/html,application/xhtml+xml,application/xml;q=0.9,image/webp,image/apng,*/*;q=0.8',
  'user-agent' => 'Mozilla/5.0 (Windows NT 6.1; Win64; x64) AppleWebKit/537.36 (KHTML, like Gecko) Chrome/60.0.3112.113 Safari/537.36',
  'upgrade-insecure-requests' => '1',
  'connection' => 'close',
  'host' => '127.0.0.1',
)
[ info ] [ PARAM ] array (
)
[ info ] [ RUN ] app\index\controller\Index->index[ F:\phpStudy\WWW\TP_5.0.5_new\application\index\controller\Index.php ]
[ info ] [ LOG ] INIT File

---------------------------------------------------------------
[ 2018-01-29T10:43:00+08:00 ] 127.0.0.1 127.0.0.1 GET /TP_5.0.5_new/public/index.php/admin/admin/index.html
[ log ] 127.0.0.1/TP_5.0.5_new/public/index.php/admin/admin/index.html [运行时间：0.126007s][吞吐率：7.94req/s] [内存消耗：1,452.58kb] [文件加载：50]
[ info ] [ LANG ] F:\phpStudy\WWW\TP_5.0.5_new\thinkphp\lang\zh-cn.php
[ info ] [ ROUTE ] array (
  'type' => 'module',
  'module' => 
  array (
    0 => 'admin',
    1 => 'admin',
    2 => 'index',
  ),
)
[ info ] [ HEADER ] array (
  'cookie' => 'thinkphp_show_page_trace=0|0; bdshare_firstime=1512963762370; _ga=GA1.1.1710640224.1515034265',
  'accept-language' => 'zh-CN,zh;q=0.8',
  'accept-encoding' => 'gzip, deflate, br',
  'accept' => 'text/html,application/xhtml+xml,application/xml;q=0.9,image/webp,image/apng,*/*;q=0.8',
  'user-agent' => 'Mozilla/5.0 (Windows NT 6.1; Win64; x64) AppleWebKit/537.36 (KHTML, like Gecko) Chrome/60.0.3112.113 Safari/537.36',
  'upgrade-insecure-requests' => '1',
  'connection' => 'close',
  'host' => '127.0.0.1',
)
[ info ] [ PARAM ] array (
)
[ info ] [ SESSION ] INIT array (
  'id' => '',
  'var_session_id' => '',
  'prefix' => 'think',
  'type' => '',
  'auto_start' => true,
  'expire' => 1800,
)
[ info ] [ LOG ] INIT File

---------------------------------------------------------------
[ 2018-01-29T10:43:00+08:00 ] 127.0.0.1 127.0.0.1 GET /TP_5.0.5_new/public/index.php/admin/login/index.html
[ log ] 127.0.0.1/TP_5.0.5_new/public/index.php/admin/login/index.html [运行时间：0.060004s][吞吐率：16.67req/s] [内存消耗：1,593.53kb] [文件加载：53]
[ info ] [ LANG ] F:\phpStudy\WWW\TP_5.0.5_new\thinkphp\lang\zh-cn.php
[ info ] [ ROUTE ] array (
  'type' => 'module',
  'module' => 
  array (
    0 => 'admin',
    1 => 'login',
    2 => 'index',
  ),
)
[ info ] [ HEADER ] array (
  'cookie' => 'thinkphp_show_page_trace=0|0; bdshare_firstime=1512963762370; _ga=GA1.1.1710640224.1515034265; PHPSESSID=71jl1tkb8o7ua0ltjnn1g1jpp0',
  'accept-language' => 'zh-CN,zh;q=0.8',
  'accept-encoding' => 'gzip, deflate, br',
  'accept' => 'text/html,application/xhtml+xml,application/xml;q=0.9,image/webp,image/apng,*/*;q=0.8',
  'user-agent' => 'Mozilla/5.0 (Windows NT 6.1; Win64; x64) AppleWebKit/537.36 (KHTML, like Gecko) Chrome/60.0.3112.113 Safari/537.36',
  'upgrade-insecure-requests' => '1',
  'connection' => 'close',
  'host' => '127.0.0.1',
)
[ info ] [ PARAM ] array (
)
[ info ] [ RUN ] app\admin\controller\Login->index[ F:\phpStudy\WWW\TP_5.0.5_new\application\admin\controller\Login.php ]
[ info ] [ VIEW ] F:\phpStudy\WWW\TP_5.0.5_new\public/../application/admin\view\login\index.html [ array (
) ]
[ info ] [ LOG ] INIT File

---------------------------------------------------------------
[ 2018-01-29T10:43:01+08:00 ] 127.0.0.1 127.0.0.1 GET /TP_5.0.5_new/public/index.php/captcha.html
[ log ] 127.0.0.1/TP_5.0.5_new/public/index.php/captcha.html [运行时间：0.113007s][吞吐率：8.85req/s] [内存消耗：1,218.60kb] [文件加载：41]
[ info ] [ LANG ] F:\phpStudy\WWW\TP_5.0.5_new\thinkphp\lang\zh-cn.php
[ info ] [ ROUTE ] array (
  'type' => 'method',
  'method' => 
  array (
    0 => '\\think\\captcha\\CaptchaController',
    1 => 'index',
  ),
  'var' => 
  array (
  ),
)
[ info ] [ HEADER ] array (
  'cookie' => 'thinkphp_show_page_trace=0|0; bdshare_firstime=1512963762370; _ga=GA1.1.1710640224.1515034265; PHPSESSID=71jl1tkb8o7ua0ltjnn1g1jpp0',
  'accept-language' => 'zh-CN,zh;q=0.8',
  'accept-encoding' => 'gzip, deflate, br',
  'referer' => 'http://127.0.0.1/TP_5.0.5_new/public/index.php/admin/login/index.html',
  'accept' => 'image/webp,image/apng,image/*,*/*;q=0.8',
  'user-agent' => 'Mozilla/5.0 (Windows NT 6.1; Win64; x64) AppleWebKit/537.36 (KHTML, like Gecko) Chrome/60.0.3112.113 Safari/537.36',
  'connection' => 'close',
  'host' => '127.0.0.1',
)
[ info ] [ PARAM ] array (
  'id' => NULL,
)
[ info ] [ RUN ] think\captcha\CaptchaController->index[ F:\phpStudy\WWW\TP_5.0.5_new\vendor\topthink\think-captcha\src\CaptchaController.php ]
[ info ] [ SESSION ] INIT array (
  'id' => '',
  'var_session_id' => '',
  'prefix' => 'think',
  'type' => '',
  'auto_start' => true,
  'expire' => 1800,
)
[ info ] [ LOG ] INIT File

---------------------------------------------------------------
[ 2018-01-29T10:43:14+08:00 ] 127.0.0.1 127.0.0.1 GET /TP_5.0.5_new/public/index.php/index/index/abc
[ log ] 127.0.0.1/TP_5.0.5_new/public/index.php/index/index/abc [运行时间：0.137008s][吞吐率：7.30req/s] [内存消耗：1,918.63kb] [文件加载：50]
[ info ] [ LANG ] F:\phpStudy\WWW\TP_5.0.5_new\thinkphp\lang\zh-cn.php
[ info ] [ ROUTE ] array (
  'type' => 'module',
  'module' => 
  array (
    0 => 'index',
    1 => 'index',
    2 => 'abc',
  ),
)
[ info ] [ HEADER ] array (
  'cookie' => 'thinkphp_show_page_trace=0|0; bdshare_firstime=1512963762370; _ga=GA1.1.1710640224.1515034265; PHPSESSID=71jl1tkb8o7ua0ltjnn1g1jpp0',
  'accept-language' => 'zh-CN,zh;q=0.8',
  'accept-encoding' => 'gzip, deflate, br',
  'accept' => 'text/html,application/xhtml+xml,application/xml;q=0.9,image/webp,image/apng,*/*;q=0.8',
  'user-agent' => 'Mozilla/5.0 (Windows NT 6.1; Win64; x64) AppleWebKit/537.36 (KHTML, like Gecko) Chrome/60.0.3112.113 Safari/537.36',
  'upgrade-insecure-requests' => '1',
  'connection' => 'close',
  'host' => '127.0.0.1',
)
[ info ] [ PARAM ] array (
)
[ info ] [ RUN ] app\index\controller\Index->abc[ F:\phpStudy\WWW\TP_5.0.5_new\application\index\controller\Index.php ]
[ info ] [ DB ] INIT mysql
[ info ] [ LOG ] INIT File
[ sql ] [ DB ] CONNECT:[ UseTime:0.011000s ] mysql:dbname=tp_5.0.5_new;host=127.0.0.1;port=3306;charset=utf8
[ sql ] [ SQL ] SHOW COLUMNS FROM `new_user` [ RunTime:0.022002s ]
[ sql ] [ SQL ] SELECT * FROM `new_user` LIMIT 1 [ RunTime:0.001000s ]

---------------------------------------------------------------
[ 2018-01-29T10:44:28+08:00 ] 127.0.0.1 127.0.0.1 GET /TP_5.0.5_new/public/index.php/index/index/abc
[ log ] 127.0.0.1/TP_5.0.5_new/public/index.php/index/index/abc [运行时间：0.085005s][吞吐率：11.76req/s] [内存消耗：1,870.26kb] [文件加载：53]
[ info ] [ LANG ] F:\phpStudy\WWW\TP_5.0.5_new\thinkphp\lang\zh-cn.php
[ info ] [ ROUTE ] array (
  'type' => 'module',
  'module' => 
  array (
    0 => 'index',
    1 => 'index',
    2 => 'abc',
  ),
)
[ info ] [ HEADER ] array (
  'cookie' => 'thinkphp_show_page_trace=0|0; thinkphp_show_page_trace=0|0; bdshare_firstime=1512963762370; _ga=GA1.1.1710640224.1515034265; PHPSESSID=71jl1tkb8o7ua0ltjnn1g1jpp0',
  'accept-language' => 'zh-CN,zh;q=0.8',
  'accept-encoding' => 'gzip, deflate, br',
  'accept' => 'text/html,application/xhtml+xml,application/xml;q=0.9,image/webp,image/apng,*/*;q=0.8',
  'user-agent' => 'Mozilla/5.0 (Windows NT 6.1; Win64; x64) AppleWebKit/537.36 (KHTML, like Gecko) Chrome/60.0.3112.113 Safari/537.36',
  'upgrade-insecure-requests' => '1',
  'cache-control' => 'max-age=0',
  'connection' => 'close',
  'host' => '127.0.0.1',
)
[ info ] [ PARAM ] array (
)
[ info ] [ RUN ] app\index\controller\Index->abc[ F:\phpStudy\WWW\TP_5.0.5_new\application\index\controller\Index.php ]
[ info ] [ DB ] INIT mysql
[ info ] [ LOG ] INIT File
[ error ] [0]method not exist:think\db\Query->get[F:\phpStudy\WWW\TP_5.0.5_new\thinkphp\library\think\db\Query.php:93]

---------------------------------------------------------------
[ 2018-01-29T10:44:32+08:00 ] 127.0.0.1 127.0.0.1 GET /TP_5.0.5_new/public/index.php/index/index/abc
[ log ] 127.0.0.1/TP_5.0.5_new/public/index.php/index/index/abc [运行时间：0.043003s][吞吐率：23.25req/s] [内存消耗：1,870.26kb] [文件加载：53]
[ info ] [ LANG ] F:\phpStudy\WWW\TP_5.0.5_new\thinkphp\lang\zh-cn.php
[ info ] [ ROUTE ] array (
  'type' => 'module',
  'module' => 
  array (
    0 => 'index',
    1 => 'index',
    2 => 'abc',
  ),
)
[ info ] [ HEADER ] array (
  'cookie' => 'thinkphp_show_page_trace=0|0; thinkphp_show_page_trace=0|0; bdshare_firstime=1512963762370; _ga=GA1.1.1710640224.1515034265; PHPSESSID=71jl1tkb8o7ua0ltjnn1g1jpp0',
  'accept-language' => 'zh-CN,zh;q=0.8',
  'accept-encoding' => 'gzip, deflate, br',
  'accept' => 'text/html,application/xhtml+xml,application/xml;q=0.9,image/webp,image/apng,*/*;q=0.8',
  'user-agent' => 'Mozilla/5.0 (Windows NT 6.1; Win64; x64) AppleWebKit/537.36 (KHTML, like Gecko) Chrome/60.0.3112.113 Safari/537.36',
  'upgrade-insecure-requests' => '1',
  'cache-control' => 'max-age=0',
  'connection' => 'close',
  'host' => '127.0.0.1',
)
[ info ] [ PARAM ] array (
)
[ info ] [ RUN ] app\index\controller\Index->abc[ F:\phpStudy\WWW\TP_5.0.5_new\application\index\controller\Index.php ]
[ info ] [ DB ] INIT mysql
[ info ] [ LOG ] INIT File
[ error ] [0]method not exist:think\db\Query->get[F:\phpStudy\WWW\TP_5.0.5_new\thinkphp\library\think\db\Query.php:93]

---------------------------------------------------------------
[ 2018-01-29T10:44:55+08:00 ] 127.0.0.1 127.0.0.1 GET /TP_5.0.5_new/public/index.php/index/index/abc
[ log ] 127.0.0.1/TP_5.0.5_new/public/index.php/index/index/abc [运行时间：0.043002s][吞吐率：23.25req/s] [内存消耗：1,942.43kb] [文件加载：50]
[ info ] [ LANG ] F:\phpStudy\WWW\TP_5.0.5_new\thinkphp\lang\zh-cn.php
[ info ] [ ROUTE ] array (
  'type' => 'module',
  'module' => 
  array (
    0 => 'index',
    1 => 'index',
    2 => 'abc',
  ),
)
[ info ] [ HEADER ] array (
  'cookie' => 'thinkphp_show_page_trace=0|0; thinkphp_show_page_trace=0|0; bdshare_firstime=1512963762370; _ga=GA1.1.1710640224.1515034265; PHPSESSID=71jl1tkb8o7ua0ltjnn1g1jpp0',
  'accept-language' => 'zh-CN,zh;q=0.8',
  'accept-encoding' => 'gzip, deflate, br',
  'accept' => 'text/html,application/xhtml+xml,application/xml;q=0.9,image/webp,image/apng,*/*;q=0.8',
  'user-agent' => 'Mozilla/5.0 (Windows NT 6.1; Win64; x64) AppleWebKit/537.36 (KHTML, like Gecko) Chrome/60.0.3112.113 Safari/537.36',
  'upgrade-insecure-requests' => '1',
  'cache-control' => 'max-age=0',
  'connection' => 'close',
  'host' => '127.0.0.1',
)
[ info ] [ PARAM ] array (
)
[ info ] [ RUN ] app\index\controller\Index->abc[ F:\phpStudy\WWW\TP_5.0.5_new\application\index\controller\Index.php ]
[ info ] [ DB ] INIT mysql
[ info ] [ LOG ] INIT File
[ sql ] [ DB ] CONNECT:[ UseTime:0.005001s ] mysql:dbname=tp_5.0.5_new;host=127.0.0.1;port=3306;charset=utf8
[ sql ] [ SQL ] SHOW COLUMNS FROM `new_user` [ RunTime:0.002000s ]
[ sql ] [ SQL ] SELECT * FROM `new_user` WHERE  `discount` BETWEEN 1 AND 10 [ RunTime:0.001000s ]

---------------------------------------------------------------
[ 2018-01-29T10:45:06+08:00 ] 127.0.0.1 127.0.0.1 GET /TP_5.0.5_new/public/index.php/index/index/abc
[ log ] 127.0.0.1/TP_5.0.5_new/public/index.php/index/index/abc [运行时间：0.071004s][吞吐率：14.08req/s] [内存消耗：2,007.66kb] [文件加载：53]
[ info ] [ LANG ] F:\phpStudy\WWW\TP_5.0.5_new\thinkphp\lang\zh-cn.php
[ info ] [ ROUTE ] array (
  'type' => 'module',
  'module' => 
  array (
    0 => 'index',
    1 => 'index',
    2 => 'abc',
  ),
)
[ info ] [ HEADER ] array (
  'cookie' => 'thinkphp_show_page_trace=0|0; thinkphp_show_page_trace=0|0; bdshare_firstime=1512963762370; _ga=GA1.1.1710640224.1515034265; PHPSESSID=71jl1tkb8o7ua0ltjnn1g1jpp0',
  'accept-language' => 'zh-CN,zh;q=0.8',
  'accept-encoding' => 'gzip, deflate, br',
  'accept' => 'text/html,application/xhtml+xml,application/xml;q=0.9,image/webp,image/apng,*/*;q=0.8',
  'user-agent' => 'Mozilla/5.0 (Windows NT 6.1; Win64; x64) AppleWebKit/537.36 (KHTML, like Gecko) Chrome/60.0.3112.113 Safari/537.36',
  'upgrade-insecure-requests' => '1',
  'cache-control' => 'max-age=0',
  'connection' => 'close',
  'host' => '127.0.0.1',
)
[ info ] [ PARAM ] array (
)
[ info ] [ RUN ] app\index\controller\Index->abc[ F:\phpStudy\WWW\TP_5.0.5_new\application\index\controller\Index.php ]
[ info ] [ DB ] INIT mysql
[ info ] [ LOG ] INIT File
[ sql ] [ DB ] CONNECT:[ UseTime:0.011001s ] mysql:dbname=tp_5.0.5_new;host=127.0.0.1;port=3306;charset=utf8
[ sql ] [ SQL ] SHOW COLUMNS FROM `new_user` [ RunTime:0.001000s ]
[ sql ] [ SQL ] SELECT * FROM `new_user` WHERE  `discount` BETWEEN 1 AND 10 [ RunTime:0.000000s ]
[ error ] [0]致命错误: Call to a member function toArray() on array[F:\phpStudy\WWW\TP_5.0.5_new\application\index\controller\Index.php:16]

---------------------------------------------------------------
[ 2018-01-29T10:45:16+08:00 ] 127.0.0.1 127.0.0.1 GET /TP_5.0.5_new/public/index.php/index/index/abc
[ log ] 127.0.0.1/TP_5.0.5_new/public/index.php/index/index/abc [运行时间：0.062003s][吞吐率：16.13req/s] [内存消耗：2,007.66kb] [文件加载：53]
[ info ] [ LANG ] F:\phpStudy\WWW\TP_5.0.5_new\thinkphp\lang\zh-cn.php
[ info ] [ ROUTE ] array (
  'type' => 'module',
  'module' => 
  array (
    0 => 'index',
    1 => 'index',
    2 => 'abc',
  ),
)
[ info ] [ HEADER ] array (
  'cookie' => 'thinkphp_show_page_trace=0|0; thinkphp_show_page_trace=0|0; bdshare_firstime=1512963762370; _ga=GA1.1.1710640224.1515034265; PHPSESSID=71jl1tkb8o7ua0ltjnn1g1jpp0',
  'accept-language' => 'zh-CN,zh;q=0.8',
  'accept-encoding' => 'gzip, deflate, br',
  'accept' => 'text/html,application/xhtml+xml,application/xml;q=0.9,image/webp,image/apng,*/*;q=0.8',
  'user-agent' => 'Mozilla/5.0 (Windows NT 6.1; Win64; x64) AppleWebKit/537.36 (KHTML, like Gecko) Chrome/60.0.3112.113 Safari/537.36',
  'upgrade-insecure-requests' => '1',
  'cache-control' => 'max-age=0',
  'connection' => 'close',
  'host' => '127.0.0.1',
)
[ info ] [ PARAM ] array (
)
[ info ] [ RUN ] app\index\controller\Index->abc[ F:\phpStudy\WWW\TP_5.0.5_new\application\index\controller\Index.php ]
[ info ] [ DB ] INIT mysql
[ info ] [ LOG ] INIT File
[ sql ] [ DB ] CONNECT:[ UseTime:0.011000s ] mysql:dbname=tp_5.0.5_new;host=127.0.0.1;port=3306;charset=utf8
[ sql ] [ SQL ] SHOW COLUMNS FROM `new_user` [ RunTime:0.001000s ]
[ sql ] [ SQL ] SELECT * FROM `new_user` WHERE  `discount` BETWEEN 1 AND 10 [ RunTime:0.000000s ]
[ error ] [0]致命错误: Call to a member function toArray() on array[F:\phpStudy\WWW\TP_5.0.5_new\application\index\controller\Index.php:17]

---------------------------------------------------------------
[ 2018-01-29T10:45:18+08:00 ] 127.0.0.1 127.0.0.1 GET /TP_5.0.5_new/public/index.php/index/index/abc
[ log ] 127.0.0.1/TP_5.0.5_new/public/index.php/index/index/abc [运行时间：0.068004s][吞吐率：14.71req/s] [内存消耗：2,007.66kb] [文件加载：53]
[ info ] [ LANG ] F:\phpStudy\WWW\TP_5.0.5_new\thinkphp\lang\zh-cn.php
[ info ] [ ROUTE ] array (
  'type' => 'module',
  'module' => 
  array (
    0 => 'index',
    1 => 'index',
    2 => 'abc',
  ),
)
[ info ] [ HEADER ] array (
  'cookie' => 'thinkphp_show_page_trace=0|0; thinkphp_show_page_trace=0|0; bdshare_firstime=1512963762370; _ga=GA1.1.1710640224.1515034265; PHPSESSID=71jl1tkb8o7ua0ltjnn1g1jpp0',
  'accept-language' => 'zh-CN,zh;q=0.8',
  'accept-encoding' => 'gzip, deflate, br',
  'accept' => 'text/html,application/xhtml+xml,application/xml;q=0.9,image/webp,image/apng,*/*;q=0.8',
  'user-agent' => 'Mozilla/5.0 (Windows NT 6.1; Win64; x64) AppleWebKit/537.36 (KHTML, like Gecko) Chrome/60.0.3112.113 Safari/537.36',
  'upgrade-insecure-requests' => '1',
  'cache-control' => 'max-age=0',
  'connection' => 'close',
  'host' => '127.0.0.1',
)
[ info ] [ PARAM ] array (
)
[ info ] [ RUN ] app\index\controller\Index->abc[ F:\phpStudy\WWW\TP_5.0.5_new\application\index\controller\Index.php ]
[ info ] [ DB ] INIT mysql
[ info ] [ LOG ] INIT File
[ sql ] [ DB ] CONNECT:[ UseTime:0.011001s ] mysql:dbname=tp_5.0.5_new;host=127.0.0.1;port=3306;charset=utf8
[ sql ] [ SQL ] SHOW COLUMNS FROM `new_user` [ RunTime:0.002000s ]
[ sql ] [ SQL ] SELECT * FROM `new_user` WHERE  `discount` BETWEEN 1 AND 10 [ RunTime:0.001000s ]
[ error ] [0]致命错误: Call to a member function toArray() on array[F:\phpStudy\WWW\TP_5.0.5_new\application\index\controller\Index.php:17]

---------------------------------------------------------------
[ 2018-01-29T10:45:22+08:00 ] 127.0.0.1 127.0.0.1 GET /TP_5.0.5_new/public/index.php/index/index/abc
[ log ] 127.0.0.1/TP_5.0.5_new/public/index.php/index/index/abc [运行时间：0.047003s][吞吐率：21.28req/s] [内存消耗：2,007.66kb] [文件加载：53]
[ info ] [ LANG ] F:\phpStudy\WWW\TP_5.0.5_new\thinkphp\lang\zh-cn.php
[ info ] [ ROUTE ] array (
  'type' => 'module',
  'module' => 
  array (
    0 => 'index',
    1 => 'index',
    2 => 'abc',
  ),
)
[ info ] [ HEADER ] array (
  'cookie' => 'thinkphp_show_page_trace=0|0; thinkphp_show_page_trace=0|0; bdshare_firstime=1512963762370; _ga=GA1.1.1710640224.1515034265; PHPSESSID=71jl1tkb8o7ua0ltjnn1g1jpp0',
  'accept-language' => 'zh-CN,zh;q=0.8',
  'accept-encoding' => 'gzip, deflate, br',
  'accept' => 'text/html,application/xhtml+xml,application/xml;q=0.9,image/webp,image/apng,*/*;q=0.8',
  'user-agent' => 'Mozilla/5.0 (Windows NT 6.1; Win64; x64) AppleWebKit/537.36 (KHTML, like Gecko) Chrome/60.0.3112.113 Safari/537.36',
  'upgrade-insecure-requests' => '1',
  'cache-control' => 'max-age=0',
  'connection' => 'close',
  'host' => '127.0.0.1',
)
[ info ] [ PARAM ] array (
)
[ info ] [ RUN ] app\index\controller\Index->abc[ F:\phpStudy\WWW\TP_5.0.5_new\application\index\controller\Index.php ]
[ info ] [ DB ] INIT mysql
[ info ] [ LOG ] INIT File
[ sql ] [ DB ] CONNECT:[ UseTime:0.011000s ] mysql:dbname=tp_5.0.5_new;host=127.0.0.1;port=3306;charset=utf8
[ sql ] [ SQL ] SHOW COLUMNS FROM `new_user` [ RunTime:0.002001s ]
[ sql ] [ SQL ] SELECT * FROM `new_user` WHERE  `discount` BETWEEN 1 AND 10 [ RunTime:0.001000s ]
[ error ] [0]致命错误: Call to a member function toArray() on array[F:\phpStudy\WWW\TP_5.0.5_new\application\index\controller\Index.php:17]

---------------------------------------------------------------
[ 2018-01-29T10:45:34+08:00 ] 127.0.0.1 127.0.0.1 GET /TP_5.0.5_new/public/index.php/index/index/abc
[ log ] 127.0.0.1/TP_5.0.5_new/public/index.php/index/index/abc [运行时间：0.041002s][吞吐率：24.39req/s] [内存消耗：1,942.43kb] [文件加载：50]
[ info ] [ LANG ] F:\phpStudy\WWW\TP_5.0.5_new\thinkphp\lang\zh-cn.php
[ info ] [ ROUTE ] array (
  'type' => 'module',
  'module' => 
  array (
    0 => 'index',
    1 => 'index',
    2 => 'abc',
  ),
)
[ info ] [ HEADER ] array (
  'cookie' => 'thinkphp_show_page_trace=0|0; thinkphp_show_page_trace=0|0; bdshare_firstime=1512963762370; _ga=GA1.1.1710640224.1515034265; PHPSESSID=71jl1tkb8o7ua0ltjnn1g1jpp0',
  'accept-language' => 'zh-CN,zh;q=0.8',
  'accept-encoding' => 'gzip, deflate, br',
  'accept' => 'text/html,application/xhtml+xml,application/xml;q=0.9,image/webp,image/apng,*/*;q=0.8',
  'user-agent' => 'Mozilla/5.0 (Windows NT 6.1; Win64; x64) AppleWebKit/537.36 (KHTML, like Gecko) Chrome/60.0.3112.113 Safari/537.36',
  'upgrade-insecure-requests' => '1',
  'cache-control' => 'max-age=0',
  'connection' => 'close',
  'host' => '127.0.0.1',
)
[ info ] [ PARAM ] array (
)
[ info ] [ RUN ] app\index\controller\Index->abc[ F:\phpStudy\WWW\TP_5.0.5_new\application\index\controller\Index.php ]
[ info ] [ DB ] INIT mysql
[ info ] [ LOG ] INIT File
[ sql ] [ DB ] CONNECT:[ UseTime:0.002000s ] mysql:dbname=tp_5.0.5_new;host=127.0.0.1;port=3306;charset=utf8
[ sql ] [ SQL ] SHOW COLUMNS FROM `new_user` [ RunTime:0.001000s ]
[ sql ] [ SQL ] SELECT * FROM `new_user` WHERE  `discount` BETWEEN 1 AND 10 [ RunTime:0.000000s ]

---------------------------------------------------------------
[ 2018-01-29T10:46:22+08:00 ] 127.0.0.1 127.0.0.1 GET /TP_5.0.5_new/public/index.php/index/index/abc
[ log ] 127.0.0.1/TP_5.0.5_new/public/index.php/index/index/abc [运行时间：0.043002s][吞吐率：23.25req/s] [内存消耗：1,856.63kb] [文件加载：50]
[ info ] [ LANG ] F:\phpStudy\WWW\TP_5.0.5_new\thinkphp\lang\zh-cn.php
[ info ] [ ROUTE ] array (
  'type' => 'module',
  'module' => 
  array (
    0 => 'index',
    1 => 'index',
    2 => 'abc',
  ),
)
[ info ] [ HEADER ] array (
  'cookie' => 'thinkphp_show_page_trace=0|0; thinkphp_show_page_trace=0|0; bdshare_firstime=1512963762370; _ga=GA1.1.1710640224.1515034265; PHPSESSID=71jl1tkb8o7ua0ltjnn1g1jpp0',
  'accept-language' => 'zh-CN,zh;q=0.8',
  'accept-encoding' => 'gzip, deflate, br',
  'accept' => 'text/html,application/xhtml+xml,application/xml;q=0.9,image/webp,image/apng,*/*;q=0.8',
  'user-agent' => 'Mozilla/5.0 (Windows NT 6.1; Win64; x64) AppleWebKit/537.36 (KHTML, like Gecko) Chrome/60.0.3112.113 Safari/537.36',
  'upgrade-insecure-requests' => '1',
  'cache-control' => 'max-age=0',
  'connection' => 'close',
  'host' => '127.0.0.1',
)
[ info ] [ PARAM ] array (
)
[ info ] [ RUN ] app\index\controller\Index->abc[ F:\phpStudy\WWW\TP_5.0.5_new\application\index\controller\Index.php ]
[ info ] [ DB ] INIT mysql
[ info ] [ LOG ] INIT File

---------------------------------------------------------------
[ 2018-01-29T10:46:56+08:00 ] 127.0.0.1 127.0.0.1 GET /TP_5.0.5_new/public/index.php/index/index/abc
[ log ] 127.0.0.1/TP_5.0.5_new/public/index.php/index/index/abc [运行时间：0.060003s][吞吐率：16.67req/s] [内存消耗：2,007.72kb] [文件加载：53]
[ info ] [ LANG ] F:\phpStudy\WWW\TP_5.0.5_new\thinkphp\lang\zh-cn.php
[ info ] [ ROUTE ] array (
  'type' => 'module',
  'module' => 
  array (
    0 => 'index',
    1 => 'index',
    2 => 'abc',
  ),
)
[ info ] [ HEADER ] array (
  'cookie' => 'thinkphp_show_page_trace=0|0; thinkphp_show_page_trace=0|0; bdshare_firstime=1512963762370; _ga=GA1.1.1710640224.1515034265; PHPSESSID=71jl1tkb8o7ua0ltjnn1g1jpp0',
  'accept-language' => 'zh-CN,zh;q=0.8',
  'accept-encoding' => 'gzip, deflate, br',
  'accept' => 'text/html,application/xhtml+xml,application/xml;q=0.9,image/webp,image/apng,*/*;q=0.8',
  'user-agent' => 'Mozilla/5.0 (Windows NT 6.1; Win64; x64) AppleWebKit/537.36 (KHTML, like Gecko) Chrome/60.0.3112.113 Safari/537.36',
  'upgrade-insecure-requests' => '1',
  'cache-control' => 'max-age=0',
  'connection' => 'close',
  'host' => '127.0.0.1',
)
[ info ] [ PARAM ] array (
)
[ info ] [ RUN ] app\index\controller\Index->abc[ F:\phpStudy\WWW\TP_5.0.5_new\application\index\controller\Index.php ]
[ info ] [ DB ] INIT mysql
[ info ] [ LOG ] INIT File
[ sql ] [ DB ] CONNECT:[ UseTime:0.011001s ] mysql:dbname=tp_5.0.5_new;host=127.0.0.1;port=3306;charset=utf8
[ sql ] [ SQL ] SHOW COLUMNS FROM `new_user` [ RunTime:0.002000s ]
[ sql ] [ SQL ] SELECT * FROM `new_user` WHERE  `discount` BETWEEN 1 AND 10 [ RunTime:0.001000s ]
[ error ] [0]致命错误: Call to a member function fetchSql() on array[F:\phpStudy\WWW\TP_5.0.5_new\application\index\controller\Index.php:16]

---------------------------------------------------------------
[ 2018-01-29T10:47:00+08:00 ] 127.0.0.1 127.0.0.1 GET /TP_5.0.5_new/public/index.php/index/index/abc
[ log ] 127.0.0.1/TP_5.0.5_new/public/index.php/index/index/abc [运行时间：0.047003s][吞吐率：21.28req/s] [内存消耗：2,007.72kb] [文件加载：53]
[ info ] [ LANG ] F:\phpStudy\WWW\TP_5.0.5_new\thinkphp\lang\zh-cn.php
[ info ] [ ROUTE ] array (
  'type' => 'module',
  'module' => 
  array (
    0 => 'index',
    1 => 'index',
    2 => 'abc',
  ),
)
[ info ] [ HEADER ] array (
  'cookie' => 'thinkphp_show_page_trace=0|0; thinkphp_show_page_trace=0|0; bdshare_firstime=1512963762370; _ga=GA1.1.1710640224.1515034265; PHPSESSID=71jl1tkb8o7ua0ltjnn1g1jpp0',
  'accept-language' => 'zh-CN,zh;q=0.8',
  'accept-encoding' => 'gzip, deflate, br',
  'accept' => 'text/html,application/xhtml+xml,application/xml;q=0.9,image/webp,image/apng,*/*;q=0.8',
  'user-agent' => 'Mozilla/5.0 (Windows NT 6.1; Win64; x64) AppleWebKit/537.36 (KHTML, like Gecko) Chrome/60.0.3112.113 Safari/537.36',
  'upgrade-insecure-requests' => '1',
  'cache-control' => 'max-age=0',
  'connection' => 'close',
  'host' => '127.0.0.1',
)
[ info ] [ PARAM ] array (
)
[ info ] [ RUN ] app\index\controller\Index->abc[ F:\phpStudy\WWW\TP_5.0.5_new\application\index\controller\Index.php ]
[ info ] [ DB ] INIT mysql
[ info ] [ LOG ] INIT File
[ sql ] [ DB ] CONNECT:[ UseTime:0.011000s ] mysql:dbname=tp_5.0.5_new;host=127.0.0.1;port=3306;charset=utf8
[ sql ] [ SQL ] SHOW COLUMNS FROM `new_user` [ RunTime:0.002001s ]
[ sql ] [ SQL ] SELECT * FROM `new_user` WHERE  `discount` BETWEEN 1 AND 10 [ RunTime:0.000000s ]
[ error ] [0]致命错误: Call to a member function fetchSql() on array[F:\phpStudy\WWW\TP_5.0.5_new\application\index\controller\Index.php:16]

---------------------------------------------------------------
[ 2018-01-29T10:47:20+08:00 ] 127.0.0.1 127.0.0.1 GET /TP_5.0.5_new/public/index.php/index/index/abc
[ log ] 127.0.0.1/TP_5.0.5_new/public/index.php/index/index/abc [运行时间：0.039002s][吞吐率：25.64req/s] [内存消耗：1,856.63kb] [文件加载：50]
[ info ] [ LANG ] F:\phpStudy\WWW\TP_5.0.5_new\thinkphp\lang\zh-cn.php
[ info ] [ ROUTE ] array (
  'type' => 'module',
  'module' => 
  array (
    0 => 'index',
    1 => 'index',
    2 => 'abc',
  ),
)
[ info ] [ HEADER ] array (
  'cookie' => 'thinkphp_show_page_trace=0|0; thinkphp_show_page_trace=0|0; bdshare_firstime=1512963762370; _ga=GA1.1.1710640224.1515034265; PHPSESSID=71jl1tkb8o7ua0ltjnn1g1jpp0',
  'accept-language' => 'zh-CN,zh;q=0.8',
  'accept-encoding' => 'gzip, deflate, br',
  'accept' => 'text/html,application/xhtml+xml,application/xml;q=0.9,image/webp,image/apng,*/*;q=0.8',
  'user-agent' => 'Mozilla/5.0 (Windows NT 6.1; Win64; x64) AppleWebKit/537.36 (KHTML, like Gecko) Chrome/60.0.3112.113 Safari/537.36',
  'upgrade-insecure-requests' => '1',
  'cache-control' => 'max-age=0',
  'connection' => 'close',
  'host' => '127.0.0.1',
)
[ info ] [ PARAM ] array (
)
[ info ] [ RUN ] app\index\controller\Index->abc[ F:\phpStudy\WWW\TP_5.0.5_new\application\index\controller\Index.php ]
[ info ] [ DB ] INIT mysql
[ info ] [ LOG ] INIT File

---------------------------------------------------------------
[ 2018-01-29T10:48:31+08:00 ] 127.0.0.1 127.0.0.1 GET /TP_5.0.5_new/public/index.php/index/index/abc
[ log ] 127.0.0.1/TP_5.0.5_new/public/index.php/index/index/abc [运行时间：0.044002s][吞吐率：22.73req/s] [内存消耗：1,926.23kb] [文件加载：50]
[ info ] [ LANG ] F:\phpStudy\WWW\TP_5.0.5_new\thinkphp\lang\zh-cn.php
[ info ] [ ROUTE ] array (
  'type' => 'module',
  'module' => 
  array (
    0 => 'index',
    1 => 'index',
    2 => 'abc',
  ),
)
[ info ] [ HEADER ] array (
  'cookie' => 'thinkphp_show_page_trace=1|4; thinkphp_show_page_trace=0|0; bdshare_firstime=1512963762370; _ga=GA1.1.1710640224.1515034265; PHPSESSID=71jl1tkb8o7ua0ltjnn1g1jpp0',
  'accept-language' => 'zh-CN,zh;q=0.8',
  'accept-encoding' => 'gzip, deflate, br',
  'accept' => 'text/html,application/xhtml+xml,application/xml;q=0.9,image/webp,image/apng,*/*;q=0.8',
  'user-agent' => 'Mozilla/5.0 (Windows NT 6.1; Win64; x64) AppleWebKit/537.36 (KHTML, like Gecko) Chrome/60.0.3112.113 Safari/537.36',
  'upgrade-insecure-requests' => '1',
  'cache-control' => 'max-age=0',
  'connection' => 'close',
  'host' => '127.0.0.1',
)
[ info ] [ PARAM ] array (
)
[ info ] [ RUN ] app\index\controller\Index->abc[ F:\phpStudy\WWW\TP_5.0.5_new\application\index\controller\Index.php ]
[ info ] [ DB ] INIT mysql
[ info ] [ LOG ] INIT File
[ sql ] [ DB ] CONNECT:[ UseTime:0.011001s ] mysql:dbname=tp_5.0.5_new;host=127.0.0.1;port=3306;charset=utf8
[ sql ] [ SQL ] SHOW COLUMNS FROM `new_user` [ RunTime:0.002000s ]
[ sql ] [ SQL ] SELECT * FROM `new_user` WHERE  `discount` BETWEEN 1 AND 10 [ RunTime:0.001000s ]

---------------------------------------------------------------
[ 2018-01-29T10:50:11+08:00 ] 127.0.0.1 127.0.0.1 GET /TP_5.0.5_new/public/index.php/index/index/abc
[ log ] 127.0.0.1/TP_5.0.5_new/public/index.php/index/index/abc [运行时间：0.084004s][吞吐率：11.90req/s] [内存消耗：1,926.72kb] [文件加载：50]
[ info ] [ LANG ] F:\phpStudy\WWW\TP_5.0.5_new\thinkphp\lang\zh-cn.php
[ info ] [ ROUTE ] array (
  'type' => 'module',
  'module' => 
  array (
    0 => 'index',
    1 => 'index',
    2 => 'abc',
  ),
)
[ info ] [ HEADER ] array (
  'cookie' => 'thinkphp_show_page_trace=1|4; thinkphp_show_page_trace=0|0; bdshare_firstime=1512963762370; _ga=GA1.1.1710640224.1515034265; PHPSESSID=71jl1tkb8o7ua0ltjnn1g1jpp0',
  'accept-language' => 'zh-CN,zh;q=0.8',
  'accept-encoding' => 'gzip, deflate, br',
  'accept' => 'text/html,application/xhtml+xml,application/xml;q=0.9,image/webp,image/apng,*/*;q=0.8',
  'user-agent' => 'Mozilla/5.0 (Windows NT 6.1; Win64; x64) AppleWebKit/537.36 (KHTML, like Gecko) Chrome/60.0.3112.113 Safari/537.36',
  'upgrade-insecure-requests' => '1',
  'cache-control' => 'max-age=0',
  'connection' => 'close',
  'host' => '127.0.0.1',
)
[ info ] [ PARAM ] array (
)
[ info ] [ RUN ] app\index\controller\Index->abc[ F:\phpStudy\WWW\TP_5.0.5_new\application\index\controller\Index.php ]
[ info ] [ DB ] INIT mysql
[ info ] [ LOG ] INIT File
[ sql ] [ DB ] CONNECT:[ UseTime:0.011001s ] mysql:dbname=tp_5.0.5_new;host=127.0.0.1;port=3306;charset=utf8
[ sql ] [ SQL ] SHOW COLUMNS FROM `new_user` [ RunTime:0.002000s ]
[ sql ] [ SQL ] SELECT * FROM `new_user` WHERE  `discount` BETWEEN 1 AND 10  AND `id` > 10 [ RunTime:0.022001s ]

---------------------------------------------------------------
[ 2018-01-29T10:50:20+08:00 ] 127.0.0.1 127.0.0.1 GET /TP_5.0.5_new/public/index.php/index/index/abc
[ log ] 127.0.0.1/TP_5.0.5_new/public/index.php/index/index/abc [运行时间：0.053003s][吞吐率：18.87req/s] [内存消耗：1,942.86kb] [文件加载：50]
[ info ] [ LANG ] F:\phpStudy\WWW\TP_5.0.5_new\thinkphp\lang\zh-cn.php
[ info ] [ ROUTE ] array (
  'type' => 'module',
  'module' => 
  array (
    0 => 'index',
    1 => 'index',
    2 => 'abc',
  ),
)
[ info ] [ HEADER ] array (
  'cookie' => 'thinkphp_show_page_trace=1|4; thinkphp_show_page_trace=0|0; bdshare_firstime=1512963762370; _ga=GA1.1.1710640224.1515034265; PHPSESSID=71jl1tkb8o7ua0ltjnn1g1jpp0',
  'accept-language' => 'zh-CN,zh;q=0.8',
  'accept-encoding' => 'gzip, deflate, br',
  'accept' => 'text/html,application/xhtml+xml,application/xml;q=0.9,image/webp,image/apng,*/*;q=0.8',
  'user-agent' => 'Mozilla/5.0 (Windows NT 6.1; Win64; x64) AppleWebKit/537.36 (KHTML, like Gecko) Chrome/60.0.3112.113 Safari/537.36',
  'upgrade-insecure-requests' => '1',
  'cache-control' => 'max-age=0',
  'connection' => 'close',
  'host' => '127.0.0.1',
)
[ info ] [ PARAM ] array (
)
[ info ] [ RUN ] app\index\controller\Index->abc[ F:\phpStudy\WWW\TP_5.0.5_new\application\index\controller\Index.php ]
[ info ] [ DB ] INIT mysql
[ info ] [ LOG ] INIT File
[ sql ] [ DB ] CONNECT:[ UseTime:0.011001s ] mysql:dbname=tp_5.0.5_new;host=127.0.0.1;port=3306;charset=utf8
[ sql ] [ SQL ] SHOW COLUMNS FROM `new_user` [ RunTime:0.002000s ]
[ sql ] [ SQL ] SELECT * FROM `new_user` WHERE  `discount` BETWEEN 1 AND 10  AND `id` > 10 [ RunTime:0.001000s ]

---------------------------------------------------------------
[ 2018-01-29T10:56:53+08:00 ] 127.0.0.1 127.0.0.1 GET /TP_5.0.5_new/public/index.php/index/index/abc
[ log ] 127.0.0.1/TP_5.0.5_new/public/index.php/index/index/abc [运行时间：0.038002s][吞吐率：26.31req/s] [内存消耗：1,241.81kb] [文件加载：46]
[ info ] [ LANG ] F:\phpStudy\WWW\TP_5.0.5_new\thinkphp\lang\zh-cn.php
[ info ] [ ROUTE ] array (
  'type' => 'module',
  'module' => 
  array (
    0 => 'index',
    1 => 'index',
    2 => 'abc',
  ),
)
[ info ] [ HEADER ] array (
  'cookie' => 'thinkphp_show_page_trace=1|4; thinkphp_show_page_trace=0|0; bdshare_firstime=1512963762370; _ga=GA1.1.1710640224.1515034265; PHPSESSID=71jl1tkb8o7ua0ltjnn1g1jpp0',
  'accept-language' => 'zh-CN,zh;q=0.8',
  'accept-encoding' => 'gzip, deflate, br',
  'accept' => 'text/html,application/xhtml+xml,application/xml;q=0.9,image/webp,image/apng,*/*;q=0.8',
  'user-agent' => 'Mozilla/5.0 (Windows NT 6.1; Win64; x64) AppleWebKit/537.36 (KHTML, like Gecko) Chrome/60.0.3112.113 Safari/537.36',
  'upgrade-insecure-requests' => '1',
  'cache-control' => 'max-age=0',
  'connection' => 'close',
  'host' => '127.0.0.1',
)
[ info ] [ PARAM ] array (
)
[ info ] [ LOG ] INIT File

---------------------------------------------------------------
