[ 2017-11-07T10:10:33+08:00 ] 127.0.0.1 127.0.0.1 GET /TP_5.0.5_new/public/
[ log ] 127.0.0.1/TP_5.0.5_new/public/ [运行时间：0.268015s][吞吐率：3.73req/s] [内存消耗：1,179.20kb] [文件加载：43]
[ info ] [ LANG ] F:\phpStudy\WWW\TP_5.0.5_new\thinkphp\lang\zh-cn.php
[ info ] [ ROUTE ] array (
  'type' => 'module',
  'module' => 
  array (
    0 => '',
    1 => NULL,
    2 => NULL,
  ),
)
[ info ] [ HEADER ] array (
  'cookie' => 'XSRF-TOKEN=eyJpdiI6Imsyb042cTFaRmVLRnd3TG0rMHBpWHc9PSIsInZhbHVlIjoiRDBhKzYwOFwvckJPRGNJTkNXRnd0UnpCV0hjdGhza01zNE92XC9FbnhRcnVlUktncHhBUno0ZGFUODNKRjJYNWplSFwvWmZZQ0VBbUx1dXpQRW5ab1wvd3pRPT0iLCJtYWMiOiIwMTEwZjQ4MWFjNzlkYzczOWZjNDhhN2Q4ZjFiMDQ2N2VhNzAzM2E5YjUzOGQ5ZDVlNWQ0MDgwNTE5MTVjY2M5In0%3D; laravel_session=eyJpdiI6ImlTXC91RzhXcFVCZ0RraDV4aTMxQ3hnPT0iLCJ2YWx1ZSI6IlwvTkZRcUNTYkg4b2k5RDFDUVJSVW9XdkMrM0FoNUNQZU00NjI2blNrQ1VueVwvc21RN1JVMUVaNmNDU3JZN1wvTlwvaUl3WFwvWWJDbldMZHNZNzM0Skw3aEE9PSIsIm1hYyI6ImVjMGJjNDVkNDQ4ZDI1ODFmNjQ4NTVkOGU2ZDk4YzkzMGQ4N2E0YzNmMzIxZTdmZmNhZjZjZjkzY2IxNmFkMjkifQ%3D%3D',
  'accept-language' => 'zh-CN,zh;q=0.8',
  'accept-encoding' => 'gzip, deflate, br',
  'referer' => 'http://127.0.0.1/TP_5.0.5_new/',
  'accept' => 'text/html,application/xhtml+xml,application/xml;q=0.9,image/webp,image/apng,*/*;q=0.8',
  'user-agent' => 'Mozilla/5.0 (Windows NT 6.1; Win64; x64) AppleWebKit/537.36 (KHTML, like Gecko) Chrome/60.0.3112.113 Safari/537.36',
  'upgrade-insecure-requests' => '1',
  'connection' => 'close',
  'host' => '127.0.0.1',
)
[ info ] [ PARAM ] array (
)
[ info ] [ RUN ] app\index\controller\Index->index[ F:\phpStudy\WWW\TP_5.0.5_new\application\index\controller\Index.php ]
[ info ] [ LOG ] INIT File

---------------------------------------------------------------
[ 2017-11-07T10:10:39+08:00 ] 127.0.0.1 127.0.0.1 GET /TP_5.0.5_new/public/index.php/admin/login
[ log ] 127.0.0.1/TP_5.0.5_new/public/index.php/admin/login [运行时间：0.116205s][吞吐率：8.61req/s] [内存消耗：1,457.23kb] [文件加载：51]
[ info ] [ LANG ] F:\phpStudy\WWW\TP_5.0.5_new\thinkphp\lang\zh-cn.php
[ info ] [ ROUTE ] array (
  'type' => 'module',
  'module' => 
  array (
    0 => 'admin',
    1 => 'login',
    2 => NULL,
  ),
)
[ info ] [ HEADER ] array (
  'cookie' => 'thinkphp_show_page_trace=0|0; XSRF-TOKEN=eyJpdiI6Imsyb042cTFaRmVLRnd3TG0rMHBpWHc9PSIsInZhbHVlIjoiRDBhKzYwOFwvckJPRGNJTkNXRnd0UnpCV0hjdGhza01zNE92XC9FbnhRcnVlUktncHhBUno0ZGFUODNKRjJYNWplSFwvWmZZQ0VBbUx1dXpQRW5ab1wvd3pRPT0iLCJtYWMiOiIwMTEwZjQ4MWFjNzlkYzczOWZjNDhhN2Q4ZjFiMDQ2N2VhNzAzM2E5YjUzOGQ5ZDVlNWQ0MDgwNTE5MTVjY2M5In0%3D; laravel_session=eyJpdiI6ImlTXC91RzhXcFVCZ0RraDV4aTMxQ3hnPT0iLCJ2YWx1ZSI6IlwvTkZRcUNTYkg4b2k5RDFDUVJSVW9XdkMrM0FoNUNQZU00NjI2blNrQ1VueVwvc21RN1JVMUVaNmNDU3JZN1wvTlwvaUl3WFwvWWJDbldMZHNZNzM0Skw3aEE9PSIsIm1hYyI6ImVjMGJjNDVkNDQ4ZDI1ODFmNjQ4NTVkOGU2ZDk4YzkzMGQ4N2E0YzNmMzIxZTdmZmNhZjZjZjkzY2IxNmFkMjkifQ%3D%3D',
  'accept-language' => 'zh-CN,zh;q=0.8',
  'accept-encoding' => 'gzip, deflate, br',
  'accept' => 'text/html,application/xhtml+xml,application/xml;q=0.9,image/webp,image/apng,*/*;q=0.8',
  'user-agent' => 'Mozilla/5.0 (Windows NT 6.1; Win64; x64) AppleWebKit/537.36 (KHTML, like Gecko) Chrome/60.0.3112.113 Safari/537.36',
  'upgrade-insecure-requests' => '1',
  'connection' => 'close',
  'host' => '127.0.0.1',
)
[ info ] [ PARAM ] array (
)
[ info ] [ RUN ] app\admin\controller\Login->index[ F:\phpStudy\WWW\TP_5.0.5_new\application\admin\controller\Login.php ]
[ info ] [ VIEW ] F:\phpStudy\WWW\TP_5.0.5_new\public/../application/admin\view\login\index.html [ array (
) ]
[ info ] [ LOG ] INIT File

---------------------------------------------------------------
[ 2017-11-07T10:10:40+08:00 ] 127.0.0.1 127.0.0.1 GET /TP_5.0.5_new/public/index.php/captcha.html
[ log ] 127.0.0.1/TP_5.0.5_new/public/index.php/captcha.html [运行时间：0.100006s][吞吐率：10.00req/s] [内存消耗：1,176.16kb] [文件加载：41]
[ info ] [ LANG ] F:\phpStudy\WWW\TP_5.0.5_new\thinkphp\lang\zh-cn.php
[ info ] [ ROUTE ] array (
  'type' => 'method',
  'method' => 
  array (
    0 => '\\think\\captcha\\CaptchaController',
    1 => 'index',
  ),
  'var' => 
  array (
  ),
)
[ info ] [ HEADER ] array (
  'cookie' => 'thinkphp_show_page_trace=0|0; XSRF-TOKEN=eyJpdiI6Imsyb042cTFaRmVLRnd3TG0rMHBpWHc9PSIsInZhbHVlIjoiRDBhKzYwOFwvckJPRGNJTkNXRnd0UnpCV0hjdGhza01zNE92XC9FbnhRcnVlUktncHhBUno0ZGFUODNKRjJYNWplSFwvWmZZQ0VBbUx1dXpQRW5ab1wvd3pRPT0iLCJtYWMiOiIwMTEwZjQ4MWFjNzlkYzczOWZjNDhhN2Q4ZjFiMDQ2N2VhNzAzM2E5YjUzOGQ5ZDVlNWQ0MDgwNTE5MTVjY2M5In0%3D; laravel_session=eyJpdiI6ImlTXC91RzhXcFVCZ0RraDV4aTMxQ3hnPT0iLCJ2YWx1ZSI6IlwvTkZRcUNTYkg4b2k5RDFDUVJSVW9XdkMrM0FoNUNQZU00NjI2blNrQ1VueVwvc21RN1JVMUVaNmNDU3JZN1wvTlwvaUl3WFwvWWJDbldMZHNZNzM0Skw3aEE9PSIsIm1hYyI6ImVjMGJjNDVkNDQ4ZDI1ODFmNjQ4NTVkOGU2ZDk4YzkzMGQ4N2E0YzNmMzIxZTdmZmNhZjZjZjkzY2IxNmFkMjkifQ%3D%3D',
  'accept-language' => 'zh-CN,zh;q=0.8',
  'accept-encoding' => 'gzip, deflate, br',
  'referer' => 'http://127.0.0.1/TP_5.0.5_new/public/index.php/admin/login',
  'accept' => 'image/webp,image/apng,image/*,*/*;q=0.8',
  'user-agent' => 'Mozilla/5.0 (Windows NT 6.1; Win64; x64) AppleWebKit/537.36 (KHTML, like Gecko) Chrome/60.0.3112.113 Safari/537.36',
  'connection' => 'close',
  'host' => '127.0.0.1',
)
[ info ] [ PARAM ] array (
  'id' => NULL,
)
[ info ] [ RUN ] think\captcha\CaptchaController->index[ F:\phpStudy\WWW\TP_5.0.5_new\vendor\topthink\think-captcha\src\CaptchaController.php ]
[ info ] [ SESSION ] INIT array (
  'id' => '',
  'var_session_id' => '',
  'prefix' => 'think',
  'type' => '',
  'auto_start' => true,
  'expire' => 1800,
)
[ info ] [ LOG ] INIT File

---------------------------------------------------------------
[ 2017-11-07T10:10:41+08:00 ] 127.0.0.1 127.0.0.1 GET /TP_5.0.5_new/public/index.php/captcha.html
[ log ] 127.0.0.1/TP_5.0.5_new/public/index.php/captcha.html [运行时间：0.071801s][吞吐率：13.93req/s] [内存消耗：1,176.00kb] [文件加载：41]
[ info ] [ LANG ] F:\phpStudy\WWW\TP_5.0.5_new\thinkphp\lang\zh-cn.php
[ info ] [ ROUTE ] array (
  'type' => 'method',
  'method' => 
  array (
    0 => '\\think\\captcha\\CaptchaController',
    1 => 'index',
  ),
  'var' => 
  array (
  ),
)
[ info ] [ HEADER ] array (
  'cookie' => 'thinkphp_show_page_trace=0|0; XSRF-TOKEN=eyJpdiI6Imsyb042cTFaRmVLRnd3TG0rMHBpWHc9PSIsInZhbHVlIjoiRDBhKzYwOFwvckJPRGNJTkNXRnd0UnpCV0hjdGhza01zNE92XC9FbnhRcnVlUktncHhBUno0ZGFUODNKRjJYNWplSFwvWmZZQ0VBbUx1dXpQRW5ab1wvd3pRPT0iLCJtYWMiOiIwMTEwZjQ4MWFjNzlkYzczOWZjNDhhN2Q4ZjFiMDQ2N2VhNzAzM2E5YjUzOGQ5ZDVlNWQ0MDgwNTE5MTVjY2M5In0%3D; laravel_session=eyJpdiI6ImlTXC91RzhXcFVCZ0RraDV4aTMxQ3hnPT0iLCJ2YWx1ZSI6IlwvTkZRcUNTYkg4b2k5RDFDUVJSVW9XdkMrM0FoNUNQZU00NjI2blNrQ1VueVwvc21RN1JVMUVaNmNDU3JZN1wvTlwvaUl3WFwvWWJDbldMZHNZNzM0Skw3aEE9PSIsIm1hYyI6ImVjMGJjNDVkNDQ4ZDI1ODFmNjQ4NTVkOGU2ZDk4YzkzMGQ4N2E0YzNmMzIxZTdmZmNhZjZjZjkzY2IxNmFkMjkifQ%3D%3D; PHPSESSID=mbov61ioat0kadhldklc8m8jr7',
  'accept-language' => 'zh-CN,zh;q=0.8',
  'accept-encoding' => 'gzip, deflate, br',
  'referer' => 'http://127.0.0.1/TP_5.0.5_new/public/index.php/admin/login',
  'accept' => 'image/webp,image/apng,image/*,*/*;q=0.8',
  'user-agent' => 'Mozilla/5.0 (Windows NT 6.1; Win64; x64) AppleWebKit/537.36 (KHTML, like Gecko) Chrome/60.0.3112.113 Safari/537.36',
  'connection' => 'close',
  'host' => '127.0.0.1',
)
[ info ] [ PARAM ] array (
  'id' => NULL,
)
[ info ] [ RUN ] think\captcha\CaptchaController->index[ F:\phpStudy\WWW\TP_5.0.5_new\vendor\topthink\think-captcha\src\CaptchaController.php ]
[ info ] [ SESSION ] INIT array (
  'id' => '',
  'var_session_id' => '',
  'prefix' => 'think',
  'type' => '',
  'auto_start' => true,
  'expire' => 1800,
)
[ info ] [ LOG ] INIT File

---------------------------------------------------------------
[ 2017-11-07T10:10:42+08:00 ] 127.0.0.1 127.0.0.1 GET /TP_5.0.5_new/public/index.php/captcha.html
[ log ] 127.0.0.1/TP_5.0.5_new/public/index.php/captcha.html [运行时间：0.039200s][吞吐率：25.51req/s] [内存消耗：1,176.01kb] [文件加载：41]
[ info ] [ LANG ] F:\phpStudy\WWW\TP_5.0.5_new\thinkphp\lang\zh-cn.php
[ info ] [ ROUTE ] array (
  'type' => 'method',
  'method' => 
  array (
    0 => '\\think\\captcha\\CaptchaController',
    1 => 'index',
  ),
  'var' => 
  array (
  ),
)
[ info ] [ HEADER ] array (
  'cookie' => 'thinkphp_show_page_trace=0|0; XSRF-TOKEN=eyJpdiI6Imsyb042cTFaRmVLRnd3TG0rMHBpWHc9PSIsInZhbHVlIjoiRDBhKzYwOFwvckJPRGNJTkNXRnd0UnpCV0hjdGhza01zNE92XC9FbnhRcnVlUktncHhBUno0ZGFUODNKRjJYNWplSFwvWmZZQ0VBbUx1dXpQRW5ab1wvd3pRPT0iLCJtYWMiOiIwMTEwZjQ4MWFjNzlkYzczOWZjNDhhN2Q4ZjFiMDQ2N2VhNzAzM2E5YjUzOGQ5ZDVlNWQ0MDgwNTE5MTVjY2M5In0%3D; laravel_session=eyJpdiI6ImlTXC91RzhXcFVCZ0RraDV4aTMxQ3hnPT0iLCJ2YWx1ZSI6IlwvTkZRcUNTYkg4b2k5RDFDUVJSVW9XdkMrM0FoNUNQZU00NjI2blNrQ1VueVwvc21RN1JVMUVaNmNDU3JZN1wvTlwvaUl3WFwvWWJDbldMZHNZNzM0Skw3aEE9PSIsIm1hYyI6ImVjMGJjNDVkNDQ4ZDI1ODFmNjQ4NTVkOGU2ZDk4YzkzMGQ4N2E0YzNmMzIxZTdmZmNhZjZjZjkzY2IxNmFkMjkifQ%3D%3D; PHPSESSID=mbov61ioat0kadhldklc8m8jr7',
  'accept-language' => 'zh-CN,zh;q=0.8',
  'accept-encoding' => 'gzip, deflate, br',
  'referer' => 'http://127.0.0.1/TP_5.0.5_new/public/index.php/admin/login',
  'accept' => 'image/webp,image/apng,image/*,*/*;q=0.8',
  'user-agent' => 'Mozilla/5.0 (Windows NT 6.1; Win64; x64) AppleWebKit/537.36 (KHTML, like Gecko) Chrome/60.0.3112.113 Safari/537.36',
  'connection' => 'close',
  'host' => '127.0.0.1',
)
[ info ] [ PARAM ] array (
  'id' => NULL,
)
[ info ] [ RUN ] think\captcha\CaptchaController->index[ F:\phpStudy\WWW\TP_5.0.5_new\vendor\topthink\think-captcha\src\CaptchaController.php ]
[ info ] [ SESSION ] INIT array (
  'id' => '',
  'var_session_id' => '',
  'prefix' => 'think',
  'type' => '',
  'auto_start' => true,
  'expire' => 1800,
)
[ info ] [ LOG ] INIT File

---------------------------------------------------------------
[ 2017-11-07T10:10:42+08:00 ] 127.0.0.1 127.0.0.1 GET /TP_5.0.5_new/public/index.php/captcha.html
[ log ] 127.0.0.1/TP_5.0.5_new/public/index.php/captcha.html [运行时间：0.044002s][吞吐率：22.73req/s] [内存消耗：1,176.01kb] [文件加载：41]
[ info ] [ LANG ] F:\phpStudy\WWW\TP_5.0.5_new\thinkphp\lang\zh-cn.php
[ info ] [ ROUTE ] array (
  'type' => 'method',
  'method' => 
  array (
    0 => '\\think\\captcha\\CaptchaController',
    1 => 'index',
  ),
  'var' => 
  array (
  ),
)
[ info ] [ HEADER ] array (
  'cookie' => 'thinkphp_show_page_trace=0|0; XSRF-TOKEN=eyJpdiI6Imsyb042cTFaRmVLRnd3TG0rMHBpWHc9PSIsInZhbHVlIjoiRDBhKzYwOFwvckJPRGNJTkNXRnd0UnpCV0hjdGhza01zNE92XC9FbnhRcnVlUktncHhBUno0ZGFUODNKRjJYNWplSFwvWmZZQ0VBbUx1dXpQRW5ab1wvd3pRPT0iLCJtYWMiOiIwMTEwZjQ4MWFjNzlkYzczOWZjNDhhN2Q4ZjFiMDQ2N2VhNzAzM2E5YjUzOGQ5ZDVlNWQ0MDgwNTE5MTVjY2M5In0%3D; laravel_session=eyJpdiI6ImlTXC91RzhXcFVCZ0RraDV4aTMxQ3hnPT0iLCJ2YWx1ZSI6IlwvTkZRcUNTYkg4b2k5RDFDUVJSVW9XdkMrM0FoNUNQZU00NjI2blNrQ1VueVwvc21RN1JVMUVaNmNDU3JZN1wvTlwvaUl3WFwvWWJDbldMZHNZNzM0Skw3aEE9PSIsIm1hYyI6ImVjMGJjNDVkNDQ4ZDI1ODFmNjQ4NTVkOGU2ZDk4YzkzMGQ4N2E0YzNmMzIxZTdmZmNhZjZjZjkzY2IxNmFkMjkifQ%3D%3D; PHPSESSID=mbov61ioat0kadhldklc8m8jr7',
  'accept-language' => 'zh-CN,zh;q=0.8',
  'accept-encoding' => 'gzip, deflate, br',
  'referer' => 'http://127.0.0.1/TP_5.0.5_new/public/index.php/admin/login',
  'accept' => 'image/webp,image/apng,image/*,*/*;q=0.8',
  'user-agent' => 'Mozilla/5.0 (Windows NT 6.1; Win64; x64) AppleWebKit/537.36 (KHTML, like Gecko) Chrome/60.0.3112.113 Safari/537.36',
  'connection' => 'close',
  'host' => '127.0.0.1',
)
[ info ] [ PARAM ] array (
  'id' => NULL,
)
[ info ] [ RUN ] think\captcha\CaptchaController->index[ F:\phpStudy\WWW\TP_5.0.5_new\vendor\topthink\think-captcha\src\CaptchaController.php ]
[ info ] [ SESSION ] INIT array (
  'id' => '',
  'var_session_id' => '',
  'prefix' => 'think',
  'type' => '',
  'auto_start' => true,
  'expire' => 1800,
)
[ info ] [ LOG ] INIT File

---------------------------------------------------------------
[ 2017-11-07T10:10:42+08:00 ] 127.0.0.1 127.0.0.1 GET /TP_5.0.5_new/public/index.php/captcha.html
[ log ] 127.0.0.1/TP_5.0.5_new/public/index.php/captcha.html [运行时间：0.041002s][吞吐率：24.39req/s] [内存消耗：1,176.02kb] [文件加载：41]
[ info ] [ LANG ] F:\phpStudy\WWW\TP_5.0.5_new\thinkphp\lang\zh-cn.php
[ info ] [ ROUTE ] array (
  'type' => 'method',
  'method' => 
  array (
    0 => '\\think\\captcha\\CaptchaController',
    1 => 'index',
  ),
  'var' => 
  array (
  ),
)
[ info ] [ HEADER ] array (
  'cookie' => 'thinkphp_show_page_trace=0|0; XSRF-TOKEN=eyJpdiI6Imsyb042cTFaRmVLRnd3TG0rMHBpWHc9PSIsInZhbHVlIjoiRDBhKzYwOFwvckJPRGNJTkNXRnd0UnpCV0hjdGhza01zNE92XC9FbnhRcnVlUktncHhBUno0ZGFUODNKRjJYNWplSFwvWmZZQ0VBbUx1dXpQRW5ab1wvd3pRPT0iLCJtYWMiOiIwMTEwZjQ4MWFjNzlkYzczOWZjNDhhN2Q4ZjFiMDQ2N2VhNzAzM2E5YjUzOGQ5ZDVlNWQ0MDgwNTE5MTVjY2M5In0%3D; laravel_session=eyJpdiI6ImlTXC91RzhXcFVCZ0RraDV4aTMxQ3hnPT0iLCJ2YWx1ZSI6IlwvTkZRcUNTYkg4b2k5RDFDUVJSVW9XdkMrM0FoNUNQZU00NjI2blNrQ1VueVwvc21RN1JVMUVaNmNDU3JZN1wvTlwvaUl3WFwvWWJDbldMZHNZNzM0Skw3aEE9PSIsIm1hYyI6ImVjMGJjNDVkNDQ4ZDI1ODFmNjQ4NTVkOGU2ZDk4YzkzMGQ4N2E0YzNmMzIxZTdmZmNhZjZjZjkzY2IxNmFkMjkifQ%3D%3D; PHPSESSID=mbov61ioat0kadhldklc8m8jr7',
  'accept-language' => 'zh-CN,zh;q=0.8',
  'accept-encoding' => 'gzip, deflate, br',
  'referer' => 'http://127.0.0.1/TP_5.0.5_new/public/index.php/admin/login',
  'accept' => 'image/webp,image/apng,image/*,*/*;q=0.8',
  'user-agent' => 'Mozilla/5.0 (Windows NT 6.1; Win64; x64) AppleWebKit/537.36 (KHTML, like Gecko) Chrome/60.0.3112.113 Safari/537.36',
  'connection' => 'close',
  'host' => '127.0.0.1',
)
[ info ] [ PARAM ] array (
  'id' => NULL,
)
[ info ] [ RUN ] think\captcha\CaptchaController->index[ F:\phpStudy\WWW\TP_5.0.5_new\vendor\topthink\think-captcha\src\CaptchaController.php ]
[ info ] [ SESSION ] INIT array (
  'id' => '',
  'var_session_id' => '',
  'prefix' => 'think',
  'type' => '',
  'auto_start' => true,
  'expire' => 1800,
)
[ info ] [ LOG ] INIT File

---------------------------------------------------------------
[ 2017-11-07T10:10:42+08:00 ] 127.0.0.1 127.0.0.1 GET /TP_5.0.5_new/public/index.php/captcha.html
[ log ] 127.0.0.1/TP_5.0.5_new/public/index.php/captcha.html [运行时间：0.042002s][吞吐率：23.81req/s] [内存消耗：1,176.02kb] [文件加载：41]
[ info ] [ LANG ] F:\phpStudy\WWW\TP_5.0.5_new\thinkphp\lang\zh-cn.php
[ info ] [ ROUTE ] array (
  'type' => 'method',
  'method' => 
  array (
    0 => '\\think\\captcha\\CaptchaController',
    1 => 'index',
  ),
  'var' => 
  array (
  ),
)
[ info ] [ HEADER ] array (
  'cookie' => 'thinkphp_show_page_trace=0|0; XSRF-TOKEN=eyJpdiI6Imsyb042cTFaRmVLRnd3TG0rMHBpWHc9PSIsInZhbHVlIjoiRDBhKzYwOFwvckJPRGNJTkNXRnd0UnpCV0hjdGhza01zNE92XC9FbnhRcnVlUktncHhBUno0ZGFUODNKRjJYNWplSFwvWmZZQ0VBbUx1dXpQRW5ab1wvd3pRPT0iLCJtYWMiOiIwMTEwZjQ4MWFjNzlkYzczOWZjNDhhN2Q4ZjFiMDQ2N2VhNzAzM2E5YjUzOGQ5ZDVlNWQ0MDgwNTE5MTVjY2M5In0%3D; laravel_session=eyJpdiI6ImlTXC91RzhXcFVCZ0RraDV4aTMxQ3hnPT0iLCJ2YWx1ZSI6IlwvTkZRcUNTYkg4b2k5RDFDUVJSVW9XdkMrM0FoNUNQZU00NjI2blNrQ1VueVwvc21RN1JVMUVaNmNDU3JZN1wvTlwvaUl3WFwvWWJDbldMZHNZNzM0Skw3aEE9PSIsIm1hYyI6ImVjMGJjNDVkNDQ4ZDI1ODFmNjQ4NTVkOGU2ZDk4YzkzMGQ4N2E0YzNmMzIxZTdmZmNhZjZjZjkzY2IxNmFkMjkifQ%3D%3D; PHPSESSID=mbov61ioat0kadhldklc8m8jr7',
  'accept-language' => 'zh-CN,zh;q=0.8',
  'accept-encoding' => 'gzip, deflate, br',
  'referer' => 'http://127.0.0.1/TP_5.0.5_new/public/index.php/admin/login',
  'accept' => 'image/webp,image/apng,image/*,*/*;q=0.8',
  'user-agent' => 'Mozilla/5.0 (Windows NT 6.1; Win64; x64) AppleWebKit/537.36 (KHTML, like Gecko) Chrome/60.0.3112.113 Safari/537.36',
  'connection' => 'close',
  'host' => '127.0.0.1',
)
[ info ] [ PARAM ] array (
  'id' => NULL,
)
[ info ] [ RUN ] think\captcha\CaptchaController->index[ F:\phpStudy\WWW\TP_5.0.5_new\vendor\topthink\think-captcha\src\CaptchaController.php ]
[ info ] [ SESSION ] INIT array (
  'id' => '',
  'var_session_id' => '',
  'prefix' => 'think',
  'type' => '',
  'auto_start' => true,
  'expire' => 1800,
)
[ info ] [ LOG ] INIT File

---------------------------------------------------------------
[ 2017-11-07T10:10:43+08:00 ] 127.0.0.1 127.0.0.1 GET /TP_5.0.5_new/public/index.php/captcha.html
[ log ] 127.0.0.1/TP_5.0.5_new/public/index.php/captcha.html [运行时间：0.050003s][吞吐率：20.00req/s] [内存消耗：1,175.99kb] [文件加载：41]
[ info ] [ LANG ] F:\phpStudy\WWW\TP_5.0.5_new\thinkphp\lang\zh-cn.php
[ info ] [ ROUTE ] array (
  'type' => 'method',
  'method' => 
  array (
    0 => '\\think\\captcha\\CaptchaController',
    1 => 'index',
  ),
  'var' => 
  array (
  ),
)
[ info ] [ HEADER ] array (
  'cookie' => 'thinkphp_show_page_trace=0|0; XSRF-TOKEN=eyJpdiI6Imsyb042cTFaRmVLRnd3TG0rMHBpWHc9PSIsInZhbHVlIjoiRDBhKzYwOFwvckJPRGNJTkNXRnd0UnpCV0hjdGhza01zNE92XC9FbnhRcnVlUktncHhBUno0ZGFUODNKRjJYNWplSFwvWmZZQ0VBbUx1dXpQRW5ab1wvd3pRPT0iLCJtYWMiOiIwMTEwZjQ4MWFjNzlkYzczOWZjNDhhN2Q4ZjFiMDQ2N2VhNzAzM2E5YjUzOGQ5ZDVlNWQ0MDgwNTE5MTVjY2M5In0%3D; laravel_session=eyJpdiI6ImlTXC91RzhXcFVCZ0RraDV4aTMxQ3hnPT0iLCJ2YWx1ZSI6IlwvTkZRcUNTYkg4b2k5RDFDUVJSVW9XdkMrM0FoNUNQZU00NjI2blNrQ1VueVwvc21RN1JVMUVaNmNDU3JZN1wvTlwvaUl3WFwvWWJDbldMZHNZNzM0Skw3aEE9PSIsIm1hYyI6ImVjMGJjNDVkNDQ4ZDI1ODFmNjQ4NTVkOGU2ZDk4YzkzMGQ4N2E0YzNmMzIxZTdmZmNhZjZjZjkzY2IxNmFkMjkifQ%3D%3D; PHPSESSID=mbov61ioat0kadhldklc8m8jr7',
  'accept-language' => 'zh-CN,zh;q=0.8',
  'accept-encoding' => 'gzip, deflate, br',
  'referer' => 'http://127.0.0.1/TP_5.0.5_new/public/index.php/admin/login',
  'accept' => 'image/webp,image/apng,image/*,*/*;q=0.8',
  'user-agent' => 'Mozilla/5.0 (Windows NT 6.1; Win64; x64) AppleWebKit/537.36 (KHTML, like Gecko) Chrome/60.0.3112.113 Safari/537.36',
  'connection' => 'close',
  'host' => '127.0.0.1',
)
[ info ] [ PARAM ] array (
  'id' => NULL,
)
[ info ] [ RUN ] think\captcha\CaptchaController->index[ F:\phpStudy\WWW\TP_5.0.5_new\vendor\topthink\think-captcha\src\CaptchaController.php ]
[ info ] [ SESSION ] INIT array (
  'id' => '',
  'var_session_id' => '',
  'prefix' => 'think',
  'type' => '',
  'auto_start' => true,
  'expire' => 1800,
)
[ info ] [ LOG ] INIT File

---------------------------------------------------------------
[ 2017-11-07T10:10:43+08:00 ] 127.0.0.1 127.0.0.1 GET /TP_5.0.5_new/public/index.php/captcha.html
[ log ] 127.0.0.1/TP_5.0.5_new/public/index.php/captcha.html [运行时间：0.043002s][吞吐率：23.25req/s] [内存消耗：1,176.01kb] [文件加载：41]
[ info ] [ LANG ] F:\phpStudy\WWW\TP_5.0.5_new\thinkphp\lang\zh-cn.php
[ info ] [ ROUTE ] array (
  'type' => 'method',
  'method' => 
  array (
    0 => '\\think\\captcha\\CaptchaController',
    1 => 'index',
  ),
  'var' => 
  array (
  ),
)
[ info ] [ HEADER ] array (
  'cookie' => 'thinkphp_show_page_trace=0|0; XSRF-TOKEN=eyJpdiI6Imsyb042cTFaRmVLRnd3TG0rMHBpWHc9PSIsInZhbHVlIjoiRDBhKzYwOFwvckJPRGNJTkNXRnd0UnpCV0hjdGhza01zNE92XC9FbnhRcnVlUktncHhBUno0ZGFUODNKRjJYNWplSFwvWmZZQ0VBbUx1dXpQRW5ab1wvd3pRPT0iLCJtYWMiOiIwMTEwZjQ4MWFjNzlkYzczOWZjNDhhN2Q4ZjFiMDQ2N2VhNzAzM2E5YjUzOGQ5ZDVlNWQ0MDgwNTE5MTVjY2M5In0%3D; laravel_session=eyJpdiI6ImlTXC91RzhXcFVCZ0RraDV4aTMxQ3hnPT0iLCJ2YWx1ZSI6IlwvTkZRcUNTYkg4b2k5RDFDUVJSVW9XdkMrM0FoNUNQZU00NjI2blNrQ1VueVwvc21RN1JVMUVaNmNDU3JZN1wvTlwvaUl3WFwvWWJDbldMZHNZNzM0Skw3aEE9PSIsIm1hYyI6ImVjMGJjNDVkNDQ4ZDI1ODFmNjQ4NTVkOGU2ZDk4YzkzMGQ4N2E0YzNmMzIxZTdmZmNhZjZjZjkzY2IxNmFkMjkifQ%3D%3D; PHPSESSID=mbov61ioat0kadhldklc8m8jr7',
  'accept-language' => 'zh-CN,zh;q=0.8',
  'accept-encoding' => 'gzip, deflate, br',
  'referer' => 'http://127.0.0.1/TP_5.0.5_new/public/index.php/admin/login',
  'accept' => 'image/webp,image/apng,image/*,*/*;q=0.8',
  'user-agent' => 'Mozilla/5.0 (Windows NT 6.1; Win64; x64) AppleWebKit/537.36 (KHTML, like Gecko) Chrome/60.0.3112.113 Safari/537.36',
  'connection' => 'close',
  'host' => '127.0.0.1',
)
[ info ] [ PARAM ] array (
  'id' => NULL,
)
[ info ] [ RUN ] think\captcha\CaptchaController->index[ F:\phpStudy\WWW\TP_5.0.5_new\vendor\topthink\think-captcha\src\CaptchaController.php ]
[ info ] [ SESSION ] INIT array (
  'id' => '',
  'var_session_id' => '',
  'prefix' => 'think',
  'type' => '',
  'auto_start' => true,
  'expire' => 1800,
)
[ info ] [ LOG ] INIT File

---------------------------------------------------------------
