[ 2017-09-02T11:18:09+08:00 ] 127.0.0.1 127.0.0.1 GET /TP_5.0.5_new/public/index.php/admin/login/index.html
[ log ] 127.0.0.1/TP_5.0.5_new/public/index.php/admin/login/index.html [运行时间：0.045601s][吞吐率：21.93req/s] [内存消耗：1,251.78kb] [文件加载：41]
[ info ] [ LANG ] F:\phpStudy\WWW\TP_5.0.5_new\thinkphp\lang\zh-cn.php
[ info ] [ ROUTE ] array (
  'type' => 'module',
  'module' => 
  array (
    0 => 'admin',
    1 => 'login',
    2 => 'index',
  ),
)
[ info ] [ HEADER ] array (
  'cookie' => 'thinkphp_show_page_trace=0|0; thinkphp_show_page_trace=0|0; advanced-backend=ki2o9amkcmjcfgma89bfn9o9o7; _csrf-backend=a35b39b642519f1721eb997035ac82f2b13b636094844bbcc6d6e52e30ac2b40a%3A2%3A%7Bi%3A0%3Bs%3A13%3A%22_csrf-backend%22%3Bi%3A1%3Bs%3A32%3A%22U3MNKC2tghTU-v255_fwERhYjIxrpMeQ%22%3B%7D; PHPSESSID=vufgbgadhe2lqk4e201l7tmjn2',
  'accept-language' => 'zh-CN,zh;q=0.8',
  'accept-encoding' => 'gzip, deflate, br',
  'accept' => 'text/html,application/xhtml+xml,application/xml;q=0.9,image/webp,image/apng,*/*;q=0.8',
  'user-agent' => 'Mozilla/5.0 (Windows NT 6.1; Win64; x64) AppleWebKit/537.36 (KHTML, like Gecko) Chrome/60.0.3112.113 Safari/537.36',
  'upgrade-insecure-requests' => '1',
  'cache-control' => 'max-age=0',
  'connection' => 'close',
  'host' => '127.0.0.1',
)
[ info ] [ PARAM ] array (
)
[ info ] [ RUN ] app\admin\controller\Login->index[ F:\phpStudy\WWW\TP_5.0.5_new\application\admin\controller\Login.php ]
[ info ] [ VIEW ] F:\phpStudy\WWW\TP_5.0.5_new\public/../application/admin\view\login\index.html [ array (
) ]
[ info ] [ LOG ] INIT File

---------------------------------------------------------------
[ 2017-09-02T11:20:31+08:00 ] 127.0.0.1 127.0.0.1 GET /TP_5.0.5_new/public/index.php/admin/login/index.html
[ log ] 127.0.0.1/TP_5.0.5_new/public/index.php/admin/login/index.html [运行时间：0.044003s][吞吐率：22.73req/s] [内存消耗：1,134.35kb] [文件加载：39]
[ info ] [ LANG ] F:\phpStudy\WWW\TP_5.0.5_new\thinkphp\lang\zh-cn.php
[ info ] [ ROUTE ] array (
  'type' => 'module',
  'module' => 
  array (
    0 => 'admin',
    1 => 'login',
    2 => 'index',
  ),
)
[ info ] [ HEADER ] array (
  'cookie' => 'thinkphp_show_page_trace=0|0; thinkphp_show_page_trace=0|0; advanced-backend=ki2o9amkcmjcfgma89bfn9o9o7; _csrf-backend=a35b39b642519f1721eb997035ac82f2b13b636094844bbcc6d6e52e30ac2b40a%3A2%3A%7Bi%3A0%3Bs%3A13%3A%22_csrf-backend%22%3Bi%3A1%3Bs%3A32%3A%22U3MNKC2tghTU-v255_fwERhYjIxrpMeQ%22%3B%7D; PHPSESSID=vufgbgadhe2lqk4e201l7tmjn2',
  'accept-language' => 'zh-CN,zh;q=0.8',
  'accept-encoding' => 'gzip, deflate, br',
  'accept' => 'text/html,application/xhtml+xml,application/xml;q=0.9,image/webp,image/apng,*/*;q=0.8',
  'user-agent' => 'Mozilla/5.0 (Windows NT 6.1; Win64; x64) AppleWebKit/537.36 (KHTML, like Gecko) Chrome/60.0.3112.113 Safari/537.36',
  'upgrade-insecure-requests' => '1',
  'cache-control' => 'max-age=0',
  'connection' => 'close',
  'host' => '127.0.0.1',
)
[ info ] [ PARAM ] array (
)
[ info ] [ RUN ] app\admin\controller\Login->index[ F:\phpStudy\WWW\TP_5.0.5_new\application\admin\controller\Login.php ]
[ info ] [ VIEW ] F:\phpStudy\WWW\TP_5.0.5_new\public/../application/admin\view\login\index.html [ array (
) ]
[ info ] [ LOG ] INIT File

---------------------------------------------------------------
[ 2017-09-02T11:22:29+08:00 ] 127.0.0.1 127.0.0.1 GET /TP_5.0.5_new/public/index.php/admin/login/index.html
[ log ] 127.0.0.1/TP_5.0.5_new/public/index.php/admin/login/index.html [运行时间：0.049201s][吞吐率：20.32req/s] [内存消耗：1,134.45kb] [文件加载：39]
[ info ] [ LANG ] F:\phpStudy\WWW\TP_5.0.5_new\thinkphp\lang\zh-cn.php
[ info ] [ ROUTE ] array (
  'type' => 'module',
  'module' => 
  array (
    0 => 'admin',
    1 => 'login',
    2 => 'index',
  ),
)
[ info ] [ HEADER ] array (
  'cookie' => 'thinkphp_show_page_trace=0|0; thinkphp_show_page_trace=0|0; advanced-backend=ki2o9amkcmjcfgma89bfn9o9o7; _csrf-backend=a35b39b642519f1721eb997035ac82f2b13b636094844bbcc6d6e52e30ac2b40a%3A2%3A%7Bi%3A0%3Bs%3A13%3A%22_csrf-backend%22%3Bi%3A1%3Bs%3A32%3A%22U3MNKC2tghTU-v255_fwERhYjIxrpMeQ%22%3B%7D; PHPSESSID=vufgbgadhe2lqk4e201l7tmjn2',
  'accept-language' => 'zh-CN,zh;q=0.8',
  'accept-encoding' => 'gzip, deflate, br',
  'accept' => 'text/html,application/xhtml+xml,application/xml;q=0.9,image/webp,image/apng,*/*;q=0.8',
  'user-agent' => 'Mozilla/5.0 (Windows NT 6.1; Win64; x64) AppleWebKit/537.36 (KHTML, like Gecko) Chrome/60.0.3112.113 Safari/537.36',
  'upgrade-insecure-requests' => '1',
  'cache-control' => 'no-cache',
  'pragma' => 'no-cache',
  'connection' => 'close',
  'host' => '127.0.0.1',
)
[ info ] [ PARAM ] array (
)
[ info ] [ RUN ] app\admin\controller\Login->index[ F:\phpStudy\WWW\TP_5.0.5_new\application\admin\controller\Login.php ]
[ info ] [ VIEW ] F:\phpStudy\WWW\TP_5.0.5_new\public/../application/admin\view\login\index.html [ array (
) ]
[ info ] [ LOG ] INIT File

---------------------------------------------------------------
[ 2017-09-02T11:22:29+08:00 ] 127.0.0.1 127.0.0.1 GET /TP_5.0.5_new/public/index.php/admin/login/index.html
[ log ] 127.0.0.1/TP_5.0.5_new/public/index.php/admin/login/index.html [运行时间：0.027001s][吞吐率：37.04req/s] [内存消耗：1,134.45kb] [文件加载：39]
[ info ] [ LANG ] F:\phpStudy\WWW\TP_5.0.5_new\thinkphp\lang\zh-cn.php
[ info ] [ ROUTE ] array (
  'type' => 'module',
  'module' => 
  array (
    0 => 'admin',
    1 => 'login',
    2 => 'index',
  ),
)
[ info ] [ HEADER ] array (
  'cookie' => 'thinkphp_show_page_trace=0|0; thinkphp_show_page_trace=0|0; advanced-backend=ki2o9amkcmjcfgma89bfn9o9o7; _csrf-backend=a35b39b642519f1721eb997035ac82f2b13b636094844bbcc6d6e52e30ac2b40a%3A2%3A%7Bi%3A0%3Bs%3A13%3A%22_csrf-backend%22%3Bi%3A1%3Bs%3A32%3A%22U3MNKC2tghTU-v255_fwERhYjIxrpMeQ%22%3B%7D; PHPSESSID=vufgbgadhe2lqk4e201l7tmjn2',
  'accept-language' => 'zh-CN,zh;q=0.8',
  'accept-encoding' => 'gzip, deflate, br',
  'accept' => 'text/html,application/xhtml+xml,application/xml;q=0.9,image/webp,image/apng,*/*;q=0.8',
  'user-agent' => 'Mozilla/5.0 (Windows NT 6.1; Win64; x64) AppleWebKit/537.36 (KHTML, like Gecko) Chrome/60.0.3112.113 Safari/537.36',
  'upgrade-insecure-requests' => '1',
  'cache-control' => 'no-cache',
  'pragma' => 'no-cache',
  'connection' => 'close',
  'host' => '127.0.0.1',
)
[ info ] [ PARAM ] array (
)
[ info ] [ RUN ] app\admin\controller\Login->index[ F:\phpStudy\WWW\TP_5.0.5_new\application\admin\controller\Login.php ]
[ info ] [ VIEW ] F:\phpStudy\WWW\TP_5.0.5_new\public/../application/admin\view\login\index.html [ array (
) ]
[ info ] [ LOG ] INIT File

---------------------------------------------------------------
[ 2017-09-02T11:22:29+08:00 ] 127.0.0.1 127.0.0.1 GET /TP_5.0.5_new/public/index.php/admin/login/index.html
[ log ] 127.0.0.1/TP_5.0.5_new/public/index.php/admin/login/index.html [运行时间：0.025001s][吞吐率：40.00req/s] [内存消耗：1,134.45kb] [文件加载：39]
[ info ] [ LANG ] F:\phpStudy\WWW\TP_5.0.5_new\thinkphp\lang\zh-cn.php
[ info ] [ ROUTE ] array (
  'type' => 'module',
  'module' => 
  array (
    0 => 'admin',
    1 => 'login',
    2 => 'index',
  ),
)
[ info ] [ HEADER ] array (
  'cookie' => 'thinkphp_show_page_trace=0|0; thinkphp_show_page_trace=0|0; advanced-backend=ki2o9amkcmjcfgma89bfn9o9o7; _csrf-backend=a35b39b642519f1721eb997035ac82f2b13b636094844bbcc6d6e52e30ac2b40a%3A2%3A%7Bi%3A0%3Bs%3A13%3A%22_csrf-backend%22%3Bi%3A1%3Bs%3A32%3A%22U3MNKC2tghTU-v255_fwERhYjIxrpMeQ%22%3B%7D; PHPSESSID=vufgbgadhe2lqk4e201l7tmjn2',
  'accept-language' => 'zh-CN,zh;q=0.8',
  'accept-encoding' => 'gzip, deflate, br',
  'accept' => 'text/html,application/xhtml+xml,application/xml;q=0.9,image/webp,image/apng,*/*;q=0.8',
  'user-agent' => 'Mozilla/5.0 (Windows NT 6.1; Win64; x64) AppleWebKit/537.36 (KHTML, like Gecko) Chrome/60.0.3112.113 Safari/537.36',
  'upgrade-insecure-requests' => '1',
  'cache-control' => 'no-cache',
  'pragma' => 'no-cache',
  'connection' => 'close',
  'host' => '127.0.0.1',
)
[ info ] [ PARAM ] array (
)
[ info ] [ RUN ] app\admin\controller\Login->index[ F:\phpStudy\WWW\TP_5.0.5_new\application\admin\controller\Login.php ]
[ info ] [ VIEW ] F:\phpStudy\WWW\TP_5.0.5_new\public/../application/admin\view\login\index.html [ array (
) ]
[ info ] [ LOG ] INIT File

---------------------------------------------------------------
[ 2017-09-02T11:25:23+08:00 ] 127.0.0.1 127.0.0.1 GET /TP_5.0.5_new/public/
[ log ] 127.0.0.1/TP_5.0.5_new/public/ [运行时间：0.037200s][吞吐率：26.88req/s] [内存消耗：855.95kb] [文件加载：31]
[ info ] [ LANG ] F:\phpStudy\WWW\TP_5.0.5_new\thinkphp\lang\zh-cn.php
[ info ] [ ROUTE ] array (
  'type' => 'module',
  'module' => 
  array (
    0 => '',
    1 => NULL,
    2 => NULL,
  ),
)
[ info ] [ HEADER ] array (
  'cookie' => 'thinkphp_show_page_trace=0|0; advanced-backend=ki2o9amkcmjcfgma89bfn9o9o7; _csrf-backend=a35b39b642519f1721eb997035ac82f2b13b636094844bbcc6d6e52e30ac2b40a%3A2%3A%7Bi%3A0%3Bs%3A13%3A%22_csrf-backend%22%3Bi%3A1%3Bs%3A32%3A%22U3MNKC2tghTU-v255_fwERhYjIxrpMeQ%22%3B%7D; PHPSESSID=vufgbgadhe2lqk4e201l7tmjn2',
  'accept-language' => 'zh-CN,zh;q=0.8',
  'accept-encoding' => 'gzip, deflate, br',
  'accept' => 'text/html,application/xhtml+xml,application/xml;q=0.9,image/webp,image/apng,*/*;q=0.8',
  'user-agent' => 'Mozilla/5.0 (Windows NT 6.1; Win64; x64) AppleWebKit/537.36 (KHTML, like Gecko) Chrome/60.0.3112.113 Safari/537.36',
  'upgrade-insecure-requests' => '1',
  'connection' => 'close',
  'host' => '127.0.0.1',
)
[ info ] [ PARAM ] array (
)
[ info ] [ RUN ] app\index\controller\Index->index[ F:\phpStudy\WWW\TP_5.0.5_new\application\index\controller\Index.php ]
[ info ] [ LOG ] INIT File

---------------------------------------------------------------
[ 2017-09-02T11:25:28+08:00 ] 127.0.0.1 127.0.0.1 GET /TP_5.0.5_new/public/index.php
[ log ] 127.0.0.1/TP_5.0.5_new/public/index.php [运行时间：0.025001s][吞吐率：40.00req/s] [内存消耗：855.92kb] [文件加载：31]
[ info ] [ LANG ] F:\phpStudy\WWW\TP_5.0.5_new\thinkphp\lang\zh-cn.php
[ info ] [ ROUTE ] array (
  'type' => 'module',
  'module' => 
  array (
    0 => '',
    1 => NULL,
    2 => NULL,
  ),
)
[ info ] [ HEADER ] array (
  'cookie' => 'thinkphp_show_page_trace=0|0; advanced-backend=ki2o9amkcmjcfgma89bfn9o9o7; _csrf-backend=a35b39b642519f1721eb997035ac82f2b13b636094844bbcc6d6e52e30ac2b40a%3A2%3A%7Bi%3A0%3Bs%3A13%3A%22_csrf-backend%22%3Bi%3A1%3Bs%3A32%3A%22U3MNKC2tghTU-v255_fwERhYjIxrpMeQ%22%3B%7D; PHPSESSID=vufgbgadhe2lqk4e201l7tmjn2',
  'accept-language' => 'zh-CN,zh;q=0.8',
  'accept-encoding' => 'gzip, deflate, br',
  'accept' => 'text/html,application/xhtml+xml,application/xml;q=0.9,image/webp,image/apng,*/*;q=0.8',
  'user-agent' => 'Mozilla/5.0 (Windows NT 6.1; Win64; x64) AppleWebKit/537.36 (KHTML, like Gecko) Chrome/60.0.3112.113 Safari/537.36',
  'upgrade-insecure-requests' => '1',
  'connection' => 'close',
  'host' => '127.0.0.1',
)
[ info ] [ PARAM ] array (
)
[ info ] [ RUN ] app\index\controller\Index->index[ F:\phpStudy\WWW\TP_5.0.5_new\application\index\controller\Index.php ]
[ info ] [ LOG ] INIT File

---------------------------------------------------------------
[ 2017-09-02T11:25:33+08:00 ] 127.0.0.1 127.0.0.1 GET /TP_5.0.5_new/public/index.php/admin
[ log ] 127.0.0.1/TP_5.0.5_new/public/index.php/admin [运行时间：0.028002s][吞吐率：35.71req/s] [内存消耗：1,092.63kb] [文件加载：38]
[ info ] [ LANG ] F:\phpStudy\WWW\TP_5.0.5_new\thinkphp\lang\zh-cn.php
[ info ] [ ROUTE ] array (
  'type' => 'module',
  'module' => 
  array (
    0 => 'admin',
    1 => NULL,
    2 => NULL,
  ),
)
[ info ] [ HEADER ] array (
  'cookie' => 'thinkphp_show_page_trace=0|0; advanced-backend=ki2o9amkcmjcfgma89bfn9o9o7; _csrf-backend=a35b39b642519f1721eb997035ac82f2b13b636094844bbcc6d6e52e30ac2b40a%3A2%3A%7Bi%3A0%3Bs%3A13%3A%22_csrf-backend%22%3Bi%3A1%3Bs%3A32%3A%22U3MNKC2tghTU-v255_fwERhYjIxrpMeQ%22%3B%7D; PHPSESSID=vufgbgadhe2lqk4e201l7tmjn2',
  'accept-language' => 'zh-CN,zh;q=0.8',
  'accept-encoding' => 'gzip, deflate, br',
  'accept' => 'text/html,application/xhtml+xml,application/xml;q=0.9,image/webp,image/apng,*/*;q=0.8',
  'user-agent' => 'Mozilla/5.0 (Windows NT 6.1; Win64; x64) AppleWebKit/537.36 (KHTML, like Gecko) Chrome/60.0.3112.113 Safari/537.36',
  'upgrade-insecure-requests' => '1',
  'connection' => 'close',
  'host' => '127.0.0.1',
)
[ info ] [ PARAM ] array (
)
[ info ] [ SESSION ] INIT array (
  'id' => '',
  'var_session_id' => '',
  'prefix' => 'think',
  'type' => '',
  'auto_start' => true,
  'expire' => 1800,
)
[ info ] [ LOG ] INIT File

---------------------------------------------------------------
[ 2017-09-02T11:25:33+08:00 ] 127.0.0.1 127.0.0.1 GET /TP_5.0.5_new/public/index.php/admin/login/index.html
[ log ] 127.0.0.1/TP_5.0.5_new/public/index.php/admin/login/index.html [运行时间：0.021001s][吞吐率：47.62req/s] [内存消耗：1,134.19kb] [文件加载：39]
[ info ] [ LANG ] F:\phpStudy\WWW\TP_5.0.5_new\thinkphp\lang\zh-cn.php
[ info ] [ ROUTE ] array (
  'type' => 'module',
  'module' => 
  array (
    0 => 'admin',
    1 => 'login',
    2 => 'index',
  ),
)
[ info ] [ HEADER ] array (
  'cookie' => 'thinkphp_show_page_trace=0|0; thinkphp_show_page_trace=0|0; advanced-backend=ki2o9amkcmjcfgma89bfn9o9o7; _csrf-backend=a35b39b642519f1721eb997035ac82f2b13b636094844bbcc6d6e52e30ac2b40a%3A2%3A%7Bi%3A0%3Bs%3A13%3A%22_csrf-backend%22%3Bi%3A1%3Bs%3A32%3A%22U3MNKC2tghTU-v255_fwERhYjIxrpMeQ%22%3B%7D; PHPSESSID=vufgbgadhe2lqk4e201l7tmjn2',
  'accept-language' => 'zh-CN,zh;q=0.8',
  'accept-encoding' => 'gzip, deflate, br',
  'accept' => 'text/html,application/xhtml+xml,application/xml;q=0.9,image/webp,image/apng,*/*;q=0.8',
  'user-agent' => 'Mozilla/5.0 (Windows NT 6.1; Win64; x64) AppleWebKit/537.36 (KHTML, like Gecko) Chrome/60.0.3112.113 Safari/537.36',
  'upgrade-insecure-requests' => '1',
  'connection' => 'close',
  'host' => '127.0.0.1',
)
[ info ] [ PARAM ] array (
)
[ info ] [ RUN ] app\admin\controller\Login->index[ F:\phpStudy\WWW\TP_5.0.5_new\application\admin\controller\Login.php ]
[ info ] [ VIEW ] F:\phpStudy\WWW\TP_5.0.5_new\public/../application/admin\view\login\index.html [ array (
) ]
[ info ] [ LOG ] INIT File

---------------------------------------------------------------
[ 2017-09-02T11:25:41+08:00 ] 127.0.0.1 127.0.0.1 POST /TP_5.0.5_new/public/index.php/admin/login/index.html
[ log ] 127.0.0.1/TP_5.0.5_new/public/index.php/admin/login/index.html [运行时间：0.129008s][吞吐率：7.75req/s] [内存消耗：1,935.88kb] [文件加载：46]
[ info ] [ LANG ] F:\phpStudy\WWW\TP_5.0.5_new\thinkphp\lang\zh-cn.php
[ info ] [ ROUTE ] array (
  'type' => 'module',
  'module' => 
  array (
    0 => 'admin',
    1 => 'login',
    2 => 'index',
  ),
)
[ info ] [ HEADER ] array (
  'cookie' => 'thinkphp_show_page_trace=0|0; thinkphp_show_page_trace=0|0; advanced-backend=ki2o9amkcmjcfgma89bfn9o9o7; _csrf-backend=a35b39b642519f1721eb997035ac82f2b13b636094844bbcc6d6e52e30ac2b40a%3A2%3A%7Bi%3A0%3Bs%3A13%3A%22_csrf-backend%22%3Bi%3A1%3Bs%3A32%3A%22U3MNKC2tghTU-v255_fwERhYjIxrpMeQ%22%3B%7D; PHPSESSID=vufgbgadhe2lqk4e201l7tmjn2',
  'accept-language' => 'zh-CN,zh;q=0.8',
  'accept-encoding' => 'gzip, deflate, br',
  'referer' => 'http://127.0.0.1/TP_5.0.5_new/public/index.php/admin/login/index.html',
  'content-type' => 'application/x-www-form-urlencoded; charset=UTF-8',
  'user-agent' => 'Mozilla/5.0 (Windows NT 6.1; Win64; x64) AppleWebKit/537.36 (KHTML, like Gecko) Chrome/60.0.3112.113 Safari/537.36',
  'x-requested-with' => 'XMLHttpRequest',
  'origin' => 'http://127.0.0.1',
  'accept' => 'application/json, text/javascript, */*; q=0.01',
  'content-length' => '29',
  'connection' => 'close',
  'host' => '127.0.0.1',
)
[ info ] [ PARAM ] array (
  'username' => 'admin',
  'password' => 'admin',
)
[ info ] [ RUN ] app\admin\controller\Login->index[ F:\phpStudy\WWW\TP_5.0.5_new\application\admin\controller\Login.php ]
[ info ] [ DB ] INIT mysql
[ info ] [ LOG ] INIT File
[ error ] [1049]SQLSTATE[HY000] [1049] Unknown database 'new'[F:\phpStudy\WWW\TP_5.0.5_new\thinkphp\library\think\db\Connection.php:287]

---------------------------------------------------------------
[ 2017-09-02T11:25:43+08:00 ] 127.0.0.1 127.0.0.1 POST /TP_5.0.5_new/public/index.php/admin/login/index.html
[ log ] 127.0.0.1/TP_5.0.5_new/public/index.php/admin/login/index.html [运行时间：0.061003s][吞吐率：16.39req/s] [内存消耗：1,935.86kb] [文件加载：46]
[ info ] [ LANG ] F:\phpStudy\WWW\TP_5.0.5_new\thinkphp\lang\zh-cn.php
[ info ] [ ROUTE ] array (
  'type' => 'module',
  'module' => 
  array (
    0 => 'admin',
    1 => 'login',
    2 => 'index',
  ),
)
[ info ] [ HEADER ] array (
  'cookie' => 'thinkphp_show_page_trace=0|0; thinkphp_show_page_trace=0|0; advanced-backend=ki2o9amkcmjcfgma89bfn9o9o7; _csrf-backend=a35b39b642519f1721eb997035ac82f2b13b636094844bbcc6d6e52e30ac2b40a%3A2%3A%7Bi%3A0%3Bs%3A13%3A%22_csrf-backend%22%3Bi%3A1%3Bs%3A32%3A%22U3MNKC2tghTU-v255_fwERhYjIxrpMeQ%22%3B%7D; PHPSESSID=vufgbgadhe2lqk4e201l7tmjn2',
  'accept-language' => 'zh-CN,zh;q=0.8',
  'accept-encoding' => 'gzip, deflate, br',
  'referer' => 'http://127.0.0.1/TP_5.0.5_new/public/index.php/admin/login/index.html',
  'content-type' => 'application/x-www-form-urlencoded; charset=UTF-8',
  'user-agent' => 'Mozilla/5.0 (Windows NT 6.1; Win64; x64) AppleWebKit/537.36 (KHTML, like Gecko) Chrome/60.0.3112.113 Safari/537.36',
  'x-requested-with' => 'XMLHttpRequest',
  'origin' => 'http://127.0.0.1',
  'accept' => 'application/json, text/javascript, */*; q=0.01',
  'content-length' => '29',
  'connection' => 'close',
  'host' => '127.0.0.1',
)
[ info ] [ PARAM ] array (
  'username' => 'admin',
  'password' => 'admin',
)
[ info ] [ RUN ] app\admin\controller\Login->index[ F:\phpStudy\WWW\TP_5.0.5_new\application\admin\controller\Login.php ]
[ info ] [ DB ] INIT mysql
[ info ] [ LOG ] INIT File
[ error ] [1049]SQLSTATE[HY000] [1049] Unknown database 'new'[F:\phpStudy\WWW\TP_5.0.5_new\thinkphp\library\think\db\Connection.php:287]

---------------------------------------------------------------
[ 2017-09-02T11:25:44+08:00 ] 127.0.0.1 127.0.0.1 POST /TP_5.0.5_new/public/index.php/admin/login/index.html
[ log ] 127.0.0.1/TP_5.0.5_new/public/index.php/admin/login/index.html [运行时间：0.049003s][吞吐率：20.41req/s] [内存消耗：1,935.86kb] [文件加载：46]
[ info ] [ LANG ] F:\phpStudy\WWW\TP_5.0.5_new\thinkphp\lang\zh-cn.php
[ info ] [ ROUTE ] array (
  'type' => 'module',
  'module' => 
  array (
    0 => 'admin',
    1 => 'login',
    2 => 'index',
  ),
)
[ info ] [ HEADER ] array (
  'cookie' => 'thinkphp_show_page_trace=0|0; thinkphp_show_page_trace=0|0; advanced-backend=ki2o9amkcmjcfgma89bfn9o9o7; _csrf-backend=a35b39b642519f1721eb997035ac82f2b13b636094844bbcc6d6e52e30ac2b40a%3A2%3A%7Bi%3A0%3Bs%3A13%3A%22_csrf-backend%22%3Bi%3A1%3Bs%3A32%3A%22U3MNKC2tghTU-v255_fwERhYjIxrpMeQ%22%3B%7D; PHPSESSID=vufgbgadhe2lqk4e201l7tmjn2',
  'accept-language' => 'zh-CN,zh;q=0.8',
  'accept-encoding' => 'gzip, deflate, br',
  'referer' => 'http://127.0.0.1/TP_5.0.5_new/public/index.php/admin/login/index.html',
  'content-type' => 'application/x-www-form-urlencoded; charset=UTF-8',
  'user-agent' => 'Mozilla/5.0 (Windows NT 6.1; Win64; x64) AppleWebKit/537.36 (KHTML, like Gecko) Chrome/60.0.3112.113 Safari/537.36',
  'x-requested-with' => 'XMLHttpRequest',
  'origin' => 'http://127.0.0.1',
  'accept' => 'application/json, text/javascript, */*; q=0.01',
  'content-length' => '29',
  'connection' => 'close',
  'host' => '127.0.0.1',
)
[ info ] [ PARAM ] array (
  'username' => 'admin',
  'password' => 'admin',
)
[ info ] [ RUN ] app\admin\controller\Login->index[ F:\phpStudy\WWW\TP_5.0.5_new\application\admin\controller\Login.php ]
[ info ] [ DB ] INIT mysql
[ info ] [ LOG ] INIT File
[ error ] [1049]SQLSTATE[HY000] [1049] Unknown database 'new'[F:\phpStudy\WWW\TP_5.0.5_new\thinkphp\library\think\db\Connection.php:287]

---------------------------------------------------------------
[ 2017-09-02T11:25:44+08:00 ] 127.0.0.1 127.0.0.1 POST /TP_5.0.5_new/public/index.php/admin/login/index.html
[ log ] 127.0.0.1/TP_5.0.5_new/public/index.php/admin/login/index.html [运行时间：0.051003s][吞吐率：19.61req/s] [内存消耗：1,935.86kb] [文件加载：46]
[ info ] [ LANG ] F:\phpStudy\WWW\TP_5.0.5_new\thinkphp\lang\zh-cn.php
[ info ] [ ROUTE ] array (
  'type' => 'module',
  'module' => 
  array (
    0 => 'admin',
    1 => 'login',
    2 => 'index',
  ),
)
[ info ] [ HEADER ] array (
  'cookie' => 'thinkphp_show_page_trace=0|0; thinkphp_show_page_trace=0|0; advanced-backend=ki2o9amkcmjcfgma89bfn9o9o7; _csrf-backend=a35b39b642519f1721eb997035ac82f2b13b636094844bbcc6d6e52e30ac2b40a%3A2%3A%7Bi%3A0%3Bs%3A13%3A%22_csrf-backend%22%3Bi%3A1%3Bs%3A32%3A%22U3MNKC2tghTU-v255_fwERhYjIxrpMeQ%22%3B%7D; PHPSESSID=vufgbgadhe2lqk4e201l7tmjn2',
  'accept-language' => 'zh-CN,zh;q=0.8',
  'accept-encoding' => 'gzip, deflate, br',
  'referer' => 'http://127.0.0.1/TP_5.0.5_new/public/index.php/admin/login/index.html',
  'content-type' => 'application/x-www-form-urlencoded; charset=UTF-8',
  'user-agent' => 'Mozilla/5.0 (Windows NT 6.1; Win64; x64) AppleWebKit/537.36 (KHTML, like Gecko) Chrome/60.0.3112.113 Safari/537.36',
  'x-requested-with' => 'XMLHttpRequest',
  'origin' => 'http://127.0.0.1',
  'accept' => 'application/json, text/javascript, */*; q=0.01',
  'content-length' => '29',
  'connection' => 'close',
  'host' => '127.0.0.1',
)
[ info ] [ PARAM ] array (
  'username' => 'admin',
  'password' => 'admin',
)
[ info ] [ RUN ] app\admin\controller\Login->index[ F:\phpStudy\WWW\TP_5.0.5_new\application\admin\controller\Login.php ]
[ info ] [ DB ] INIT mysql
[ info ] [ LOG ] INIT File
[ error ] [1049]SQLSTATE[HY000] [1049] Unknown database 'new'[F:\phpStudy\WWW\TP_5.0.5_new\thinkphp\library\think\db\Connection.php:287]

---------------------------------------------------------------
[ 2017-09-02T11:27:10+08:00 ] 127.0.0.1 127.0.0.1 GET /TP_5.0.5_new/public/index.php/admin/login/index.html
[ log ] 127.0.0.1/TP_5.0.5_new/public/index.php/admin/login/index.html [运行时间：0.022002s][吞吐率：45.45req/s] [内存消耗：1,134.35kb] [文件加载：39]
[ info ] [ LANG ] F:\phpStudy\WWW\TP_5.0.5_new\thinkphp\lang\zh-cn.php
[ info ] [ ROUTE ] array (
  'type' => 'module',
  'module' => 
  array (
    0 => 'admin',
    1 => 'login',
    2 => 'index',
  ),
)
[ info ] [ HEADER ] array (
  'cookie' => 'thinkphp_show_page_trace=0|0; thinkphp_show_page_trace=0|0; advanced-backend=ki2o9amkcmjcfgma89bfn9o9o7; _csrf-backend=a35b39b642519f1721eb997035ac82f2b13b636094844bbcc6d6e52e30ac2b40a%3A2%3A%7Bi%3A0%3Bs%3A13%3A%22_csrf-backend%22%3Bi%3A1%3Bs%3A32%3A%22U3MNKC2tghTU-v255_fwERhYjIxrpMeQ%22%3B%7D; PHPSESSID=vufgbgadhe2lqk4e201l7tmjn2',
  'accept-language' => 'zh-CN,zh;q=0.8',
  'accept-encoding' => 'gzip, deflate, br',
  'accept' => 'text/html,application/xhtml+xml,application/xml;q=0.9,image/webp,image/apng,*/*;q=0.8',
  'user-agent' => 'Mozilla/5.0 (Windows NT 6.1; Win64; x64) AppleWebKit/537.36 (KHTML, like Gecko) Chrome/60.0.3112.113 Safari/537.36',
  'upgrade-insecure-requests' => '1',
  'cache-control' => 'max-age=0',
  'connection' => 'close',
  'host' => '127.0.0.1',
)
[ info ] [ PARAM ] array (
)
[ info ] [ RUN ] app\admin\controller\Login->index[ F:\phpStudy\WWW\TP_5.0.5_new\application\admin\controller\Login.php ]
[ info ] [ VIEW ] F:\phpStudy\WWW\TP_5.0.5_new\public/../application/admin\view\login\index.html [ array (
) ]
[ info ] [ LOG ] INIT File

---------------------------------------------------------------
[ 2017-09-02T11:27:23+08:00 ] 127.0.0.1 127.0.0.1 POST /TP_5.0.5_new/public/index.php/admin/login/index.html
[ log ] 127.0.0.1/TP_5.0.5_new/public/index.php/admin/login/index.html [运行时间：0.048003s][吞吐率：20.83req/s] [内存消耗：1,935.86kb] [文件加载：46]
[ info ] [ LANG ] F:\phpStudy\WWW\TP_5.0.5_new\thinkphp\lang\zh-cn.php
[ info ] [ ROUTE ] array (
  'type' => 'module',
  'module' => 
  array (
    0 => 'admin',
    1 => 'login',
    2 => 'index',
  ),
)
[ info ] [ HEADER ] array (
  'cookie' => 'thinkphp_show_page_trace=0|0; thinkphp_show_page_trace=0|0; advanced-backend=ki2o9amkcmjcfgma89bfn9o9o7; _csrf-backend=a35b39b642519f1721eb997035ac82f2b13b636094844bbcc6d6e52e30ac2b40a%3A2%3A%7Bi%3A0%3Bs%3A13%3A%22_csrf-backend%22%3Bi%3A1%3Bs%3A32%3A%22U3MNKC2tghTU-v255_fwERhYjIxrpMeQ%22%3B%7D; PHPSESSID=vufgbgadhe2lqk4e201l7tmjn2',
  'accept-language' => 'zh-CN,zh;q=0.8',
  'accept-encoding' => 'gzip, deflate, br',
  'referer' => 'http://127.0.0.1/TP_5.0.5_new/public/index.php/admin/login/index.html',
  'content-type' => 'application/x-www-form-urlencoded; charset=UTF-8',
  'user-agent' => 'Mozilla/5.0 (Windows NT 6.1; Win64; x64) AppleWebKit/537.36 (KHTML, like Gecko) Chrome/60.0.3112.113 Safari/537.36',
  'x-requested-with' => 'XMLHttpRequest',
  'origin' => 'http://127.0.0.1',
  'accept' => 'application/json, text/javascript, */*; q=0.01',
  'content-length' => '29',
  'connection' => 'close',
  'host' => '127.0.0.1',
)
[ info ] [ PARAM ] array (
  'username' => 'admin',
  'password' => 'admin',
)
[ info ] [ RUN ] app\admin\controller\Login->index[ F:\phpStudy\WWW\TP_5.0.5_new\application\admin\controller\Login.php ]
[ info ] [ DB ] INIT mysql
[ info ] [ LOG ] INIT File
[ error ] [1049]SQLSTATE[HY000] [1049] Unknown database 'new'[F:\phpStudy\WWW\TP_5.0.5_new\thinkphp\library\think\db\Connection.php:287]

---------------------------------------------------------------
[ 2017-09-02T11:30:33+08:00 ] 127.0.0.1 127.0.0.1 GET /TP_5.0.5_new/public/index.php/admin/login/index.html
[ log ] 127.0.0.1/TP_5.0.5_new/public/index.php/admin/login/index.html [运行时间：0.023002s][吞吐率：43.47req/s] [内存消耗：1,134.32kb] [文件加载：39]
[ info ] [ LANG ] F:\phpStudy\WWW\TP_5.0.5_new\thinkphp\lang\zh-cn.php
[ info ] [ ROUTE ] array (
  'type' => 'module',
  'module' => 
  array (
    0 => 'admin',
    1 => 'login',
    2 => 'index',
  ),
)
[ info ] [ HEADER ] array (
  'cookie' => 'thinkphp_show_page_trace=0|0; thinkphp_show_page_trace=0|0; advanced-backend=ki2o9amkcmjcfgma89bfn9o9o7; _csrf-backend=a35b39b642519f1721eb997035ac82f2b13b636094844bbcc6d6e52e30ac2b40a%3A2%3A%7Bi%3A0%3Bs%3A13%3A%22_csrf-backend%22%3Bi%3A1%3Bs%3A32%3A%22U3MNKC2tghTU-v255_fwERhYjIxrpMeQ%22%3B%7D; PHPSESSID=vufgbgadhe2lqk4e201l7tmjn2',
  'accept-language' => 'zh-CN,zh;q=0.8',
  'accept-encoding' => 'gzip, deflate, br',
  'accept' => 'text/html,application/xhtml+xml,application/xml;q=0.9,image/webp,image/apng,*/*;q=0.8',
  'user-agent' => 'Mozilla/5.0 (Windows NT 6.1; Win64; x64) AppleWebKit/537.36 (KHTML, like Gecko) Chrome/60.0.3112.113 Safari/537.36',
  'upgrade-insecure-requests' => '1',
  'cache-control' => 'max-age=0',
  'connection' => 'close',
  'host' => '127.0.0.1',
)
[ info ] [ PARAM ] array (
)
[ info ] [ RUN ] app\admin\controller\Login->index[ F:\phpStudy\WWW\TP_5.0.5_new\application\admin\controller\Login.php ]
[ info ] [ VIEW ] F:\phpStudy\WWW\TP_5.0.5_new\public/../application/admin\view\login\index.html [ array (
) ]
[ info ] [ LOG ] INIT File

---------------------------------------------------------------
[ 2017-09-02T11:30:43+08:00 ] 127.0.0.1 127.0.0.1 POST /TP_5.0.5_new/public/index.php/admin/login/index.html
[ log ] 127.0.0.1/TP_5.0.5_new/public/index.php/admin/login/index.html [运行时间：0.133008s][吞吐率：7.52req/s] [内存消耗：2,006.00kb] [文件加载：48]
[ info ] [ LANG ] F:\phpStudy\WWW\TP_5.0.5_new\thinkphp\lang\zh-cn.php
[ info ] [ ROUTE ] array (
  'type' => 'module',
  'module' => 
  array (
    0 => 'admin',
    1 => 'login',
    2 => 'index',
  ),
)
[ info ] [ HEADER ] array (
  'cookie' => 'thinkphp_show_page_trace=0|0; thinkphp_show_page_trace=0|0; advanced-backend=ki2o9amkcmjcfgma89bfn9o9o7; _csrf-backend=a35b39b642519f1721eb997035ac82f2b13b636094844bbcc6d6e52e30ac2b40a%3A2%3A%7Bi%3A0%3Bs%3A13%3A%22_csrf-backend%22%3Bi%3A1%3Bs%3A32%3A%22U3MNKC2tghTU-v255_fwERhYjIxrpMeQ%22%3B%7D; PHPSESSID=vufgbgadhe2lqk4e201l7tmjn2',
  'accept-language' => 'zh-CN,zh;q=0.8',
  'accept-encoding' => 'gzip, deflate, br',
  'referer' => 'http://127.0.0.1/TP_5.0.5_new/public/index.php/admin/login/index.html',
  'content-type' => 'application/x-www-form-urlencoded; charset=UTF-8',
  'user-agent' => 'Mozilla/5.0 (Windows NT 6.1; Win64; x64) AppleWebKit/537.36 (KHTML, like Gecko) Chrome/60.0.3112.113 Safari/537.36',
  'x-requested-with' => 'XMLHttpRequest',
  'origin' => 'http://127.0.0.1',
  'accept' => 'application/json, text/javascript, */*; q=0.01',
  'content-length' => '29',
  'connection' => 'close',
  'host' => '127.0.0.1',
)
[ info ] [ PARAM ] array (
  'username' => 'admin',
  'password' => 'admin',
)
[ info ] [ RUN ] app\admin\controller\Login->index[ F:\phpStudy\WWW\TP_5.0.5_new\application\admin\controller\Login.php ]
[ info ] [ DB ] INIT mysql
[ info ] [ SESSION ] INIT array (
  'id' => '',
  'var_session_id' => '',
  'prefix' => 'think',
  'type' => '',
  'auto_start' => true,
  'expire' => 1800,
)
[ info ] [ CACHE ] INIT File
[ info ] [ LOG ] INIT File
[ sql ] [ DB ] CONNECT:[ UseTime:0.009001s ] mysql:dbname=new;host=127.0.0.1;port=3306;charset=utf8
[ sql ] [ SQL ] SHOW COLUMNS FROM `new_admin` [ RunTime:0.045002s ]
[ sql ] [ SQL ] SELECT * FROM `new_admin` WHERE  `username` = 'admin' LIMIT 1 [ RunTime:0.000000s ]
[ sql ] [ SQL ] SELECT * FROM `new_admin` WHERE  `username` = 'admin'  AND `password` = 'ae26ee2b1583b607b0008b8e6131b149' LIMIT 1 [ RunTime:0.000000s ]
[ sql ] [ SQL ] UPDATE `new_admin`  SET `lastlogin`=1504323043  WHERE  `id` = 1 [ RunTime:0.011000s ]

---------------------------------------------------------------
[ 2017-09-02T11:30:46+08:00 ] 127.0.0.1 127.0.0.1 GET /TP_5.0.5_new/public/index.php/admin/index/index.html
[ log ] 127.0.0.1/TP_5.0.5_new/public/index.php/admin/index/index.html [运行时间：0.138008s][吞吐率：7.25req/s] [内存消耗：2,279.00kb] [文件加载：51]
[ info ] [ LANG ] F:\phpStudy\WWW\TP_5.0.5_new\thinkphp\lang\zh-cn.php
[ info ] [ ROUTE ] array (
  'type' => 'module',
  'module' => 
  array (
    0 => 'admin',
    1 => 'index',
    2 => 'index',
  ),
)
[ info ] [ HEADER ] array (
  'cookie' => 'thinkphp_show_page_trace=0|0; advanced-backend=ki2o9amkcmjcfgma89bfn9o9o7; _csrf-backend=a35b39b642519f1721eb997035ac82f2b13b636094844bbcc6d6e52e30ac2b40a%3A2%3A%7Bi%3A0%3Bs%3A13%3A%22_csrf-backend%22%3Bi%3A1%3Bs%3A32%3A%22U3MNKC2tghTU-v255_fwERhYjIxrpMeQ%22%3B%7D; PHPSESSID=vufgbgadhe2lqk4e201l7tmjn2',
  'accept-language' => 'zh-CN,zh;q=0.8',
  'accept-encoding' => 'gzip, deflate, br',
  'referer' => 'http://127.0.0.1/TP_5.0.5_new/public/index.php/admin/login/index.html',
  'accept' => 'text/html,application/xhtml+xml,application/xml;q=0.9,image/webp,image/apng,*/*;q=0.8',
  'user-agent' => 'Mozilla/5.0 (Windows NT 6.1; Win64; x64) AppleWebKit/537.36 (KHTML, like Gecko) Chrome/60.0.3112.113 Safari/537.36',
  'upgrade-insecure-requests' => '1',
  'connection' => 'close',
  'host' => '127.0.0.1',
)
[ info ] [ PARAM ] array (
)
[ info ] [ SESSION ] INIT array (
  'id' => '',
  'var_session_id' => '',
  'prefix' => 'think',
  'type' => '',
  'auto_start' => true,
  'expire' => 1800,
)
[ info ] [ DB ] INIT mysql
[ info ] [ RUN ] app\admin\controller\Index->index[ F:\phpStudy\WWW\TP_5.0.5_new\application\admin\controller\Index.php ]
[ info ] [ VIEW ] F:\phpStudy\WWW\TP_5.0.5_new\public/../application/admin\view\index\index.html [ array (
  0 => 'info',
  1 => 'num1',
  2 => 'num2',
) ]
[ info ] [ LOG ] INIT File
[ sql ] [ DB ] CONNECT:[ UseTime:0.003000s ] mysql:dbname=new;host=127.0.0.1;port=3306;charset=utf8
[ sql ] [ SQL ] SHOW COLUMNS FROM `new_admin` [ RunTime:0.015001s ]
[ sql ] [ SQL ] SELECT * FROM `new_admin` WHERE  `id` = 1 LIMIT 1 [ RunTime:0.001000s ]
[ sql ] [ SQL ] SHOW COLUMNS FROM `new_order` [ RunTime:0.014001s ]
[ sql ] [ SQL ] SELECT COUNT(*) AS tp_count FROM `new_order` LIMIT 1 [ RunTime:0.000000s ]
[ sql ] [ SQL ] SHOW COLUMNS FROM `new_mail_admin` [ RunTime:0.014000s ]
[ sql ] [ SQL ] SELECT COUNT(*) AS tp_count FROM `new_mail_admin` WHERE  `receiveid` = 1  AND `status` = 1 LIMIT 1 [ RunTime:0.000000s ]

---------------------------------------------------------------
[ 2017-09-02T11:31:05+08:00 ] 127.0.0.1 127.0.0.1 GET /TP_5.0.5_new/public/index.php/admin/admin/index.html
[ log ] 127.0.0.1/TP_5.0.5_new/public/index.php/admin/admin/index.html [运行时间：0.154009s][吞吐率：6.49req/s] [内存消耗：2,222.69kb] [文件加载：54]
[ info ] [ LANG ] F:\phpStudy\WWW\TP_5.0.5_new\thinkphp\lang\zh-cn.php
[ info ] [ ROUTE ] array (
  'type' => 'module',
  'module' => 
  array (
    0 => 'admin',
    1 => 'admin',
    2 => 'index',
  ),
)
[ info ] [ HEADER ] array (
  'cookie' => 'thinkphp_show_page_trace=0|0; advanced-backend=ki2o9amkcmjcfgma89bfn9o9o7; _csrf-backend=a35b39b642519f1721eb997035ac82f2b13b636094844bbcc6d6e52e30ac2b40a%3A2%3A%7Bi%3A0%3Bs%3A13%3A%22_csrf-backend%22%3Bi%3A1%3Bs%3A32%3A%22U3MNKC2tghTU-v255_fwERhYjIxrpMeQ%22%3B%7D; PHPSESSID=vufgbgadhe2lqk4e201l7tmjn2',
  'accept-language' => 'zh-CN,zh;q=0.8',
  'accept-encoding' => 'gzip, deflate, br',
  'referer' => 'http://127.0.0.1/TP_5.0.5_new/public/index.php/admin/index/index.html',
  'accept' => 'text/html,application/xhtml+xml,application/xml;q=0.9,image/webp,image/apng,*/*;q=0.8',
  'user-agent' => 'Mozilla/5.0 (Windows NT 6.1; Win64; x64) AppleWebKit/537.36 (KHTML, like Gecko) Chrome/60.0.3112.113 Safari/537.36',
  'upgrade-insecure-requests' => '1',
  'connection' => 'close',
  'host' => '127.0.0.1',
)
[ info ] [ PARAM ] array (
)
[ info ] [ SESSION ] INIT array (
  'id' => '',
  'var_session_id' => '',
  'prefix' => 'think',
  'type' => '',
  'auto_start' => true,
  'expire' => 1800,
)
[ info ] [ DB ] INIT mysql
[ info ] [ RUN ] app\admin\controller\Admin->index[ F:\phpStudy\WWW\TP_5.0.5_new\application\admin\controller\Admin.php ]
[ info ] [ VIEW ] F:\phpStudy\WWW\TP_5.0.5_new\public/../application/admin\view\admin\index.html [ array (
  0 => 'info',
  1 => 'num1',
  2 => 'num2',
  3 => 'keywords',
  4 => 'list',
  5 => 'pages',
) ]
[ info ] [ LOG ] INIT File
[ sql ] [ DB ] CONNECT:[ UseTime:0.009001s ] mysql:dbname=new;host=127.0.0.1;port=3306;charset=utf8
[ sql ] [ SQL ] SHOW COLUMNS FROM `new_admin` [ RunTime:0.015001s ]
[ sql ] [ SQL ] SELECT * FROM `new_admin` WHERE  `id` = 1 LIMIT 1 [ RunTime:0.000000s ]
[ sql ] [ SQL ] SHOW COLUMNS FROM `new_order` [ RunTime:0.014001s ]
[ sql ] [ SQL ] SELECT COUNT(*) AS tp_count FROM `new_order` LIMIT 1 [ RunTime:0.001000s ]
[ sql ] [ SQL ] SHOW COLUMNS FROM `new_mail_admin` [ RunTime:0.015001s ]
[ sql ] [ SQL ] SELECT COUNT(*) AS tp_count FROM `new_mail_admin` WHERE  `receiveid` = 1  AND `status` = 1 LIMIT 1 [ RunTime:0.001000s ]
[ sql ] [ SQL ] SELECT COUNT(*) AS tp_count FROM `new_admin` LIMIT 1 [ RunTime:0.001000s ]
[ sql ] [ SQL ] SELECT * FROM `new_admin` LIMIT 0,1 [ RunTime:0.000000s ]

---------------------------------------------------------------
[ 2017-09-02T11:31:14+08:00 ] 127.0.0.1 127.0.0.1 GET /TP_5.0.5_new/public/index.php/admin/admin/index.html?keywords=&page=2
[ log ] 127.0.0.1/TP_5.0.5_new/public/index.php/admin/admin/index.html?keywords=&page=2 [运行时间：0.104005s][吞吐率：9.61req/s] [内存消耗：2,074.99kb] [文件加载：52]
[ info ] [ LANG ] F:\phpStudy\WWW\TP_5.0.5_new\thinkphp\lang\zh-cn.php
[ info ] [ ROUTE ] array (
  'type' => 'module',
  'module' => 
  array (
    0 => 'admin',
    1 => 'admin',
    2 => 'index',
  ),
)
[ info ] [ HEADER ] array (
  'cookie' => 'thinkphp_show_page_trace=0|0; thinkphp_show_page_trace=0|0; advanced-backend=ki2o9amkcmjcfgma89bfn9o9o7; _csrf-backend=a35b39b642519f1721eb997035ac82f2b13b636094844bbcc6d6e52e30ac2b40a%3A2%3A%7Bi%3A0%3Bs%3A13%3A%22_csrf-backend%22%3Bi%3A1%3Bs%3A32%3A%22U3MNKC2tghTU-v255_fwERhYjIxrpMeQ%22%3B%7D; PHPSESSID=vufgbgadhe2lqk4e201l7tmjn2',
  'accept-language' => 'zh-CN,zh;q=0.8',
  'accept-encoding' => 'gzip, deflate, br',
  'referer' => 'http://127.0.0.1/TP_5.0.5_new/public/index.php/admin/admin/index.html',
  'accept' => 'text/html,application/xhtml+xml,application/xml;q=0.9,image/webp,image/apng,*/*;q=0.8',
  'user-agent' => 'Mozilla/5.0 (Windows NT 6.1; Win64; x64) AppleWebKit/537.36 (KHTML, like Gecko) Chrome/60.0.3112.113 Safari/537.36',
  'upgrade-insecure-requests' => '1',
  'connection' => 'close',
  'host' => '127.0.0.1',
)
[ info ] [ PARAM ] array (
  'keywords' => '',
  'page' => '2',
)
[ info ] [ SESSION ] INIT array (
  'id' => '',
  'var_session_id' => '',
  'prefix' => 'think',
  'type' => '',
  'auto_start' => true,
  'expire' => 1800,
)
[ info ] [ DB ] INIT mysql
[ info ] [ RUN ] app\admin\controller\Admin->index[ F:\phpStudy\WWW\TP_5.0.5_new\application\admin\controller\Admin.php ]
[ info ] [ VIEW ] F:\phpStudy\WWW\TP_5.0.5_new\public/../application/admin\view\admin\index.html [ array (
  0 => 'info',
  1 => 'num1',
  2 => 'num2',
  3 => 'keywords',
  4 => 'list',
  5 => 'pages',
) ]
[ info ] [ LOG ] INIT File
[ sql ] [ DB ] CONNECT:[ UseTime:0.011000s ] mysql:dbname=new;host=127.0.0.1;port=3306;charset=utf8
[ sql ] [ SQL ] SHOW COLUMNS FROM `new_admin` [ RunTime:0.015001s ]
[ sql ] [ SQL ] SELECT * FROM `new_admin` WHERE  `id` = 1 LIMIT 1 [ RunTime:0.000000s ]
[ sql ] [ SQL ] SHOW COLUMNS FROM `new_order` [ RunTime:0.014001s ]
[ sql ] [ SQL ] SELECT COUNT(*) AS tp_count FROM `new_order` LIMIT 1 [ RunTime:0.001000s ]
[ sql ] [ SQL ] SHOW COLUMNS FROM `new_mail_admin` [ RunTime:0.015001s ]
[ sql ] [ SQL ] SELECT COUNT(*) AS tp_count FROM `new_mail_admin` WHERE  `receiveid` = 1  AND `status` = 1 LIMIT 1 [ RunTime:0.000000s ]
[ sql ] [ SQL ] SELECT COUNT(*) AS tp_count FROM `new_admin` LIMIT 1 [ RunTime:0.000000s ]
[ sql ] [ SQL ] SELECT * FROM `new_admin` LIMIT 1,1 [ RunTime:0.000000s ]

---------------------------------------------------------------
[ 2017-09-02T11:31:15+08:00 ] 127.0.0.1 127.0.0.1 GET /TP_5.0.5_new/public/index.php/admin/admin/index.html?keywords=&page=3
[ log ] 127.0.0.1/TP_5.0.5_new/public/index.php/admin/admin/index.html?keywords=&page=3 [运行时间：0.110007s][吞吐率：9.09req/s] [内存消耗：2,074.97kb] [文件加载：52]
[ info ] [ LANG ] F:\phpStudy\WWW\TP_5.0.5_new\thinkphp\lang\zh-cn.php
[ info ] [ ROUTE ] array (
  'type' => 'module',
  'module' => 
  array (
    0 => 'admin',
    1 => 'admin',
    2 => 'index',
  ),
)
[ info ] [ HEADER ] array (
  'cookie' => 'thinkphp_show_page_trace=0|0; thinkphp_show_page_trace=0|0; advanced-backend=ki2o9amkcmjcfgma89bfn9o9o7; _csrf-backend=a35b39b642519f1721eb997035ac82f2b13b636094844bbcc6d6e52e30ac2b40a%3A2%3A%7Bi%3A0%3Bs%3A13%3A%22_csrf-backend%22%3Bi%3A1%3Bs%3A32%3A%22U3MNKC2tghTU-v255_fwERhYjIxrpMeQ%22%3B%7D; PHPSESSID=vufgbgadhe2lqk4e201l7tmjn2',
  'accept-language' => 'zh-CN,zh;q=0.8',
  'accept-encoding' => 'gzip, deflate, br',
  'referer' => 'http://127.0.0.1/TP_5.0.5_new/public/index.php/admin/admin/index.html?keywords=&page=2',
  'accept' => 'text/html,application/xhtml+xml,application/xml;q=0.9,image/webp,image/apng,*/*;q=0.8',
  'user-agent' => 'Mozilla/5.0 (Windows NT 6.1; Win64; x64) AppleWebKit/537.36 (KHTML, like Gecko) Chrome/60.0.3112.113 Safari/537.36',
  'upgrade-insecure-requests' => '1',
  'connection' => 'close',
  'host' => '127.0.0.1',
)
[ info ] [ PARAM ] array (
  'keywords' => '',
  'page' => '3',
)
[ info ] [ SESSION ] INIT array (
  'id' => '',
  'var_session_id' => '',
  'prefix' => 'think',
  'type' => '',
  'auto_start' => true,
  'expire' => 1800,
)
[ info ] [ DB ] INIT mysql
[ info ] [ RUN ] app\admin\controller\Admin->index[ F:\phpStudy\WWW\TP_5.0.5_new\application\admin\controller\Admin.php ]
[ info ] [ VIEW ] F:\phpStudy\WWW\TP_5.0.5_new\public/../application/admin\view\admin\index.html [ array (
  0 => 'info',
  1 => 'num1',
  2 => 'num2',
  3 => 'keywords',
  4 => 'list',
  5 => 'pages',
) ]
[ info ] [ LOG ] INIT File
[ sql ] [ DB ] CONNECT:[ UseTime:0.004000s ] mysql:dbname=new;host=127.0.0.1;port=3306;charset=utf8
[ sql ] [ SQL ] SHOW COLUMNS FROM `new_admin` [ RunTime:0.015000s ]
[ sql ] [ SQL ] SELECT * FROM `new_admin` WHERE  `id` = 1 LIMIT 1 [ RunTime:0.000000s ]
[ sql ] [ SQL ] SHOW COLUMNS FROM `new_order` [ RunTime:0.014001s ]
[ sql ] [ SQL ] SELECT COUNT(*) AS tp_count FROM `new_order` LIMIT 1 [ RunTime:0.001000s ]
[ sql ] [ SQL ] SHOW COLUMNS FROM `new_mail_admin` [ RunTime:0.015001s ]
[ sql ] [ SQL ] SELECT COUNT(*) AS tp_count FROM `new_mail_admin` WHERE  `receiveid` = 1  AND `status` = 1 LIMIT 1 [ RunTime:0.000000s ]
[ sql ] [ SQL ] SELECT COUNT(*) AS tp_count FROM `new_admin` LIMIT 1 [ RunTime:0.000000s ]
[ sql ] [ SQL ] SELECT * FROM `new_admin` LIMIT 2,1 [ RunTime:0.001000s ]

---------------------------------------------------------------
[ 2017-09-02T11:31:16+08:00 ] 127.0.0.1 127.0.0.1 GET /TP_5.0.5_new/public/index.php/admin/admin/index.html?keywords=&page=4
[ log ] 127.0.0.1/TP_5.0.5_new/public/index.php/admin/admin/index.html?keywords=&page=4 [运行时间：0.124606s][吞吐率：8.03req/s] [内存消耗：2,074.95kb] [文件加载：52]
[ info ] [ LANG ] F:\phpStudy\WWW\TP_5.0.5_new\thinkphp\lang\zh-cn.php
[ info ] [ ROUTE ] array (
  'type' => 'module',
  'module' => 
  array (
    0 => 'admin',
    1 => 'admin',
    2 => 'index',
  ),
)
[ info ] [ HEADER ] array (
  'cookie' => 'thinkphp_show_page_trace=0|0; thinkphp_show_page_trace=0|0; advanced-backend=ki2o9amkcmjcfgma89bfn9o9o7; _csrf-backend=a35b39b642519f1721eb997035ac82f2b13b636094844bbcc6d6e52e30ac2b40a%3A2%3A%7Bi%3A0%3Bs%3A13%3A%22_csrf-backend%22%3Bi%3A1%3Bs%3A32%3A%22U3MNKC2tghTU-v255_fwERhYjIxrpMeQ%22%3B%7D; PHPSESSID=vufgbgadhe2lqk4e201l7tmjn2',
  'accept-language' => 'zh-CN,zh;q=0.8',
  'accept-encoding' => 'gzip, deflate, br',
  'referer' => 'http://127.0.0.1/TP_5.0.5_new/public/index.php/admin/admin/index.html?keywords=&page=3',
  'accept' => 'text/html,application/xhtml+xml,application/xml;q=0.9,image/webp,image/apng,*/*;q=0.8',
  'user-agent' => 'Mozilla/5.0 (Windows NT 6.1; Win64; x64) AppleWebKit/537.36 (KHTML, like Gecko) Chrome/60.0.3112.113 Safari/537.36',
  'upgrade-insecure-requests' => '1',
  'connection' => 'close',
  'host' => '127.0.0.1',
)
[ info ] [ PARAM ] array (
  'keywords' => '',
  'page' => '4',
)
[ info ] [ SESSION ] INIT array (
  'id' => '',
  'var_session_id' => '',
  'prefix' => 'think',
  'type' => '',
  'auto_start' => true,
  'expire' => 1800,
)
[ info ] [ DB ] INIT mysql
[ info ] [ RUN ] app\admin\controller\Admin->index[ F:\phpStudy\WWW\TP_5.0.5_new\application\admin\controller\Admin.php ]
[ info ] [ VIEW ] F:\phpStudy\WWW\TP_5.0.5_new\public/../application/admin\view\admin\index.html [ array (
  0 => 'info',
  1 => 'num1',
  2 => 'num2',
  3 => 'keywords',
  4 => 'list',
  5 => 'pages',
) ]
[ info ] [ LOG ] INIT File
[ sql ] [ DB ] CONNECT:[ UseTime:0.012001s ] mysql:dbname=new;host=127.0.0.1;port=3306;charset=utf8
[ sql ] [ SQL ] SHOW COLUMNS FROM `new_admin` [ RunTime:0.014001s ]
[ sql ] [ SQL ] SELECT * FROM `new_admin` WHERE  `id` = 1 LIMIT 1 [ RunTime:0.000000s ]
[ sql ] [ SQL ] SHOW COLUMNS FROM `new_order` [ RunTime:0.014001s ]
[ sql ] [ SQL ] SELECT COUNT(*) AS tp_count FROM `new_order` LIMIT 1 [ RunTime:0.001000s ]
[ sql ] [ SQL ] SHOW COLUMNS FROM `new_mail_admin` [ RunTime:0.015001s ]
[ sql ] [ SQL ] SELECT COUNT(*) AS tp_count FROM `new_mail_admin` WHERE  `receiveid` = 1  AND `status` = 1 LIMIT 1 [ RunTime:0.000000s ]
[ sql ] [ SQL ] SELECT COUNT(*) AS tp_count FROM `new_admin` LIMIT 1 [ RunTime:0.000000s ]
[ sql ] [ SQL ] SELECT * FROM `new_admin` LIMIT 3,1 [ RunTime:0.001000s ]

---------------------------------------------------------------
[ 2017-09-02T11:31:19+08:00 ] 127.0.0.1 127.0.0.1 GET /TP_5.0.5_new/public/index.php/admin/admin/index.html?keywords=&page=3
[ log ] 127.0.0.1/TP_5.0.5_new/public/index.php/admin/admin/index.html?keywords=&page=3 [运行时间：0.104006s][吞吐率：9.61req/s] [内存消耗：2,074.97kb] [文件加载：52]
[ info ] [ LANG ] F:\phpStudy\WWW\TP_5.0.5_new\thinkphp\lang\zh-cn.php
[ info ] [ ROUTE ] array (
  'type' => 'module',
  'module' => 
  array (
    0 => 'admin',
    1 => 'admin',
    2 => 'index',
  ),
)
[ info ] [ HEADER ] array (
  'cookie' => 'thinkphp_show_page_trace=0|0; thinkphp_show_page_trace=0|0; advanced-backend=ki2o9amkcmjcfgma89bfn9o9o7; _csrf-backend=a35b39b642519f1721eb997035ac82f2b13b636094844bbcc6d6e52e30ac2b40a%3A2%3A%7Bi%3A0%3Bs%3A13%3A%22_csrf-backend%22%3Bi%3A1%3Bs%3A32%3A%22U3MNKC2tghTU-v255_fwERhYjIxrpMeQ%22%3B%7D; PHPSESSID=vufgbgadhe2lqk4e201l7tmjn2',
  'accept-language' => 'zh-CN,zh;q=0.8',
  'accept-encoding' => 'gzip, deflate, br',
  'referer' => 'http://127.0.0.1/TP_5.0.5_new/public/index.php/admin/admin/index.html?keywords=&page=4',
  'accept' => 'text/html,application/xhtml+xml,application/xml;q=0.9,image/webp,image/apng,*/*;q=0.8',
  'user-agent' => 'Mozilla/5.0 (Windows NT 6.1; Win64; x64) AppleWebKit/537.36 (KHTML, like Gecko) Chrome/60.0.3112.113 Safari/537.36',
  'upgrade-insecure-requests' => '1',
  'connection' => 'close',
  'host' => '127.0.0.1',
)
[ info ] [ PARAM ] array (
  'keywords' => '',
  'page' => '3',
)
[ info ] [ SESSION ] INIT array (
  'id' => '',
  'var_session_id' => '',
  'prefix' => 'think',
  'type' => '',
  'auto_start' => true,
  'expire' => 1800,
)
[ info ] [ DB ] INIT mysql
[ info ] [ RUN ] app\admin\controller\Admin->index[ F:\phpStudy\WWW\TP_5.0.5_new\application\admin\controller\Admin.php ]
[ info ] [ VIEW ] F:\phpStudy\WWW\TP_5.0.5_new\public/../application/admin\view\admin\index.html [ array (
  0 => 'info',
  1 => 'num1',
  2 => 'num2',
  3 => 'keywords',
  4 => 'list',
  5 => 'pages',
) ]
[ info ] [ LOG ] INIT File
[ sql ] [ DB ] CONNECT:[ UseTime:0.011001s ] mysql:dbname=new;host=127.0.0.1;port=3306;charset=utf8
[ sql ] [ SQL ] SHOW COLUMNS FROM `new_admin` [ RunTime:0.015001s ]
[ sql ] [ SQL ] SELECT * FROM `new_admin` WHERE  `id` = 1 LIMIT 1 [ RunTime:0.000000s ]
[ sql ] [ SQL ] SHOW COLUMNS FROM `new_order` [ RunTime:0.015001s ]
[ sql ] [ SQL ] SELECT COUNT(*) AS tp_count FROM `new_order` LIMIT 1 [ RunTime:0.000000s ]
[ sql ] [ SQL ] SHOW COLUMNS FROM `new_mail_admin` [ RunTime:0.015001s ]
[ sql ] [ SQL ] SELECT COUNT(*) AS tp_count FROM `new_mail_admin` WHERE  `receiveid` = 1  AND `status` = 1 LIMIT 1 [ RunTime:0.001000s ]
[ sql ] [ SQL ] SELECT COUNT(*) AS tp_count FROM `new_admin` LIMIT 1 [ RunTime:0.000000s ]
[ sql ] [ SQL ] SELECT * FROM `new_admin` LIMIT 2,1 [ RunTime:0.000000s ]

---------------------------------------------------------------
[ 2017-09-02T11:31:22+08:00 ] 127.0.0.1 127.0.0.1 GET /TP_5.0.5_new/public/index.php/admin/mail/index.html
[ log ] 127.0.0.1/TP_5.0.5_new/public/index.php/admin/mail/index.html [运行时间：0.172010s][吞吐率：5.81req/s] [内存消耗：2,171.73kb] [文件加载：58]
[ info ] [ LANG ] F:\phpStudy\WWW\TP_5.0.5_new\thinkphp\lang\zh-cn.php
[ info ] [ ROUTE ] array (
  'type' => 'module',
  'module' => 
  array (
    0 => 'admin',
    1 => 'mail',
    2 => 'index',
  ),
)
[ info ] [ HEADER ] array (
  'cookie' => 'thinkphp_show_page_trace=0|0; advanced-backend=ki2o9amkcmjcfgma89bfn9o9o7; _csrf-backend=a35b39b642519f1721eb997035ac82f2b13b636094844bbcc6d6e52e30ac2b40a%3A2%3A%7Bi%3A0%3Bs%3A13%3A%22_csrf-backend%22%3Bi%3A1%3Bs%3A32%3A%22U3MNKC2tghTU-v255_fwERhYjIxrpMeQ%22%3B%7D; PHPSESSID=vufgbgadhe2lqk4e201l7tmjn2',
  'accept-language' => 'zh-CN,zh;q=0.8',
  'accept-encoding' => 'gzip, deflate, br',
  'referer' => 'http://127.0.0.1/TP_5.0.5_new/public/index.php/admin/admin/index.html?keywords=&page=3',
  'accept' => 'text/html,application/xhtml+xml,application/xml;q=0.9,image/webp,image/apng,*/*;q=0.8',
  'user-agent' => 'Mozilla/5.0 (Windows NT 6.1; Win64; x64) AppleWebKit/537.36 (KHTML, like Gecko) Chrome/60.0.3112.113 Safari/537.36',
  'upgrade-insecure-requests' => '1',
  'connection' => 'close',
  'host' => '127.0.0.1',
)
[ info ] [ PARAM ] array (
)
[ info ] [ SESSION ] INIT array (
  'id' => '',
  'var_session_id' => '',
  'prefix' => 'think',
  'type' => '',
  'auto_start' => true,
  'expire' => 1800,
)
[ info ] [ DB ] INIT mysql
[ info ] [ RUN ] app\admin\controller\Mail->index[ F:\phpStudy\WWW\TP_5.0.5_new\application\admin\controller\Mail.php ]
[ info ] [ VIEW ] F:\phpStudy\WWW\TP_5.0.5_new\public/../application/admin\view\mail\index.html [ array (
  0 => 'info',
  1 => 'num1',
  2 => 'num2',
  3 => 'list',
  4 => 'page',
) ]
[ info ] [ LOG ] INIT File
[ sql ] [ DB ] CONNECT:[ UseTime:0.002000s ] mysql:dbname=new;host=127.0.0.1;port=3306;charset=utf8
[ sql ] [ SQL ] SHOW COLUMNS FROM `new_admin` [ RunTime:0.015001s ]
[ sql ] [ SQL ] SELECT * FROM `new_admin` WHERE  `id` = 1 LIMIT 1 [ RunTime:0.001000s ]
[ sql ] [ SQL ] SHOW COLUMNS FROM `new_order` [ RunTime:0.014001s ]
[ sql ] [ SQL ] SELECT COUNT(*) AS tp_count FROM `new_order` LIMIT 1 [ RunTime:0.000000s ]
[ sql ] [ SQL ] SHOW COLUMNS FROM `new_mail_admin` [ RunTime:0.015001s ]
[ sql ] [ SQL ] SELECT COUNT(*) AS tp_count FROM `new_mail_admin` WHERE  `receiveid` = 1  AND `status` = 1 LIMIT 1 [ RunTime:0.001000s ]
[ sql ] [ SQL ] SELECT COUNT(*) AS tp_count FROM `new_mail_admin` WHERE  `receiveid` = 1 LIMIT 1 [ RunTime:0.001000s ]
[ sql ] [ SQL ] SELECT * FROM `new_mail_admin` WHERE  `receiveid` = 1 LIMIT 0,10 [ RunTime:0.000000s ]
[ sql ] [ SQL ] SHOW COLUMNS FROM `new_mail` [ RunTime:0.015000s ]
[ sql ] [ SQL ] SELECT * FROM `new_mail` WHERE  `id` IN (5,4,2,1,3,5) [ RunTime:0.000000s ]
[ sql ] [ SQL ] SHOW COLUMNS FROM `new_user` [ RunTime:0.014000s ]
[ sql ] [ SQL ] SELECT * FROM `new_user` WHERE  `id` IN (1,1,1,1,1,3) [ RunTime:0.000000s ]
[ error ] [0]模板文件不存在:F:\phpStudy\WWW\TP_5.0.5_new\public/../application/admin\view\Public\right.html[F:\phpStudy\WWW\TP_5.0.5_new\thinkphp\library\think\Template.php:1086]

---------------------------------------------------------------
[ 2017-09-02T11:31:24+08:00 ] 127.0.0.1 127.0.0.1 GET /TP_5.0.5_new/public/index.php/admin/admin/index.html?keywords=&page=3
[ log ] 127.0.0.1/TP_5.0.5_new/public/index.php/admin/admin/index.html?keywords=&page=3 [运行时间：0.103006s][吞吐率：9.71req/s] [内存消耗：2,074.98kb] [文件加载：52]
[ info ] [ LANG ] F:\phpStudy\WWW\TP_5.0.5_new\thinkphp\lang\zh-cn.php
[ info ] [ ROUTE ] array (
  'type' => 'module',
  'module' => 
  array (
    0 => 'admin',
    1 => 'admin',
    2 => 'index',
  ),
)
[ info ] [ HEADER ] array (
  'cookie' => 'thinkphp_show_page_trace=0|0; thinkphp_show_page_trace=0|0; advanced-backend=ki2o9amkcmjcfgma89bfn9o9o7; _csrf-backend=a35b39b642519f1721eb997035ac82f2b13b636094844bbcc6d6e52e30ac2b40a%3A2%3A%7Bi%3A0%3Bs%3A13%3A%22_csrf-backend%22%3Bi%3A1%3Bs%3A32%3A%22U3MNKC2tghTU-v255_fwERhYjIxrpMeQ%22%3B%7D; PHPSESSID=vufgbgadhe2lqk4e201l7tmjn2',
  'accept-language' => 'zh-CN,zh;q=0.8',
  'accept-encoding' => 'gzip, deflate, br',
  'referer' => 'http://127.0.0.1/TP_5.0.5_new/public/index.php/admin/admin/index.html?keywords=&page=4',
  'accept' => 'text/html,application/xhtml+xml,application/xml;q=0.9,image/webp,image/apng,*/*;q=0.8',
  'user-agent' => 'Mozilla/5.0 (Windows NT 6.1; Win64; x64) AppleWebKit/537.36 (KHTML, like Gecko) Chrome/60.0.3112.113 Safari/537.36',
  'upgrade-insecure-requests' => '1',
  'connection' => 'close',
  'host' => '127.0.0.1',
)
[ info ] [ PARAM ] array (
  'keywords' => '',
  'page' => '3',
)
[ info ] [ SESSION ] INIT array (
  'id' => '',
  'var_session_id' => '',
  'prefix' => 'think',
  'type' => '',
  'auto_start' => true,
  'expire' => 1800,
)
[ info ] [ DB ] INIT mysql
[ info ] [ RUN ] app\admin\controller\Admin->index[ F:\phpStudy\WWW\TP_5.0.5_new\application\admin\controller\Admin.php ]
[ info ] [ VIEW ] F:\phpStudy\WWW\TP_5.0.5_new\public/../application/admin\view\admin\index.html [ array (
  0 => 'info',
  1 => 'num1',
  2 => 'num2',
  3 => 'keywords',
  4 => 'list',
  5 => 'pages',
) ]
[ info ] [ LOG ] INIT File
[ sql ] [ DB ] CONNECT:[ UseTime:0.011001s ] mysql:dbname=new;host=127.0.0.1;port=3306;charset=utf8
[ sql ] [ SQL ] SHOW COLUMNS FROM `new_admin` [ RunTime:0.016001s ]
[ sql ] [ SQL ] SELECT * FROM `new_admin` WHERE  `id` = 1 LIMIT 1 [ RunTime:0.000000s ]
[ sql ] [ SQL ] SHOW COLUMNS FROM `new_order` [ RunTime:0.015001s ]
[ sql ] [ SQL ] SELECT COUNT(*) AS tp_count FROM `new_order` LIMIT 1 [ RunTime:0.000000s ]
[ sql ] [ SQL ] SHOW COLUMNS FROM `new_mail_admin` [ RunTime:0.015001s ]
[ sql ] [ SQL ] SELECT COUNT(*) AS tp_count FROM `new_mail_admin` WHERE  `receiveid` = 1  AND `status` = 1 LIMIT 1 [ RunTime:0.001000s ]
[ sql ] [ SQL ] SELECT COUNT(*) AS tp_count FROM `new_admin` LIMIT 1 [ RunTime:0.000000s ]
[ sql ] [ SQL ] SELECT * FROM `new_admin` LIMIT 2,1 [ RunTime:0.000000s ]

---------------------------------------------------------------
[ 2017-09-02T11:31:36+08:00 ] 127.0.0.1 127.0.0.1 GET /TP_5.0.5_new/public/index.php/admin/admin/index.html?keywords=&page=3
[ log ] 127.0.0.1/TP_5.0.5_new/public/index.php/admin/admin/index.html?keywords=&page=3 [运行时间：0.132007s][吞吐率：7.58req/s] [内存消耗：2,074.97kb] [文件加载：52]
[ info ] [ LANG ] F:\phpStudy\WWW\TP_5.0.5_new\thinkphp\lang\zh-cn.php
[ info ] [ ROUTE ] array (
  'type' => 'module',
  'module' => 
  array (
    0 => 'admin',
    1 => 'admin',
    2 => 'index',
  ),
)
[ info ] [ HEADER ] array (
  'cookie' => 'thinkphp_show_page_trace=0|0; thinkphp_show_page_trace=0|0; advanced-backend=ki2o9amkcmjcfgma89bfn9o9o7; _csrf-backend=a35b39b642519f1721eb997035ac82f2b13b636094844bbcc6d6e52e30ac2b40a%3A2%3A%7Bi%3A0%3Bs%3A13%3A%22_csrf-backend%22%3Bi%3A1%3Bs%3A32%3A%22U3MNKC2tghTU-v255_fwERhYjIxrpMeQ%22%3B%7D; PHPSESSID=vufgbgadhe2lqk4e201l7tmjn2',
  'accept-language' => 'zh-CN,zh;q=0.8',
  'accept-encoding' => 'gzip, deflate, br',
  'referer' => 'http://127.0.0.1/TP_5.0.5_new/public/index.php/admin/admin/index.html?keywords=&page=4',
  'accept' => 'text/html,application/xhtml+xml,application/xml;q=0.9,image/webp,image/apng,*/*;q=0.8',
  'user-agent' => 'Mozilla/5.0 (Windows NT 6.1; Win64; x64) AppleWebKit/537.36 (KHTML, like Gecko) Chrome/60.0.3112.113 Safari/537.36',
  'upgrade-insecure-requests' => '1',
  'connection' => 'close',
  'host' => '127.0.0.1',
)
[ info ] [ PARAM ] array (
  'keywords' => '',
  'page' => '3',
)
[ info ] [ SESSION ] INIT array (
  'id' => '',
  'var_session_id' => '',
  'prefix' => 'think',
  'type' => '',
  'auto_start' => true,
  'expire' => 1800,
)
[ info ] [ DB ] INIT mysql
[ info ] [ RUN ] app\admin\controller\Admin->index[ F:\phpStudy\WWW\TP_5.0.5_new\application\admin\controller\Admin.php ]
[ info ] [ VIEW ] F:\phpStudy\WWW\TP_5.0.5_new\public/../application/admin\view\admin\index.html [ array (
  0 => 'info',
  1 => 'num1',
  2 => 'num2',
  3 => 'keywords',
  4 => 'list',
  5 => 'pages',
) ]
[ info ] [ LOG ] INIT File
[ sql ] [ DB ] CONNECT:[ UseTime:0.012000s ] mysql:dbname=new;host=127.0.0.1;port=3306;charset=utf8
[ sql ] [ SQL ] SHOW COLUMNS FROM `new_admin` [ RunTime:0.018001s ]
[ sql ] [ SQL ] SELECT * FROM `new_admin` WHERE  `id` = 1 LIMIT 1 [ RunTime:0.001000s ]
[ sql ] [ SQL ] SHOW COLUMNS FROM `new_order` [ RunTime:0.017000s ]
[ sql ] [ SQL ] SELECT COUNT(*) AS tp_count FROM `new_order` LIMIT 1 [ RunTime:0.000000s ]
[ sql ] [ SQL ] SHOW COLUMNS FROM `new_mail_admin` [ RunTime:0.018001s ]
[ sql ] [ SQL ] SELECT COUNT(*) AS tp_count FROM `new_mail_admin` WHERE  `receiveid` = 1  AND `status` = 1 LIMIT 1 [ RunTime:0.001000s ]
[ sql ] [ SQL ] SELECT COUNT(*) AS tp_count FROM `new_admin` LIMIT 1 [ RunTime:0.000000s ]
[ sql ] [ SQL ] SELECT * FROM `new_admin` LIMIT 2,1 [ RunTime:0.000000s ]

---------------------------------------------------------------
[ 2017-09-02T11:32:38+08:00 ] 127.0.0.1 127.0.0.1 GET /TP_5.0.5_new/public/index.php/admin/admin/edit/id/3.html
[ log ] 127.0.0.1/TP_5.0.5_new/public/index.php/admin/admin/edit/id/3.html [运行时间：0.131007s][吞吐率：7.63req/s] [内存消耗：2,144.88kb] [文件加载：51]
[ info ] [ LANG ] F:\phpStudy\WWW\TP_5.0.5_new\thinkphp\lang\zh-cn.php
[ info ] [ ROUTE ] array (
  'type' => 'module',
  'module' => 
  array (
    0 => 'admin',
    1 => 'admin',
    2 => 'edit',
  ),
)
[ info ] [ HEADER ] array (
  'cookie' => 'thinkphp_show_page_trace=0|0; thinkphp_show_page_trace=0|0; advanced-backend=ki2o9amkcmjcfgma89bfn9o9o7; _csrf-backend=a35b39b642519f1721eb997035ac82f2b13b636094844bbcc6d6e52e30ac2b40a%3A2%3A%7Bi%3A0%3Bs%3A13%3A%22_csrf-backend%22%3Bi%3A1%3Bs%3A32%3A%22U3MNKC2tghTU-v255_fwERhYjIxrpMeQ%22%3B%7D; PHPSESSID=vufgbgadhe2lqk4e201l7tmjn2',
  'accept-language' => 'zh-CN,zh;q=0.8',
  'accept-encoding' => 'gzip, deflate, br',
  'referer' => 'http://127.0.0.1/TP_5.0.5_new/public/index.php/admin/admin/index.html?keywords=&page=3',
  'accept' => 'text/html,application/xhtml+xml,application/xml;q=0.9,image/webp,image/apng,*/*;q=0.8',
  'user-agent' => 'Mozilla/5.0 (Windows NT 6.1; Win64; x64) AppleWebKit/537.36 (KHTML, like Gecko) Chrome/60.0.3112.113 Safari/537.36',
  'upgrade-insecure-requests' => '1',
  'connection' => 'close',
  'host' => '127.0.0.1',
)
[ info ] [ PARAM ] array (
  'id' => '3',
)
[ info ] [ SESSION ] INIT array (
  'id' => '',
  'var_session_id' => '',
  'prefix' => 'think',
  'type' => '',
  'auto_start' => true,
  'expire' => 1800,
)
[ info ] [ DB ] INIT mysql
[ info ] [ RUN ] app\admin\controller\Admin->edit[ F:\phpStudy\WWW\TP_5.0.5_new\application\admin\controller\Admin.php ]
[ info ] [ VIEW ] F:\phpStudy\WWW\TP_5.0.5_new\public/../application/admin\view\admin\edit.html [ array (
  0 => 'info',
  1 => 'num1',
  2 => 'num2',
) ]
[ info ] [ LOG ] INIT File
[ sql ] [ DB ] CONNECT:[ UseTime:0.012000s ] mysql:dbname=new;host=127.0.0.1;port=3306;charset=utf8
[ sql ] [ SQL ] SHOW COLUMNS FROM `new_admin` [ RunTime:0.016001s ]
[ sql ] [ SQL ] SELECT * FROM `new_admin` WHERE  `id` = 1 LIMIT 1 [ RunTime:0.001000s ]
[ sql ] [ SQL ] SHOW COLUMNS FROM `new_order` [ RunTime:0.015001s ]
[ sql ] [ SQL ] SELECT COUNT(*) AS tp_count FROM `new_order` LIMIT 1 [ RunTime:0.000000s ]
[ sql ] [ SQL ] SHOW COLUMNS FROM `new_mail_admin` [ RunTime:0.015001s ]
[ sql ] [ SQL ] SELECT COUNT(*) AS tp_count FROM `new_mail_admin` WHERE  `receiveid` = 1  AND `status` = 1 LIMIT 1 [ RunTime:0.000000s ]
[ sql ] [ SQL ] SELECT * FROM `new_admin` WHERE  `id` = 3 LIMIT 1 [ RunTime:0.000000s ]

---------------------------------------------------------------
[ 2017-09-02T11:32:46+08:00 ] 127.0.0.1 127.0.0.1 GET /TP_5.0.5_new/public/index.php/admin/admin/add.html
[ log ] 127.0.0.1/TP_5.0.5_new/public/index.php/admin/admin/add.html [运行时间：0.121007s][吞吐率：8.26req/s] [内存消耗：2,140.65kb] [文件加载：51]
[ info ] [ LANG ] F:\phpStudy\WWW\TP_5.0.5_new\thinkphp\lang\zh-cn.php
[ info ] [ ROUTE ] array (
  'type' => 'module',
  'module' => 
  array (
    0 => 'admin',
    1 => 'admin',
    2 => 'add',
  ),
)
[ info ] [ HEADER ] array (
  'cookie' => 'thinkphp_show_page_trace=0|0; thinkphp_show_page_trace=0|0; advanced-backend=ki2o9amkcmjcfgma89bfn9o9o7; _csrf-backend=a35b39b642519f1721eb997035ac82f2b13b636094844bbcc6d6e52e30ac2b40a%3A2%3A%7Bi%3A0%3Bs%3A13%3A%22_csrf-backend%22%3Bi%3A1%3Bs%3A32%3A%22U3MNKC2tghTU-v255_fwERhYjIxrpMeQ%22%3B%7D; PHPSESSID=vufgbgadhe2lqk4e201l7tmjn2',
  'accept-language' => 'zh-CN,zh;q=0.8',
  'accept-encoding' => 'gzip, deflate, br',
  'referer' => 'http://127.0.0.1/TP_5.0.5_new/public/index.php/admin/admin/edit/id/3.html',
  'accept' => 'text/html,application/xhtml+xml,application/xml;q=0.9,image/webp,image/apng,*/*;q=0.8',
  'user-agent' => 'Mozilla/5.0 (Windows NT 6.1; Win64; x64) AppleWebKit/537.36 (KHTML, like Gecko) Chrome/60.0.3112.113 Safari/537.36',
  'upgrade-insecure-requests' => '1',
  'connection' => 'close',
  'host' => '127.0.0.1',
)
[ info ] [ PARAM ] array (
)
[ info ] [ SESSION ] INIT array (
  'id' => '',
  'var_session_id' => '',
  'prefix' => 'think',
  'type' => '',
  'auto_start' => true,
  'expire' => 1800,
)
[ info ] [ DB ] INIT mysql
[ info ] [ RUN ] app\admin\controller\Admin->add[ F:\phpStudy\WWW\TP_5.0.5_new\application\admin\controller\Admin.php ]
[ info ] [ VIEW ] F:\phpStudy\WWW\TP_5.0.5_new\public/../application/admin\view\admin\add.html [ array (
  0 => 'info',
  1 => 'num1',
  2 => 'num2',
) ]
[ info ] [ LOG ] INIT File
[ sql ] [ DB ] CONNECT:[ UseTime:0.011001s ] mysql:dbname=new;host=127.0.0.1;port=3306;charset=utf8
[ sql ] [ SQL ] SHOW COLUMNS FROM `new_admin` [ RunTime:0.015001s ]
[ sql ] [ SQL ] SELECT * FROM `new_admin` WHERE  `id` = 1 LIMIT 1 [ RunTime:0.001000s ]
[ sql ] [ SQL ] SHOW COLUMNS FROM `new_order` [ RunTime:0.015001s ]
[ sql ] [ SQL ] SELECT COUNT(*) AS tp_count FROM `new_order` LIMIT 1 [ RunTime:0.000000s ]
[ sql ] [ SQL ] SHOW COLUMNS FROM `new_mail_admin` [ RunTime:0.014000s ]
[ sql ] [ SQL ] SELECT COUNT(*) AS tp_count FROM `new_mail_admin` WHERE  `receiveid` = 1  AND `status` = 1 LIMIT 1 [ RunTime:0.001001s ]

---------------------------------------------------------------
[ 2017-09-02T11:32:48+08:00 ] 127.0.0.1 127.0.0.1 GET /TP_5.0.5_new/public/index.php/admin/admin/changeinfo.html
[ log ] 127.0.0.1/TP_5.0.5_new/public/index.php/admin/admin/changeinfo.html [运行时间：0.123007s][吞吐率：8.13req/s] [内存消耗：1,974.32kb] [文件加载：50]
[ info ] [ LANG ] F:\phpStudy\WWW\TP_5.0.5_new\thinkphp\lang\zh-cn.php
[ info ] [ ROUTE ] array (
  'type' => 'module',
  'module' => 
  array (
    0 => 'admin',
    1 => 'admin',
    2 => 'changeinfo',
  ),
)
[ info ] [ HEADER ] array (
  'cookie' => 'thinkphp_show_page_trace=0|0; thinkphp_show_page_trace=0|0; advanced-backend=ki2o9amkcmjcfgma89bfn9o9o7; _csrf-backend=a35b39b642519f1721eb997035ac82f2b13b636094844bbcc6d6e52e30ac2b40a%3A2%3A%7Bi%3A0%3Bs%3A13%3A%22_csrf-backend%22%3Bi%3A1%3Bs%3A32%3A%22U3MNKC2tghTU-v255_fwERhYjIxrpMeQ%22%3B%7D; PHPSESSID=vufgbgadhe2lqk4e201l7tmjn2',
  'accept-language' => 'zh-CN,zh;q=0.8',
  'accept-encoding' => 'gzip, deflate, br',
  'referer' => 'http://127.0.0.1/TP_5.0.5_new/public/index.php/admin/admin/add.html',
  'accept' => 'text/html,application/xhtml+xml,application/xml;q=0.9,image/webp,image/apng,*/*;q=0.8',
  'user-agent' => 'Mozilla/5.0 (Windows NT 6.1; Win64; x64) AppleWebKit/537.36 (KHTML, like Gecko) Chrome/60.0.3112.113 Safari/537.36',
  'upgrade-insecure-requests' => '1',
  'connection' => 'close',
  'host' => '127.0.0.1',
)
[ info ] [ PARAM ] array (
)
[ info ] [ SESSION ] INIT array (
  'id' => '',
  'var_session_id' => '',
  'prefix' => 'think',
  'type' => '',
  'auto_start' => true,
  'expire' => 1800,
)
[ info ] [ DB ] INIT mysql
[ info ] [ RUN ] app\admin\controller\Admin->changeinfo[ F:\phpStudy\WWW\TP_5.0.5_new\application\admin\controller\Admin.php ]
[ info ] [ VIEW ] F:\phpStudy\WWW\TP_5.0.5_new\public/../application/admin\view\admin\changeinfo.html [ array (
  0 => 'info',
  1 => 'num1',
  2 => 'num2',
) ]
[ info ] [ LOG ] INIT File
[ sql ] [ DB ] CONNECT:[ UseTime:0.002000s ] mysql:dbname=new;host=127.0.0.1;port=3306;charset=utf8
[ sql ] [ SQL ] SHOW COLUMNS FROM `new_admin` [ RunTime:0.017001s ]
[ sql ] [ SQL ] SELECT * FROM `new_admin` WHERE  `id` = 1 LIMIT 1 [ RunTime:0.000000s ]
[ sql ] [ SQL ] SHOW COLUMNS FROM `new_order` [ RunTime:0.017001s ]
[ sql ] [ SQL ] SELECT COUNT(*) AS tp_count FROM `new_order` LIMIT 1 [ RunTime:0.000000s ]
[ sql ] [ SQL ] SHOW COLUMNS FROM `new_mail_admin` [ RunTime:0.017001s ]
[ sql ] [ SQL ] SELECT COUNT(*) AS tp_count FROM `new_mail_admin` WHERE  `receiveid` = 1  AND `status` = 1 LIMIT 1 [ RunTime:0.000000s ]
[ sql ] [ SQL ] SELECT * FROM `new_admin` WHERE  `id` = 1 LIMIT 1 [ RunTime:0.000000s ]
[ error ] [0]模板文件不存在:F:\phpStudy\WWW\TP_5.0.5_new\public/../application/admin\view\Public\right.html[F:\phpStudy\WWW\TP_5.0.5_new\thinkphp\library\think\Template.php:1086]

---------------------------------------------------------------
[ 2017-09-02T11:32:51+08:00 ] 127.0.0.1 127.0.0.1 GET /TP_5.0.5_new/public/index.php/admin/admin/add.html
[ log ] 127.0.0.1/TP_5.0.5_new/public/index.php/admin/admin/add.html [运行时间：0.103006s][吞吐率：9.71req/s] [内存消耗：1,981.71kb] [文件加载：49]
[ info ] [ LANG ] F:\phpStudy\WWW\TP_5.0.5_new\thinkphp\lang\zh-cn.php
[ info ] [ ROUTE ] array (
  'type' => 'module',
  'module' => 
  array (
    0 => 'admin',
    1 => 'admin',
    2 => 'add',
  ),
)
[ info ] [ HEADER ] array (
  'cookie' => 'thinkphp_show_page_trace=0|0; thinkphp_show_page_trace=0|0; advanced-backend=ki2o9amkcmjcfgma89bfn9o9o7; _csrf-backend=a35b39b642519f1721eb997035ac82f2b13b636094844bbcc6d6e52e30ac2b40a%3A2%3A%7Bi%3A0%3Bs%3A13%3A%22_csrf-backend%22%3Bi%3A1%3Bs%3A32%3A%22U3MNKC2tghTU-v255_fwERhYjIxrpMeQ%22%3B%7D; PHPSESSID=vufgbgadhe2lqk4e201l7tmjn2',
  'accept-language' => 'zh-CN,zh;q=0.8',
  'accept-encoding' => 'gzip, deflate, br',
  'referer' => 'http://127.0.0.1/TP_5.0.5_new/public/index.php/admin/admin/edit/id/3.html',
  'accept' => 'text/html,application/xhtml+xml,application/xml;q=0.9,image/webp,image/apng,*/*;q=0.8',
  'user-agent' => 'Mozilla/5.0 (Windows NT 6.1; Win64; x64) AppleWebKit/537.36 (KHTML, like Gecko) Chrome/60.0.3112.113 Safari/537.36',
  'upgrade-insecure-requests' => '1',
  'connection' => 'close',
  'host' => '127.0.0.1',
)
[ info ] [ PARAM ] array (
)
[ info ] [ SESSION ] INIT array (
  'id' => '',
  'var_session_id' => '',
  'prefix' => 'think',
  'type' => '',
  'auto_start' => true,
  'expire' => 1800,
)
[ info ] [ DB ] INIT mysql
[ info ] [ RUN ] app\admin\controller\Admin->add[ F:\phpStudy\WWW\TP_5.0.5_new\application\admin\controller\Admin.php ]
[ info ] [ VIEW ] F:\phpStudy\WWW\TP_5.0.5_new\public/../application/admin\view\admin\add.html [ array (
  0 => 'info',
  1 => 'num1',
  2 => 'num2',
) ]
[ info ] [ LOG ] INIT File
[ sql ] [ DB ] CONNECT:[ UseTime:0.011000s ] mysql:dbname=new;host=127.0.0.1;port=3306;charset=utf8
[ sql ] [ SQL ] SHOW COLUMNS FROM `new_admin` [ RunTime:0.015001s ]
[ sql ] [ SQL ] SELECT * FROM `new_admin` WHERE  `id` = 1 LIMIT 1 [ RunTime:0.000000s ]
[ sql ] [ SQL ] SHOW COLUMNS FROM `new_order` [ RunTime:0.015001s ]
[ sql ] [ SQL ] SELECT COUNT(*) AS tp_count FROM `new_order` LIMIT 1 [ RunTime:0.001000s ]
[ sql ] [ SQL ] SHOW COLUMNS FROM `new_mail_admin` [ RunTime:0.015001s ]
[ sql ] [ SQL ] SELECT COUNT(*) AS tp_count FROM `new_mail_admin` WHERE  `receiveid` = 1  AND `status` = 1 LIMIT 1 [ RunTime:0.000000s ]

---------------------------------------------------------------
[ 2017-09-02T11:32:55+08:00 ] 127.0.0.1 127.0.0.1 GET /TP_5.0.5_new/public/index.php/admin/admin/index.html
[ log ] 127.0.0.1/TP_5.0.5_new/public/index.php/admin/admin/index.html [运行时间：0.102006s][吞吐率：9.80req/s] [内存消耗：2,074.59kb] [文件加载：52]
[ info ] [ LANG ] F:\phpStudy\WWW\TP_5.0.5_new\thinkphp\lang\zh-cn.php
[ info ] [ ROUTE ] array (
  'type' => 'module',
  'module' => 
  array (
    0 => 'admin',
    1 => 'admin',
    2 => 'index',
  ),
)
[ info ] [ HEADER ] array (
  'cookie' => 'thinkphp_show_page_trace=0|0; thinkphp_show_page_trace=0|0; advanced-backend=ki2o9amkcmjcfgma89bfn9o9o7; _csrf-backend=a35b39b642519f1721eb997035ac82f2b13b636094844bbcc6d6e52e30ac2b40a%3A2%3A%7Bi%3A0%3Bs%3A13%3A%22_csrf-backend%22%3Bi%3A1%3Bs%3A32%3A%22U3MNKC2tghTU-v255_fwERhYjIxrpMeQ%22%3B%7D; PHPSESSID=vufgbgadhe2lqk4e201l7tmjn2',
  'accept-language' => 'zh-CN,zh;q=0.8',
  'accept-encoding' => 'gzip, deflate, br',
  'referer' => 'http://127.0.0.1/TP_5.0.5_new/public/index.php/admin/admin/add.html',
  'accept' => 'text/html,application/xhtml+xml,application/xml;q=0.9,image/webp,image/apng,*/*;q=0.8',
  'user-agent' => 'Mozilla/5.0 (Windows NT 6.1; Win64; x64) AppleWebKit/537.36 (KHTML, like Gecko) Chrome/60.0.3112.113 Safari/537.36',
  'upgrade-insecure-requests' => '1',
  'connection' => 'close',
  'host' => '127.0.0.1',
)
[ info ] [ PARAM ] array (
)
[ info ] [ SESSION ] INIT array (
  'id' => '',
  'var_session_id' => '',
  'prefix' => 'think',
  'type' => '',
  'auto_start' => true,
  'expire' => 1800,
)
[ info ] [ DB ] INIT mysql
[ info ] [ RUN ] app\admin\controller\Admin->index[ F:\phpStudy\WWW\TP_5.0.5_new\application\admin\controller\Admin.php ]
[ info ] [ VIEW ] F:\phpStudy\WWW\TP_5.0.5_new\public/../application/admin\view\admin\index.html [ array (
  0 => 'info',
  1 => 'num1',
  2 => 'num2',
  3 => 'keywords',
  4 => 'list',
  5 => 'pages',
) ]
[ info ] [ LOG ] INIT File
[ sql ] [ DB ] CONNECT:[ UseTime:0.002000s ] mysql:dbname=new;host=127.0.0.1;port=3306;charset=utf8
[ sql ] [ SQL ] SHOW COLUMNS FROM `new_admin` [ RunTime:0.017001s ]
[ sql ] [ SQL ] SELECT * FROM `new_admin` WHERE  `id` = 1 LIMIT 1 [ RunTime:0.001000s ]
[ sql ] [ SQL ] SHOW COLUMNS FROM `new_order` [ RunTime:0.015001s ]
[ sql ] [ SQL ] SELECT COUNT(*) AS tp_count FROM `new_order` LIMIT 1 [ RunTime:0.001000s ]
[ sql ] [ SQL ] SHOW COLUMNS FROM `new_mail_admin` [ RunTime:0.015001s ]
[ sql ] [ SQL ] SELECT COUNT(*) AS tp_count FROM `new_mail_admin` WHERE  `receiveid` = 1  AND `status` = 1 LIMIT 1 [ RunTime:0.001000s ]
[ sql ] [ SQL ] SELECT COUNT(*) AS tp_count FROM `new_admin` LIMIT 1 [ RunTime:0.001000s ]
[ sql ] [ SQL ] SELECT * FROM `new_admin` LIMIT 0,1 [ RunTime:0.000000s ]

---------------------------------------------------------------
[ 2017-09-02T11:32:57+08:00 ] 127.0.0.1 127.0.0.1 POST /TP_5.0.5_new/public/index.php/admin/admin/changestatus.html
[ log ] 127.0.0.1/TP_5.0.5_new/public/index.php/admin/admin/changestatus.html [运行时间：0.099005s][吞吐率：10.10req/s] [内存消耗：1,883.98kb] [文件加载：46]
[ info ] [ LANG ] F:\phpStudy\WWW\TP_5.0.5_new\thinkphp\lang\zh-cn.php
[ info ] [ ROUTE ] array (
  'type' => 'module',
  'module' => 
  array (
    0 => 'admin',
    1 => 'admin',
    2 => 'changestatus',
  ),
)
[ info ] [ HEADER ] array (
  'cookie' => 'thinkphp_show_page_trace=0|0; thinkphp_show_page_trace=0|0; advanced-backend=ki2o9amkcmjcfgma89bfn9o9o7; _csrf-backend=a35b39b642519f1721eb997035ac82f2b13b636094844bbcc6d6e52e30ac2b40a%3A2%3A%7Bi%3A0%3Bs%3A13%3A%22_csrf-backend%22%3Bi%3A1%3Bs%3A32%3A%22U3MNKC2tghTU-v255_fwERhYjIxrpMeQ%22%3B%7D; PHPSESSID=vufgbgadhe2lqk4e201l7tmjn2',
  'accept-language' => 'zh-CN,zh;q=0.8',
  'accept-encoding' => 'gzip, deflate, br',
  'referer' => 'http://127.0.0.1/TP_5.0.5_new/public/index.php/admin/admin/index.html',
  'content-type' => 'application/x-www-form-urlencoded; charset=UTF-8',
  'user-agent' => 'Mozilla/5.0 (Windows NT 6.1; Win64; x64) AppleWebKit/537.36 (KHTML, like Gecko) Chrome/60.0.3112.113 Safari/537.36',
  'x-requested-with' => 'XMLHttpRequest',
  'origin' => 'http://127.0.0.1',
  'accept' => '*/*',
  'content-length' => '4',
  'connection' => 'close',
  'host' => '127.0.0.1',
)
[ info ] [ PARAM ] array (
  'id' => '1',
)
[ info ] [ SESSION ] INIT array (
  'id' => '',
  'var_session_id' => '',
  'prefix' => 'think',
  'type' => '',
  'auto_start' => true,
  'expire' => 1800,
)
[ info ] [ DB ] INIT mysql
[ info ] [ RUN ] app\admin\controller\Admin->changestatus[ F:\phpStudy\WWW\TP_5.0.5_new\application\admin\controller\Admin.php ]
[ info ] [ LOG ] INIT File
[ sql ] [ DB ] CONNECT:[ UseTime:0.003000s ] mysql:dbname=new;host=127.0.0.1;port=3306;charset=utf8
[ sql ] [ SQL ] SHOW COLUMNS FROM `new_admin` [ RunTime:0.014001s ]
[ sql ] [ SQL ] SELECT * FROM `new_admin` WHERE  `id` = 1 LIMIT 1 [ RunTime:0.000000s ]
[ sql ] [ SQL ] SHOW COLUMNS FROM `new_order` [ RunTime:0.014001s ]
[ sql ] [ SQL ] SELECT COUNT(*) AS tp_count FROM `new_order` LIMIT 1 [ RunTime:0.000000s ]
[ sql ] [ SQL ] SHOW COLUMNS FROM `new_mail_admin` [ RunTime:0.014001s ]
[ sql ] [ SQL ] SELECT COUNT(*) AS tp_count FROM `new_mail_admin` WHERE  `receiveid` = 1  AND `status` = 1 LIMIT 1 [ RunTime:0.000000s ]
[ sql ] [ SQL ] SELECT * FROM `new_admin` WHERE  `id` = 1 LIMIT 1 [ RunTime:0.000000s ]
[ sql ] [ SQL ] SELECT * FROM `new_admin` WHERE  `id` = 1 LIMIT 1 [ RunTime:0.001000s ]

---------------------------------------------------------------
[ 2017-09-02T11:48:13+08:00 ] 127.0.0.1 127.0.0.1 GET /TP_5.0.5_new/public/index.php/admin/admin/index.html
[ log ] 127.0.0.1/TP_5.0.5_new/public/index.php/admin/admin/index.html [运行时间：0.053003s][吞吐率：18.87req/s] [内存消耗：1,123.06kb] [文件加载：38]
[ info ] [ LANG ] F:\phpStudy\WWW\TP_5.0.5_new\thinkphp\lang\zh-cn.php
[ info ] [ ROUTE ] array (
  'type' => 'module',
  'module' => 
  array (
    0 => 'admin',
    1 => 'admin',
    2 => 'index',
  ),
)
[ info ] [ HEADER ] array (
  'cookie' => 'thinkphp_show_page_trace=0|0; thinkphp_show_page_trace=0|0; advanced-backend=ki2o9amkcmjcfgma89bfn9o9o7; _csrf-backend=a35b39b642519f1721eb997035ac82f2b13b636094844bbcc6d6e52e30ac2b40a%3A2%3A%7Bi%3A0%3Bs%3A13%3A%22_csrf-backend%22%3Bi%3A1%3Bs%3A32%3A%22U3MNKC2tghTU-v255_fwERhYjIxrpMeQ%22%3B%7D',
  'accept-language' => 'zh-CN,zh;q=0.8',
  'accept-encoding' => 'gzip, deflate, br',
  'accept' => 'text/html,application/xhtml+xml,application/xml;q=0.9,image/webp,image/apng,*/*;q=0.8',
  'user-agent' => 'Mozilla/5.0 (Windows NT 6.1; Win64; x64) AppleWebKit/537.36 (KHTML, like Gecko) Chrome/60.0.3112.113 Safari/537.36',
  'upgrade-insecure-requests' => '1',
  'connection' => 'close',
  'host' => '127.0.0.1',
)
[ info ] [ PARAM ] array (
)
[ info ] [ SESSION ] INIT array (
  'id' => '',
  'var_session_id' => '',
  'prefix' => 'think',
  'type' => '',
  'auto_start' => true,
  'expire' => 1800,
)
[ info ] [ LOG ] INIT File

---------------------------------------------------------------
[ 2017-09-02T11:48:13+08:00 ] 127.0.0.1 127.0.0.1 GET /TP_5.0.5_new/public/index.php/admin/login/index.html
[ log ] 127.0.0.1/TP_5.0.5_new/public/index.php/admin/login/index.html [运行时间：0.036002s][吞吐率：27.78req/s] [内存消耗：1,134.19kb] [文件加载：39]
[ info ] [ LANG ] F:\phpStudy\WWW\TP_5.0.5_new\thinkphp\lang\zh-cn.php
[ info ] [ ROUTE ] array (
  'type' => 'module',
  'module' => 
  array (
    0 => 'admin',
    1 => 'login',
    2 => 'index',
  ),
)
[ info ] [ HEADER ] array (
  'cookie' => 'thinkphp_show_page_trace=0|0; thinkphp_show_page_trace=0|0; advanced-backend=ki2o9amkcmjcfgma89bfn9o9o7; _csrf-backend=a35b39b642519f1721eb997035ac82f2b13b636094844bbcc6d6e52e30ac2b40a%3A2%3A%7Bi%3A0%3Bs%3A13%3A%22_csrf-backend%22%3Bi%3A1%3Bs%3A32%3A%22U3MNKC2tghTU-v255_fwERhYjIxrpMeQ%22%3B%7D; PHPSESSID=sbjmvvhteeffmtnvcneto8mt31',
  'accept-language' => 'zh-CN,zh;q=0.8',
  'accept-encoding' => 'gzip, deflate, br',
  'accept' => 'text/html,application/xhtml+xml,application/xml;q=0.9,image/webp,image/apng,*/*;q=0.8',
  'user-agent' => 'Mozilla/5.0 (Windows NT 6.1; Win64; x64) AppleWebKit/537.36 (KHTML, like Gecko) Chrome/60.0.3112.113 Safari/537.36',
  'upgrade-insecure-requests' => '1',
  'connection' => 'close',
  'host' => '127.0.0.1',
)
[ info ] [ PARAM ] array (
)
[ info ] [ RUN ] app\admin\controller\Login->index[ F:\phpStudy\WWW\TP_5.0.5_new\application\admin\controller\Login.php ]
[ info ] [ VIEW ] F:\phpStudy\WWW\TP_5.0.5_new\public/../application/admin\view\login\index.html [ array (
) ]
[ info ] [ LOG ] INIT File

---------------------------------------------------------------
[ 2017-09-02T11:48:24+08:00 ] 127.0.0.1 127.0.0.1 POST /TP_5.0.5_new/public/index.php/admin/login/index.html
[ log ] 127.0.0.1/TP_5.0.5_new/public/index.php/admin/login/index.html [运行时间：0.183010s][吞吐率：5.46req/s] [内存消耗：2,006.00kb] [文件加载：48]
[ info ] [ LANG ] F:\phpStudy\WWW\TP_5.0.5_new\thinkphp\lang\zh-cn.php
[ info ] [ ROUTE ] array (
  'type' => 'module',
  'module' => 
  array (
    0 => 'admin',
    1 => 'login',
    2 => 'index',
  ),
)
[ info ] [ HEADER ] array (
  'cookie' => 'thinkphp_show_page_trace=0|0; thinkphp_show_page_trace=0|0; advanced-backend=ki2o9amkcmjcfgma89bfn9o9o7; _csrf-backend=a35b39b642519f1721eb997035ac82f2b13b636094844bbcc6d6e52e30ac2b40a%3A2%3A%7Bi%3A0%3Bs%3A13%3A%22_csrf-backend%22%3Bi%3A1%3Bs%3A32%3A%22U3MNKC2tghTU-v255_fwERhYjIxrpMeQ%22%3B%7D; PHPSESSID=sbjmvvhteeffmtnvcneto8mt31',
  'accept-language' => 'zh-CN,zh;q=0.8',
  'accept-encoding' => 'gzip, deflate, br',
  'referer' => 'http://127.0.0.1/TP_5.0.5_new/public/index.php/admin/login/index.html',
  'content-type' => 'application/x-www-form-urlencoded; charset=UTF-8',
  'user-agent' => 'Mozilla/5.0 (Windows NT 6.1; Win64; x64) AppleWebKit/537.36 (KHTML, like Gecko) Chrome/60.0.3112.113 Safari/537.36',
  'x-requested-with' => 'XMLHttpRequest',
  'origin' => 'http://127.0.0.1',
  'accept' => 'application/json, text/javascript, */*; q=0.01',
  'content-length' => '29',
  'connection' => 'close',
  'host' => '127.0.0.1',
)
[ info ] [ PARAM ] array (
  'username' => 'admin',
  'password' => 'admin',
)
[ info ] [ RUN ] app\admin\controller\Login->index[ F:\phpStudy\WWW\TP_5.0.5_new\application\admin\controller\Login.php ]
[ info ] [ DB ] INIT mysql
[ info ] [ SESSION ] INIT array (
  'id' => '',
  'var_session_id' => '',
  'prefix' => 'think',
  'type' => '',
  'auto_start' => true,
  'expire' => 1800,
)
[ info ] [ CACHE ] INIT File
[ info ] [ LOG ] INIT File
[ sql ] [ DB ] CONNECT:[ UseTime:0.009000s ] mysql:dbname=new;host=127.0.0.1;port=3306;charset=utf8
[ sql ] [ SQL ] SHOW COLUMNS FROM `new_admin` [ RunTime:0.055003s ]
[ sql ] [ SQL ] SELECT * FROM `new_admin` WHERE  `username` = 'admin' LIMIT 1 [ RunTime:0.012000s ]
[ sql ] [ SQL ] SELECT * FROM `new_admin` WHERE  `username` = 'admin'  AND `password` = 'ae26ee2b1583b607b0008b8e6131b149' LIMIT 1 [ RunTime:0.001000s ]
[ sql ] [ SQL ] UPDATE `new_admin`  SET `lastlogin`=1504324104  WHERE  `id` = 1 [ RunTime:0.029002s ]

---------------------------------------------------------------
[ 2017-09-02T11:48:28+08:00 ] 127.0.0.1 127.0.0.1 GET /TP_5.0.5_new/public/index.php/admin/index/index.html
[ log ] 127.0.0.1/TP_5.0.5_new/public/index.php/admin/index/index.html [运行时间：0.163009s][吞吐率：6.13req/s] [内存消耗：2,007.37kb] [文件加载：49]
[ info ] [ LANG ] F:\phpStudy\WWW\TP_5.0.5_new\thinkphp\lang\zh-cn.php
[ info ] [ ROUTE ] array (
  'type' => 'module',
  'module' => 
  array (
    0 => 'admin',
    1 => 'index',
    2 => 'index',
  ),
)
[ info ] [ HEADER ] array (
  'cookie' => 'thinkphp_show_page_trace=0|0; thinkphp_show_page_trace=0|0; advanced-backend=ki2o9amkcmjcfgma89bfn9o9o7; _csrf-backend=a35b39b642519f1721eb997035ac82f2b13b636094844bbcc6d6e52e30ac2b40a%3A2%3A%7Bi%3A0%3Bs%3A13%3A%22_csrf-backend%22%3Bi%3A1%3Bs%3A32%3A%22U3MNKC2tghTU-v255_fwERhYjIxrpMeQ%22%3B%7D; PHPSESSID=sbjmvvhteeffmtnvcneto8mt31',
  'accept-language' => 'zh-CN,zh;q=0.8',
  'accept-encoding' => 'gzip, deflate, br',
  'referer' => 'http://127.0.0.1/TP_5.0.5_new/public/index.php/admin/login/index.html',
  'accept' => 'text/html,application/xhtml+xml,application/xml;q=0.9,image/webp,image/apng,*/*;q=0.8',
  'user-agent' => 'Mozilla/5.0 (Windows NT 6.1; Win64; x64) AppleWebKit/537.36 (KHTML, like Gecko) Chrome/60.0.3112.113 Safari/537.36',
  'upgrade-insecure-requests' => '1',
  'connection' => 'close',
  'host' => '127.0.0.1',
)
[ info ] [ PARAM ] array (
)
[ info ] [ SESSION ] INIT array (
  'id' => '',
  'var_session_id' => '',
  'prefix' => 'think',
  'type' => '',
  'auto_start' => true,
  'expire' => 1800,
)
[ info ] [ DB ] INIT mysql
[ info ] [ RUN ] app\admin\controller\Index->index[ F:\phpStudy\WWW\TP_5.0.5_new\application\admin\controller\Index.php ]
[ info ] [ VIEW ] F:\phpStudy\WWW\TP_5.0.5_new\public/../application/admin\view\index\index.html [ array (
  0 => 'info',
  1 => 'num1',
  2 => 'num2',
) ]
[ info ] [ LOG ] INIT File
[ sql ] [ DB ] CONNECT:[ UseTime:0.012001s ] mysql:dbname=new;host=127.0.0.1;port=3306;charset=utf8
[ sql ] [ SQL ] SHOW COLUMNS FROM `new_admin` [ RunTime:0.016001s ]
[ sql ] [ SQL ] SELECT * FROM `new_admin` WHERE  `id` = 1 LIMIT 1 [ RunTime:0.001000s ]
[ sql ] [ SQL ] SHOW COLUMNS FROM `new_order` [ RunTime:0.017001s ]
[ sql ] [ SQL ] SELECT COUNT(*) AS tp_count FROM `new_order` LIMIT 1 [ RunTime:0.001000s ]
[ sql ] [ SQL ] SHOW COLUMNS FROM `new_mail_admin` [ RunTime:0.017001s ]
[ sql ] [ SQL ] SELECT COUNT(*) AS tp_count FROM `new_mail_admin` WHERE  `receiveid` = 1  AND `status` = 1 LIMIT 1 [ RunTime:0.001000s ]

---------------------------------------------------------------
[ 2017-09-02T14:53:15+08:00 ] 127.0.0.1 127.0.0.1 GET /TP_5.0.5_new/public/index.php/admin/admin/index.html
[ log ] 127.0.0.1/TP_5.0.5_new/public/index.php/admin/admin/index.html [运行时间：0.024001s][吞吐率：41.66req/s] [内存消耗：1,123.40kb] [文件加载：38]
[ info ] [ LANG ] F:\phpStudy\WWW\TP_5.0.5_new\thinkphp\lang\zh-cn.php
[ info ] [ ROUTE ] array (
  'type' => 'module',
  'module' => 
  array (
    0 => 'admin',
    1 => 'admin',
    2 => 'index',
  ),
)
[ info ] [ HEADER ] array (
  'cookie' => 'thinkphp_show_page_trace=0|0; thinkphp_show_page_trace=0|0; advanced-backend=ki2o9amkcmjcfgma89bfn9o9o7; _csrf-backend=a35b39b642519f1721eb997035ac82f2b13b636094844bbcc6d6e52e30ac2b40a%3A2%3A%7Bi%3A0%3Bs%3A13%3A%22_csrf-backend%22%3Bi%3A1%3Bs%3A32%3A%22U3MNKC2tghTU-v255_fwERhYjIxrpMeQ%22%3B%7D',
  'accept-language' => 'zh-CN,zh;q=0.8',
  'accept-encoding' => 'gzip, deflate, br',
  'referer' => 'http://127.0.0.1/TP_5.0.5_new/public/index.php/admin/index/index.html',
  'accept' => 'text/html,application/xhtml+xml,application/xml;q=0.9,image/webp,image/apng,*/*;q=0.8',
  'user-agent' => 'Mozilla/5.0 (Windows NT 6.1; Win64; x64) AppleWebKit/537.36 (KHTML, like Gecko) Chrome/60.0.3112.113 Safari/537.36',
  'upgrade-insecure-requests' => '1',
  'connection' => 'close',
  'host' => '127.0.0.1',
)
[ info ] [ PARAM ] array (
)
[ info ] [ SESSION ] INIT array (
  'id' => '',
  'var_session_id' => '',
  'prefix' => 'think',
  'type' => '',
  'auto_start' => true,
  'expire' => 1800,
)
[ info ] [ LOG ] INIT File

---------------------------------------------------------------
[ 2017-09-02T14:53:15+08:00 ] 127.0.0.1 127.0.0.1 GET /TP_5.0.5_new/public/index.php/admin/login/index.html
[ log ] 127.0.0.1/TP_5.0.5_new/public/index.php/admin/login/index.html [运行时间：0.021001s][吞吐率：47.62req/s] [内存消耗：1,134.43kb] [文件加载：39]
[ info ] [ LANG ] F:\phpStudy\WWW\TP_5.0.5_new\thinkphp\lang\zh-cn.php
[ info ] [ ROUTE ] array (
  'type' => 'module',
  'module' => 
  array (
    0 => 'admin',
    1 => 'login',
    2 => 'index',
  ),
)
[ info ] [ HEADER ] array (
  'cookie' => 'thinkphp_show_page_trace=0|0; thinkphp_show_page_trace=0|0; advanced-backend=ki2o9amkcmjcfgma89bfn9o9o7; _csrf-backend=a35b39b642519f1721eb997035ac82f2b13b636094844bbcc6d6e52e30ac2b40a%3A2%3A%7Bi%3A0%3Bs%3A13%3A%22_csrf-backend%22%3Bi%3A1%3Bs%3A32%3A%22U3MNKC2tghTU-v255_fwERhYjIxrpMeQ%22%3B%7D; PHPSESSID=q88kprgceaf951eujdo6sbf7s1',
  'accept-language' => 'zh-CN,zh;q=0.8',
  'accept-encoding' => 'gzip, deflate, br',
  'referer' => 'http://127.0.0.1/TP_5.0.5_new/public/index.php/admin/index/index.html',
  'accept' => 'text/html,application/xhtml+xml,application/xml;q=0.9,image/webp,image/apng,*/*;q=0.8',
  'user-agent' => 'Mozilla/5.0 (Windows NT 6.1; Win64; x64) AppleWebKit/537.36 (KHTML, like Gecko) Chrome/60.0.3112.113 Safari/537.36',
  'upgrade-insecure-requests' => '1',
  'connection' => 'close',
  'host' => '127.0.0.1',
)
[ info ] [ PARAM ] array (
)
[ info ] [ RUN ] app\admin\controller\Login->index[ F:\phpStudy\WWW\TP_5.0.5_new\application\admin\controller\Login.php ]
[ info ] [ VIEW ] F:\phpStudy\WWW\TP_5.0.5_new\public/../application/admin\view\login\index.html [ array (
) ]
[ info ] [ LOG ] INIT File

---------------------------------------------------------------
