[ 2017-09-15T11:57:22+08:00 ] 127.0.0.1 127.0.0.1 GET /TP_5.0.5_new/public/
[ log ] 127.0.0.1/TP_5.0.5_new/public/ [运行时间：0.320018s][吞吐率：3.12req/s] [内存消耗：1,178.46kb] [文件加载：43]
[ info ] [ LANG ] F:\phpStudy\WWW\TP_5.0.5_new\thinkphp\lang\zh-cn.php
[ info ] [ ROUTE ] array (
  'type' => 'module',
  'module' => 
  array (
    0 => '',
    1 => NULL,
    2 => NULL,
  ),
)
[ info ] [ HEADER ] array (
  'cookie' => 'XSRF-TOKEN=eyJpdiI6IldzQTk5c09IREU1SFJua1BwNkZGZVE9PSIsInZhbHVlIjoiVlNKUEpRT3FySUxQc3IyUG5leUNJWUFEckxKNlQzdFlvMVZZbTQ0VExyUTNWa3BXQURjbXQ3ZTBBd05EUWNucjhLSVFLWmxWXC9LdHFhUVM0QTREUDRnPT0iLCJtYWMiOiI0MGQ1NDc2ZjBjN2FiNzVlZGNkNmMyOTg1ZDk4MzdkNGE4MTcyNzNjYzY5OTgzYjA0YTJhOTdiZWVmMTVlNTI5In0%3D; laravel_session=eyJpdiI6ImkyVkNmOTRZM2JrblNIYis1QWtKckE9PSIsInZhbHVlIjoiellaeklLUGlQWVpqeVlFT21ZWFZ4KzlZajhxU25wRzA0OWtkYmdsMjlJYjhCdFhrcEpzWHFvbEVnalFjY2xsbHFFK1U0R0dvbDYyNStuMVJ1NVwvWFN3PT0iLCJtYWMiOiIwMmYyZjdkMzdiNWU3ZDNkMTFmMGRmYzlkYjdmZDUwZTA4OTE5ZTNhMTBiYjdjOWEyZTQxOWU4NTEwOTVmMWI5In0%3D',
  'accept-language' => 'zh-CN,zh;q=0.8',
  'accept-encoding' => 'gzip, deflate, br',
  'referer' => 'http://127.0.0.1/TP_5.0.5_new/',
  'accept' => 'text/html,application/xhtml+xml,application/xml;q=0.9,image/webp,image/apng,*/*;q=0.8',
  'user-agent' => 'Mozilla/5.0 (Windows NT 6.1; Win64; x64) AppleWebKit/537.36 (KHTML, like Gecko) Chrome/60.0.3112.113 Safari/537.36',
  'upgrade-insecure-requests' => '1',
  'connection' => 'close',
  'host' => '127.0.0.1',
)
[ info ] [ PARAM ] array (
)
[ info ] [ RUN ] app\index\controller\Index->index[ F:\phpStudy\WWW\TP_5.0.5_new\application\index\controller\Index.php ]
[ info ] [ LOG ] INIT File

---------------------------------------------------------------
[ 2017-09-15T11:58:32+08:00 ] 127.0.0.1 127.0.0.1 GET /TP_5.0.5_new/public/
[ log ] 127.0.0.1/TP_5.0.5_new/public/ [运行时间：0.175010s][吞吐率：5.71req/s] [内存消耗：1,923.80kb] [文件加载：50]
[ info ] [ LANG ] F:\phpStudy\WWW\TP_5.0.5_new\thinkphp\lang\zh-cn.php
[ info ] [ ROUTE ] array (
  'type' => 'module',
  'module' => 
  array (
    0 => '',
    1 => NULL,
    2 => NULL,
  ),
)
[ info ] [ HEADER ] array (
  'cookie' => 'thinkphp_show_page_trace=0|0; XSRF-TOKEN=eyJpdiI6IldzQTk5c09IREU1SFJua1BwNkZGZVE9PSIsInZhbHVlIjoiVlNKUEpRT3FySUxQc3IyUG5leUNJWUFEckxKNlQzdFlvMVZZbTQ0VExyUTNWa3BXQURjbXQ3ZTBBd05EUWNucjhLSVFLWmxWXC9LdHFhUVM0QTREUDRnPT0iLCJtYWMiOiI0MGQ1NDc2ZjBjN2FiNzVlZGNkNmMyOTg1ZDk4MzdkNGE4MTcyNzNjYzY5OTgzYjA0YTJhOTdiZWVmMTVlNTI5In0%3D; laravel_session=eyJpdiI6ImkyVkNmOTRZM2JrblNIYis1QWtKckE9PSIsInZhbHVlIjoiellaeklLUGlQWVpqeVlFT21ZWFZ4KzlZajhxU25wRzA0OWtkYmdsMjlJYjhCdFhrcEpzWHFvbEVnalFjY2xsbHFFK1U0R0dvbDYyNStuMVJ1NVwvWFN3PT0iLCJtYWMiOiIwMmYyZjdkMzdiNWU3ZDNkMTFmMGRmYzlkYjdmZDUwZTA4OTE5ZTNhMTBiYjdjOWEyZTQxOWU4NTEwOTVmMWI5In0%3D',
  'accept-language' => 'zh-CN,zh;q=0.8',
  'accept-encoding' => 'gzip, deflate, br',
  'referer' => 'http://127.0.0.1/TP_5.0.5_new/',
  'accept' => 'text/html,application/xhtml+xml,application/xml;q=0.9,image/webp,image/apng,*/*;q=0.8',
  'user-agent' => 'Mozilla/5.0 (Windows NT 6.1; Win64; x64) AppleWebKit/537.36 (KHTML, like Gecko) Chrome/60.0.3112.113 Safari/537.36',
  'upgrade-insecure-requests' => '1',
  'cache-control' => 'max-age=0',
  'connection' => 'close',
  'host' => '127.0.0.1',
)
[ info ] [ PARAM ] array (
)
[ info ] [ RUN ] app\index\controller\Index->index[ F:\phpStudy\WWW\TP_5.0.5_new\application\index\controller\Index.php ]
[ info ] [ DB ] INIT mysql
[ info ] [ LOG ] INIT File
[ sql ] [ DB ] CONNECT:[ UseTime:0.016001s ] mysql:dbname=tp_5.0.5_new;host=127.0.0.1;port=3306;charset=utf8
[ sql ] [ SQL ] SHOW COLUMNS FROM `new_admin` [ RunTime:0.068004s ]
[ sql ] [ SQL ] SELECT * FROM `new_admin` WHERE  `id` = 1 LIMIT 1 [ RunTime:0.001000s ]

---------------------------------------------------------------
[ 2017-09-15T11:58:55+08:00 ] 127.0.0.1 127.0.0.1 GET /TP_5.0.5_new/public/
[ log ] 127.0.0.1/TP_5.0.5_new/public/ [运行时间：0.067003s][吞吐率：14.92req/s] [内存消耗：1,924.41kb] [文件加载：50]
[ info ] [ LANG ] F:\phpStudy\WWW\TP_5.0.5_new\thinkphp\lang\zh-cn.php
[ info ] [ ROUTE ] array (
  'type' => 'module',
  'module' => 
  array (
    0 => '',
    1 => NULL,
    2 => NULL,
  ),
)
[ info ] [ HEADER ] array (
  'cookie' => 'thinkphp_show_page_trace=0|0; XSRF-TOKEN=eyJpdiI6IldzQTk5c09IREU1SFJua1BwNkZGZVE9PSIsInZhbHVlIjoiVlNKUEpRT3FySUxQc3IyUG5leUNJWUFEckxKNlQzdFlvMVZZbTQ0VExyUTNWa3BXQURjbXQ3ZTBBd05EUWNucjhLSVFLWmxWXC9LdHFhUVM0QTREUDRnPT0iLCJtYWMiOiI0MGQ1NDc2ZjBjN2FiNzVlZGNkNmMyOTg1ZDk4MzdkNGE4MTcyNzNjYzY5OTgzYjA0YTJhOTdiZWVmMTVlNTI5In0%3D; laravel_session=eyJpdiI6ImkyVkNmOTRZM2JrblNIYis1QWtKckE9PSIsInZhbHVlIjoiellaeklLUGlQWVpqeVlFT21ZWFZ4KzlZajhxU25wRzA0OWtkYmdsMjlJYjhCdFhrcEpzWHFvbEVnalFjY2xsbHFFK1U0R0dvbDYyNStuMVJ1NVwvWFN3PT0iLCJtYWMiOiIwMmYyZjdkMzdiNWU3ZDNkMTFmMGRmYzlkYjdmZDUwZTA4OTE5ZTNhMTBiYjdjOWEyZTQxOWU4NTEwOTVmMWI5In0%3D',
  'accept-language' => 'zh-CN,zh;q=0.8',
  'accept-encoding' => 'gzip, deflate, br',
  'referer' => 'http://127.0.0.1/TP_5.0.5_new/',
  'accept' => 'text/html,application/xhtml+xml,application/xml;q=0.9,image/webp,image/apng,*/*;q=0.8',
  'user-agent' => 'Mozilla/5.0 (Windows NT 6.1; Win64; x64) AppleWebKit/537.36 (KHTML, like Gecko) Chrome/60.0.3112.113 Safari/537.36',
  'upgrade-insecure-requests' => '1',
  'cache-control' => 'max-age=0',
  'connection' => 'close',
  'host' => '127.0.0.1',
)
[ info ] [ PARAM ] array (
)
[ info ] [ RUN ] app\index\controller\Index->index[ F:\phpStudy\WWW\TP_5.0.5_new\application\index\controller\Index.php ]
[ info ] [ DB ] INIT mysql
[ info ] [ LOG ] INIT File
[ sql ] [ DB ] CONNECT:[ UseTime:0.011001s ] mysql:dbname=tp_5.0.5_new;host=127.0.0.1;port=3306;charset=utf8
[ sql ] [ SQL ] SHOW COLUMNS FROM `new_admin` [ RunTime:0.009000s ]
[ sql ] [ SQL ] SELECT * FROM `new_admin` WHERE  `id` = 1 LIMIT 1 [ RunTime:0.000000s ]

---------------------------------------------------------------
[ 2017-09-15T11:59:49+08:00 ] 127.0.0.1 127.0.0.1 GET /TP_5.0.5_new/public/
[ log ] 127.0.0.1/TP_5.0.5_new/public/ [运行时间：0.095005s][吞吐率：10.53req/s] [内存消耗：1,906.48kb] [文件加载：53]
[ info ] [ LANG ] F:\phpStudy\WWW\TP_5.0.5_new\thinkphp\lang\zh-cn.php
[ info ] [ ROUTE ] array (
  'type' => 'module',
  'module' => 
  array (
    0 => '',
    1 => NULL,
    2 => NULL,
  ),
)
[ info ] [ HEADER ] array (
  'cookie' => 'thinkphp_show_page_trace=0|0; XSRF-TOKEN=eyJpdiI6IldzQTk5c09IREU1SFJua1BwNkZGZVE9PSIsInZhbHVlIjoiVlNKUEpRT3FySUxQc3IyUG5leUNJWUFEckxKNlQzdFlvMVZZbTQ0VExyUTNWa3BXQURjbXQ3ZTBBd05EUWNucjhLSVFLWmxWXC9LdHFhUVM0QTREUDRnPT0iLCJtYWMiOiI0MGQ1NDc2ZjBjN2FiNzVlZGNkNmMyOTg1ZDk4MzdkNGE4MTcyNzNjYzY5OTgzYjA0YTJhOTdiZWVmMTVlNTI5In0%3D; laravel_session=eyJpdiI6ImkyVkNmOTRZM2JrblNIYis1QWtKckE9PSIsInZhbHVlIjoiellaeklLUGlQWVpqeVlFT21ZWFZ4KzlZajhxU25wRzA0OWtkYmdsMjlJYjhCdFhrcEpzWHFvbEVnalFjY2xsbHFFK1U0R0dvbDYyNStuMVJ1NVwvWFN3PT0iLCJtYWMiOiIwMmYyZjdkMzdiNWU3ZDNkMTFmMGRmYzlkYjdmZDUwZTA4OTE5ZTNhMTBiYjdjOWEyZTQxOWU4NTEwOTVmMWI5In0%3D',
  'accept-language' => 'zh-CN,zh;q=0.8',
  'accept-encoding' => 'gzip, deflate, br',
  'referer' => 'http://127.0.0.1/TP_5.0.5_new/',
  'accept' => 'text/html,application/xhtml+xml,application/xml;q=0.9,image/webp,image/apng,*/*;q=0.8',
  'user-agent' => 'Mozilla/5.0 (Windows NT 6.1; Win64; x64) AppleWebKit/537.36 (KHTML, like Gecko) Chrome/60.0.3112.113 Safari/537.36',
  'upgrade-insecure-requests' => '1',
  'cache-control' => 'max-age=0',
  'connection' => 'close',
  'host' => '127.0.0.1',
)
[ info ] [ PARAM ] array (
)
[ info ] [ RUN ] app\index\controller\Index->index[ F:\phpStudy\WWW\TP_5.0.5_new\application\index\controller\Index.php ]
[ info ] [ DB ] INIT mysql
[ info ] [ LOG ] INIT File
[ error ] [0]method not exist:think\db\Query->all[F:\phpStudy\WWW\TP_5.0.5_new\thinkphp\library\think\db\Query.php:93]

---------------------------------------------------------------
[ 2017-09-15T11:59:57+08:00 ] 127.0.0.1 127.0.0.1 GET /TP_5.0.5_new/public/
[ log ] 127.0.0.1/TP_5.0.5_new/public/ [运行时间：0.043002s][吞吐率：23.25req/s] [内存消耗：1,906.24kb] [文件加载：53]
[ info ] [ LANG ] F:\phpStudy\WWW\TP_5.0.5_new\thinkphp\lang\zh-cn.php
[ info ] [ ROUTE ] array (
  'type' => 'module',
  'module' => 
  array (
    0 => '',
    1 => NULL,
    2 => NULL,
  ),
)
[ info ] [ HEADER ] array (
  'cookie' => 'thinkphp_show_page_trace=0|0; XSRF-TOKEN=eyJpdiI6IldzQTk5c09IREU1SFJua1BwNkZGZVE9PSIsInZhbHVlIjoiVlNKUEpRT3FySUxQc3IyUG5leUNJWUFEckxKNlQzdFlvMVZZbTQ0VExyUTNWa3BXQURjbXQ3ZTBBd05EUWNucjhLSVFLWmxWXC9LdHFhUVM0QTREUDRnPT0iLCJtYWMiOiI0MGQ1NDc2ZjBjN2FiNzVlZGNkNmMyOTg1ZDk4MzdkNGE4MTcyNzNjYzY5OTgzYjA0YTJhOTdiZWVmMTVlNTI5In0%3D; laravel_session=eyJpdiI6ImkyVkNmOTRZM2JrblNIYis1QWtKckE9PSIsInZhbHVlIjoiellaeklLUGlQWVpqeVlFT21ZWFZ4KzlZajhxU25wRzA0OWtkYmdsMjlJYjhCdFhrcEpzWHFvbEVnalFjY2xsbHFFK1U0R0dvbDYyNStuMVJ1NVwvWFN3PT0iLCJtYWMiOiIwMmYyZjdkMzdiNWU3ZDNkMTFmMGRmYzlkYjdmZDUwZTA4OTE5ZTNhMTBiYjdjOWEyZTQxOWU4NTEwOTVmMWI5In0%3D',
  'accept-language' => 'zh-CN,zh;q=0.8',
  'accept-encoding' => 'gzip, deflate, br',
  'referer' => 'http://127.0.0.1/TP_5.0.5_new/',
  'accept' => 'text/html,application/xhtml+xml,application/xml;q=0.9,image/webp,image/apng,*/*;q=0.8',
  'user-agent' => 'Mozilla/5.0 (Windows NT 6.1; Win64; x64) AppleWebKit/537.36 (KHTML, like Gecko) Chrome/60.0.3112.113 Safari/537.36',
  'upgrade-insecure-requests' => '1',
  'cache-control' => 'max-age=0',
  'connection' => 'close',
  'host' => '127.0.0.1',
)
[ info ] [ PARAM ] array (
)
[ info ] [ RUN ] app\index\controller\Index->index[ F:\phpStudy\WWW\TP_5.0.5_new\application\index\controller\Index.php ]
[ info ] [ DB ] INIT mysql
[ info ] [ LOG ] INIT File
[ error ] [0]method not exist:think\db\Query->all[F:\phpStudy\WWW\TP_5.0.5_new\thinkphp\library\think\db\Query.php:93]

---------------------------------------------------------------
[ 2017-09-15T11:59:58+08:00 ] 127.0.0.1 127.0.0.1 GET /TP_5.0.5_new/public/
[ log ] 127.0.0.1/TP_5.0.5_new/public/ [运行时间：0.046003s][吞吐率：21.74req/s] [内存消耗：1,906.24kb] [文件加载：53]
[ info ] [ LANG ] F:\phpStudy\WWW\TP_5.0.5_new\thinkphp\lang\zh-cn.php
[ info ] [ ROUTE ] array (
  'type' => 'module',
  'module' => 
  array (
    0 => '',
    1 => NULL,
    2 => NULL,
  ),
)
[ info ] [ HEADER ] array (
  'cookie' => 'thinkphp_show_page_trace=0|0; XSRF-TOKEN=eyJpdiI6IldzQTk5c09IREU1SFJua1BwNkZGZVE9PSIsInZhbHVlIjoiVlNKUEpRT3FySUxQc3IyUG5leUNJWUFEckxKNlQzdFlvMVZZbTQ0VExyUTNWa3BXQURjbXQ3ZTBBd05EUWNucjhLSVFLWmxWXC9LdHFhUVM0QTREUDRnPT0iLCJtYWMiOiI0MGQ1NDc2ZjBjN2FiNzVlZGNkNmMyOTg1ZDk4MzdkNGE4MTcyNzNjYzY5OTgzYjA0YTJhOTdiZWVmMTVlNTI5In0%3D; laravel_session=eyJpdiI6ImkyVkNmOTRZM2JrblNIYis1QWtKckE9PSIsInZhbHVlIjoiellaeklLUGlQWVpqeVlFT21ZWFZ4KzlZajhxU25wRzA0OWtkYmdsMjlJYjhCdFhrcEpzWHFvbEVnalFjY2xsbHFFK1U0R0dvbDYyNStuMVJ1NVwvWFN3PT0iLCJtYWMiOiIwMmYyZjdkMzdiNWU3ZDNkMTFmMGRmYzlkYjdmZDUwZTA4OTE5ZTNhMTBiYjdjOWEyZTQxOWU4NTEwOTVmMWI5In0%3D',
  'accept-language' => 'zh-CN,zh;q=0.8',
  'accept-encoding' => 'gzip, deflate, br',
  'referer' => 'http://127.0.0.1/TP_5.0.5_new/',
  'accept' => 'text/html,application/xhtml+xml,application/xml;q=0.9,image/webp,image/apng,*/*;q=0.8',
  'user-agent' => 'Mozilla/5.0 (Windows NT 6.1; Win64; x64) AppleWebKit/537.36 (KHTML, like Gecko) Chrome/60.0.3112.113 Safari/537.36',
  'upgrade-insecure-requests' => '1',
  'cache-control' => 'max-age=0',
  'connection' => 'close',
  'host' => '127.0.0.1',
)
[ info ] [ PARAM ] array (
)
[ info ] [ RUN ] app\index\controller\Index->index[ F:\phpStudy\WWW\TP_5.0.5_new\application\index\controller\Index.php ]
[ info ] [ DB ] INIT mysql
[ info ] [ LOG ] INIT File
[ error ] [0]method not exist:think\db\Query->all[F:\phpStudy\WWW\TP_5.0.5_new\thinkphp\library\think\db\Query.php:93]

---------------------------------------------------------------
[ 2017-09-15T12:00:00+08:00 ] 127.0.0.1 127.0.0.1 GET /TP_5.0.5_new/public/
[ log ] 127.0.0.1/TP_5.0.5_new/public/ [运行时间：0.054003s][吞吐率：18.52req/s] [内存消耗：1,906.24kb] [文件加载：53]
[ info ] [ LANG ] F:\phpStudy\WWW\TP_5.0.5_new\thinkphp\lang\zh-cn.php
[ info ] [ ROUTE ] array (
  'type' => 'module',
  'module' => 
  array (
    0 => '',
    1 => NULL,
    2 => NULL,
  ),
)
[ info ] [ HEADER ] array (
  'cookie' => 'thinkphp_show_page_trace=0|0; XSRF-TOKEN=eyJpdiI6IldzQTk5c09IREU1SFJua1BwNkZGZVE9PSIsInZhbHVlIjoiVlNKUEpRT3FySUxQc3IyUG5leUNJWUFEckxKNlQzdFlvMVZZbTQ0VExyUTNWa3BXQURjbXQ3ZTBBd05EUWNucjhLSVFLWmxWXC9LdHFhUVM0QTREUDRnPT0iLCJtYWMiOiI0MGQ1NDc2ZjBjN2FiNzVlZGNkNmMyOTg1ZDk4MzdkNGE4MTcyNzNjYzY5OTgzYjA0YTJhOTdiZWVmMTVlNTI5In0%3D; laravel_session=eyJpdiI6ImkyVkNmOTRZM2JrblNIYis1QWtKckE9PSIsInZhbHVlIjoiellaeklLUGlQWVpqeVlFT21ZWFZ4KzlZajhxU25wRzA0OWtkYmdsMjlJYjhCdFhrcEpzWHFvbEVnalFjY2xsbHFFK1U0R0dvbDYyNStuMVJ1NVwvWFN3PT0iLCJtYWMiOiIwMmYyZjdkMzdiNWU3ZDNkMTFmMGRmYzlkYjdmZDUwZTA4OTE5ZTNhMTBiYjdjOWEyZTQxOWU4NTEwOTVmMWI5In0%3D',
  'accept-language' => 'zh-CN,zh;q=0.8',
  'accept-encoding' => 'gzip, deflate, br',
  'referer' => 'http://127.0.0.1/TP_5.0.5_new/',
  'accept' => 'text/html,application/xhtml+xml,application/xml;q=0.9,image/webp,image/apng,*/*;q=0.8',
  'user-agent' => 'Mozilla/5.0 (Windows NT 6.1; Win64; x64) AppleWebKit/537.36 (KHTML, like Gecko) Chrome/60.0.3112.113 Safari/537.36',
  'upgrade-insecure-requests' => '1',
  'cache-control' => 'max-age=0',
  'connection' => 'close',
  'host' => '127.0.0.1',
)
[ info ] [ PARAM ] array (
)
[ info ] [ RUN ] app\index\controller\Index->index[ F:\phpStudy\WWW\TP_5.0.5_new\application\index\controller\Index.php ]
[ info ] [ DB ] INIT mysql
[ info ] [ LOG ] INIT File
[ error ] [0]method not exist:think\db\Query->all[F:\phpStudy\WWW\TP_5.0.5_new\thinkphp\library\think\db\Query.php:93]

---------------------------------------------------------------
[ 2017-09-15T12:00:37+08:00 ] 127.0.0.1 127.0.0.1 GET /TP_5.0.5_new/public/
[ log ] 127.0.0.1/TP_5.0.5_new/public/ [运行时间：0.080005s][吞吐率：12.50req/s] [内存消耗：1,924.70kb] [文件加载：50]
[ info ] [ LANG ] F:\phpStudy\WWW\TP_5.0.5_new\thinkphp\lang\zh-cn.php
[ info ] [ ROUTE ] array (
  'type' => 'module',
  'module' => 
  array (
    0 => '',
    1 => NULL,
    2 => NULL,
  ),
)
[ info ] [ HEADER ] array (
  'cookie' => 'thinkphp_show_page_trace=0|0; XSRF-TOKEN=eyJpdiI6IldzQTk5c09IREU1SFJua1BwNkZGZVE9PSIsInZhbHVlIjoiVlNKUEpRT3FySUxQc3IyUG5leUNJWUFEckxKNlQzdFlvMVZZbTQ0VExyUTNWa3BXQURjbXQ3ZTBBd05EUWNucjhLSVFLWmxWXC9LdHFhUVM0QTREUDRnPT0iLCJtYWMiOiI0MGQ1NDc2ZjBjN2FiNzVlZGNkNmMyOTg1ZDk4MzdkNGE4MTcyNzNjYzY5OTgzYjA0YTJhOTdiZWVmMTVlNTI5In0%3D; laravel_session=eyJpdiI6ImkyVkNmOTRZM2JrblNIYis1QWtKckE9PSIsInZhbHVlIjoiellaeklLUGlQWVpqeVlFT21ZWFZ4KzlZajhxU25wRzA0OWtkYmdsMjlJYjhCdFhrcEpzWHFvbEVnalFjY2xsbHFFK1U0R0dvbDYyNStuMVJ1NVwvWFN3PT0iLCJtYWMiOiIwMmYyZjdkMzdiNWU3ZDNkMTFmMGRmYzlkYjdmZDUwZTA4OTE5ZTNhMTBiYjdjOWEyZTQxOWU4NTEwOTVmMWI5In0%3D',
  'accept-language' => 'zh-CN,zh;q=0.8',
  'accept-encoding' => 'gzip, deflate, br',
  'referer' => 'http://127.0.0.1/TP_5.0.5_new/',
  'accept' => 'text/html,application/xhtml+xml,application/xml;q=0.9,image/webp,image/apng,*/*;q=0.8',
  'user-agent' => 'Mozilla/5.0 (Windows NT 6.1; Win64; x64) AppleWebKit/537.36 (KHTML, like Gecko) Chrome/60.0.3112.113 Safari/537.36',
  'upgrade-insecure-requests' => '1',
  'cache-control' => 'max-age=0',
  'connection' => 'close',
  'host' => '127.0.0.1',
)
[ info ] [ PARAM ] array (
)
[ info ] [ RUN ] app\index\controller\Index->index[ F:\phpStudy\WWW\TP_5.0.5_new\application\index\controller\Index.php ]
[ info ] [ DB ] INIT mysql
[ info ] [ LOG ] INIT File
[ sql ] [ DB ] CONNECT:[ UseTime:0.011000s ] mysql:dbname=tp_5.0.5_new;host=127.0.0.1;port=3306;charset=utf8
[ sql ] [ SQL ] SHOW COLUMNS FROM `new_admin` [ RunTime:0.009001s ]
[ sql ] [ SQL ] SELECT * FROM `new_admin` WHERE  `id` > 1 [ RunTime:0.015001s ]

---------------------------------------------------------------
[ 2017-09-15T12:00:40+08:00 ] 127.0.0.1 127.0.0.1 GET /TP_5.0.5_new/public/
[ log ] 127.0.0.1/TP_5.0.5_new/public/ [运行时间：0.067004s][吞吐率：14.92req/s] [内存消耗：1,924.70kb] [文件加载：50]
[ info ] [ LANG ] F:\phpStudy\WWW\TP_5.0.5_new\thinkphp\lang\zh-cn.php
[ info ] [ ROUTE ] array (
  'type' => 'module',
  'module' => 
  array (
    0 => '',
    1 => NULL,
    2 => NULL,
  ),
)
[ info ] [ HEADER ] array (
  'cookie' => 'thinkphp_show_page_trace=0|0; XSRF-TOKEN=eyJpdiI6IldzQTk5c09IREU1SFJua1BwNkZGZVE9PSIsInZhbHVlIjoiVlNKUEpRT3FySUxQc3IyUG5leUNJWUFEckxKNlQzdFlvMVZZbTQ0VExyUTNWa3BXQURjbXQ3ZTBBd05EUWNucjhLSVFLWmxWXC9LdHFhUVM0QTREUDRnPT0iLCJtYWMiOiI0MGQ1NDc2ZjBjN2FiNzVlZGNkNmMyOTg1ZDk4MzdkNGE4MTcyNzNjYzY5OTgzYjA0YTJhOTdiZWVmMTVlNTI5In0%3D; laravel_session=eyJpdiI6ImkyVkNmOTRZM2JrblNIYis1QWtKckE9PSIsInZhbHVlIjoiellaeklLUGlQWVpqeVlFT21ZWFZ4KzlZajhxU25wRzA0OWtkYmdsMjlJYjhCdFhrcEpzWHFvbEVnalFjY2xsbHFFK1U0R0dvbDYyNStuMVJ1NVwvWFN3PT0iLCJtYWMiOiIwMmYyZjdkMzdiNWU3ZDNkMTFmMGRmYzlkYjdmZDUwZTA4OTE5ZTNhMTBiYjdjOWEyZTQxOWU4NTEwOTVmMWI5In0%3D',
  'accept-language' => 'zh-CN,zh;q=0.8',
  'accept-encoding' => 'gzip, deflate, br',
  'referer' => 'http://127.0.0.1/TP_5.0.5_new/',
  'accept' => 'text/html,application/xhtml+xml,application/xml;q=0.9,image/webp,image/apng,*/*;q=0.8',
  'user-agent' => 'Mozilla/5.0 (Windows NT 6.1; Win64; x64) AppleWebKit/537.36 (KHTML, like Gecko) Chrome/60.0.3112.113 Safari/537.36',
  'upgrade-insecure-requests' => '1',
  'cache-control' => 'max-age=0',
  'connection' => 'close',
  'host' => '127.0.0.1',
)
[ info ] [ PARAM ] array (
)
[ info ] [ RUN ] app\index\controller\Index->index[ F:\phpStudy\WWW\TP_5.0.5_new\application\index\controller\Index.php ]
[ info ] [ DB ] INIT mysql
[ info ] [ LOG ] INIT File
[ sql ] [ DB ] CONNECT:[ UseTime:0.010000s ] mysql:dbname=tp_5.0.5_new;host=127.0.0.1;port=3306;charset=utf8
[ sql ] [ SQL ] SHOW COLUMNS FROM `new_admin` [ RunTime:0.008001s ]
[ sql ] [ SQL ] SELECT * FROM `new_admin` WHERE  `id` > 1 [ RunTime:0.000000s ]

---------------------------------------------------------------
[ 2017-09-15T12:00:51+08:00 ] 127.0.0.1 127.0.0.1 GET /TP_5.0.5_new/public/
[ log ] 127.0.0.1/TP_5.0.5_new/public/ [运行时间：0.083005s][吞吐率：12.05req/s] [内存消耗：1,949.49kb] [文件加载：54]
[ info ] [ LANG ] F:\phpStudy\WWW\TP_5.0.5_new\thinkphp\lang\zh-cn.php
[ info ] [ ROUTE ] array (
  'type' => 'module',
  'module' => 
  array (
    0 => '',
    1 => NULL,
    2 => NULL,
  ),
)
[ info ] [ HEADER ] array (
  'cookie' => 'thinkphp_show_page_trace=0|0; XSRF-TOKEN=eyJpdiI6IldzQTk5c09IREU1SFJua1BwNkZGZVE9PSIsInZhbHVlIjoiVlNKUEpRT3FySUxQc3IyUG5leUNJWUFEckxKNlQzdFlvMVZZbTQ0VExyUTNWa3BXQURjbXQ3ZTBBd05EUWNucjhLSVFLWmxWXC9LdHFhUVM0QTREUDRnPT0iLCJtYWMiOiI0MGQ1NDc2ZjBjN2FiNzVlZGNkNmMyOTg1ZDk4MzdkNGE4MTcyNzNjYzY5OTgzYjA0YTJhOTdiZWVmMTVlNTI5In0%3D; laravel_session=eyJpdiI6ImkyVkNmOTRZM2JrblNIYis1QWtKckE9PSIsInZhbHVlIjoiellaeklLUGlQWVpqeVlFT21ZWFZ4KzlZajhxU25wRzA0OWtkYmdsMjlJYjhCdFhrcEpzWHFvbEVnalFjY2xsbHFFK1U0R0dvbDYyNStuMVJ1NVwvWFN3PT0iLCJtYWMiOiIwMmYyZjdkMzdiNWU3ZDNkMTFmMGRmYzlkYjdmZDUwZTA4OTE5ZTNhMTBiYjdjOWEyZTQxOWU4NTEwOTVmMWI5In0%3D',
  'accept-language' => 'zh-CN,zh;q=0.8',
  'accept-encoding' => 'gzip, deflate, br',
  'referer' => 'http://127.0.0.1/TP_5.0.5_new/',
  'accept' => 'text/html,application/xhtml+xml,application/xml;q=0.9,image/webp,image/apng,*/*;q=0.8',
  'user-agent' => 'Mozilla/5.0 (Windows NT 6.1; Win64; x64) AppleWebKit/537.36 (KHTML, like Gecko) Chrome/60.0.3112.113 Safari/537.36',
  'upgrade-insecure-requests' => '1',
  'cache-control' => 'max-age=0',
  'connection' => 'close',
  'host' => '127.0.0.1',
)
[ info ] [ PARAM ] array (
)
[ info ] [ RUN ] app\index\controller\Index->index[ F:\phpStudy\WWW\TP_5.0.5_new\application\index\controller\Index.php ]
[ info ] [ DB ] INIT mysql
[ info ] [ LOG ] INIT File
[ sql ] [ DB ] CONNECT:[ UseTime:0.011001s ] mysql:dbname=tp_5.0.5_new;host=127.0.0.1;port=3306;charset=utf8
[ sql ] [ SQL ] SHOW COLUMNS FROM `new_admin` [ RunTime:0.009001s ]
[ sql ] [ SQL ] SELECT * FROM `new_admin` WHERE  `id` > 1 [ RunTime:0.000000s ]
[ error ] [1]Call to a member function toArray() on array[F:\phpStudy\WWW\TP_5.0.5_new\application\index\controller\Index.php:10]

---------------------------------------------------------------
[ 2017-09-15T12:01:04+08:00 ] 127.0.0.1 127.0.0.1 GET /TP_5.0.5_new/public/
[ log ] 127.0.0.1/TP_5.0.5_new/public/ [运行时间：0.070004s][吞吐率：14.28req/s] [内存消耗：1,949.49kb] [文件加载：54]
[ info ] [ LANG ] F:\phpStudy\WWW\TP_5.0.5_new\thinkphp\lang\zh-cn.php
[ info ] [ ROUTE ] array (
  'type' => 'module',
  'module' => 
  array (
    0 => '',
    1 => NULL,
    2 => NULL,
  ),
)
[ info ] [ HEADER ] array (
  'cookie' => 'thinkphp_show_page_trace=0|0; XSRF-TOKEN=eyJpdiI6IldzQTk5c09IREU1SFJua1BwNkZGZVE9PSIsInZhbHVlIjoiVlNKUEpRT3FySUxQc3IyUG5leUNJWUFEckxKNlQzdFlvMVZZbTQ0VExyUTNWa3BXQURjbXQ3ZTBBd05EUWNucjhLSVFLWmxWXC9LdHFhUVM0QTREUDRnPT0iLCJtYWMiOiI0MGQ1NDc2ZjBjN2FiNzVlZGNkNmMyOTg1ZDk4MzdkNGE4MTcyNzNjYzY5OTgzYjA0YTJhOTdiZWVmMTVlNTI5In0%3D; laravel_session=eyJpdiI6ImkyVkNmOTRZM2JrblNIYis1QWtKckE9PSIsInZhbHVlIjoiellaeklLUGlQWVpqeVlFT21ZWFZ4KzlZajhxU25wRzA0OWtkYmdsMjlJYjhCdFhrcEpzWHFvbEVnalFjY2xsbHFFK1U0R0dvbDYyNStuMVJ1NVwvWFN3PT0iLCJtYWMiOiIwMmYyZjdkMzdiNWU3ZDNkMTFmMGRmYzlkYjdmZDUwZTA4OTE5ZTNhMTBiYjdjOWEyZTQxOWU4NTEwOTVmMWI5In0%3D',
  'accept-language' => 'zh-CN,zh;q=0.8',
  'accept-encoding' => 'gzip, deflate, br',
  'referer' => 'http://127.0.0.1/TP_5.0.5_new/',
  'accept' => 'text/html,application/xhtml+xml,application/xml;q=0.9,image/webp,image/apng,*/*;q=0.8',
  'user-agent' => 'Mozilla/5.0 (Windows NT 6.1; Win64; x64) AppleWebKit/537.36 (KHTML, like Gecko) Chrome/60.0.3112.113 Safari/537.36',
  'upgrade-insecure-requests' => '1',
  'cache-control' => 'max-age=0',
  'connection' => 'close',
  'host' => '127.0.0.1',
)
[ info ] [ PARAM ] array (
)
[ info ] [ RUN ] app\index\controller\Index->index[ F:\phpStudy\WWW\TP_5.0.5_new\application\index\controller\Index.php ]
[ info ] [ DB ] INIT mysql
[ info ] [ LOG ] INIT File
[ sql ] [ DB ] CONNECT:[ UseTime:0.011001s ] mysql:dbname=tp_5.0.5_new;host=127.0.0.1;port=3306;charset=utf8
[ sql ] [ SQL ] SHOW COLUMNS FROM `new_admin` [ RunTime:0.009000s ]
[ sql ] [ SQL ] SELECT * FROM `new_admin` WHERE  `id` > 1 [ RunTime:0.001000s ]
[ error ] [1]Call to a member function toArray() on array[F:\phpStudy\WWW\TP_5.0.5_new\application\index\controller\Index.php:10]

---------------------------------------------------------------
[ 2017-09-15T12:01:22+08:00 ] 127.0.0.1 127.0.0.1 GET /TP_5.0.5_new/public/
[ log ] 127.0.0.1/TP_5.0.5_new/public/ [运行时间：0.039003s][吞吐率：25.64req/s] [内存消耗：1,906.51kb] [文件加载：53]
[ info ] [ LANG ] F:\phpStudy\WWW\TP_5.0.5_new\thinkphp\lang\zh-cn.php
[ info ] [ ROUTE ] array (
  'type' => 'module',
  'module' => 
  array (
    0 => '',
    1 => NULL,
    2 => NULL,
  ),
)
[ info ] [ HEADER ] array (
  'cookie' => 'thinkphp_show_page_trace=0|0; XSRF-TOKEN=eyJpdiI6IldzQTk5c09IREU1SFJua1BwNkZGZVE9PSIsInZhbHVlIjoiVlNKUEpRT3FySUxQc3IyUG5leUNJWUFEckxKNlQzdFlvMVZZbTQ0VExyUTNWa3BXQURjbXQ3ZTBBd05EUWNucjhLSVFLWmxWXC9LdHFhUVM0QTREUDRnPT0iLCJtYWMiOiI0MGQ1NDc2ZjBjN2FiNzVlZGNkNmMyOTg1ZDk4MzdkNGE4MTcyNzNjYzY5OTgzYjA0YTJhOTdiZWVmMTVlNTI5In0%3D; laravel_session=eyJpdiI6ImkyVkNmOTRZM2JrblNIYis1QWtKckE9PSIsInZhbHVlIjoiellaeklLUGlQWVpqeVlFT21ZWFZ4KzlZajhxU25wRzA0OWtkYmdsMjlJYjhCdFhrcEpzWHFvbEVnalFjY2xsbHFFK1U0R0dvbDYyNStuMVJ1NVwvWFN3PT0iLCJtYWMiOiIwMmYyZjdkMzdiNWU3ZDNkMTFmMGRmYzlkYjdmZDUwZTA4OTE5ZTNhMTBiYjdjOWEyZTQxOWU4NTEwOTVmMWI5In0%3D',
  'accept-language' => 'zh-CN,zh;q=0.8',
  'accept-encoding' => 'gzip, deflate, br',
  'referer' => 'http://127.0.0.1/TP_5.0.5_new/',
  'accept' => 'text/html,application/xhtml+xml,application/xml;q=0.9,image/webp,image/apng,*/*;q=0.8',
  'user-agent' => 'Mozilla/5.0 (Windows NT 6.1; Win64; x64) AppleWebKit/537.36 (KHTML, like Gecko) Chrome/60.0.3112.113 Safari/537.36',
  'upgrade-insecure-requests' => '1',
  'cache-control' => 'max-age=0',
  'connection' => 'close',
  'host' => '127.0.0.1',
)
[ info ] [ PARAM ] array (
)
[ info ] [ RUN ] app\index\controller\Index->index[ F:\phpStudy\WWW\TP_5.0.5_new\application\index\controller\Index.php ]
[ info ] [ DB ] INIT mysql
[ info ] [ LOG ] INIT File
[ error ] [0]method not exist:think\db\Query->toArray[F:\phpStudy\WWW\TP_5.0.5_new\thinkphp\library\think\db\Query.php:93]

---------------------------------------------------------------
[ 2017-09-15T12:01:30+08:00 ] 127.0.0.1 127.0.0.1 GET /TP_5.0.5_new/public/
[ log ] 127.0.0.1/TP_5.0.5_new/public/ [运行时间：0.070004s][吞吐率：14.28req/s] [内存消耗：1,924.70kb] [文件加载：50]
[ info ] [ LANG ] F:\phpStudy\WWW\TP_5.0.5_new\thinkphp\lang\zh-cn.php
[ info ] [ ROUTE ] array (
  'type' => 'module',
  'module' => 
  array (
    0 => '',
    1 => NULL,
    2 => NULL,
  ),
)
[ info ] [ HEADER ] array (
  'cookie' => 'thinkphp_show_page_trace=0|0; XSRF-TOKEN=eyJpdiI6IldzQTk5c09IREU1SFJua1BwNkZGZVE9PSIsInZhbHVlIjoiVlNKUEpRT3FySUxQc3IyUG5leUNJWUFEckxKNlQzdFlvMVZZbTQ0VExyUTNWa3BXQURjbXQ3ZTBBd05EUWNucjhLSVFLWmxWXC9LdHFhUVM0QTREUDRnPT0iLCJtYWMiOiI0MGQ1NDc2ZjBjN2FiNzVlZGNkNmMyOTg1ZDk4MzdkNGE4MTcyNzNjYzY5OTgzYjA0YTJhOTdiZWVmMTVlNTI5In0%3D; laravel_session=eyJpdiI6ImkyVkNmOTRZM2JrblNIYis1QWtKckE9PSIsInZhbHVlIjoiellaeklLUGlQWVpqeVlFT21ZWFZ4KzlZajhxU25wRzA0OWtkYmdsMjlJYjhCdFhrcEpzWHFvbEVnalFjY2xsbHFFK1U0R0dvbDYyNStuMVJ1NVwvWFN3PT0iLCJtYWMiOiIwMmYyZjdkMzdiNWU3ZDNkMTFmMGRmYzlkYjdmZDUwZTA4OTE5ZTNhMTBiYjdjOWEyZTQxOWU4NTEwOTVmMWI5In0%3D',
  'accept-language' => 'zh-CN,zh;q=0.8',
  'accept-encoding' => 'gzip, deflate, br',
  'referer' => 'http://127.0.0.1/TP_5.0.5_new/',
  'accept' => 'text/html,application/xhtml+xml,application/xml;q=0.9,image/webp,image/apng,*/*;q=0.8',
  'user-agent' => 'Mozilla/5.0 (Windows NT 6.1; Win64; x64) AppleWebKit/537.36 (KHTML, like Gecko) Chrome/60.0.3112.113 Safari/537.36',
  'upgrade-insecure-requests' => '1',
  'cache-control' => 'max-age=0',
  'connection' => 'close',
  'host' => '127.0.0.1',
)
[ info ] [ PARAM ] array (
)
[ info ] [ RUN ] app\index\controller\Index->index[ F:\phpStudy\WWW\TP_5.0.5_new\application\index\controller\Index.php ]
[ info ] [ DB ] INIT mysql
[ info ] [ LOG ] INIT File
[ sql ] [ DB ] CONNECT:[ UseTime:0.010000s ] mysql:dbname=tp_5.0.5_new;host=127.0.0.1;port=3306;charset=utf8
[ sql ] [ SQL ] SHOW COLUMNS FROM `new_admin` [ RunTime:0.008001s ]
[ sql ] [ SQL ] SELECT * FROM `new_admin` WHERE  `id` > 1 [ RunTime:0.001000s ]

---------------------------------------------------------------
[ 2017-09-15T12:01:41+08:00 ] 127.0.0.1 127.0.0.1 GET /TP_5.0.5_new/public/
[ log ] 127.0.0.1/TP_5.0.5_new/public/ [运行时间：0.048003s][吞吐率：20.83req/s] [内存消耗：1,923.78kb] [文件加载：50]
[ info ] [ LANG ] F:\phpStudy\WWW\TP_5.0.5_new\thinkphp\lang\zh-cn.php
[ info ] [ ROUTE ] array (
  'type' => 'module',
  'module' => 
  array (
    0 => '',
    1 => NULL,
    2 => NULL,
  ),
)
[ info ] [ HEADER ] array (
  'cookie' => 'thinkphp_show_page_trace=0|0; XSRF-TOKEN=eyJpdiI6IldzQTk5c09IREU1SFJua1BwNkZGZVE9PSIsInZhbHVlIjoiVlNKUEpRT3FySUxQc3IyUG5leUNJWUFEckxKNlQzdFlvMVZZbTQ0VExyUTNWa3BXQURjbXQ3ZTBBd05EUWNucjhLSVFLWmxWXC9LdHFhUVM0QTREUDRnPT0iLCJtYWMiOiI0MGQ1NDc2ZjBjN2FiNzVlZGNkNmMyOTg1ZDk4MzdkNGE4MTcyNzNjYzY5OTgzYjA0YTJhOTdiZWVmMTVlNTI5In0%3D; laravel_session=eyJpdiI6ImkyVkNmOTRZM2JrblNIYis1QWtKckE9PSIsInZhbHVlIjoiellaeklLUGlQWVpqeVlFT21ZWFZ4KzlZajhxU25wRzA0OWtkYmdsMjlJYjhCdFhrcEpzWHFvbEVnalFjY2xsbHFFK1U0R0dvbDYyNStuMVJ1NVwvWFN3PT0iLCJtYWMiOiIwMmYyZjdkMzdiNWU3ZDNkMTFmMGRmYzlkYjdmZDUwZTA4OTE5ZTNhMTBiYjdjOWEyZTQxOWU4NTEwOTVmMWI5In0%3D',
  'accept-language' => 'zh-CN,zh;q=0.8',
  'accept-encoding' => 'gzip, deflate, br',
  'referer' => 'http://127.0.0.1/TP_5.0.5_new/',
  'accept' => 'text/html,application/xhtml+xml,application/xml;q=0.9,image/webp,image/apng,*/*;q=0.8',
  'user-agent' => 'Mozilla/5.0 (Windows NT 6.1; Win64; x64) AppleWebKit/537.36 (KHTML, like Gecko) Chrome/60.0.3112.113 Safari/537.36',
  'upgrade-insecure-requests' => '1',
  'cache-control' => 'max-age=0',
  'connection' => 'close',
  'host' => '127.0.0.1',
)
[ info ] [ PARAM ] array (
)
[ info ] [ RUN ] app\index\controller\Index->index[ F:\phpStudy\WWW\TP_5.0.5_new\application\index\controller\Index.php ]
[ info ] [ DB ] INIT mysql
[ info ] [ LOG ] INIT File
[ sql ] [ DB ] CONNECT:[ UseTime:0.002000s ] mysql:dbname=tp_5.0.5_new;host=127.0.0.1;port=3306;charset=utf8
[ sql ] [ SQL ] SHOW COLUMNS FROM `new_admin` [ RunTime:0.009000s ]
[ sql ] [ SQL ] SELECT * FROM `new_admin` WHERE  `id` > 1 LIMIT 1 [ RunTime:0.001000s ]

---------------------------------------------------------------
[ 2017-09-15T12:01:49+08:00 ] 127.0.0.1 127.0.0.1 GET /TP_5.0.5_new/public/
[ log ] 127.0.0.1/TP_5.0.5_new/public/ [运行时间：0.066004s][吞吐率：15.15req/s] [内存消耗：1,924.49kb] [文件加载：50]
[ info ] [ LANG ] F:\phpStudy\WWW\TP_5.0.5_new\thinkphp\lang\zh-cn.php
[ info ] [ ROUTE ] array (
  'type' => 'module',
  'module' => 
  array (
    0 => '',
    1 => NULL,
    2 => NULL,
  ),
)
[ info ] [ HEADER ] array (
  'cookie' => 'thinkphp_show_page_trace=0|0; XSRF-TOKEN=eyJpdiI6IldzQTk5c09IREU1SFJua1BwNkZGZVE9PSIsInZhbHVlIjoiVlNKUEpRT3FySUxQc3IyUG5leUNJWUFEckxKNlQzdFlvMVZZbTQ0VExyUTNWa3BXQURjbXQ3ZTBBd05EUWNucjhLSVFLWmxWXC9LdHFhUVM0QTREUDRnPT0iLCJtYWMiOiI0MGQ1NDc2ZjBjN2FiNzVlZGNkNmMyOTg1ZDk4MzdkNGE4MTcyNzNjYzY5OTgzYjA0YTJhOTdiZWVmMTVlNTI5In0%3D; laravel_session=eyJpdiI6ImkyVkNmOTRZM2JrblNIYis1QWtKckE9PSIsInZhbHVlIjoiellaeklLUGlQWVpqeVlFT21ZWFZ4KzlZajhxU25wRzA0OWtkYmdsMjlJYjhCdFhrcEpzWHFvbEVnalFjY2xsbHFFK1U0R0dvbDYyNStuMVJ1NVwvWFN3PT0iLCJtYWMiOiIwMmYyZjdkMzdiNWU3ZDNkMTFmMGRmYzlkYjdmZDUwZTA4OTE5ZTNhMTBiYjdjOWEyZTQxOWU4NTEwOTVmMWI5In0%3D',
  'accept-language' => 'zh-CN,zh;q=0.8',
  'accept-encoding' => 'gzip, deflate, br',
  'referer' => 'http://127.0.0.1/TP_5.0.5_new/',
  'accept' => 'text/html,application/xhtml+xml,application/xml;q=0.9,image/webp,image/apng,*/*;q=0.8',
  'user-agent' => 'Mozilla/5.0 (Windows NT 6.1; Win64; x64) AppleWebKit/537.36 (KHTML, like Gecko) Chrome/60.0.3112.113 Safari/537.36',
  'upgrade-insecure-requests' => '1',
  'cache-control' => 'max-age=0',
  'connection' => 'close',
  'host' => '127.0.0.1',
)
[ info ] [ PARAM ] array (
)
[ info ] [ RUN ] app\index\controller\Index->index[ F:\phpStudy\WWW\TP_5.0.5_new\application\index\controller\Index.php ]
[ info ] [ DB ] INIT mysql
[ info ] [ LOG ] INIT File
[ sql ] [ DB ] CONNECT:[ UseTime:0.010000s ] mysql:dbname=tp_5.0.5_new;host=127.0.0.1;port=3306;charset=utf8
[ sql ] [ SQL ] SHOW COLUMNS FROM `new_admin` [ RunTime:0.009001s ]
[ sql ] [ SQL ] SELECT * FROM `new_admin` WHERE  `id` > 1 LIMIT 1 [ RunTime:0.000000s ]

---------------------------------------------------------------
[ 2017-09-15T12:02:49+08:00 ] 127.0.0.1 127.0.0.1 GET /TP_5.0.5_new/public/
[ log ] 127.0.0.1/TP_5.0.5_new/public/ [运行时间：0.068004s][吞吐率：14.70req/s] [内存消耗：1,925.14kb] [文件加载：50]
[ info ] [ LANG ] F:\phpStudy\WWW\TP_5.0.5_new\thinkphp\lang\zh-cn.php
[ info ] [ ROUTE ] array (
  'type' => 'module',
  'module' => 
  array (
    0 => '',
    1 => NULL,
    2 => NULL,
  ),
)
[ info ] [ HEADER ] array (
  'cookie' => 'thinkphp_show_page_trace=0|0; XSRF-TOKEN=eyJpdiI6IldzQTk5c09IREU1SFJua1BwNkZGZVE9PSIsInZhbHVlIjoiVlNKUEpRT3FySUxQc3IyUG5leUNJWUFEckxKNlQzdFlvMVZZbTQ0VExyUTNWa3BXQURjbXQ3ZTBBd05EUWNucjhLSVFLWmxWXC9LdHFhUVM0QTREUDRnPT0iLCJtYWMiOiI0MGQ1NDc2ZjBjN2FiNzVlZGNkNmMyOTg1ZDk4MzdkNGE4MTcyNzNjYzY5OTgzYjA0YTJhOTdiZWVmMTVlNTI5In0%3D; laravel_session=eyJpdiI6ImkyVkNmOTRZM2JrblNIYis1QWtKckE9PSIsInZhbHVlIjoiellaeklLUGlQWVpqeVlFT21ZWFZ4KzlZajhxU25wRzA0OWtkYmdsMjlJYjhCdFhrcEpzWHFvbEVnalFjY2xsbHFFK1U0R0dvbDYyNStuMVJ1NVwvWFN3PT0iLCJtYWMiOiIwMmYyZjdkMzdiNWU3ZDNkMTFmMGRmYzlkYjdmZDUwZTA4OTE5ZTNhMTBiYjdjOWEyZTQxOWU4NTEwOTVmMWI5In0%3D',
  'accept-language' => 'zh-CN,zh;q=0.8',
  'accept-encoding' => 'gzip, deflate, br',
  'referer' => 'http://127.0.0.1/TP_5.0.5_new/',
  'accept' => 'text/html,application/xhtml+xml,application/xml;q=0.9,image/webp,image/apng,*/*;q=0.8',
  'user-agent' => 'Mozilla/5.0 (Windows NT 6.1; Win64; x64) AppleWebKit/537.36 (KHTML, like Gecko) Chrome/60.0.3112.113 Safari/537.36',
  'upgrade-insecure-requests' => '1',
  'cache-control' => 'max-age=0',
  'connection' => 'close',
  'host' => '127.0.0.1',
)
[ info ] [ PARAM ] array (
)
[ info ] [ RUN ] app\index\controller\Index->index[ F:\phpStudy\WWW\TP_5.0.5_new\application\index\controller\Index.php ]
[ info ] [ DB ] INIT mysql
[ info ] [ LOG ] INIT File
[ sql ] [ DB ] CONNECT:[ UseTime:0.011001s ] mysql:dbname=tp_5.0.5_new;host=127.0.0.1;port=3306;charset=utf8
[ sql ] [ SQL ] SHOW COLUMNS FROM `new_admin` [ RunTime:0.008000s ]
[ sql ] [ SQL ] SELECT * FROM `new_admin` LIMIT 1 [ RunTime:0.000000s ]
[ sql ] [ SQL ] SELECT * FROM `new_admin` WHERE  `id` > 1 LIMIT 1 [ RunTime:0.000000s ]

---------------------------------------------------------------
[ 2017-09-15T12:02:51+08:00 ] 127.0.0.1 127.0.0.1 GET /TP_5.0.5_new/public/
[ log ] 127.0.0.1/TP_5.0.5_new/public/ [运行时间：0.067004s][吞吐率：14.92req/s] [内存消耗：1,925.14kb] [文件加载：50]
[ info ] [ LANG ] F:\phpStudy\WWW\TP_5.0.5_new\thinkphp\lang\zh-cn.php
[ info ] [ ROUTE ] array (
  'type' => 'module',
  'module' => 
  array (
    0 => '',
    1 => NULL,
    2 => NULL,
  ),
)
[ info ] [ HEADER ] array (
  'cookie' => 'thinkphp_show_page_trace=0|0; XSRF-TOKEN=eyJpdiI6IldzQTk5c09IREU1SFJua1BwNkZGZVE9PSIsInZhbHVlIjoiVlNKUEpRT3FySUxQc3IyUG5leUNJWUFEckxKNlQzdFlvMVZZbTQ0VExyUTNWa3BXQURjbXQ3ZTBBd05EUWNucjhLSVFLWmxWXC9LdHFhUVM0QTREUDRnPT0iLCJtYWMiOiI0MGQ1NDc2ZjBjN2FiNzVlZGNkNmMyOTg1ZDk4MzdkNGE4MTcyNzNjYzY5OTgzYjA0YTJhOTdiZWVmMTVlNTI5In0%3D; laravel_session=eyJpdiI6ImkyVkNmOTRZM2JrblNIYis1QWtKckE9PSIsInZhbHVlIjoiellaeklLUGlQWVpqeVlFT21ZWFZ4KzlZajhxU25wRzA0OWtkYmdsMjlJYjhCdFhrcEpzWHFvbEVnalFjY2xsbHFFK1U0R0dvbDYyNStuMVJ1NVwvWFN3PT0iLCJtYWMiOiIwMmYyZjdkMzdiNWU3ZDNkMTFmMGRmYzlkYjdmZDUwZTA4OTE5ZTNhMTBiYjdjOWEyZTQxOWU4NTEwOTVmMWI5In0%3D',
  'accept-language' => 'zh-CN,zh;q=0.8',
  'accept-encoding' => 'gzip, deflate, br',
  'referer' => 'http://127.0.0.1/TP_5.0.5_new/',
  'accept' => 'text/html,application/xhtml+xml,application/xml;q=0.9,image/webp,image/apng,*/*;q=0.8',
  'user-agent' => 'Mozilla/5.0 (Windows NT 6.1; Win64; x64) AppleWebKit/537.36 (KHTML, like Gecko) Chrome/60.0.3112.113 Safari/537.36',
  'upgrade-insecure-requests' => '1',
  'cache-control' => 'max-age=0',
  'connection' => 'close',
  'host' => '127.0.0.1',
)
[ info ] [ PARAM ] array (
)
[ info ] [ RUN ] app\index\controller\Index->index[ F:\phpStudy\WWW\TP_5.0.5_new\application\index\controller\Index.php ]
[ info ] [ DB ] INIT mysql
[ info ] [ LOG ] INIT File
[ sql ] [ DB ] CONNECT:[ UseTime:0.011001s ] mysql:dbname=tp_5.0.5_new;host=127.0.0.1;port=3306;charset=utf8
[ sql ] [ SQL ] SHOW COLUMNS FROM `new_admin` [ RunTime:0.009000s ]
[ sql ] [ SQL ] SELECT * FROM `new_admin` LIMIT 1 [ RunTime:0.001000s ]
[ sql ] [ SQL ] SELECT * FROM `new_admin` WHERE  `id` > 1 LIMIT 1 [ RunTime:0.001000s ]

---------------------------------------------------------------
[ 2017-09-15T12:02:51+08:00 ] 127.0.0.1 127.0.0.1 GET /TP_5.0.5_new/public/
[ log ] 127.0.0.1/TP_5.0.5_new/public/ [运行时间：0.054003s][吞吐率：18.52req/s] [内存消耗：1,925.14kb] [文件加载：50]
[ info ] [ LANG ] F:\phpStudy\WWW\TP_5.0.5_new\thinkphp\lang\zh-cn.php
[ info ] [ ROUTE ] array (
  'type' => 'module',
  'module' => 
  array (
    0 => '',
    1 => NULL,
    2 => NULL,
  ),
)
[ info ] [ HEADER ] array (
  'cookie' => 'thinkphp_show_page_trace=0|0; XSRF-TOKEN=eyJpdiI6IldzQTk5c09IREU1SFJua1BwNkZGZVE9PSIsInZhbHVlIjoiVlNKUEpRT3FySUxQc3IyUG5leUNJWUFEckxKNlQzdFlvMVZZbTQ0VExyUTNWa3BXQURjbXQ3ZTBBd05EUWNucjhLSVFLWmxWXC9LdHFhUVM0QTREUDRnPT0iLCJtYWMiOiI0MGQ1NDc2ZjBjN2FiNzVlZGNkNmMyOTg1ZDk4MzdkNGE4MTcyNzNjYzY5OTgzYjA0YTJhOTdiZWVmMTVlNTI5In0%3D; laravel_session=eyJpdiI6ImkyVkNmOTRZM2JrblNIYis1QWtKckE9PSIsInZhbHVlIjoiellaeklLUGlQWVpqeVlFT21ZWFZ4KzlZajhxU25wRzA0OWtkYmdsMjlJYjhCdFhrcEpzWHFvbEVnalFjY2xsbHFFK1U0R0dvbDYyNStuMVJ1NVwvWFN3PT0iLCJtYWMiOiIwMmYyZjdkMzdiNWU3ZDNkMTFmMGRmYzlkYjdmZDUwZTA4OTE5ZTNhMTBiYjdjOWEyZTQxOWU4NTEwOTVmMWI5In0%3D',
  'accept-language' => 'zh-CN,zh;q=0.8',
  'accept-encoding' => 'gzip, deflate, br',
  'referer' => 'http://127.0.0.1/TP_5.0.5_new/',
  'accept' => 'text/html,application/xhtml+xml,application/xml;q=0.9,image/webp,image/apng,*/*;q=0.8',
  'user-agent' => 'Mozilla/5.0 (Windows NT 6.1; Win64; x64) AppleWebKit/537.36 (KHTML, like Gecko) Chrome/60.0.3112.113 Safari/537.36',
  'upgrade-insecure-requests' => '1',
  'cache-control' => 'max-age=0',
  'connection' => 'close',
  'host' => '127.0.0.1',
)
[ info ] [ PARAM ] array (
)
[ info ] [ RUN ] app\index\controller\Index->index[ F:\phpStudy\WWW\TP_5.0.5_new\application\index\controller\Index.php ]
[ info ] [ DB ] INIT mysql
[ info ] [ LOG ] INIT File
[ sql ] [ DB ] CONNECT:[ UseTime:0.011001s ] mysql:dbname=tp_5.0.5_new;host=127.0.0.1;port=3306;charset=utf8
[ sql ] [ SQL ] SHOW COLUMNS FROM `new_admin` [ RunTime:0.009000s ]
[ sql ] [ SQL ] SELECT * FROM `new_admin` LIMIT 1 [ RunTime:0.000000s ]
[ sql ] [ SQL ] SELECT * FROM `new_admin` WHERE  `id` > 1 LIMIT 1 [ RunTime:0.001000s ]

---------------------------------------------------------------
[ 2017-09-15T12:02:51+08:00 ] 127.0.0.1 127.0.0.1 GET /TP_5.0.5_new/public/
[ log ] 127.0.0.1/TP_5.0.5_new/public/ [运行时间：0.063004s][吞吐率：15.87req/s] [内存消耗：1,925.14kb] [文件加载：50]
[ info ] [ LANG ] F:\phpStudy\WWW\TP_5.0.5_new\thinkphp\lang\zh-cn.php
[ info ] [ ROUTE ] array (
  'type' => 'module',
  'module' => 
  array (
    0 => '',
    1 => NULL,
    2 => NULL,
  ),
)
[ info ] [ HEADER ] array (
  'cookie' => 'thinkphp_show_page_trace=0|0; XSRF-TOKEN=eyJpdiI6IldzQTk5c09IREU1SFJua1BwNkZGZVE9PSIsInZhbHVlIjoiVlNKUEpRT3FySUxQc3IyUG5leUNJWUFEckxKNlQzdFlvMVZZbTQ0VExyUTNWa3BXQURjbXQ3ZTBBd05EUWNucjhLSVFLWmxWXC9LdHFhUVM0QTREUDRnPT0iLCJtYWMiOiI0MGQ1NDc2ZjBjN2FiNzVlZGNkNmMyOTg1ZDk4MzdkNGE4MTcyNzNjYzY5OTgzYjA0YTJhOTdiZWVmMTVlNTI5In0%3D; laravel_session=eyJpdiI6ImkyVkNmOTRZM2JrblNIYis1QWtKckE9PSIsInZhbHVlIjoiellaeklLUGlQWVpqeVlFT21ZWFZ4KzlZajhxU25wRzA0OWtkYmdsMjlJYjhCdFhrcEpzWHFvbEVnalFjY2xsbHFFK1U0R0dvbDYyNStuMVJ1NVwvWFN3PT0iLCJtYWMiOiIwMmYyZjdkMzdiNWU3ZDNkMTFmMGRmYzlkYjdmZDUwZTA4OTE5ZTNhMTBiYjdjOWEyZTQxOWU4NTEwOTVmMWI5In0%3D',
  'accept-language' => 'zh-CN,zh;q=0.8',
  'accept-encoding' => 'gzip, deflate, br',
  'referer' => 'http://127.0.0.1/TP_5.0.5_new/',
  'accept' => 'text/html,application/xhtml+xml,application/xml;q=0.9,image/webp,image/apng,*/*;q=0.8',
  'user-agent' => 'Mozilla/5.0 (Windows NT 6.1; Win64; x64) AppleWebKit/537.36 (KHTML, like Gecko) Chrome/60.0.3112.113 Safari/537.36',
  'upgrade-insecure-requests' => '1',
  'cache-control' => 'max-age=0',
  'connection' => 'close',
  'host' => '127.0.0.1',
)
[ info ] [ PARAM ] array (
)
[ info ] [ RUN ] app\index\controller\Index->index[ F:\phpStudy\WWW\TP_5.0.5_new\application\index\controller\Index.php ]
[ info ] [ DB ] INIT mysql
[ info ] [ LOG ] INIT File
[ sql ] [ DB ] CONNECT:[ UseTime:0.011000s ] mysql:dbname=tp_5.0.5_new;host=127.0.0.1;port=3306;charset=utf8
[ sql ] [ SQL ] SHOW COLUMNS FROM `new_admin` [ RunTime:0.009001s ]
[ sql ] [ SQL ] SELECT * FROM `new_admin` LIMIT 1 [ RunTime:0.000000s ]
[ sql ] [ SQL ] SELECT * FROM `new_admin` WHERE  `id` > 1 LIMIT 1 [ RunTime:0.001000s ]

---------------------------------------------------------------
[ 2017-09-15T12:02:51+08:00 ] 127.0.0.1 127.0.0.1 GET /TP_5.0.5_new/public/
[ log ] 127.0.0.1/TP_5.0.5_new/public/ [运行时间：0.050002s][吞吐率：20.00req/s] [内存消耗：1,925.14kb] [文件加载：50]
[ info ] [ LANG ] F:\phpStudy\WWW\TP_5.0.5_new\thinkphp\lang\zh-cn.php
[ info ] [ ROUTE ] array (
  'type' => 'module',
  'module' => 
  array (
    0 => '',
    1 => NULL,
    2 => NULL,
  ),
)
[ info ] [ HEADER ] array (
  'cookie' => 'thinkphp_show_page_trace=0|0; XSRF-TOKEN=eyJpdiI6IldzQTk5c09IREU1SFJua1BwNkZGZVE9PSIsInZhbHVlIjoiVlNKUEpRT3FySUxQc3IyUG5leUNJWUFEckxKNlQzdFlvMVZZbTQ0VExyUTNWa3BXQURjbXQ3ZTBBd05EUWNucjhLSVFLWmxWXC9LdHFhUVM0QTREUDRnPT0iLCJtYWMiOiI0MGQ1NDc2ZjBjN2FiNzVlZGNkNmMyOTg1ZDk4MzdkNGE4MTcyNzNjYzY5OTgzYjA0YTJhOTdiZWVmMTVlNTI5In0%3D; laravel_session=eyJpdiI6ImkyVkNmOTRZM2JrblNIYis1QWtKckE9PSIsInZhbHVlIjoiellaeklLUGlQWVpqeVlFT21ZWFZ4KzlZajhxU25wRzA0OWtkYmdsMjlJYjhCdFhrcEpzWHFvbEVnalFjY2xsbHFFK1U0R0dvbDYyNStuMVJ1NVwvWFN3PT0iLCJtYWMiOiIwMmYyZjdkMzdiNWU3ZDNkMTFmMGRmYzlkYjdmZDUwZTA4OTE5ZTNhMTBiYjdjOWEyZTQxOWU4NTEwOTVmMWI5In0%3D',
  'accept-language' => 'zh-CN,zh;q=0.8',
  'accept-encoding' => 'gzip, deflate, br',
  'referer' => 'http://127.0.0.1/TP_5.0.5_new/',
  'accept' => 'text/html,application/xhtml+xml,application/xml;q=0.9,image/webp,image/apng,*/*;q=0.8',
  'user-agent' => 'Mozilla/5.0 (Windows NT 6.1; Win64; x64) AppleWebKit/537.36 (KHTML, like Gecko) Chrome/60.0.3112.113 Safari/537.36',
  'upgrade-insecure-requests' => '1',
  'cache-control' => 'max-age=0',
  'connection' => 'close',
  'host' => '127.0.0.1',
)
[ info ] [ PARAM ] array (
)
[ info ] [ RUN ] app\index\controller\Index->index[ F:\phpStudy\WWW\TP_5.0.5_new\application\index\controller\Index.php ]
[ info ] [ DB ] INIT mysql
[ info ] [ LOG ] INIT File
[ sql ] [ DB ] CONNECT:[ UseTime:0.011001s ] mysql:dbname=tp_5.0.5_new;host=127.0.0.1;port=3306;charset=utf8
[ sql ] [ SQL ] SHOW COLUMNS FROM `new_admin` [ RunTime:0.009000s ]
[ sql ] [ SQL ] SELECT * FROM `new_admin` LIMIT 1 [ RunTime:0.000000s ]
[ sql ] [ SQL ] SELECT * FROM `new_admin` WHERE  `id` > 1 LIMIT 1 [ RunTime:0.000000s ]

---------------------------------------------------------------
[ 2017-09-15T12:02:52+08:00 ] 127.0.0.1 127.0.0.1 GET /TP_5.0.5_new/public/
[ log ] 127.0.0.1/TP_5.0.5_new/public/ [运行时间：0.050002s][吞吐率：20.00req/s] [内存消耗：1,925.14kb] [文件加载：50]
[ info ] [ LANG ] F:\phpStudy\WWW\TP_5.0.5_new\thinkphp\lang\zh-cn.php
[ info ] [ ROUTE ] array (
  'type' => 'module',
  'module' => 
  array (
    0 => '',
    1 => NULL,
    2 => NULL,
  ),
)
[ info ] [ HEADER ] array (
  'cookie' => 'thinkphp_show_page_trace=0|0; XSRF-TOKEN=eyJpdiI6IldzQTk5c09IREU1SFJua1BwNkZGZVE9PSIsInZhbHVlIjoiVlNKUEpRT3FySUxQc3IyUG5leUNJWUFEckxKNlQzdFlvMVZZbTQ0VExyUTNWa3BXQURjbXQ3ZTBBd05EUWNucjhLSVFLWmxWXC9LdHFhUVM0QTREUDRnPT0iLCJtYWMiOiI0MGQ1NDc2ZjBjN2FiNzVlZGNkNmMyOTg1ZDk4MzdkNGE4MTcyNzNjYzY5OTgzYjA0YTJhOTdiZWVmMTVlNTI5In0%3D; laravel_session=eyJpdiI6ImkyVkNmOTRZM2JrblNIYis1QWtKckE9PSIsInZhbHVlIjoiellaeklLUGlQWVpqeVlFT21ZWFZ4KzlZajhxU25wRzA0OWtkYmdsMjlJYjhCdFhrcEpzWHFvbEVnalFjY2xsbHFFK1U0R0dvbDYyNStuMVJ1NVwvWFN3PT0iLCJtYWMiOiIwMmYyZjdkMzdiNWU3ZDNkMTFmMGRmYzlkYjdmZDUwZTA4OTE5ZTNhMTBiYjdjOWEyZTQxOWU4NTEwOTVmMWI5In0%3D',
  'accept-language' => 'zh-CN,zh;q=0.8',
  'accept-encoding' => 'gzip, deflate, br',
  'referer' => 'http://127.0.0.1/TP_5.0.5_new/',
  'accept' => 'text/html,application/xhtml+xml,application/xml;q=0.9,image/webp,image/apng,*/*;q=0.8',
  'user-agent' => 'Mozilla/5.0 (Windows NT 6.1; Win64; x64) AppleWebKit/537.36 (KHTML, like Gecko) Chrome/60.0.3112.113 Safari/537.36',
  'upgrade-insecure-requests' => '1',
  'cache-control' => 'max-age=0',
  'connection' => 'close',
  'host' => '127.0.0.1',
)
[ info ] [ PARAM ] array (
)
[ info ] [ RUN ] app\index\controller\Index->index[ F:\phpStudy\WWW\TP_5.0.5_new\application\index\controller\Index.php ]
[ info ] [ DB ] INIT mysql
[ info ] [ LOG ] INIT File
[ sql ] [ DB ] CONNECT:[ UseTime:0.011001s ] mysql:dbname=tp_5.0.5_new;host=127.0.0.1;port=3306;charset=utf8
[ sql ] [ SQL ] SHOW COLUMNS FROM `new_admin` [ RunTime:0.008000s ]
[ sql ] [ SQL ] SELECT * FROM `new_admin` LIMIT 1 [ RunTime:0.000000s ]
[ sql ] [ SQL ] SELECT * FROM `new_admin` WHERE  `id` > 1 LIMIT 1 [ RunTime:0.001000s ]

---------------------------------------------------------------
[ 2017-09-15T12:02:52+08:00 ] 127.0.0.1 127.0.0.1 GET /TP_5.0.5_new/public/
[ log ] 127.0.0.1/TP_5.0.5_new/public/ [运行时间：0.042002s][吞吐率：23.81req/s] [内存消耗：1,925.14kb] [文件加载：50]
[ info ] [ LANG ] F:\phpStudy\WWW\TP_5.0.5_new\thinkphp\lang\zh-cn.php
[ info ] [ ROUTE ] array (
  'type' => 'module',
  'module' => 
  array (
    0 => '',
    1 => NULL,
    2 => NULL,
  ),
)
[ info ] [ HEADER ] array (
  'cookie' => 'thinkphp_show_page_trace=0|0; XSRF-TOKEN=eyJpdiI6IldzQTk5c09IREU1SFJua1BwNkZGZVE9PSIsInZhbHVlIjoiVlNKUEpRT3FySUxQc3IyUG5leUNJWUFEckxKNlQzdFlvMVZZbTQ0VExyUTNWa3BXQURjbXQ3ZTBBd05EUWNucjhLSVFLWmxWXC9LdHFhUVM0QTREUDRnPT0iLCJtYWMiOiI0MGQ1NDc2ZjBjN2FiNzVlZGNkNmMyOTg1ZDk4MzdkNGE4MTcyNzNjYzY5OTgzYjA0YTJhOTdiZWVmMTVlNTI5In0%3D; laravel_session=eyJpdiI6ImkyVkNmOTRZM2JrblNIYis1QWtKckE9PSIsInZhbHVlIjoiellaeklLUGlQWVpqeVlFT21ZWFZ4KzlZajhxU25wRzA0OWtkYmdsMjlJYjhCdFhrcEpzWHFvbEVnalFjY2xsbHFFK1U0R0dvbDYyNStuMVJ1NVwvWFN3PT0iLCJtYWMiOiIwMmYyZjdkMzdiNWU3ZDNkMTFmMGRmYzlkYjdmZDUwZTA4OTE5ZTNhMTBiYjdjOWEyZTQxOWU4NTEwOTVmMWI5In0%3D',
  'accept-language' => 'zh-CN,zh;q=0.8',
  'accept-encoding' => 'gzip, deflate, br',
  'referer' => 'http://127.0.0.1/TP_5.0.5_new/',
  'accept' => 'text/html,application/xhtml+xml,application/xml;q=0.9,image/webp,image/apng,*/*;q=0.8',
  'user-agent' => 'Mozilla/5.0 (Windows NT 6.1; Win64; x64) AppleWebKit/537.36 (KHTML, like Gecko) Chrome/60.0.3112.113 Safari/537.36',
  'upgrade-insecure-requests' => '1',
  'cache-control' => 'max-age=0',
  'connection' => 'close',
  'host' => '127.0.0.1',
)
[ info ] [ PARAM ] array (
)
[ info ] [ RUN ] app\index\controller\Index->index[ F:\phpStudy\WWW\TP_5.0.5_new\application\index\controller\Index.php ]
[ info ] [ DB ] INIT mysql
[ info ] [ LOG ] INIT File
[ sql ] [ DB ] CONNECT:[ UseTime:0.002000s ] mysql:dbname=tp_5.0.5_new;host=127.0.0.1;port=3306;charset=utf8
[ sql ] [ SQL ] SHOW COLUMNS FROM `new_admin` [ RunTime:0.008001s ]
[ sql ] [ SQL ] SELECT * FROM `new_admin` LIMIT 1 [ RunTime:0.000000s ]
[ sql ] [ SQL ] SELECT * FROM `new_admin` WHERE  `id` > 1 LIMIT 1 [ RunTime:0.001000s ]

---------------------------------------------------------------
[ 2017-09-15T12:03:14+08:00 ] 127.0.0.1 127.0.0.1 GET /TP_5.0.5_new/public/
[ log ] 127.0.0.1/TP_5.0.5_new/public/ [运行时间：0.068004s][吞吐率：14.70req/s] [内存消耗：1,950.41kb] [文件加载：54]
[ info ] [ LANG ] F:\phpStudy\WWW\TP_5.0.5_new\thinkphp\lang\zh-cn.php
[ info ] [ ROUTE ] array (
  'type' => 'module',
  'module' => 
  array (
    0 => '',
    1 => NULL,
    2 => NULL,
  ),
)
[ info ] [ HEADER ] array (
  'cookie' => 'thinkphp_show_page_trace=0|0; XSRF-TOKEN=eyJpdiI6IldzQTk5c09IREU1SFJua1BwNkZGZVE9PSIsInZhbHVlIjoiVlNKUEpRT3FySUxQc3IyUG5leUNJWUFEckxKNlQzdFlvMVZZbTQ0VExyUTNWa3BXQURjbXQ3ZTBBd05EUWNucjhLSVFLWmxWXC9LdHFhUVM0QTREUDRnPT0iLCJtYWMiOiI0MGQ1NDc2ZjBjN2FiNzVlZGNkNmMyOTg1ZDk4MzdkNGE4MTcyNzNjYzY5OTgzYjA0YTJhOTdiZWVmMTVlNTI5In0%3D; laravel_session=eyJpdiI6ImkyVkNmOTRZM2JrblNIYis1QWtKckE9PSIsInZhbHVlIjoiellaeklLUGlQWVpqeVlFT21ZWFZ4KzlZajhxU25wRzA0OWtkYmdsMjlJYjhCdFhrcEpzWHFvbEVnalFjY2xsbHFFK1U0R0dvbDYyNStuMVJ1NVwvWFN3PT0iLCJtYWMiOiIwMmYyZjdkMzdiNWU3ZDNkMTFmMGRmYzlkYjdmZDUwZTA4OTE5ZTNhMTBiYjdjOWEyZTQxOWU4NTEwOTVmMWI5In0%3D',
  'accept-language' => 'zh-CN,zh;q=0.8',
  'accept-encoding' => 'gzip, deflate, br',
  'referer' => 'http://127.0.0.1/TP_5.0.5_new/',
  'accept' => 'text/html,application/xhtml+xml,application/xml;q=0.9,image/webp,image/apng,*/*;q=0.8',
  'user-agent' => 'Mozilla/5.0 (Windows NT 6.1; Win64; x64) AppleWebKit/537.36 (KHTML, like Gecko) Chrome/60.0.3112.113 Safari/537.36',
  'upgrade-insecure-requests' => '1',
  'cache-control' => 'max-age=0',
  'connection' => 'close',
  'host' => '127.0.0.1',
)
[ info ] [ PARAM ] array (
)
[ info ] [ RUN ] app\index\controller\Index->index[ F:\phpStudy\WWW\TP_5.0.5_new\application\index\controller\Index.php ]
[ info ] [ DB ] INIT mysql
[ info ] [ LOG ] INIT File
[ sql ] [ DB ] CONNECT:[ UseTime:0.011000s ] mysql:dbname=tp_5.0.5_new;host=127.0.0.1;port=3306;charset=utf8
[ sql ] [ SQL ] SHOW COLUMNS FROM `new_admin` [ RunTime:0.009001s ]
[ sql ] [ SQL ] SELECT * FROM `new_admin` LIMIT 1 [ RunTime:0.000000s ]
[ sql ] [ SQL ] SELECT * FROM `new_admin` WHERE  `id` > 1 [ RunTime:0.001000s ]
[ error ] [1]Call to a member function toArray() on array[F:\phpStudy\WWW\TP_5.0.5_new\application\index\controller\Index.php:11]

---------------------------------------------------------------
[ 2017-09-15T12:03:16+08:00 ] 127.0.0.1 127.0.0.1 GET /TP_5.0.5_new/public/
[ log ] 127.0.0.1/TP_5.0.5_new/public/ [运行时间：0.067004s][吞吐率：14.92req/s] [内存消耗：1,950.41kb] [文件加载：54]
[ info ] [ LANG ] F:\phpStudy\WWW\TP_5.0.5_new\thinkphp\lang\zh-cn.php
[ info ] [ ROUTE ] array (
  'type' => 'module',
  'module' => 
  array (
    0 => '',
    1 => NULL,
    2 => NULL,
  ),
)
[ info ] [ HEADER ] array (
  'cookie' => 'thinkphp_show_page_trace=0|0; XSRF-TOKEN=eyJpdiI6IldzQTk5c09IREU1SFJua1BwNkZGZVE9PSIsInZhbHVlIjoiVlNKUEpRT3FySUxQc3IyUG5leUNJWUFEckxKNlQzdFlvMVZZbTQ0VExyUTNWa3BXQURjbXQ3ZTBBd05EUWNucjhLSVFLWmxWXC9LdHFhUVM0QTREUDRnPT0iLCJtYWMiOiI0MGQ1NDc2ZjBjN2FiNzVlZGNkNmMyOTg1ZDk4MzdkNGE4MTcyNzNjYzY5OTgzYjA0YTJhOTdiZWVmMTVlNTI5In0%3D; laravel_session=eyJpdiI6ImkyVkNmOTRZM2JrblNIYis1QWtKckE9PSIsInZhbHVlIjoiellaeklLUGlQWVpqeVlFT21ZWFZ4KzlZajhxU25wRzA0OWtkYmdsMjlJYjhCdFhrcEpzWHFvbEVnalFjY2xsbHFFK1U0R0dvbDYyNStuMVJ1NVwvWFN3PT0iLCJtYWMiOiIwMmYyZjdkMzdiNWU3ZDNkMTFmMGRmYzlkYjdmZDUwZTA4OTE5ZTNhMTBiYjdjOWEyZTQxOWU4NTEwOTVmMWI5In0%3D',
  'accept-language' => 'zh-CN,zh;q=0.8',
  'accept-encoding' => 'gzip, deflate, br',
  'referer' => 'http://127.0.0.1/TP_5.0.5_new/',
  'accept' => 'text/html,application/xhtml+xml,application/xml;q=0.9,image/webp,image/apng,*/*;q=0.8',
  'user-agent' => 'Mozilla/5.0 (Windows NT 6.1; Win64; x64) AppleWebKit/537.36 (KHTML, like Gecko) Chrome/60.0.3112.113 Safari/537.36',
  'upgrade-insecure-requests' => '1',
  'cache-control' => 'max-age=0',
  'connection' => 'close',
  'host' => '127.0.0.1',
)
[ info ] [ PARAM ] array (
)
[ info ] [ RUN ] app\index\controller\Index->index[ F:\phpStudy\WWW\TP_5.0.5_new\application\index\controller\Index.php ]
[ info ] [ DB ] INIT mysql
[ info ] [ LOG ] INIT File
[ sql ] [ DB ] CONNECT:[ UseTime:0.011000s ] mysql:dbname=tp_5.0.5_new;host=127.0.0.1;port=3306;charset=utf8
[ sql ] [ SQL ] SHOW COLUMNS FROM `new_admin` [ RunTime:0.010001s ]
[ sql ] [ SQL ] SELECT * FROM `new_admin` LIMIT 1 [ RunTime:0.001000s ]
[ sql ] [ SQL ] SELECT * FROM `new_admin` WHERE  `id` > 1 [ RunTime:0.001000s ]
[ error ] [1]Call to a member function toArray() on array[F:\phpStudy\WWW\TP_5.0.5_new\application\index\controller\Index.php:11]

---------------------------------------------------------------
[ 2017-09-15T12:03:44+08:00 ] 127.0.0.1 127.0.0.1 GET /TP_5.0.5_new/public/
[ log ] 127.0.0.1/TP_5.0.5_new/public/ [运行时间：0.054003s][吞吐率：18.52req/s] [内存消耗：1,949.39kb] [文件加载：54]
[ info ] [ LANG ] F:\phpStudy\WWW\TP_5.0.5_new\thinkphp\lang\zh-cn.php
[ info ] [ ROUTE ] array (
  'type' => 'module',
  'module' => 
  array (
    0 => '',
    1 => NULL,
    2 => NULL,
  ),
)
[ info ] [ HEADER ] array (
  'cookie' => 'thinkphp_show_page_trace=0|0; XSRF-TOKEN=eyJpdiI6IldzQTk5c09IREU1SFJua1BwNkZGZVE9PSIsInZhbHVlIjoiVlNKUEpRT3FySUxQc3IyUG5leUNJWUFEckxKNlQzdFlvMVZZbTQ0VExyUTNWa3BXQURjbXQ3ZTBBd05EUWNucjhLSVFLWmxWXC9LdHFhUVM0QTREUDRnPT0iLCJtYWMiOiI0MGQ1NDc2ZjBjN2FiNzVlZGNkNmMyOTg1ZDk4MzdkNGE4MTcyNzNjYzY5OTgzYjA0YTJhOTdiZWVmMTVlNTI5In0%3D; laravel_session=eyJpdiI6ImkyVkNmOTRZM2JrblNIYis1QWtKckE9PSIsInZhbHVlIjoiellaeklLUGlQWVpqeVlFT21ZWFZ4KzlZajhxU25wRzA0OWtkYmdsMjlJYjhCdFhrcEpzWHFvbEVnalFjY2xsbHFFK1U0R0dvbDYyNStuMVJ1NVwvWFN3PT0iLCJtYWMiOiIwMmYyZjdkMzdiNWU3ZDNkMTFmMGRmYzlkYjdmZDUwZTA4OTE5ZTNhMTBiYjdjOWEyZTQxOWU4NTEwOTVmMWI5In0%3D',
  'accept-language' => 'zh-CN,zh;q=0.8',
  'accept-encoding' => 'gzip, deflate, br',
  'referer' => 'http://127.0.0.1/TP_5.0.5_new/',
  'accept' => 'text/html,application/xhtml+xml,application/xml;q=0.9,image/webp,image/apng,*/*;q=0.8',
  'user-agent' => 'Mozilla/5.0 (Windows NT 6.1; Win64; x64) AppleWebKit/537.36 (KHTML, like Gecko) Chrome/60.0.3112.113 Safari/537.36',
  'upgrade-insecure-requests' => '1',
  'cache-control' => 'max-age=0',
  'connection' => 'close',
  'host' => '127.0.0.1',
)
[ info ] [ PARAM ] array (
)
[ info ] [ RUN ] app\index\controller\Index->index[ F:\phpStudy\WWW\TP_5.0.5_new\application\index\controller\Index.php ]
[ info ] [ DB ] INIT mysql
[ info ] [ LOG ] INIT File
[ sql ] [ DB ] CONNECT:[ UseTime:0.008000s ] mysql:dbname=tp_5.0.5_new;host=127.0.0.1;port=3306;charset=utf8
[ sql ] [ SQL ] SHOW COLUMNS FROM `new_admin` [ RunTime:0.009001s ]
[ sql ] [ SQL ] SELECT * FROM `new_admin` WHERE  `id` > 1 [ RunTime:0.001000s ]
[ error ] [1]Call to a member function toArray() on array[F:\phpStudy\WWW\TP_5.0.5_new\application\index\controller\Index.php:11]

---------------------------------------------------------------
[ 2017-09-15T12:03:45+08:00 ] 127.0.0.1 127.0.0.1 GET /TP_5.0.5_new/public/
[ log ] 127.0.0.1/TP_5.0.5_new/public/ [运行时间：0.069004s][吞吐率：14.49req/s] [内存消耗：1,949.51kb] [文件加载：54]
[ info ] [ LANG ] F:\phpStudy\WWW\TP_5.0.5_new\thinkphp\lang\zh-cn.php
[ info ] [ ROUTE ] array (
  'type' => 'module',
  'module' => 
  array (
    0 => '',
    1 => NULL,
    2 => NULL,
  ),
)
[ info ] [ HEADER ] array (
  'cookie' => 'thinkphp_show_page_trace=0|0; XSRF-TOKEN=eyJpdiI6IldzQTk5c09IREU1SFJua1BwNkZGZVE9PSIsInZhbHVlIjoiVlNKUEpRT3FySUxQc3IyUG5leUNJWUFEckxKNlQzdFlvMVZZbTQ0VExyUTNWa3BXQURjbXQ3ZTBBd05EUWNucjhLSVFLWmxWXC9LdHFhUVM0QTREUDRnPT0iLCJtYWMiOiI0MGQ1NDc2ZjBjN2FiNzVlZGNkNmMyOTg1ZDk4MzdkNGE4MTcyNzNjYzY5OTgzYjA0YTJhOTdiZWVmMTVlNTI5In0%3D; laravel_session=eyJpdiI6ImkyVkNmOTRZM2JrblNIYis1QWtKckE9PSIsInZhbHVlIjoiellaeklLUGlQWVpqeVlFT21ZWFZ4KzlZajhxU25wRzA0OWtkYmdsMjlJYjhCdFhrcEpzWHFvbEVnalFjY2xsbHFFK1U0R0dvbDYyNStuMVJ1NVwvWFN3PT0iLCJtYWMiOiIwMmYyZjdkMzdiNWU3ZDNkMTFmMGRmYzlkYjdmZDUwZTA4OTE5ZTNhMTBiYjdjOWEyZTQxOWU4NTEwOTVmMWI5In0%3D',
  'accept-language' => 'zh-CN,zh;q=0.8',
  'accept-encoding' => 'gzip, deflate, br',
  'referer' => 'http://127.0.0.1/TP_5.0.5_new/',
  'accept' => 'text/html,application/xhtml+xml,application/xml;q=0.9,image/webp,image/apng,*/*;q=0.8',
  'user-agent' => 'Mozilla/5.0 (Windows NT 6.1; Win64; x64) AppleWebKit/537.36 (KHTML, like Gecko) Chrome/60.0.3112.113 Safari/537.36',
  'upgrade-insecure-requests' => '1',
  'cache-control' => 'max-age=0',
  'connection' => 'close',
  'host' => '127.0.0.1',
)
[ info ] [ PARAM ] array (
)
[ info ] [ RUN ] app\index\controller\Index->index[ F:\phpStudy\WWW\TP_5.0.5_new\application\index\controller\Index.php ]
[ info ] [ DB ] INIT mysql
[ info ] [ LOG ] INIT File
[ sql ] [ DB ] CONNECT:[ UseTime:0.010000s ] mysql:dbname=tp_5.0.5_new;host=127.0.0.1;port=3306;charset=utf8
[ sql ] [ SQL ] SHOW COLUMNS FROM `new_admin` [ RunTime:0.009001s ]
[ sql ] [ SQL ] SELECT * FROM `new_admin` WHERE  `id` > 1 [ RunTime:0.000000s ]
[ error ] [1]Call to a member function toArray() on array[F:\phpStudy\WWW\TP_5.0.5_new\application\index\controller\Index.php:11]

---------------------------------------------------------------
[ 2017-09-15T12:03:46+08:00 ] 127.0.0.1 127.0.0.1 GET /TP_5.0.5_new/public/
[ log ] 127.0.0.1/TP_5.0.5_new/public/ [运行时间：0.068004s][吞吐率：14.70req/s] [内存消耗：1,949.51kb] [文件加载：54]
[ info ] [ LANG ] F:\phpStudy\WWW\TP_5.0.5_new\thinkphp\lang\zh-cn.php
[ info ] [ ROUTE ] array (
  'type' => 'module',
  'module' => 
  array (
    0 => '',
    1 => NULL,
    2 => NULL,
  ),
)
[ info ] [ HEADER ] array (
  'cookie' => 'thinkphp_show_page_trace=0|0; XSRF-TOKEN=eyJpdiI6IldzQTk5c09IREU1SFJua1BwNkZGZVE9PSIsInZhbHVlIjoiVlNKUEpRT3FySUxQc3IyUG5leUNJWUFEckxKNlQzdFlvMVZZbTQ0VExyUTNWa3BXQURjbXQ3ZTBBd05EUWNucjhLSVFLWmxWXC9LdHFhUVM0QTREUDRnPT0iLCJtYWMiOiI0MGQ1NDc2ZjBjN2FiNzVlZGNkNmMyOTg1ZDk4MzdkNGE4MTcyNzNjYzY5OTgzYjA0YTJhOTdiZWVmMTVlNTI5In0%3D; laravel_session=eyJpdiI6ImkyVkNmOTRZM2JrblNIYis1QWtKckE9PSIsInZhbHVlIjoiellaeklLUGlQWVpqeVlFT21ZWFZ4KzlZajhxU25wRzA0OWtkYmdsMjlJYjhCdFhrcEpzWHFvbEVnalFjY2xsbHFFK1U0R0dvbDYyNStuMVJ1NVwvWFN3PT0iLCJtYWMiOiIwMmYyZjdkMzdiNWU3ZDNkMTFmMGRmYzlkYjdmZDUwZTA4OTE5ZTNhMTBiYjdjOWEyZTQxOWU4NTEwOTVmMWI5In0%3D',
  'accept-language' => 'zh-CN,zh;q=0.8',
  'accept-encoding' => 'gzip, deflate, br',
  'referer' => 'http://127.0.0.1/TP_5.0.5_new/',
  'accept' => 'text/html,application/xhtml+xml,application/xml;q=0.9,image/webp,image/apng,*/*;q=0.8',
  'user-agent' => 'Mozilla/5.0 (Windows NT 6.1; Win64; x64) AppleWebKit/537.36 (KHTML, like Gecko) Chrome/60.0.3112.113 Safari/537.36',
  'upgrade-insecure-requests' => '1',
  'cache-control' => 'max-age=0',
  'connection' => 'close',
  'host' => '127.0.0.1',
)
[ info ] [ PARAM ] array (
)
[ info ] [ RUN ] app\index\controller\Index->index[ F:\phpStudy\WWW\TP_5.0.5_new\application\index\controller\Index.php ]
[ info ] [ DB ] INIT mysql
[ info ] [ LOG ] INIT File
[ sql ] [ DB ] CONNECT:[ UseTime:0.010001s ] mysql:dbname=tp_5.0.5_new;host=127.0.0.1;port=3306;charset=utf8
[ sql ] [ SQL ] SHOW COLUMNS FROM `new_admin` [ RunTime:0.009000s ]
[ sql ] [ SQL ] SELECT * FROM `new_admin` WHERE  `id` > 1 [ RunTime:0.001000s ]
[ error ] [1]Call to a member function toArray() on array[F:\phpStudy\WWW\TP_5.0.5_new\application\index\controller\Index.php:11]

---------------------------------------------------------------
[ 2017-09-15T12:03:58+08:00 ] 127.0.0.1 127.0.0.1 GET /TP_5.0.5_new/public/
[ log ] 127.0.0.1/TP_5.0.5_new/public/ [运行时间：0.068004s][吞吐率：14.70req/s] [内存消耗：1,949.51kb] [文件加载：54]
[ info ] [ LANG ] F:\phpStudy\WWW\TP_5.0.5_new\thinkphp\lang\zh-cn.php
[ info ] [ ROUTE ] array (
  'type' => 'module',
  'module' => 
  array (
    0 => '',
    1 => NULL,
    2 => NULL,
  ),
)
[ info ] [ HEADER ] array (
  'cookie' => 'thinkphp_show_page_trace=0|0; XSRF-TOKEN=eyJpdiI6IldzQTk5c09IREU1SFJua1BwNkZGZVE9PSIsInZhbHVlIjoiVlNKUEpRT3FySUxQc3IyUG5leUNJWUFEckxKNlQzdFlvMVZZbTQ0VExyUTNWa3BXQURjbXQ3ZTBBd05EUWNucjhLSVFLWmxWXC9LdHFhUVM0QTREUDRnPT0iLCJtYWMiOiI0MGQ1NDc2ZjBjN2FiNzVlZGNkNmMyOTg1ZDk4MzdkNGE4MTcyNzNjYzY5OTgzYjA0YTJhOTdiZWVmMTVlNTI5In0%3D; laravel_session=eyJpdiI6ImkyVkNmOTRZM2JrblNIYis1QWtKckE9PSIsInZhbHVlIjoiellaeklLUGlQWVpqeVlFT21ZWFZ4KzlZajhxU25wRzA0OWtkYmdsMjlJYjhCdFhrcEpzWHFvbEVnalFjY2xsbHFFK1U0R0dvbDYyNStuMVJ1NVwvWFN3PT0iLCJtYWMiOiIwMmYyZjdkMzdiNWU3ZDNkMTFmMGRmYzlkYjdmZDUwZTA4OTE5ZTNhMTBiYjdjOWEyZTQxOWU4NTEwOTVmMWI5In0%3D',
  'accept-language' => 'zh-CN,zh;q=0.8',
  'accept-encoding' => 'gzip, deflate, br',
  'referer' => 'http://127.0.0.1/TP_5.0.5_new/',
  'accept' => 'text/html,application/xhtml+xml,application/xml;q=0.9,image/webp,image/apng,*/*;q=0.8',
  'user-agent' => 'Mozilla/5.0 (Windows NT 6.1; Win64; x64) AppleWebKit/537.36 (KHTML, like Gecko) Chrome/60.0.3112.113 Safari/537.36',
  'upgrade-insecure-requests' => '1',
  'cache-control' => 'max-age=0',
  'connection' => 'close',
  'host' => '127.0.0.1',
)
[ info ] [ PARAM ] array (
)
[ info ] [ RUN ] app\index\controller\Index->index[ F:\phpStudy\WWW\TP_5.0.5_new\application\index\controller\Index.php ]
[ info ] [ DB ] INIT mysql
[ info ] [ LOG ] INIT File
[ sql ] [ DB ] CONNECT:[ UseTime:0.011001s ] mysql:dbname=tp_5.0.5_new;host=127.0.0.1;port=3306;charset=utf8
[ sql ] [ SQL ] SHOW COLUMNS FROM `new_admin` [ RunTime:0.009000s ]
[ sql ] [ SQL ] SELECT * FROM `new_admin` WHERE  `id` > 1 [ RunTime:0.000000s ]
[ error ] [1]Call to a member function toArray() on array[F:\phpStudy\WWW\TP_5.0.5_new\application\index\controller\Index.php:11]

---------------------------------------------------------------
[ 2017-09-15T12:03:59+08:00 ] 127.0.0.1 127.0.0.1 GET /TP_5.0.5_new/public/
[ log ] 127.0.0.1/TP_5.0.5_new/public/ [运行时间：0.063004s][吞吐率：15.87req/s] [内存消耗：1,949.51kb] [文件加载：54]
[ info ] [ LANG ] F:\phpStudy\WWW\TP_5.0.5_new\thinkphp\lang\zh-cn.php
[ info ] [ ROUTE ] array (
  'type' => 'module',
  'module' => 
  array (
    0 => '',
    1 => NULL,
    2 => NULL,
  ),
)
[ info ] [ HEADER ] array (
  'cookie' => 'thinkphp_show_page_trace=0|0; XSRF-TOKEN=eyJpdiI6IldzQTk5c09IREU1SFJua1BwNkZGZVE9PSIsInZhbHVlIjoiVlNKUEpRT3FySUxQc3IyUG5leUNJWUFEckxKNlQzdFlvMVZZbTQ0VExyUTNWa3BXQURjbXQ3ZTBBd05EUWNucjhLSVFLWmxWXC9LdHFhUVM0QTREUDRnPT0iLCJtYWMiOiI0MGQ1NDc2ZjBjN2FiNzVlZGNkNmMyOTg1ZDk4MzdkNGE4MTcyNzNjYzY5OTgzYjA0YTJhOTdiZWVmMTVlNTI5In0%3D; laravel_session=eyJpdiI6ImkyVkNmOTRZM2JrblNIYis1QWtKckE9PSIsInZhbHVlIjoiellaeklLUGlQWVpqeVlFT21ZWFZ4KzlZajhxU25wRzA0OWtkYmdsMjlJYjhCdFhrcEpzWHFvbEVnalFjY2xsbHFFK1U0R0dvbDYyNStuMVJ1NVwvWFN3PT0iLCJtYWMiOiIwMmYyZjdkMzdiNWU3ZDNkMTFmMGRmYzlkYjdmZDUwZTA4OTE5ZTNhMTBiYjdjOWEyZTQxOWU4NTEwOTVmMWI5In0%3D',
  'accept-language' => 'zh-CN,zh;q=0.8',
  'accept-encoding' => 'gzip, deflate, br',
  'referer' => 'http://127.0.0.1/TP_5.0.5_new/',
  'accept' => 'text/html,application/xhtml+xml,application/xml;q=0.9,image/webp,image/apng,*/*;q=0.8',
  'user-agent' => 'Mozilla/5.0 (Windows NT 6.1; Win64; x64) AppleWebKit/537.36 (KHTML, like Gecko) Chrome/60.0.3112.113 Safari/537.36',
  'upgrade-insecure-requests' => '1',
  'cache-control' => 'max-age=0',
  'connection' => 'close',
  'host' => '127.0.0.1',
)
[ info ] [ PARAM ] array (
)
[ info ] [ RUN ] app\index\controller\Index->index[ F:\phpStudy\WWW\TP_5.0.5_new\application\index\controller\Index.php ]
[ info ] [ DB ] INIT mysql
[ info ] [ LOG ] INIT File
[ sql ] [ DB ] CONNECT:[ UseTime:0.011001s ] mysql:dbname=tp_5.0.5_new;host=127.0.0.1;port=3306;charset=utf8
[ sql ] [ SQL ] SHOW COLUMNS FROM `new_admin` [ RunTime:0.009000s ]
[ sql ] [ SQL ] SELECT * FROM `new_admin` WHERE  `id` > 1 [ RunTime:0.001001s ]
[ error ] [1]Call to a member function toArray() on array[F:\phpStudy\WWW\TP_5.0.5_new\application\index\controller\Index.php:11]

---------------------------------------------------------------
[ 2017-09-15T12:04:00+08:00 ] 127.0.0.1 127.0.0.1 GET /TP_5.0.5_new/public/
[ log ] 127.0.0.1/TP_5.0.5_new/public/ [运行时间：0.055003s][吞吐率：18.18req/s] [内存消耗：1,949.51kb] [文件加载：54]
[ info ] [ LANG ] F:\phpStudy\WWW\TP_5.0.5_new\thinkphp\lang\zh-cn.php
[ info ] [ ROUTE ] array (
  'type' => 'module',
  'module' => 
  array (
    0 => '',
    1 => NULL,
    2 => NULL,
  ),
)
[ info ] [ HEADER ] array (
  'cookie' => 'thinkphp_show_page_trace=0|0; XSRF-TOKEN=eyJpdiI6IldzQTk5c09IREU1SFJua1BwNkZGZVE9PSIsInZhbHVlIjoiVlNKUEpRT3FySUxQc3IyUG5leUNJWUFEckxKNlQzdFlvMVZZbTQ0VExyUTNWa3BXQURjbXQ3ZTBBd05EUWNucjhLSVFLWmxWXC9LdHFhUVM0QTREUDRnPT0iLCJtYWMiOiI0MGQ1NDc2ZjBjN2FiNzVlZGNkNmMyOTg1ZDk4MzdkNGE4MTcyNzNjYzY5OTgzYjA0YTJhOTdiZWVmMTVlNTI5In0%3D; laravel_session=eyJpdiI6ImkyVkNmOTRZM2JrblNIYis1QWtKckE9PSIsInZhbHVlIjoiellaeklLUGlQWVpqeVlFT21ZWFZ4KzlZajhxU25wRzA0OWtkYmdsMjlJYjhCdFhrcEpzWHFvbEVnalFjY2xsbHFFK1U0R0dvbDYyNStuMVJ1NVwvWFN3PT0iLCJtYWMiOiIwMmYyZjdkMzdiNWU3ZDNkMTFmMGRmYzlkYjdmZDUwZTA4OTE5ZTNhMTBiYjdjOWEyZTQxOWU4NTEwOTVmMWI5In0%3D',
  'accept-language' => 'zh-CN,zh;q=0.8',
  'accept-encoding' => 'gzip, deflate, br',
  'referer' => 'http://127.0.0.1/TP_5.0.5_new/',
  'accept' => 'text/html,application/xhtml+xml,application/xml;q=0.9,image/webp,image/apng,*/*;q=0.8',
  'user-agent' => 'Mozilla/5.0 (Windows NT 6.1; Win64; x64) AppleWebKit/537.36 (KHTML, like Gecko) Chrome/60.0.3112.113 Safari/537.36',
  'upgrade-insecure-requests' => '1',
  'cache-control' => 'max-age=0',
  'connection' => 'close',
  'host' => '127.0.0.1',
)
[ info ] [ PARAM ] array (
)
[ info ] [ RUN ] app\index\controller\Index->index[ F:\phpStudy\WWW\TP_5.0.5_new\application\index\controller\Index.php ]
[ info ] [ DB ] INIT mysql
[ info ] [ LOG ] INIT File
[ sql ] [ DB ] CONNECT:[ UseTime:0.011001s ] mysql:dbname=tp_5.0.5_new;host=127.0.0.1;port=3306;charset=utf8
[ sql ] [ SQL ] SHOW COLUMNS FROM `new_admin` [ RunTime:0.009000s ]
[ sql ] [ SQL ] SELECT * FROM `new_admin` WHERE  `id` > 1 [ RunTime:0.001000s ]
[ error ] [1]Call to a member function toArray() on array[F:\phpStudy\WWW\TP_5.0.5_new\application\index\controller\Index.php:11]

---------------------------------------------------------------
[ 2017-09-15T12:04:10+08:00 ] 127.0.0.1 127.0.0.1 GET /TP_5.0.5_new/public/
[ log ] 127.0.0.1/TP_5.0.5_new/public/ [运行时间：0.071004s][吞吐率：14.08req/s] [内存消耗：1,924.70kb] [文件加载：50]
[ info ] [ LANG ] F:\phpStudy\WWW\TP_5.0.5_new\thinkphp\lang\zh-cn.php
[ info ] [ ROUTE ] array (
  'type' => 'module',
  'module' => 
  array (
    0 => '',
    1 => NULL,
    2 => NULL,
  ),
)
[ info ] [ HEADER ] array (
  'cookie' => 'thinkphp_show_page_trace=0|0; XSRF-TOKEN=eyJpdiI6IldzQTk5c09IREU1SFJua1BwNkZGZVE9PSIsInZhbHVlIjoiVlNKUEpRT3FySUxQc3IyUG5leUNJWUFEckxKNlQzdFlvMVZZbTQ0VExyUTNWa3BXQURjbXQ3ZTBBd05EUWNucjhLSVFLWmxWXC9LdHFhUVM0QTREUDRnPT0iLCJtYWMiOiI0MGQ1NDc2ZjBjN2FiNzVlZGNkNmMyOTg1ZDk4MzdkNGE4MTcyNzNjYzY5OTgzYjA0YTJhOTdiZWVmMTVlNTI5In0%3D; laravel_session=eyJpdiI6ImkyVkNmOTRZM2JrblNIYis1QWtKckE9PSIsInZhbHVlIjoiellaeklLUGlQWVpqeVlFT21ZWFZ4KzlZajhxU25wRzA0OWtkYmdsMjlJYjhCdFhrcEpzWHFvbEVnalFjY2xsbHFFK1U0R0dvbDYyNStuMVJ1NVwvWFN3PT0iLCJtYWMiOiIwMmYyZjdkMzdiNWU3ZDNkMTFmMGRmYzlkYjdmZDUwZTA4OTE5ZTNhMTBiYjdjOWEyZTQxOWU4NTEwOTVmMWI5In0%3D',
  'accept-language' => 'zh-CN,zh;q=0.8',
  'accept-encoding' => 'gzip, deflate, br',
  'referer' => 'http://127.0.0.1/TP_5.0.5_new/',
  'accept' => 'text/html,application/xhtml+xml,application/xml;q=0.9,image/webp,image/apng,*/*;q=0.8',
  'user-agent' => 'Mozilla/5.0 (Windows NT 6.1; Win64; x64) AppleWebKit/537.36 (KHTML, like Gecko) Chrome/60.0.3112.113 Safari/537.36',
  'upgrade-insecure-requests' => '1',
  'cache-control' => 'max-age=0',
  'connection' => 'close',
  'host' => '127.0.0.1',
)
[ info ] [ PARAM ] array (
)
[ info ] [ RUN ] app\index\controller\Index->index[ F:\phpStudy\WWW\TP_5.0.5_new\application\index\controller\Index.php ]
[ info ] [ DB ] INIT mysql
[ info ] [ LOG ] INIT File
[ sql ] [ DB ] CONNECT:[ UseTime:0.011001s ] mysql:dbname=tp_5.0.5_new;host=127.0.0.1;port=3306;charset=utf8
[ sql ] [ SQL ] SHOW COLUMNS FROM `new_admin` [ RunTime:0.009001s ]
[ sql ] [ SQL ] SELECT * FROM `new_admin` WHERE  `id` > 1 [ RunTime:0.000000s ]

---------------------------------------------------------------
[ 2017-09-15T12:04:52+08:00 ] 127.0.0.1 127.0.0.1 GET /TP_5.0.5_new/public/
[ log ] 127.0.0.1/TP_5.0.5_new/public/ [运行时间：0.066004s][吞吐率：15.15req/s] [内存消耗：1,924.70kb] [文件加载：50]
[ info ] [ LANG ] F:\phpStudy\WWW\TP_5.0.5_new\thinkphp\lang\zh-cn.php
[ info ] [ ROUTE ] array (
  'type' => 'module',
  'module' => 
  array (
    0 => '',
    1 => NULL,
    2 => NULL,
  ),
)
[ info ] [ HEADER ] array (
  'cookie' => 'thinkphp_show_page_trace=0|0; XSRF-TOKEN=eyJpdiI6IldzQTk5c09IREU1SFJua1BwNkZGZVE9PSIsInZhbHVlIjoiVlNKUEpRT3FySUxQc3IyUG5leUNJWUFEckxKNlQzdFlvMVZZbTQ0VExyUTNWa3BXQURjbXQ3ZTBBd05EUWNucjhLSVFLWmxWXC9LdHFhUVM0QTREUDRnPT0iLCJtYWMiOiI0MGQ1NDc2ZjBjN2FiNzVlZGNkNmMyOTg1ZDk4MzdkNGE4MTcyNzNjYzY5OTgzYjA0YTJhOTdiZWVmMTVlNTI5In0%3D; laravel_session=eyJpdiI6ImkyVkNmOTRZM2JrblNIYis1QWtKckE9PSIsInZhbHVlIjoiellaeklLUGlQWVpqeVlFT21ZWFZ4KzlZajhxU25wRzA0OWtkYmdsMjlJYjhCdFhrcEpzWHFvbEVnalFjY2xsbHFFK1U0R0dvbDYyNStuMVJ1NVwvWFN3PT0iLCJtYWMiOiIwMmYyZjdkMzdiNWU3ZDNkMTFmMGRmYzlkYjdmZDUwZTA4OTE5ZTNhMTBiYjdjOWEyZTQxOWU4NTEwOTVmMWI5In0%3D',
  'accept-language' => 'zh-CN,zh;q=0.8',
  'accept-encoding' => 'gzip, deflate, br',
  'referer' => 'http://127.0.0.1/TP_5.0.5_new/',
  'accept' => 'text/html,application/xhtml+xml,application/xml;q=0.9,image/webp,image/apng,*/*;q=0.8',
  'user-agent' => 'Mozilla/5.0 (Windows NT 6.1; Win64; x64) AppleWebKit/537.36 (KHTML, like Gecko) Chrome/60.0.3112.113 Safari/537.36',
  'upgrade-insecure-requests' => '1',
  'cache-control' => 'max-age=0',
  'connection' => 'close',
  'host' => '127.0.0.1',
)
[ info ] [ PARAM ] array (
)
[ info ] [ RUN ] app\index\controller\Index->index[ F:\phpStudy\WWW\TP_5.0.5_new\application\index\controller\Index.php ]
[ info ] [ DB ] INIT mysql
[ info ] [ LOG ] INIT File
[ sql ] [ DB ] CONNECT:[ UseTime:0.011001s ] mysql:dbname=tp_5.0.5_new;host=127.0.0.1;port=3306;charset=utf8
[ sql ] [ SQL ] SHOW COLUMNS FROM `new_admin` [ RunTime:0.009001s ]
[ sql ] [ SQL ] SELECT * FROM `new_admin` WHERE  `id` > 1 [ RunTime:0.001000s ]

---------------------------------------------------------------
[ 2017-09-15T12:05:04+08:00 ] 127.0.0.1 127.0.0.1 GET /TP_5.0.5_new/public/
[ log ] 127.0.0.1/TP_5.0.5_new/public/ [运行时间：0.067004s][吞吐率：14.92req/s] [内存消耗：1,949.51kb] [文件加载：54]
[ info ] [ LANG ] F:\phpStudy\WWW\TP_5.0.5_new\thinkphp\lang\zh-cn.php
[ info ] [ ROUTE ] array (
  'type' => 'module',
  'module' => 
  array (
    0 => '',
    1 => NULL,
    2 => NULL,
  ),
)
[ info ] [ HEADER ] array (
  'cookie' => 'thinkphp_show_page_trace=0|0; XSRF-TOKEN=eyJpdiI6IldzQTk5c09IREU1SFJua1BwNkZGZVE9PSIsInZhbHVlIjoiVlNKUEpRT3FySUxQc3IyUG5leUNJWUFEckxKNlQzdFlvMVZZbTQ0VExyUTNWa3BXQURjbXQ3ZTBBd05EUWNucjhLSVFLWmxWXC9LdHFhUVM0QTREUDRnPT0iLCJtYWMiOiI0MGQ1NDc2ZjBjN2FiNzVlZGNkNmMyOTg1ZDk4MzdkNGE4MTcyNzNjYzY5OTgzYjA0YTJhOTdiZWVmMTVlNTI5In0%3D; laravel_session=eyJpdiI6ImkyVkNmOTRZM2JrblNIYis1QWtKckE9PSIsInZhbHVlIjoiellaeklLUGlQWVpqeVlFT21ZWFZ4KzlZajhxU25wRzA0OWtkYmdsMjlJYjhCdFhrcEpzWHFvbEVnalFjY2xsbHFFK1U0R0dvbDYyNStuMVJ1NVwvWFN3PT0iLCJtYWMiOiIwMmYyZjdkMzdiNWU3ZDNkMTFmMGRmYzlkYjdmZDUwZTA4OTE5ZTNhMTBiYjdjOWEyZTQxOWU4NTEwOTVmMWI5In0%3D',
  'accept-language' => 'zh-CN,zh;q=0.8',
  'accept-encoding' => 'gzip, deflate, br',
  'referer' => 'http://127.0.0.1/TP_5.0.5_new/',
  'accept' => 'text/html,application/xhtml+xml,application/xml;q=0.9,image/webp,image/apng,*/*;q=0.8',
  'user-agent' => 'Mozilla/5.0 (Windows NT 6.1; Win64; x64) AppleWebKit/537.36 (KHTML, like Gecko) Chrome/60.0.3112.113 Safari/537.36',
  'upgrade-insecure-requests' => '1',
  'cache-control' => 'max-age=0',
  'connection' => 'close',
  'host' => '127.0.0.1',
)
[ info ] [ PARAM ] array (
)
[ info ] [ RUN ] app\index\controller\Index->index[ F:\phpStudy\WWW\TP_5.0.5_new\application\index\controller\Index.php ]
[ info ] [ DB ] INIT mysql
[ info ] [ LOG ] INIT File
[ sql ] [ DB ] CONNECT:[ UseTime:0.010001s ] mysql:dbname=tp_5.0.5_new;host=127.0.0.1;port=3306;charset=utf8
[ sql ] [ SQL ] SHOW COLUMNS FROM `new_admin` [ RunTime:0.009000s ]
[ sql ] [ SQL ] SELECT * FROM `new_admin` WHERE  `id` > 1 [ RunTime:0.000000s ]
[ error ] [1]Call to a member function toArray() on array[F:\phpStudy\WWW\TP_5.0.5_new\application\index\controller\Index.php:11]

---------------------------------------------------------------
[ 2017-09-15T12:05:07+08:00 ] 127.0.0.1 127.0.0.1 GET /TP_5.0.5_new/public/
[ log ] 127.0.0.1/TP_5.0.5_new/public/ [运行时间：0.053602s][吞吐率：18.66req/s] [内存消耗：1,949.51kb] [文件加载：54]
[ info ] [ LANG ] F:\phpStudy\WWW\TP_5.0.5_new\thinkphp\lang\zh-cn.php
[ info ] [ ROUTE ] array (
  'type' => 'module',
  'module' => 
  array (
    0 => '',
    1 => NULL,
    2 => NULL,
  ),
)
[ info ] [ HEADER ] array (
  'cookie' => 'thinkphp_show_page_trace=0|0; XSRF-TOKEN=eyJpdiI6IldzQTk5c09IREU1SFJua1BwNkZGZVE9PSIsInZhbHVlIjoiVlNKUEpRT3FySUxQc3IyUG5leUNJWUFEckxKNlQzdFlvMVZZbTQ0VExyUTNWa3BXQURjbXQ3ZTBBd05EUWNucjhLSVFLWmxWXC9LdHFhUVM0QTREUDRnPT0iLCJtYWMiOiI0MGQ1NDc2ZjBjN2FiNzVlZGNkNmMyOTg1ZDk4MzdkNGE4MTcyNzNjYzY5OTgzYjA0YTJhOTdiZWVmMTVlNTI5In0%3D; laravel_session=eyJpdiI6ImkyVkNmOTRZM2JrblNIYis1QWtKckE9PSIsInZhbHVlIjoiellaeklLUGlQWVpqeVlFT21ZWFZ4KzlZajhxU25wRzA0OWtkYmdsMjlJYjhCdFhrcEpzWHFvbEVnalFjY2xsbHFFK1U0R0dvbDYyNStuMVJ1NVwvWFN3PT0iLCJtYWMiOiIwMmYyZjdkMzdiNWU3ZDNkMTFmMGRmYzlkYjdmZDUwZTA4OTE5ZTNhMTBiYjdjOWEyZTQxOWU4NTEwOTVmMWI5In0%3D',
  'accept-language' => 'zh-CN,zh;q=0.8',
  'accept-encoding' => 'gzip, deflate, br',
  'referer' => 'http://127.0.0.1/TP_5.0.5_new/',
  'accept' => 'text/html,application/xhtml+xml,application/xml;q=0.9,image/webp,image/apng,*/*;q=0.8',
  'user-agent' => 'Mozilla/5.0 (Windows NT 6.1; Win64; x64) AppleWebKit/537.36 (KHTML, like Gecko) Chrome/60.0.3112.113 Safari/537.36',
  'upgrade-insecure-requests' => '1',
  'cache-control' => 'max-age=0',
  'connection' => 'close',
  'host' => '127.0.0.1',
)
[ info ] [ PARAM ] array (
)
[ info ] [ RUN ] app\index\controller\Index->index[ F:\phpStudy\WWW\TP_5.0.5_new\application\index\controller\Index.php ]
[ info ] [ DB ] INIT mysql
[ info ] [ LOG ] INIT File
[ sql ] [ DB ] CONNECT:[ UseTime:0.002000s ] mysql:dbname=tp_5.0.5_new;host=127.0.0.1;port=3306;charset=utf8
[ sql ] [ SQL ] SHOW COLUMNS FROM `new_admin` [ RunTime:0.009000s ]
[ sql ] [ SQL ] SELECT * FROM `new_admin` WHERE  `id` > 1 [ RunTime:0.001000s ]
[ error ] [1]Call to a member function toArray() on array[F:\phpStudy\WWW\TP_5.0.5_new\application\index\controller\Index.php:11]

---------------------------------------------------------------
[ 2017-09-15T12:06:32+08:00 ] 127.0.0.1 127.0.0.1 GET /TP_5.0.5_new/public/
[ log ] 127.0.0.1/TP_5.0.5_new/public/ [运行时间：0.055003s][吞吐率：18.18req/s] [内存消耗：1,923.78kb] [文件加载：50]
[ info ] [ LANG ] F:\phpStudy\WWW\TP_5.0.5_new\thinkphp\lang\zh-cn.php
[ info ] [ ROUTE ] array (
  'type' => 'module',
  'module' => 
  array (
    0 => '',
    1 => NULL,
    2 => NULL,
  ),
)
[ info ] [ HEADER ] array (
  'cookie' => 'thinkphp_show_page_trace=0|0; XSRF-TOKEN=eyJpdiI6IldzQTk5c09IREU1SFJua1BwNkZGZVE9PSIsInZhbHVlIjoiVlNKUEpRT3FySUxQc3IyUG5leUNJWUFEckxKNlQzdFlvMVZZbTQ0VExyUTNWa3BXQURjbXQ3ZTBBd05EUWNucjhLSVFLWmxWXC9LdHFhUVM0QTREUDRnPT0iLCJtYWMiOiI0MGQ1NDc2ZjBjN2FiNzVlZGNkNmMyOTg1ZDk4MzdkNGE4MTcyNzNjYzY5OTgzYjA0YTJhOTdiZWVmMTVlNTI5In0%3D; laravel_session=eyJpdiI6ImkyVkNmOTRZM2JrblNIYis1QWtKckE9PSIsInZhbHVlIjoiellaeklLUGlQWVpqeVlFT21ZWFZ4KzlZajhxU25wRzA0OWtkYmdsMjlJYjhCdFhrcEpzWHFvbEVnalFjY2xsbHFFK1U0R0dvbDYyNStuMVJ1NVwvWFN3PT0iLCJtYWMiOiIwMmYyZjdkMzdiNWU3ZDNkMTFmMGRmYzlkYjdmZDUwZTA4OTE5ZTNhMTBiYjdjOWEyZTQxOWU4NTEwOTVmMWI5In0%3D',
  'accept-language' => 'zh-CN,zh;q=0.8',
  'accept-encoding' => 'gzip, deflate, br',
  'referer' => 'http://127.0.0.1/TP_5.0.5_new/',
  'accept' => 'text/html,application/xhtml+xml,application/xml;q=0.9,image/webp,image/apng,*/*;q=0.8',
  'user-agent' => 'Mozilla/5.0 (Windows NT 6.1; Win64; x64) AppleWebKit/537.36 (KHTML, like Gecko) Chrome/60.0.3112.113 Safari/537.36',
  'upgrade-insecure-requests' => '1',
  'cache-control' => 'max-age=0',
  'connection' => 'close',
  'host' => '127.0.0.1',
)
[ info ] [ PARAM ] array (
)
[ info ] [ RUN ] app\index\controller\Index->index[ F:\phpStudy\WWW\TP_5.0.5_new\application\index\controller\Index.php ]
[ info ] [ DB ] INIT mysql
[ info ] [ LOG ] INIT File
[ sql ] [ DB ] CONNECT:[ UseTime:0.002000s ] mysql:dbname=tp_5.0.5_new;host=127.0.0.1;port=3306;charset=utf8
[ sql ] [ SQL ] SHOW COLUMNS FROM `new_admin` [ RunTime:0.010001s ]
[ sql ] [ SQL ] SELECT * FROM `new_admin` WHERE  `id` > 1 LIMIT 1 [ RunTime:0.001000s ]

---------------------------------------------------------------
[ 2017-09-15T12:06:45+08:00 ] 127.0.0.1 127.0.0.1 GET /TP_5.0.5_new/public/
[ log ] 127.0.0.1/TP_5.0.5_new/public/ [运行时间：0.061004s][吞吐率：16.39req/s] [内存消耗：1,924.49kb] [文件加载：50]
[ info ] [ LANG ] F:\phpStudy\WWW\TP_5.0.5_new\thinkphp\lang\zh-cn.php
[ info ] [ ROUTE ] array (
  'type' => 'module',
  'module' => 
  array (
    0 => '',
    1 => NULL,
    2 => NULL,
  ),
)
[ info ] [ HEADER ] array (
  'cookie' => 'thinkphp_show_page_trace=0|0; XSRF-TOKEN=eyJpdiI6IldzQTk5c09IREU1SFJua1BwNkZGZVE9PSIsInZhbHVlIjoiVlNKUEpRT3FySUxQc3IyUG5leUNJWUFEckxKNlQzdFlvMVZZbTQ0VExyUTNWa3BXQURjbXQ3ZTBBd05EUWNucjhLSVFLWmxWXC9LdHFhUVM0QTREUDRnPT0iLCJtYWMiOiI0MGQ1NDc2ZjBjN2FiNzVlZGNkNmMyOTg1ZDk4MzdkNGE4MTcyNzNjYzY5OTgzYjA0YTJhOTdiZWVmMTVlNTI5In0%3D; laravel_session=eyJpdiI6ImkyVkNmOTRZM2JrblNIYis1QWtKckE9PSIsInZhbHVlIjoiellaeklLUGlQWVpqeVlFT21ZWFZ4KzlZajhxU25wRzA0OWtkYmdsMjlJYjhCdFhrcEpzWHFvbEVnalFjY2xsbHFFK1U0R0dvbDYyNStuMVJ1NVwvWFN3PT0iLCJtYWMiOiIwMmYyZjdkMzdiNWU3ZDNkMTFmMGRmYzlkYjdmZDUwZTA4OTE5ZTNhMTBiYjdjOWEyZTQxOWU4NTEwOTVmMWI5In0%3D',
  'accept-language' => 'zh-CN,zh;q=0.8',
  'accept-encoding' => 'gzip, deflate, br',
  'referer' => 'http://127.0.0.1/TP_5.0.5_new/',
  'accept' => 'text/html,application/xhtml+xml,application/xml;q=0.9,image/webp,image/apng,*/*;q=0.8',
  'user-agent' => 'Mozilla/5.0 (Windows NT 6.1; Win64; x64) AppleWebKit/537.36 (KHTML, like Gecko) Chrome/60.0.3112.113 Safari/537.36',
  'upgrade-insecure-requests' => '1',
  'cache-control' => 'max-age=0',
  'connection' => 'close',
  'host' => '127.0.0.1',
)
[ info ] [ PARAM ] array (
)
[ info ] [ RUN ] app\index\controller\Index->index[ F:\phpStudy\WWW\TP_5.0.5_new\application\index\controller\Index.php ]
[ info ] [ DB ] INIT mysql
[ info ] [ LOG ] INIT File
[ sql ] [ DB ] CONNECT:[ UseTime:0.011000s ] mysql:dbname=tp_5.0.5_new;host=127.0.0.1;port=3306;charset=utf8
[ sql ] [ SQL ] SHOW COLUMNS FROM `new_admin` [ RunTime:0.009001s ]
[ sql ] [ SQL ] SELECT * FROM `new_admin` WHERE  `id` > 1 LIMIT 1 [ RunTime:0.001000s ]

---------------------------------------------------------------
[ 2017-09-15T12:06:46+08:00 ] 127.0.0.1 127.0.0.1 GET /TP_5.0.5_new/public/
[ log ] 127.0.0.1/TP_5.0.5_new/public/ [运行时间：0.066004s][吞吐率：15.15req/s] [内存消耗：1,924.49kb] [文件加载：50]
[ info ] [ LANG ] F:\phpStudy\WWW\TP_5.0.5_new\thinkphp\lang\zh-cn.php
[ info ] [ ROUTE ] array (
  'type' => 'module',
  'module' => 
  array (
    0 => '',
    1 => NULL,
    2 => NULL,
  ),
)
[ info ] [ HEADER ] array (
  'cookie' => 'thinkphp_show_page_trace=0|0; XSRF-TOKEN=eyJpdiI6IldzQTk5c09IREU1SFJua1BwNkZGZVE9PSIsInZhbHVlIjoiVlNKUEpRT3FySUxQc3IyUG5leUNJWUFEckxKNlQzdFlvMVZZbTQ0VExyUTNWa3BXQURjbXQ3ZTBBd05EUWNucjhLSVFLWmxWXC9LdHFhUVM0QTREUDRnPT0iLCJtYWMiOiI0MGQ1NDc2ZjBjN2FiNzVlZGNkNmMyOTg1ZDk4MzdkNGE4MTcyNzNjYzY5OTgzYjA0YTJhOTdiZWVmMTVlNTI5In0%3D; laravel_session=eyJpdiI6ImkyVkNmOTRZM2JrblNIYis1QWtKckE9PSIsInZhbHVlIjoiellaeklLUGlQWVpqeVlFT21ZWFZ4KzlZajhxU25wRzA0OWtkYmdsMjlJYjhCdFhrcEpzWHFvbEVnalFjY2xsbHFFK1U0R0dvbDYyNStuMVJ1NVwvWFN3PT0iLCJtYWMiOiIwMmYyZjdkMzdiNWU3ZDNkMTFmMGRmYzlkYjdmZDUwZTA4OTE5ZTNhMTBiYjdjOWEyZTQxOWU4NTEwOTVmMWI5In0%3D',
  'accept-language' => 'zh-CN,zh;q=0.8',
  'accept-encoding' => 'gzip, deflate, br',
  'referer' => 'http://127.0.0.1/TP_5.0.5_new/',
  'accept' => 'text/html,application/xhtml+xml,application/xml;q=0.9,image/webp,image/apng,*/*;q=0.8',
  'user-agent' => 'Mozilla/5.0 (Windows NT 6.1; Win64; x64) AppleWebKit/537.36 (KHTML, like Gecko) Chrome/60.0.3112.113 Safari/537.36',
  'upgrade-insecure-requests' => '1',
  'cache-control' => 'max-age=0',
  'connection' => 'close',
  'host' => '127.0.0.1',
)
[ info ] [ PARAM ] array (
)
[ info ] [ RUN ] app\index\controller\Index->index[ F:\phpStudy\WWW\TP_5.0.5_new\application\index\controller\Index.php ]
[ info ] [ DB ] INIT mysql
[ info ] [ LOG ] INIT File
[ sql ] [ DB ] CONNECT:[ UseTime:0.003000s ] mysql:dbname=tp_5.0.5_new;host=127.0.0.1;port=3306;charset=utf8
[ sql ] [ SQL ] SHOW COLUMNS FROM `new_admin` [ RunTime:0.010001s ]
[ sql ] [ SQL ] SELECT * FROM `new_admin` WHERE  `id` > 1 LIMIT 1 [ RunTime:0.001000s ]

---------------------------------------------------------------
[ 2017-09-15T12:06:46+08:00 ] 127.0.0.1 127.0.0.1 GET /TP_5.0.5_new/public/
[ log ] 127.0.0.1/TP_5.0.5_new/public/ [运行时间：0.060004s][吞吐率：16.67req/s] [内存消耗：1,924.49kb] [文件加载：50]
[ info ] [ LANG ] F:\phpStudy\WWW\TP_5.0.5_new\thinkphp\lang\zh-cn.php
[ info ] [ ROUTE ] array (
  'type' => 'module',
  'module' => 
  array (
    0 => '',
    1 => NULL,
    2 => NULL,
  ),
)
[ info ] [ HEADER ] array (
  'cookie' => 'thinkphp_show_page_trace=0|0; XSRF-TOKEN=eyJpdiI6IldzQTk5c09IREU1SFJua1BwNkZGZVE9PSIsInZhbHVlIjoiVlNKUEpRT3FySUxQc3IyUG5leUNJWUFEckxKNlQzdFlvMVZZbTQ0VExyUTNWa3BXQURjbXQ3ZTBBd05EUWNucjhLSVFLWmxWXC9LdHFhUVM0QTREUDRnPT0iLCJtYWMiOiI0MGQ1NDc2ZjBjN2FiNzVlZGNkNmMyOTg1ZDk4MzdkNGE4MTcyNzNjYzY5OTgzYjA0YTJhOTdiZWVmMTVlNTI5In0%3D; laravel_session=eyJpdiI6ImkyVkNmOTRZM2JrblNIYis1QWtKckE9PSIsInZhbHVlIjoiellaeklLUGlQWVpqeVlFT21ZWFZ4KzlZajhxU25wRzA0OWtkYmdsMjlJYjhCdFhrcEpzWHFvbEVnalFjY2xsbHFFK1U0R0dvbDYyNStuMVJ1NVwvWFN3PT0iLCJtYWMiOiIwMmYyZjdkMzdiNWU3ZDNkMTFmMGRmYzlkYjdmZDUwZTA4OTE5ZTNhMTBiYjdjOWEyZTQxOWU4NTEwOTVmMWI5In0%3D',
  'accept-language' => 'zh-CN,zh;q=0.8',
  'accept-encoding' => 'gzip, deflate, br',
  'referer' => 'http://127.0.0.1/TP_5.0.5_new/',
  'accept' => 'text/html,application/xhtml+xml,application/xml;q=0.9,image/webp,image/apng,*/*;q=0.8',
  'user-agent' => 'Mozilla/5.0 (Windows NT 6.1; Win64; x64) AppleWebKit/537.36 (KHTML, like Gecko) Chrome/60.0.3112.113 Safari/537.36',
  'upgrade-insecure-requests' => '1',
  'cache-control' => 'max-age=0',
  'connection' => 'close',
  'host' => '127.0.0.1',
)
[ info ] [ PARAM ] array (
)
[ info ] [ RUN ] app\index\controller\Index->index[ F:\phpStudy\WWW\TP_5.0.5_new\application\index\controller\Index.php ]
[ info ] [ DB ] INIT mysql
[ info ] [ LOG ] INIT File
[ sql ] [ DB ] CONNECT:[ UseTime:0.003000s ] mysql:dbname=tp_5.0.5_new;host=127.0.0.1;port=3306;charset=utf8
[ sql ] [ SQL ] SHOW COLUMNS FROM `new_admin` [ RunTime:0.009000s ]
[ sql ] [ SQL ] SELECT * FROM `new_admin` WHERE  `id` > 1 LIMIT 1 [ RunTime:0.000000s ]

---------------------------------------------------------------
[ 2017-09-15T12:06:47+08:00 ] 127.0.0.1 127.0.0.1 GET /TP_5.0.5_new/public/
[ log ] 127.0.0.1/TP_5.0.5_new/public/ [运行时间：0.069004s][吞吐率：14.49req/s] [内存消耗：1,924.49kb] [文件加载：50]
[ info ] [ LANG ] F:\phpStudy\WWW\TP_5.0.5_new\thinkphp\lang\zh-cn.php
[ info ] [ ROUTE ] array (
  'type' => 'module',
  'module' => 
  array (
    0 => '',
    1 => NULL,
    2 => NULL,
  ),
)
[ info ] [ HEADER ] array (
  'cookie' => 'thinkphp_show_page_trace=0|0; XSRF-TOKEN=eyJpdiI6IldzQTk5c09IREU1SFJua1BwNkZGZVE9PSIsInZhbHVlIjoiVlNKUEpRT3FySUxQc3IyUG5leUNJWUFEckxKNlQzdFlvMVZZbTQ0VExyUTNWa3BXQURjbXQ3ZTBBd05EUWNucjhLSVFLWmxWXC9LdHFhUVM0QTREUDRnPT0iLCJtYWMiOiI0MGQ1NDc2ZjBjN2FiNzVlZGNkNmMyOTg1ZDk4MzdkNGE4MTcyNzNjYzY5OTgzYjA0YTJhOTdiZWVmMTVlNTI5In0%3D; laravel_session=eyJpdiI6ImkyVkNmOTRZM2JrblNIYis1QWtKckE9PSIsInZhbHVlIjoiellaeklLUGlQWVpqeVlFT21ZWFZ4KzlZajhxU25wRzA0OWtkYmdsMjlJYjhCdFhrcEpzWHFvbEVnalFjY2xsbHFFK1U0R0dvbDYyNStuMVJ1NVwvWFN3PT0iLCJtYWMiOiIwMmYyZjdkMzdiNWU3ZDNkMTFmMGRmYzlkYjdmZDUwZTA4OTE5ZTNhMTBiYjdjOWEyZTQxOWU4NTEwOTVmMWI5In0%3D',
  'accept-language' => 'zh-CN,zh;q=0.8',
  'accept-encoding' => 'gzip, deflate, br',
  'referer' => 'http://127.0.0.1/TP_5.0.5_new/',
  'accept' => 'text/html,application/xhtml+xml,application/xml;q=0.9,image/webp,image/apng,*/*;q=0.8',
  'user-agent' => 'Mozilla/5.0 (Windows NT 6.1; Win64; x64) AppleWebKit/537.36 (KHTML, like Gecko) Chrome/60.0.3112.113 Safari/537.36',
  'upgrade-insecure-requests' => '1',
  'cache-control' => 'max-age=0',
  'connection' => 'close',
  'host' => '127.0.0.1',
)
[ info ] [ PARAM ] array (
)
[ info ] [ RUN ] app\index\controller\Index->index[ F:\phpStudy\WWW\TP_5.0.5_new\application\index\controller\Index.php ]
[ info ] [ DB ] INIT mysql
[ info ] [ LOG ] INIT File
[ sql ] [ DB ] CONNECT:[ UseTime:0.011001s ] mysql:dbname=tp_5.0.5_new;host=127.0.0.1;port=3306;charset=utf8
[ sql ] [ SQL ] SHOW COLUMNS FROM `new_admin` [ RunTime:0.008000s ]
[ sql ] [ SQL ] SELECT * FROM `new_admin` WHERE  `id` > 1 LIMIT 1 [ RunTime:0.000000s ]

---------------------------------------------------------------
