[ 2017-09-18T10:26:55+08:00 ] 127.0.0.1 127.0.0.1 GET /TP_5.0.5_new/public/
[ log ] 127.0.0.1/TP_5.0.5_new/public/ [运行时间：0.267015s][吞吐率：3.75req/s] [内存消耗：1,178.51kb] [文件加载：43]
[ info ] [ LANG ] F:\phpStudy\WWW\TP_5.0.5_new\thinkphp\lang\zh-cn.php
[ info ] [ ROUTE ] array (
  'type' => 'module',
  'module' => 
  array (
    0 => '',
    1 => NULL,
    2 => NULL,
  ),
)
[ info ] [ HEADER ] array (
  'cookie' => 'XSRF-TOKEN=eyJpdiI6InBZWkZrZVwva1Ixa05IK3lhM1NZc013PT0iLCJ2YWx1ZSI6IjZ4OThRVm9HSkluUnJqREdUekxSNkNIU2xYcW5IZW9hTGRnM1N1N3pNTFdcLzVKaVwvNVY2eXdRbzhSc1lVdEhka0w0XC9vWlYwR0JUcXVEZUNxakM2T2tRPT0iLCJtYWMiOiIzMjJiMzQxZDE5NDA5YTBlZmNiNjAzMzQ2YWYyYjhhYjhkYjRjYWZiNDE5OWViNTk1MjM5MjVlMDNiMGUzOTczIn0%3D; laravel_session=eyJpdiI6IjJ2UFF5bXFDXC8ydHhrbXVQeXRNbmZnPT0iLCJ2YWx1ZSI6IkhEakN0TTEzTjh3WlFHNlNjKzhlaHc4WmVmWW5HUjQ1Z3RsYUhubVdGbVd5TDYrcXltOVc3enhGR0ZscUViN2RMc1I5dEJWUTBnVVFKY0JGTWd0UzVBPT0iLCJtYWMiOiIxZGEwN2I1YTMyYzVlMTFhNGE5M2Q5MjEyN2E1NTI5YTRlMjVhNThjMTBkMGE4NDBiYmQ0MTM0OThmMDAzODE3In0%3D',
  'accept-language' => 'zh-CN,zh;q=0.8',
  'accept-encoding' => 'gzip, deflate, br',
  'referer' => 'http://127.0.0.1/TP_5.0.5_new/',
  'accept' => 'text/html,application/xhtml+xml,application/xml;q=0.9,image/webp,image/apng,*/*;q=0.8',
  'user-agent' => 'Mozilla/5.0 (Windows NT 6.1; Win64; x64) AppleWebKit/537.36 (KHTML, like Gecko) Chrome/60.0.3112.113 Safari/537.36',
  'upgrade-insecure-requests' => '1',
  'connection' => 'close',
  'host' => '127.0.0.1',
)
[ info ] [ PARAM ] array (
)
[ info ] [ RUN ] app\index\controller\Index->index[ F:\phpStudy\WWW\TP_5.0.5_new\application\index\controller\Index.php ]
[ info ] [ LOG ] INIT File

---------------------------------------------------------------
[ 2017-09-18T10:27:22+08:00 ] 127.0.0.1 127.0.0.1 GET /TP_5.0.5_new/public/index.php/admin/login
[ log ] 127.0.0.1/TP_5.0.5_new/public/index.php/admin/login [运行时间：0.116205s][吞吐率：8.61req/s] [内存消耗：1,456.09kb] [文件加载：51]
[ info ] [ LANG ] F:\phpStudy\WWW\TP_5.0.5_new\thinkphp\lang\zh-cn.php
[ info ] [ ROUTE ] array (
  'type' => 'module',
  'module' => 
  array (
    0 => 'admin',
    1 => 'login',
    2 => NULL,
  ),
)
[ info ] [ HEADER ] array (
  'cookie' => 'thinkphp_show_page_trace=0|0; XSRF-TOKEN=eyJpdiI6InBZWkZrZVwva1Ixa05IK3lhM1NZc013PT0iLCJ2YWx1ZSI6IjZ4OThRVm9HSkluUnJqREdUekxSNkNIU2xYcW5IZW9hTGRnM1N1N3pNTFdcLzVKaVwvNVY2eXdRbzhSc1lVdEhka0w0XC9vWlYwR0JUcXVEZUNxakM2T2tRPT0iLCJtYWMiOiIzMjJiMzQxZDE5NDA5YTBlZmNiNjAzMzQ2YWYyYjhhYjhkYjRjYWZiNDE5OWViNTk1MjM5MjVlMDNiMGUzOTczIn0%3D; laravel_session=eyJpdiI6IjJ2UFF5bXFDXC8ydHhrbXVQeXRNbmZnPT0iLCJ2YWx1ZSI6IkhEakN0TTEzTjh3WlFHNlNjKzhlaHc4WmVmWW5HUjQ1Z3RsYUhubVdGbVd5TDYrcXltOVc3enhGR0ZscUViN2RMc1I5dEJWUTBnVVFKY0JGTWd0UzVBPT0iLCJtYWMiOiIxZGEwN2I1YTMyYzVlMTFhNGE5M2Q5MjEyN2E1NTI5YTRlMjVhNThjMTBkMGE4NDBiYmQ0MTM0OThmMDAzODE3In0%3D',
  'accept-language' => 'zh-CN,zh;q=0.8',
  'accept-encoding' => 'gzip, deflate, br',
  'accept' => 'text/html,application/xhtml+xml,application/xml;q=0.9,image/webp,image/apng,*/*;q=0.8',
  'user-agent' => 'Mozilla/5.0 (Windows NT 6.1; Win64; x64) AppleWebKit/537.36 (KHTML, like Gecko) Chrome/60.0.3112.113 Safari/537.36',
  'upgrade-insecure-requests' => '1',
  'connection' => 'close',
  'host' => '127.0.0.1',
)
[ info ] [ PARAM ] array (
)
[ info ] [ RUN ] app\admin\controller\Login->index[ F:\phpStudy\WWW\TP_5.0.5_new\application\admin\controller\Login.php ]
[ info ] [ VIEW ] F:\phpStudy\WWW\TP_5.0.5_new\public/../application/admin\view\login\index.html [ array (
) ]
[ info ] [ LOG ] INIT File

---------------------------------------------------------------
[ 2017-09-18T10:29:10+08:00 ] 127.0.0.1 127.0.0.1 GET /TP_5.0.5_new/public/index.php/admin/login
[ log ] 127.0.0.1/TP_5.0.5_new/public/index.php/admin/login [运行时间：0.034002s][吞吐率：29.41req/s] [内存消耗：1,456.27kb] [文件加载：51]
[ info ] [ LANG ] F:\phpStudy\WWW\TP_5.0.5_new\thinkphp\lang\zh-cn.php
[ info ] [ ROUTE ] array (
  'type' => 'module',
  'module' => 
  array (
    0 => 'admin',
    1 => 'login',
    2 => NULL,
  ),
)
[ info ] [ HEADER ] array (
  'cookie' => 'thinkphp_show_page_trace=0|0; thinkphp_show_page_trace=0|0; XSRF-TOKEN=eyJpdiI6InBZWkZrZVwva1Ixa05IK3lhM1NZc013PT0iLCJ2YWx1ZSI6IjZ4OThRVm9HSkluUnJqREdUekxSNkNIU2xYcW5IZW9hTGRnM1N1N3pNTFdcLzVKaVwvNVY2eXdRbzhSc1lVdEhka0w0XC9vWlYwR0JUcXVEZUNxakM2T2tRPT0iLCJtYWMiOiIzMjJiMzQxZDE5NDA5YTBlZmNiNjAzMzQ2YWYyYjhhYjhkYjRjYWZiNDE5OWViNTk1MjM5MjVlMDNiMGUzOTczIn0%3D; laravel_session=eyJpdiI6IjJ2UFF5bXFDXC8ydHhrbXVQeXRNbmZnPT0iLCJ2YWx1ZSI6IkhEakN0TTEzTjh3WlFHNlNjKzhlaHc4WmVmWW5HUjQ1Z3RsYUhubVdGbVd5TDYrcXltOVc3enhGR0ZscUViN2RMc1I5dEJWUTBnVVFKY0JGTWd0UzVBPT0iLCJtYWMiOiIxZGEwN2I1YTMyYzVlMTFhNGE5M2Q5MjEyN2E1NTI5YTRlMjVhNThjMTBkMGE4NDBiYmQ0MTM0OThmMDAzODE3In0%3D',
  'accept-language' => 'zh-CN,zh;q=0.8',
  'accept-encoding' => 'gzip, deflate, br',
  'accept' => 'text/html,application/xhtml+xml,application/xml;q=0.9,image/webp,image/apng,*/*;q=0.8',
  'user-agent' => 'Mozilla/5.0 (Windows NT 6.1; Win64; x64) AppleWebKit/537.36 (KHTML, like Gecko) Chrome/60.0.3112.113 Safari/537.36',
  'upgrade-insecure-requests' => '1',
  'cache-control' => 'max-age=0',
  'connection' => 'close',
  'host' => '127.0.0.1',
)
[ info ] [ PARAM ] array (
)
[ info ] [ RUN ] app\admin\controller\Login->index[ F:\phpStudy\WWW\TP_5.0.5_new\application\admin\controller\Login.php ]
[ info ] [ VIEW ] F:\phpStudy\WWW\TP_5.0.5_new\public/../application/admin\view\login\index.html [ array (
) ]
[ info ] [ LOG ] INIT File

---------------------------------------------------------------
[ 2017-09-18T10:29:12+08:00 ] 127.0.0.1 127.0.0.1 GET /TP_5.0.5_new/public/index.php/admin/login
[ log ] 127.0.0.1/TP_5.0.5_new/public/index.php/admin/login [运行时间：0.040002s][吞吐率：25.00req/s] [内存消耗：1,456.27kb] [文件加载：51]
[ info ] [ LANG ] F:\phpStudy\WWW\TP_5.0.5_new\thinkphp\lang\zh-cn.php
[ info ] [ ROUTE ] array (
  'type' => 'module',
  'module' => 
  array (
    0 => 'admin',
    1 => 'login',
    2 => NULL,
  ),
)
[ info ] [ HEADER ] array (
  'cookie' => 'thinkphp_show_page_trace=0|0; thinkphp_show_page_trace=0|0; XSRF-TOKEN=eyJpdiI6InBZWkZrZVwva1Ixa05IK3lhM1NZc013PT0iLCJ2YWx1ZSI6IjZ4OThRVm9HSkluUnJqREdUekxSNkNIU2xYcW5IZW9hTGRnM1N1N3pNTFdcLzVKaVwvNVY2eXdRbzhSc1lVdEhka0w0XC9vWlYwR0JUcXVEZUNxakM2T2tRPT0iLCJtYWMiOiIzMjJiMzQxZDE5NDA5YTBlZmNiNjAzMzQ2YWYyYjhhYjhkYjRjYWZiNDE5OWViNTk1MjM5MjVlMDNiMGUzOTczIn0%3D; laravel_session=eyJpdiI6IjJ2UFF5bXFDXC8ydHhrbXVQeXRNbmZnPT0iLCJ2YWx1ZSI6IkhEakN0TTEzTjh3WlFHNlNjKzhlaHc4WmVmWW5HUjQ1Z3RsYUhubVdGbVd5TDYrcXltOVc3enhGR0ZscUViN2RMc1I5dEJWUTBnVVFKY0JGTWd0UzVBPT0iLCJtYWMiOiIxZGEwN2I1YTMyYzVlMTFhNGE5M2Q5MjEyN2E1NTI5YTRlMjVhNThjMTBkMGE4NDBiYmQ0MTM0OThmMDAzODE3In0%3D',
  'accept-language' => 'zh-CN,zh;q=0.8',
  'accept-encoding' => 'gzip, deflate, br',
  'accept' => 'text/html,application/xhtml+xml,application/xml;q=0.9,image/webp,image/apng,*/*;q=0.8',
  'user-agent' => 'Mozilla/5.0 (Windows NT 6.1; Win64; x64) AppleWebKit/537.36 (KHTML, like Gecko) Chrome/60.0.3112.113 Safari/537.36',
  'upgrade-insecure-requests' => '1',
  'cache-control' => 'max-age=0',
  'connection' => 'close',
  'host' => '127.0.0.1',
)
[ info ] [ PARAM ] array (
)
[ info ] [ RUN ] app\admin\controller\Login->index[ F:\phpStudy\WWW\TP_5.0.5_new\application\admin\controller\Login.php ]
[ info ] [ VIEW ] F:\phpStudy\WWW\TP_5.0.5_new\public/../application/admin\view\login\index.html [ array (
) ]
[ info ] [ LOG ] INIT File

---------------------------------------------------------------
[ 2017-09-18T10:29:17+08:00 ] 127.0.0.1 127.0.0.1 GET /TP_5.0.5_new/public/index.php/admin/logout
[ log ] 127.0.0.1/TP_5.0.5_new/public/index.php/admin/logout [运行时间：0.102204s][吞吐率：9.78req/s] [内存消耗：1,185.97kb] [文件加载：45]
[ info ] [ LANG ] F:\phpStudy\WWW\TP_5.0.5_new\thinkphp\lang\zh-cn.php
[ info ] [ ROUTE ] array (
  'type' => 'module',
  'module' => 
  array (
    0 => 'admin',
    1 => 'logout',
    2 => NULL,
  ),
)
[ info ] [ HEADER ] array (
  'cookie' => 'thinkphp_show_page_trace=0|0; thinkphp_show_page_trace=0|0; XSRF-TOKEN=eyJpdiI6InBZWkZrZVwva1Ixa05IK3lhM1NZc013PT0iLCJ2YWx1ZSI6IjZ4OThRVm9HSkluUnJqREdUekxSNkNIU2xYcW5IZW9hTGRnM1N1N3pNTFdcLzVKaVwvNVY2eXdRbzhSc1lVdEhka0w0XC9vWlYwR0JUcXVEZUNxakM2T2tRPT0iLCJtYWMiOiIzMjJiMzQxZDE5NDA5YTBlZmNiNjAzMzQ2YWYyYjhhYjhkYjRjYWZiNDE5OWViNTk1MjM5MjVlMDNiMGUzOTczIn0%3D; laravel_session=eyJpdiI6IjJ2UFF5bXFDXC8ydHhrbXVQeXRNbmZnPT0iLCJ2YWx1ZSI6IkhEakN0TTEzTjh3WlFHNlNjKzhlaHc4WmVmWW5HUjQ1Z3RsYUhubVdGbVd5TDYrcXltOVc3enhGR0ZscUViN2RMc1I5dEJWUTBnVVFKY0JGTWd0UzVBPT0iLCJtYWMiOiIxZGEwN2I1YTMyYzVlMTFhNGE5M2Q5MjEyN2E1NTI5YTRlMjVhNThjMTBkMGE4NDBiYmQ0MTM0OThmMDAzODE3In0%3D',
  'accept-language' => 'zh-CN,zh;q=0.8',
  'accept-encoding' => 'gzip, deflate, br',
  'accept' => 'text/html,application/xhtml+xml,application/xml;q=0.9,image/webp,image/apng,*/*;q=0.8',
  'user-agent' => 'Mozilla/5.0 (Windows NT 6.1; Win64; x64) AppleWebKit/537.36 (KHTML, like Gecko) Chrome/60.0.3112.113 Safari/537.36',
  'upgrade-insecure-requests' => '1',
  'connection' => 'close',
  'host' => '127.0.0.1',
)
[ info ] [ PARAM ] array (
)
[ info ] [ LOG ] INIT File

---------------------------------------------------------------
[ 2017-09-18T10:29:29+08:00 ] 127.0.0.1 127.0.0.1 GET /TP_5.0.5_new/public/index.php/admin/login/logout
[ log ] 127.0.0.1/TP_5.0.5_new/public/index.php/admin/login/logout [运行时间：0.189209s][吞吐率：5.29req/s] [内存消耗：2,154.70kb] [文件加载：56]
[ info ] [ LANG ] F:\phpStudy\WWW\TP_5.0.5_new\thinkphp\lang\zh-cn.php
[ info ] [ ROUTE ] array (
  'type' => 'module',
  'module' => 
  array (
    0 => 'admin',
    1 => 'login',
    2 => 'logout',
  ),
)
[ info ] [ HEADER ] array (
  'cookie' => 'thinkphp_show_page_trace=0|0; thinkphp_show_page_trace=0|0; XSRF-TOKEN=eyJpdiI6InBZWkZrZVwva1Ixa05IK3lhM1NZc013PT0iLCJ2YWx1ZSI6IjZ4OThRVm9HSkluUnJqREdUekxSNkNIU2xYcW5IZW9hTGRnM1N1N3pNTFdcLzVKaVwvNVY2eXdRbzhSc1lVdEhka0w0XC9vWlYwR0JUcXVEZUNxakM2T2tRPT0iLCJtYWMiOiIzMjJiMzQxZDE5NDA5YTBlZmNiNjAzMzQ2YWYyYjhhYjhkYjRjYWZiNDE5OWViNTk1MjM5MjVlMDNiMGUzOTczIn0%3D; laravel_session=eyJpdiI6IjJ2UFF5bXFDXC8ydHhrbXVQeXRNbmZnPT0iLCJ2YWx1ZSI6IkhEakN0TTEzTjh3WlFHNlNjKzhlaHc4WmVmWW5HUjQ1Z3RsYUhubVdGbVd5TDYrcXltOVc3enhGR0ZscUViN2RMc1I5dEJWUTBnVVFKY0JGTWd0UzVBPT0iLCJtYWMiOiIxZGEwN2I1YTMyYzVlMTFhNGE5M2Q5MjEyN2E1NTI5YTRlMjVhNThjMTBkMGE4NDBiYmQ0MTM0OThmMDAzODE3In0%3D',
  'accept-language' => 'zh-CN,zh;q=0.8',
  'accept-encoding' => 'gzip, deflate, br',
  'accept' => 'text/html,application/xhtml+xml,application/xml;q=0.9,image/webp,image/apng,*/*;q=0.8',
  'user-agent' => 'Mozilla/5.0 (Windows NT 6.1; Win64; x64) AppleWebKit/537.36 (KHTML, like Gecko) Chrome/60.0.3112.113 Safari/537.36',
  'upgrade-insecure-requests' => '1',
  'connection' => 'close',
  'host' => '127.0.0.1',
)
[ info ] [ PARAM ] array (
)
[ info ] [ RUN ] app\admin\controller\Login->logout[ F:\phpStudy\WWW\TP_5.0.5_new\application\admin\controller\Login.php ]
[ info ] [ DB ] INIT mysql
[ info ] [ LOG ] INIT File
[ sql ] [ DB ] CONNECT:[ UseTime:0.008000s ] mysql:dbname=tp_5.0.5_new;host=127.0.0.1;port=3306;charset=utf8
[ sql ] [ SQL ] SHOW COLUMNS FROM `new_admin` [ RunTime:0.057004s ]
[ sql ] [ SQL ] SELECT * FROM `new_admin` WHERE  `status` = 1 ORDER BY addtime desc [ RunTime:0.001000s ]

---------------------------------------------------------------
[ 2017-09-18T10:30:43+08:00 ] 127.0.0.1 127.0.0.1 GET /TP_5.0.5_new/public/index.php/admin/login/logout
[ log ] 127.0.0.1/TP_5.0.5_new/public/index.php/admin/login/logout [运行时间：0.041002s][吞吐率：24.39req/s] [内存消耗：2,127.01kb] [文件加载：56]
[ info ] [ LANG ] F:\phpStudy\WWW\TP_5.0.5_new\thinkphp\lang\zh-cn.php
[ info ] [ ROUTE ] array (
  'type' => 'module',
  'module' => 
  array (
    0 => 'admin',
    1 => 'login',
    2 => 'logout',
  ),
)
[ info ] [ HEADER ] array (
  'cookie' => 'thinkphp_show_page_trace=0|0; thinkphp_show_page_trace=0|0; thinkphp_show_page_trace=0|0; XSRF-TOKEN=eyJpdiI6InBZWkZrZVwva1Ixa05IK3lhM1NZc013PT0iLCJ2YWx1ZSI6IjZ4OThRVm9HSkluUnJqREdUekxSNkNIU2xYcW5IZW9hTGRnM1N1N3pNTFdcLzVKaVwvNVY2eXdRbzhSc1lVdEhka0w0XC9vWlYwR0JUcXVEZUNxakM2T2tRPT0iLCJtYWMiOiIzMjJiMzQxZDE5NDA5YTBlZmNiNjAzMzQ2YWYyYjhhYjhkYjRjYWZiNDE5OWViNTk1MjM5MjVlMDNiMGUzOTczIn0%3D; laravel_session=eyJpdiI6IjJ2UFF5bXFDXC8ydHhrbXVQeXRNbmZnPT0iLCJ2YWx1ZSI6IkhEakN0TTEzTjh3WlFHNlNjKzhlaHc4WmVmWW5HUjQ1Z3RsYUhubVdGbVd5TDYrcXltOVc3enhGR0ZscUViN2RMc1I5dEJWUTBnVVFKY0JGTWd0UzVBPT0iLCJtYWMiOiIxZGEwN2I1YTMyYzVlMTFhNGE5M2Q5MjEyN2E1NTI5YTRlMjVhNThjMTBkMGE4NDBiYmQ0MTM0OThmMDAzODE3In0%3D',
  'accept-language' => 'zh-CN,zh;q=0.8',
  'accept-encoding' => 'gzip, deflate, br',
  'accept' => 'text/html,application/xhtml+xml,application/xml;q=0.9,image/webp,image/apng,*/*;q=0.8',
  'user-agent' => 'Mozilla/5.0 (Windows NT 6.1; Win64; x64) AppleWebKit/537.36 (KHTML, like Gecko) Chrome/60.0.3112.113 Safari/537.36',
  'upgrade-insecure-requests' => '1',
  'cache-control' => 'max-age=0',
  'connection' => 'close',
  'host' => '127.0.0.1',
)
[ info ] [ PARAM ] array (
)
[ info ] [ RUN ] app\admin\controller\Login->logout[ F:\phpStudy\WWW\TP_5.0.5_new\application\admin\controller\Login.php ]
[ info ] [ DB ] INIT mysql
[ info ] [ LOG ] INIT File

---------------------------------------------------------------
[ 2017-09-18T10:30:46+08:00 ] 127.0.0.1 127.0.0.1 GET /TP_5.0.5_new/public/index.php/admin/login/logout
[ log ] 127.0.0.1/TP_5.0.5_new/public/index.php/admin/login/logout [运行时间：0.040002s][吞吐率：25.00req/s] [内存消耗：2,127.01kb] [文件加载：56]
[ info ] [ LANG ] F:\phpStudy\WWW\TP_5.0.5_new\thinkphp\lang\zh-cn.php
[ info ] [ ROUTE ] array (
  'type' => 'module',
  'module' => 
  array (
    0 => 'admin',
    1 => 'login',
    2 => 'logout',
  ),
)
[ info ] [ HEADER ] array (
  'cookie' => 'thinkphp_show_page_trace=0|0; thinkphp_show_page_trace=0|0; thinkphp_show_page_trace=0|0; XSRF-TOKEN=eyJpdiI6InBZWkZrZVwva1Ixa05IK3lhM1NZc013PT0iLCJ2YWx1ZSI6IjZ4OThRVm9HSkluUnJqREdUekxSNkNIU2xYcW5IZW9hTGRnM1N1N3pNTFdcLzVKaVwvNVY2eXdRbzhSc1lVdEhka0w0XC9vWlYwR0JUcXVEZUNxakM2T2tRPT0iLCJtYWMiOiIzMjJiMzQxZDE5NDA5YTBlZmNiNjAzMzQ2YWYyYjhhYjhkYjRjYWZiNDE5OWViNTk1MjM5MjVlMDNiMGUzOTczIn0%3D; laravel_session=eyJpdiI6IjJ2UFF5bXFDXC8ydHhrbXVQeXRNbmZnPT0iLCJ2YWx1ZSI6IkhEakN0TTEzTjh3WlFHNlNjKzhlaHc4WmVmWW5HUjQ1Z3RsYUhubVdGbVd5TDYrcXltOVc3enhGR0ZscUViN2RMc1I5dEJWUTBnVVFKY0JGTWd0UzVBPT0iLCJtYWMiOiIxZGEwN2I1YTMyYzVlMTFhNGE5M2Q5MjEyN2E1NTI5YTRlMjVhNThjMTBkMGE4NDBiYmQ0MTM0OThmMDAzODE3In0%3D',
  'accept-language' => 'zh-CN,zh;q=0.8',
  'accept-encoding' => 'gzip, deflate, br',
  'accept' => 'text/html,application/xhtml+xml,application/xml;q=0.9,image/webp,image/apng,*/*;q=0.8',
  'user-agent' => 'Mozilla/5.0 (Windows NT 6.1; Win64; x64) AppleWebKit/537.36 (KHTML, like Gecko) Chrome/60.0.3112.113 Safari/537.36',
  'upgrade-insecure-requests' => '1',
  'cache-control' => 'max-age=0',
  'connection' => 'close',
  'host' => '127.0.0.1',
)
[ info ] [ PARAM ] array (
)
[ info ] [ RUN ] app\admin\controller\Login->logout[ F:\phpStudy\WWW\TP_5.0.5_new\application\admin\controller\Login.php ]
[ info ] [ DB ] INIT mysql
[ info ] [ LOG ] INIT File

---------------------------------------------------------------
[ 2017-09-18T10:34:09+08:00 ] 127.0.0.1 127.0.0.1 GET /TP_5.0.5_new/public/index.php/admin/login/logout
[ log ] 127.0.0.1/TP_5.0.5_new/public/index.php/admin/login/logout [运行时间：0.059003s][吞吐率：16.95req/s] [内存消耗：2,140.05kb] [文件加载：56]
[ info ] [ LANG ] F:\phpStudy\WWW\TP_5.0.5_new\thinkphp\lang\zh-cn.php
[ info ] [ ROUTE ] array (
  'type' => 'module',
  'module' => 
  array (
    0 => 'admin',
    1 => 'login',
    2 => 'logout',
  ),
)
[ info ] [ HEADER ] array (
  'cookie' => 'thinkphp_show_page_trace=0|0; thinkphp_show_page_trace=0|0; thinkphp_show_page_trace=0|0; XSRF-TOKEN=eyJpdiI6InBZWkZrZVwva1Ixa05IK3lhM1NZc013PT0iLCJ2YWx1ZSI6IjZ4OThRVm9HSkluUnJqREdUekxSNkNIU2xYcW5IZW9hTGRnM1N1N3pNTFdcLzVKaVwvNVY2eXdRbzhSc1lVdEhka0w0XC9vWlYwR0JUcXVEZUNxakM2T2tRPT0iLCJtYWMiOiIzMjJiMzQxZDE5NDA5YTBlZmNiNjAzMzQ2YWYyYjhhYjhkYjRjYWZiNDE5OWViNTk1MjM5MjVlMDNiMGUzOTczIn0%3D; laravel_session=eyJpdiI6IjJ2UFF5bXFDXC8ydHhrbXVQeXRNbmZnPT0iLCJ2YWx1ZSI6IkhEakN0TTEzTjh3WlFHNlNjKzhlaHc4WmVmWW5HUjQ1Z3RsYUhubVdGbVd5TDYrcXltOVc3enhGR0ZscUViN2RMc1I5dEJWUTBnVVFKY0JGTWd0UzVBPT0iLCJtYWMiOiIxZGEwN2I1YTMyYzVlMTFhNGE5M2Q5MjEyN2E1NTI5YTRlMjVhNThjMTBkMGE4NDBiYmQ0MTM0OThmMDAzODE3In0%3D',
  'accept-language' => 'zh-CN,zh;q=0.8',
  'accept-encoding' => 'gzip, deflate, br',
  'accept' => 'text/html,application/xhtml+xml,application/xml;q=0.9,image/webp,image/apng,*/*;q=0.8',
  'user-agent' => 'Mozilla/5.0 (Windows NT 6.1; Win64; x64) AppleWebKit/537.36 (KHTML, like Gecko) Chrome/60.0.3112.113 Safari/537.36',
  'upgrade-insecure-requests' => '1',
  'cache-control' => 'max-age=0',
  'connection' => 'close',
  'host' => '127.0.0.1',
)
[ info ] [ PARAM ] array (
)
[ info ] [ RUN ] app\admin\controller\Login->logout[ F:\phpStudy\WWW\TP_5.0.5_new\application\admin\controller\Login.php ]
[ info ] [ DB ] INIT mysql
[ info ] [ LOG ] INIT File
[ sql ] [ DB ] CONNECT:[ UseTime:0.015001s ] mysql:dbname=tp_5.0.5_new;host=127.0.0.1;port=3306;charset=utf8
[ sql ] [ SQL ] SHOW COLUMNS FROM `new_admin` [ RunTime:0.006000s ]

---------------------------------------------------------------
[ 2017-09-18T10:35:55+08:00 ] 127.0.0.1 127.0.0.1 GET /TP_5.0.5_new/public/index.php/admin/login/logout
[ log ] 127.0.0.1/TP_5.0.5_new/public/index.php/admin/login/logout [运行时间：0.069004s][吞吐率：14.49req/s] [内存消耗：2,140.13kb] [文件加载：56]
[ info ] [ LANG ] F:\phpStudy\WWW\TP_5.0.5_new\thinkphp\lang\zh-cn.php
[ info ] [ ROUTE ] array (
  'type' => 'module',
  'module' => 
  array (
    0 => 'admin',
    1 => 'login',
    2 => 'logout',
  ),
)
[ info ] [ HEADER ] array (
  'cookie' => 'thinkphp_show_page_trace=0|0; thinkphp_show_page_trace=0|0; thinkphp_show_page_trace=0|0; XSRF-TOKEN=eyJpdiI6InBZWkZrZVwva1Ixa05IK3lhM1NZc013PT0iLCJ2YWx1ZSI6IjZ4OThRVm9HSkluUnJqREdUekxSNkNIU2xYcW5IZW9hTGRnM1N1N3pNTFdcLzVKaVwvNVY2eXdRbzhSc1lVdEhka0w0XC9vWlYwR0JUcXVEZUNxakM2T2tRPT0iLCJtYWMiOiIzMjJiMzQxZDE5NDA5YTBlZmNiNjAzMzQ2YWYyYjhhYjhkYjRjYWZiNDE5OWViNTk1MjM5MjVlMDNiMGUzOTczIn0%3D; laravel_session=eyJpdiI6IjJ2UFF5bXFDXC8ydHhrbXVQeXRNbmZnPT0iLCJ2YWx1ZSI6IkhEakN0TTEzTjh3WlFHNlNjKzhlaHc4WmVmWW5HUjQ1Z3RsYUhubVdGbVd5TDYrcXltOVc3enhGR0ZscUViN2RMc1I5dEJWUTBnVVFKY0JGTWd0UzVBPT0iLCJtYWMiOiIxZGEwN2I1YTMyYzVlMTFhNGE5M2Q5MjEyN2E1NTI5YTRlMjVhNThjMTBkMGE4NDBiYmQ0MTM0OThmMDAzODE3In0%3D',
  'accept-language' => 'zh-CN,zh;q=0.8',
  'accept-encoding' => 'gzip, deflate, br',
  'accept' => 'text/html,application/xhtml+xml,application/xml;q=0.9,image/webp,image/apng,*/*;q=0.8',
  'user-agent' => 'Mozilla/5.0 (Windows NT 6.1; Win64; x64) AppleWebKit/537.36 (KHTML, like Gecko) Chrome/60.0.3112.113 Safari/537.36',
  'upgrade-insecure-requests' => '1',
  'cache-control' => 'max-age=0',
  'connection' => 'close',
  'host' => '127.0.0.1',
)
[ info ] [ PARAM ] array (
)
[ info ] [ RUN ] app\admin\controller\Login->logout[ F:\phpStudy\WWW\TP_5.0.5_new\application\admin\controller\Login.php ]
[ info ] [ DB ] INIT mysql
[ info ] [ LOG ] INIT File
[ sql ] [ DB ] CONNECT:[ UseTime:0.011001s ] mysql:dbname=tp_5.0.5_new;host=127.0.0.1;port=3306;charset=utf8
[ sql ] [ SQL ] SHOW COLUMNS FROM `new_admin` [ RunTime:0.008000s ]

---------------------------------------------------------------
[ 2017-09-18T10:40:34+08:00 ] 127.0.0.1 127.0.0.1 GET /TP_5.0.5_new/public/index.php/admin/login/logout
[ log ] 127.0.0.1/TP_5.0.5_new/public/index.php/admin/login/logout [运行时间：0.066003s][吞吐率：15.15req/s] [内存消耗：2,139.27kb] [文件加载：56]
[ info ] [ LANG ] F:\phpStudy\WWW\TP_5.0.5_new\thinkphp\lang\zh-cn.php
[ info ] [ ROUTE ] array (
  'type' => 'module',
  'module' => 
  array (
    0 => 'admin',
    1 => 'login',
    2 => 'logout',
  ),
)
[ info ] [ HEADER ] array (
  'cookie' => 'thinkphp_show_page_trace=0|0; thinkphp_show_page_trace=0|0; thinkphp_show_page_trace=0|0; XSRF-TOKEN=eyJpdiI6InBZWkZrZVwva1Ixa05IK3lhM1NZc013PT0iLCJ2YWx1ZSI6IjZ4OThRVm9HSkluUnJqREdUekxSNkNIU2xYcW5IZW9hTGRnM1N1N3pNTFdcLzVKaVwvNVY2eXdRbzhSc1lVdEhka0w0XC9vWlYwR0JUcXVEZUNxakM2T2tRPT0iLCJtYWMiOiIzMjJiMzQxZDE5NDA5YTBlZmNiNjAzMzQ2YWYyYjhhYjhkYjRjYWZiNDE5OWViNTk1MjM5MjVlMDNiMGUzOTczIn0%3D; laravel_session=eyJpdiI6IjJ2UFF5bXFDXC8ydHhrbXVQeXRNbmZnPT0iLCJ2YWx1ZSI6IkhEakN0TTEzTjh3WlFHNlNjKzhlaHc4WmVmWW5HUjQ1Z3RsYUhubVdGbVd5TDYrcXltOVc3enhGR0ZscUViN2RMc1I5dEJWUTBnVVFKY0JGTWd0UzVBPT0iLCJtYWMiOiIxZGEwN2I1YTMyYzVlMTFhNGE5M2Q5MjEyN2E1NTI5YTRlMjVhNThjMTBkMGE4NDBiYmQ0MTM0OThmMDAzODE3In0%3D',
  'accept-language' => 'zh-CN,zh;q=0.8',
  'accept-encoding' => 'gzip, deflate, br',
  'accept' => 'text/html,application/xhtml+xml,application/xml;q=0.9,image/webp,image/apng,*/*;q=0.8',
  'user-agent' => 'Mozilla/5.0 (Windows NT 6.1; Win64; x64) AppleWebKit/537.36 (KHTML, like Gecko) Chrome/60.0.3112.113 Safari/537.36',
  'upgrade-insecure-requests' => '1',
  'cache-control' => 'max-age=0',
  'connection' => 'close',
  'host' => '127.0.0.1',
)
[ info ] [ PARAM ] array (
)
[ info ] [ RUN ] app\admin\controller\Login->logout[ F:\phpStudy\WWW\TP_5.0.5_new\application\admin\controller\Login.php ]
[ info ] [ DB ] INIT mysql
[ info ] [ LOG ] INIT File
[ sql ] [ DB ] CONNECT:[ UseTime:0.011001s ] mysql:dbname=tp_5.0.5_new;host=127.0.0.1;port=3306;charset=utf8
[ sql ] [ SQL ] SHOW COLUMNS FROM `new_admin` [ RunTime:0.009000s ]

---------------------------------------------------------------
[ 2017-09-18T10:40:35+08:00 ] 127.0.0.1 127.0.0.1 GET /TP_5.0.5_new/public/index.php/admin/login/logout
[ log ] 127.0.0.1/TP_5.0.5_new/public/index.php/admin/login/logout [运行时间：0.070004s][吞吐率：14.28req/s] [内存消耗：2,139.27kb] [文件加载：56]
[ info ] [ LANG ] F:\phpStudy\WWW\TP_5.0.5_new\thinkphp\lang\zh-cn.php
[ info ] [ ROUTE ] array (
  'type' => 'module',
  'module' => 
  array (
    0 => 'admin',
    1 => 'login',
    2 => 'logout',
  ),
)
[ info ] [ HEADER ] array (
  'cookie' => 'thinkphp_show_page_trace=0|0; thinkphp_show_page_trace=0|0; thinkphp_show_page_trace=0|0; XSRF-TOKEN=eyJpdiI6InBZWkZrZVwva1Ixa05IK3lhM1NZc013PT0iLCJ2YWx1ZSI6IjZ4OThRVm9HSkluUnJqREdUekxSNkNIU2xYcW5IZW9hTGRnM1N1N3pNTFdcLzVKaVwvNVY2eXdRbzhSc1lVdEhka0w0XC9vWlYwR0JUcXVEZUNxakM2T2tRPT0iLCJtYWMiOiIzMjJiMzQxZDE5NDA5YTBlZmNiNjAzMzQ2YWYyYjhhYjhkYjRjYWZiNDE5OWViNTk1MjM5MjVlMDNiMGUzOTczIn0%3D; laravel_session=eyJpdiI6IjJ2UFF5bXFDXC8ydHhrbXVQeXRNbmZnPT0iLCJ2YWx1ZSI6IkhEakN0TTEzTjh3WlFHNlNjKzhlaHc4WmVmWW5HUjQ1Z3RsYUhubVdGbVd5TDYrcXltOVc3enhGR0ZscUViN2RMc1I5dEJWUTBnVVFKY0JGTWd0UzVBPT0iLCJtYWMiOiIxZGEwN2I1YTMyYzVlMTFhNGE5M2Q5MjEyN2E1NTI5YTRlMjVhNThjMTBkMGE4NDBiYmQ0MTM0OThmMDAzODE3In0%3D',
  'accept-language' => 'zh-CN,zh;q=0.8',
  'accept-encoding' => 'gzip, deflate, br',
  'accept' => 'text/html,application/xhtml+xml,application/xml;q=0.9,image/webp,image/apng,*/*;q=0.8',
  'user-agent' => 'Mozilla/5.0 (Windows NT 6.1; Win64; x64) AppleWebKit/537.36 (KHTML, like Gecko) Chrome/60.0.3112.113 Safari/537.36',
  'upgrade-insecure-requests' => '1',
  'cache-control' => 'max-age=0',
  'connection' => 'close',
  'host' => '127.0.0.1',
)
[ info ] [ PARAM ] array (
)
[ info ] [ RUN ] app\admin\controller\Login->logout[ F:\phpStudy\WWW\TP_5.0.5_new\application\admin\controller\Login.php ]
[ info ] [ DB ] INIT mysql
[ info ] [ LOG ] INIT File
[ sql ] [ DB ] CONNECT:[ UseTime:0.011000s ] mysql:dbname=tp_5.0.5_new;host=127.0.0.1;port=3306;charset=utf8
[ sql ] [ SQL ] SHOW COLUMNS FROM `new_admin` [ RunTime:0.009001s ]

---------------------------------------------------------------
[ 2017-09-18T10:40:47+08:00 ] 127.0.0.1 127.0.0.1 GET /TP_5.0.5_new/public/index.php/admin/login/logout
[ log ] 127.0.0.1/TP_5.0.5_new/public/index.php/admin/login/logout [运行时间：0.070004s][吞吐率：14.28req/s] [内存消耗：2,139.28kb] [文件加载：56]
[ info ] [ LANG ] F:\phpStudy\WWW\TP_5.0.5_new\thinkphp\lang\zh-cn.php
[ info ] [ ROUTE ] array (
  'type' => 'module',
  'module' => 
  array (
    0 => 'admin',
    1 => 'login',
    2 => 'logout',
  ),
)
[ info ] [ HEADER ] array (
  'cookie' => 'thinkphp_show_page_trace=0|0; thinkphp_show_page_trace=0|0; thinkphp_show_page_trace=0|0; XSRF-TOKEN=eyJpdiI6InBZWkZrZVwva1Ixa05IK3lhM1NZc013PT0iLCJ2YWx1ZSI6IjZ4OThRVm9HSkluUnJqREdUekxSNkNIU2xYcW5IZW9hTGRnM1N1N3pNTFdcLzVKaVwvNVY2eXdRbzhSc1lVdEhka0w0XC9vWlYwR0JUcXVEZUNxakM2T2tRPT0iLCJtYWMiOiIzMjJiMzQxZDE5NDA5YTBlZmNiNjAzMzQ2YWYyYjhhYjhkYjRjYWZiNDE5OWViNTk1MjM5MjVlMDNiMGUzOTczIn0%3D; laravel_session=eyJpdiI6IjJ2UFF5bXFDXC8ydHhrbXVQeXRNbmZnPT0iLCJ2YWx1ZSI6IkhEakN0TTEzTjh3WlFHNlNjKzhlaHc4WmVmWW5HUjQ1Z3RsYUhubVdGbVd5TDYrcXltOVc3enhGR0ZscUViN2RMc1I5dEJWUTBnVVFKY0JGTWd0UzVBPT0iLCJtYWMiOiIxZGEwN2I1YTMyYzVlMTFhNGE5M2Q5MjEyN2E1NTI5YTRlMjVhNThjMTBkMGE4NDBiYmQ0MTM0OThmMDAzODE3In0%3D',
  'accept-language' => 'zh-CN,zh;q=0.8',
  'accept-encoding' => 'gzip, deflate, br',
  'accept' => 'text/html,application/xhtml+xml,application/xml;q=0.9,image/webp,image/apng,*/*;q=0.8',
  'user-agent' => 'Mozilla/5.0 (Windows NT 6.1; Win64; x64) AppleWebKit/537.36 (KHTML, like Gecko) Chrome/60.0.3112.113 Safari/537.36',
  'upgrade-insecure-requests' => '1',
  'cache-control' => 'max-age=0',
  'connection' => 'close',
  'host' => '127.0.0.1',
)
[ info ] [ PARAM ] array (
)
[ info ] [ RUN ] app\admin\controller\Login->logout[ F:\phpStudy\WWW\TP_5.0.5_new\application\admin\controller\Login.php ]
[ info ] [ DB ] INIT mysql
[ info ] [ LOG ] INIT File
[ sql ] [ DB ] CONNECT:[ UseTime:0.011001s ] mysql:dbname=tp_5.0.5_new;host=127.0.0.1;port=3306;charset=utf8
[ sql ] [ SQL ] SHOW COLUMNS FROM `new_admin` [ RunTime:0.009000s ]

---------------------------------------------------------------
[ 2017-09-18T10:40:56+08:00 ] 127.0.0.1 127.0.0.1 GET /TP_5.0.5_new/public/index.php/admin/login/logout
[ log ] 127.0.0.1/TP_5.0.5_new/public/index.php/admin/login/logout [运行时间：0.063004s][吞吐率：15.87req/s] [内存消耗：2,153.05kb] [文件加载：56]
[ info ] [ LANG ] F:\phpStudy\WWW\TP_5.0.5_new\thinkphp\lang\zh-cn.php
[ info ] [ ROUTE ] array (
  'type' => 'module',
  'module' => 
  array (
    0 => 'admin',
    1 => 'login',
    2 => 'logout',
  ),
)
[ info ] [ HEADER ] array (
  'cookie' => 'thinkphp_show_page_trace=0|0; thinkphp_show_page_trace=0|0; thinkphp_show_page_trace=0|0; XSRF-TOKEN=eyJpdiI6InBZWkZrZVwva1Ixa05IK3lhM1NZc013PT0iLCJ2YWx1ZSI6IjZ4OThRVm9HSkluUnJqREdUekxSNkNIU2xYcW5IZW9hTGRnM1N1N3pNTFdcLzVKaVwvNVY2eXdRbzhSc1lVdEhka0w0XC9vWlYwR0JUcXVEZUNxakM2T2tRPT0iLCJtYWMiOiIzMjJiMzQxZDE5NDA5YTBlZmNiNjAzMzQ2YWYyYjhhYjhkYjRjYWZiNDE5OWViNTk1MjM5MjVlMDNiMGUzOTczIn0%3D; laravel_session=eyJpdiI6IjJ2UFF5bXFDXC8ydHhrbXVQeXRNbmZnPT0iLCJ2YWx1ZSI6IkhEakN0TTEzTjh3WlFHNlNjKzhlaHc4WmVmWW5HUjQ1Z3RsYUhubVdGbVd5TDYrcXltOVc3enhGR0ZscUViN2RMc1I5dEJWUTBnVVFKY0JGTWd0UzVBPT0iLCJtYWMiOiIxZGEwN2I1YTMyYzVlMTFhNGE5M2Q5MjEyN2E1NTI5YTRlMjVhNThjMTBkMGE4NDBiYmQ0MTM0OThmMDAzODE3In0%3D',
  'accept-language' => 'zh-CN,zh;q=0.8',
  'accept-encoding' => 'gzip, deflate, br',
  'accept' => 'text/html,application/xhtml+xml,application/xml;q=0.9,image/webp,image/apng,*/*;q=0.8',
  'user-agent' => 'Mozilla/5.0 (Windows NT 6.1; Win64; x64) AppleWebKit/537.36 (KHTML, like Gecko) Chrome/60.0.3112.113 Safari/537.36',
  'upgrade-insecure-requests' => '1',
  'cache-control' => 'max-age=0',
  'connection' => 'close',
  'host' => '127.0.0.1',
)
[ info ] [ PARAM ] array (
)
[ info ] [ RUN ] app\admin\controller\Login->logout[ F:\phpStudy\WWW\TP_5.0.5_new\application\admin\controller\Login.php ]
[ info ] [ DB ] INIT mysql
[ info ] [ LOG ] INIT File
[ sql ] [ DB ] CONNECT:[ UseTime:0.011000s ] mysql:dbname=tp_5.0.5_new;host=127.0.0.1;port=3306;charset=utf8
[ sql ] [ SQL ] SHOW COLUMNS FROM `new_admin` [ RunTime:0.009001s ]
[ sql ] [ SQL ] SELECT * FROM `new_admin` ORDER BY addtime desc [ RunTime:0.001000s ]

---------------------------------------------------------------
[ 2017-09-18T10:41:05+08:00 ] 127.0.0.1 127.0.0.1 GET /TP_5.0.5_new/public/index.php/admin/login/logout
[ log ] 127.0.0.1/TP_5.0.5_new/public/index.php/admin/login/logout [运行时间：0.067003s][吞吐率：14.92req/s] [内存消耗：2,139.28kb] [文件加载：56]
[ info ] [ LANG ] F:\phpStudy\WWW\TP_5.0.5_new\thinkphp\lang\zh-cn.php
[ info ] [ ROUTE ] array (
  'type' => 'module',
  'module' => 
  array (
    0 => 'admin',
    1 => 'login',
    2 => 'logout',
  ),
)
[ info ] [ HEADER ] array (
  'cookie' => 'thinkphp_show_page_trace=0|0; thinkphp_show_page_trace=0|0; thinkphp_show_page_trace=0|0; XSRF-TOKEN=eyJpdiI6InBZWkZrZVwva1Ixa05IK3lhM1NZc013PT0iLCJ2YWx1ZSI6IjZ4OThRVm9HSkluUnJqREdUekxSNkNIU2xYcW5IZW9hTGRnM1N1N3pNTFdcLzVKaVwvNVY2eXdRbzhSc1lVdEhka0w0XC9vWlYwR0JUcXVEZUNxakM2T2tRPT0iLCJtYWMiOiIzMjJiMzQxZDE5NDA5YTBlZmNiNjAzMzQ2YWYyYjhhYjhkYjRjYWZiNDE5OWViNTk1MjM5MjVlMDNiMGUzOTczIn0%3D; laravel_session=eyJpdiI6IjJ2UFF5bXFDXC8ydHhrbXVQeXRNbmZnPT0iLCJ2YWx1ZSI6IkhEakN0TTEzTjh3WlFHNlNjKzhlaHc4WmVmWW5HUjQ1Z3RsYUhubVdGbVd5TDYrcXltOVc3enhGR0ZscUViN2RMc1I5dEJWUTBnVVFKY0JGTWd0UzVBPT0iLCJtYWMiOiIxZGEwN2I1YTMyYzVlMTFhNGE5M2Q5MjEyN2E1NTI5YTRlMjVhNThjMTBkMGE4NDBiYmQ0MTM0OThmMDAzODE3In0%3D',
  'accept-language' => 'zh-CN,zh;q=0.8',
  'accept-encoding' => 'gzip, deflate, br',
  'accept' => 'text/html,application/xhtml+xml,application/xml;q=0.9,image/webp,image/apng,*/*;q=0.8',
  'user-agent' => 'Mozilla/5.0 (Windows NT 6.1; Win64; x64) AppleWebKit/537.36 (KHTML, like Gecko) Chrome/60.0.3112.113 Safari/537.36',
  'upgrade-insecure-requests' => '1',
  'cache-control' => 'max-age=0',
  'connection' => 'close',
  'host' => '127.0.0.1',
)
[ info ] [ PARAM ] array (
)
[ info ] [ RUN ] app\admin\controller\Login->logout[ F:\phpStudy\WWW\TP_5.0.5_new\application\admin\controller\Login.php ]
[ info ] [ DB ] INIT mysql
[ info ] [ LOG ] INIT File
[ sql ] [ DB ] CONNECT:[ UseTime:0.011001s ] mysql:dbname=tp_5.0.5_new;host=127.0.0.1;port=3306;charset=utf8
[ sql ] [ SQL ] SHOW COLUMNS FROM `new_admin` [ RunTime:0.009000s ]

---------------------------------------------------------------
[ 2017-09-18T10:41:10+08:00 ] 127.0.0.1 127.0.0.1 GET /TP_5.0.5_new/public/index.php/admin/login/logout
[ log ] 127.0.0.1/TP_5.0.5_new/public/index.php/admin/login/logout [运行时间：0.068004s][吞吐率：14.71req/s] [内存消耗：2,139.28kb] [文件加载：56]
[ info ] [ LANG ] F:\phpStudy\WWW\TP_5.0.5_new\thinkphp\lang\zh-cn.php
[ info ] [ ROUTE ] array (
  'type' => 'module',
  'module' => 
  array (
    0 => 'admin',
    1 => 'login',
    2 => 'logout',
  ),
)
[ info ] [ HEADER ] array (
  'cookie' => 'thinkphp_show_page_trace=0|0; thinkphp_show_page_trace=0|0; thinkphp_show_page_trace=0|0; XSRF-TOKEN=eyJpdiI6InBZWkZrZVwva1Ixa05IK3lhM1NZc013PT0iLCJ2YWx1ZSI6IjZ4OThRVm9HSkluUnJqREdUekxSNkNIU2xYcW5IZW9hTGRnM1N1N3pNTFdcLzVKaVwvNVY2eXdRbzhSc1lVdEhka0w0XC9vWlYwR0JUcXVEZUNxakM2T2tRPT0iLCJtYWMiOiIzMjJiMzQxZDE5NDA5YTBlZmNiNjAzMzQ2YWYyYjhhYjhkYjRjYWZiNDE5OWViNTk1MjM5MjVlMDNiMGUzOTczIn0%3D; laravel_session=eyJpdiI6IjJ2UFF5bXFDXC8ydHhrbXVQeXRNbmZnPT0iLCJ2YWx1ZSI6IkhEakN0TTEzTjh3WlFHNlNjKzhlaHc4WmVmWW5HUjQ1Z3RsYUhubVdGbVd5TDYrcXltOVc3enhGR0ZscUViN2RMc1I5dEJWUTBnVVFKY0JGTWd0UzVBPT0iLCJtYWMiOiIxZGEwN2I1YTMyYzVlMTFhNGE5M2Q5MjEyN2E1NTI5YTRlMjVhNThjMTBkMGE4NDBiYmQ0MTM0OThmMDAzODE3In0%3D',
  'accept-language' => 'zh-CN,zh;q=0.8',
  'accept-encoding' => 'gzip, deflate, br',
  'accept' => 'text/html,application/xhtml+xml,application/xml;q=0.9,image/webp,image/apng,*/*;q=0.8',
  'user-agent' => 'Mozilla/5.0 (Windows NT 6.1; Win64; x64) AppleWebKit/537.36 (KHTML, like Gecko) Chrome/60.0.3112.113 Safari/537.36',
  'upgrade-insecure-requests' => '1',
  'cache-control' => 'max-age=0',
  'connection' => 'close',
  'host' => '127.0.0.1',
)
[ info ] [ PARAM ] array (
)
[ info ] [ RUN ] app\admin\controller\Login->logout[ F:\phpStudy\WWW\TP_5.0.5_new\application\admin\controller\Login.php ]
[ info ] [ DB ] INIT mysql
[ info ] [ LOG ] INIT File
[ sql ] [ DB ] CONNECT:[ UseTime:0.011001s ] mysql:dbname=tp_5.0.5_new;host=127.0.0.1;port=3306;charset=utf8
[ sql ] [ SQL ] SHOW COLUMNS FROM `new_admin` [ RunTime:0.010000s ]

---------------------------------------------------------------
[ 2017-09-18T10:41:31+08:00 ] 127.0.0.1 127.0.0.1 GET /TP_5.0.5_new/public/index.php/admin/login/logout
[ log ] 127.0.0.1/TP_5.0.5_new/public/index.php/admin/login/logout [运行时间：0.061004s][吞吐率：16.39req/s] [内存消耗：2,140.38kb] [文件加载：56]
[ info ] [ LANG ] F:\phpStudy\WWW\TP_5.0.5_new\thinkphp\lang\zh-cn.php
[ info ] [ ROUTE ] array (
  'type' => 'module',
  'module' => 
  array (
    0 => 'admin',
    1 => 'login',
    2 => 'logout',
  ),
)
[ info ] [ HEADER ] array (
  'cookie' => 'thinkphp_show_page_trace=0|0; thinkphp_show_page_trace=0|0; thinkphp_show_page_trace=0|0; XSRF-TOKEN=eyJpdiI6InBZWkZrZVwva1Ixa05IK3lhM1NZc013PT0iLCJ2YWx1ZSI6IjZ4OThRVm9HSkluUnJqREdUekxSNkNIU2xYcW5IZW9hTGRnM1N1N3pNTFdcLzVKaVwvNVY2eXdRbzhSc1lVdEhka0w0XC9vWlYwR0JUcXVEZUNxakM2T2tRPT0iLCJtYWMiOiIzMjJiMzQxZDE5NDA5YTBlZmNiNjAzMzQ2YWYyYjhhYjhkYjRjYWZiNDE5OWViNTk1MjM5MjVlMDNiMGUzOTczIn0%3D; laravel_session=eyJpdiI6IjJ2UFF5bXFDXC8ydHhrbXVQeXRNbmZnPT0iLCJ2YWx1ZSI6IkhEakN0TTEzTjh3WlFHNlNjKzhlaHc4WmVmWW5HUjQ1Z3RsYUhubVdGbVd5TDYrcXltOVc3enhGR0ZscUViN2RMc1I5dEJWUTBnVVFKY0JGTWd0UzVBPT0iLCJtYWMiOiIxZGEwN2I1YTMyYzVlMTFhNGE5M2Q5MjEyN2E1NTI5YTRlMjVhNThjMTBkMGE4NDBiYmQ0MTM0OThmMDAzODE3In0%3D',
  'accept-language' => 'zh-CN,zh;q=0.8',
  'accept-encoding' => 'gzip, deflate, br',
  'accept' => 'text/html,application/xhtml+xml,application/xml;q=0.9,image/webp,image/apng,*/*;q=0.8',
  'user-agent' => 'Mozilla/5.0 (Windows NT 6.1; Win64; x64) AppleWebKit/537.36 (KHTML, like Gecko) Chrome/60.0.3112.113 Safari/537.36',
  'upgrade-insecure-requests' => '1',
  'cache-control' => 'max-age=0',
  'connection' => 'close',
  'host' => '127.0.0.1',
)
[ info ] [ PARAM ] array (
)
[ info ] [ RUN ] app\admin\controller\Login->logout[ F:\phpStudy\WWW\TP_5.0.5_new\application\admin\controller\Login.php ]
[ info ] [ DB ] INIT mysql
[ info ] [ LOG ] INIT File
[ sql ] [ DB ] CONNECT:[ UseTime:0.015001s ] mysql:dbname=tp_5.0.5_new;host=127.0.0.1;port=3306;charset=utf8
[ sql ] [ SQL ] SHOW COLUMNS FROM `new_admin` [ RunTime:0.008000s ]

---------------------------------------------------------------
[ 2017-09-18T10:43:28+08:00 ] 127.0.0.1 127.0.0.1 GET /TP_5.0.5_new/public/index.php/admin/login/logout
[ log ] 127.0.0.1/TP_5.0.5_new/public/index.php/admin/login/logout [运行时间：0.067004s][吞吐率：14.92req/s] [内存消耗：2,140.54kb] [文件加载：56]
[ info ] [ LANG ] F:\phpStudy\WWW\TP_5.0.5_new\thinkphp\lang\zh-cn.php
[ info ] [ ROUTE ] array (
  'type' => 'module',
  'module' => 
  array (
    0 => 'admin',
    1 => 'login',
    2 => 'logout',
  ),
)
[ info ] [ HEADER ] array (
  'cookie' => 'thinkphp_show_page_trace=0|0; thinkphp_show_page_trace=0|0; thinkphp_show_page_trace=0|0; XSRF-TOKEN=eyJpdiI6InBZWkZrZVwva1Ixa05IK3lhM1NZc013PT0iLCJ2YWx1ZSI6IjZ4OThRVm9HSkluUnJqREdUekxSNkNIU2xYcW5IZW9hTGRnM1N1N3pNTFdcLzVKaVwvNVY2eXdRbzhSc1lVdEhka0w0XC9vWlYwR0JUcXVEZUNxakM2T2tRPT0iLCJtYWMiOiIzMjJiMzQxZDE5NDA5YTBlZmNiNjAzMzQ2YWYyYjhhYjhkYjRjYWZiNDE5OWViNTk1MjM5MjVlMDNiMGUzOTczIn0%3D; laravel_session=eyJpdiI6IjJ2UFF5bXFDXC8ydHhrbXVQeXRNbmZnPT0iLCJ2YWx1ZSI6IkhEakN0TTEzTjh3WlFHNlNjKzhlaHc4WmVmWW5HUjQ1Z3RsYUhubVdGbVd5TDYrcXltOVc3enhGR0ZscUViN2RMc1I5dEJWUTBnVVFKY0JGTWd0UzVBPT0iLCJtYWMiOiIxZGEwN2I1YTMyYzVlMTFhNGE5M2Q5MjEyN2E1NTI5YTRlMjVhNThjMTBkMGE4NDBiYmQ0MTM0OThmMDAzODE3In0%3D',
  'accept-language' => 'zh-CN,zh;q=0.8',
  'accept-encoding' => 'gzip, deflate, br',
  'accept' => 'text/html,application/xhtml+xml,application/xml;q=0.9,image/webp,image/apng,*/*;q=0.8',
  'user-agent' => 'Mozilla/5.0 (Windows NT 6.1; Win64; x64) AppleWebKit/537.36 (KHTML, like Gecko) Chrome/60.0.3112.113 Safari/537.36',
  'upgrade-insecure-requests' => '1',
  'cache-control' => 'max-age=0',
  'connection' => 'close',
  'host' => '127.0.0.1',
)
[ info ] [ PARAM ] array (
)
[ info ] [ RUN ] app\admin\controller\Login->logout[ F:\phpStudy\WWW\TP_5.0.5_new\application\admin\controller\Login.php ]
[ info ] [ DB ] INIT mysql
[ info ] [ LOG ] INIT File
[ sql ] [ DB ] CONNECT:[ UseTime:0.011001s ] mysql:dbname=tp_5.0.5_new;host=127.0.0.1;port=3306;charset=utf8
[ sql ] [ SQL ] SHOW COLUMNS FROM `new_admin` [ RunTime:0.009000s ]

---------------------------------------------------------------
[ 2017-09-18T10:44:39+08:00 ] 127.0.0.1 127.0.0.1 GET /TP_5.0.5_new/public/index.php/admin/login/logout
[ log ] 127.0.0.1/TP_5.0.5_new/public/index.php/admin/login/logout [运行时间：0.072004s][吞吐率：13.89req/s] [内存消耗：2,140.68kb] [文件加载：56]
[ info ] [ LANG ] F:\phpStudy\WWW\TP_5.0.5_new\thinkphp\lang\zh-cn.php
[ info ] [ ROUTE ] array (
  'type' => 'module',
  'module' => 
  array (
    0 => 'admin',
    1 => 'login',
    2 => 'logout',
  ),
)
[ info ] [ HEADER ] array (
  'cookie' => 'thinkphp_show_page_trace=0|0; thinkphp_show_page_trace=0|0; thinkphp_show_page_trace=0|0; XSRF-TOKEN=eyJpdiI6InBZWkZrZVwva1Ixa05IK3lhM1NZc013PT0iLCJ2YWx1ZSI6IjZ4OThRVm9HSkluUnJqREdUekxSNkNIU2xYcW5IZW9hTGRnM1N1N3pNTFdcLzVKaVwvNVY2eXdRbzhSc1lVdEhka0w0XC9vWlYwR0JUcXVEZUNxakM2T2tRPT0iLCJtYWMiOiIzMjJiMzQxZDE5NDA5YTBlZmNiNjAzMzQ2YWYyYjhhYjhkYjRjYWZiNDE5OWViNTk1MjM5MjVlMDNiMGUzOTczIn0%3D; laravel_session=eyJpdiI6IjJ2UFF5bXFDXC8ydHhrbXVQeXRNbmZnPT0iLCJ2YWx1ZSI6IkhEakN0TTEzTjh3WlFHNlNjKzhlaHc4WmVmWW5HUjQ1Z3RsYUhubVdGbVd5TDYrcXltOVc3enhGR0ZscUViN2RMc1I5dEJWUTBnVVFKY0JGTWd0UzVBPT0iLCJtYWMiOiIxZGEwN2I1YTMyYzVlMTFhNGE5M2Q5MjEyN2E1NTI5YTRlMjVhNThjMTBkMGE4NDBiYmQ0MTM0OThmMDAzODE3In0%3D',
  'accept-language' => 'zh-CN,zh;q=0.8',
  'accept-encoding' => 'gzip, deflate, br',
  'accept' => 'text/html,application/xhtml+xml,application/xml;q=0.9,image/webp,image/apng,*/*;q=0.8',
  'user-agent' => 'Mozilla/5.0 (Windows NT 6.1; Win64; x64) AppleWebKit/537.36 (KHTML, like Gecko) Chrome/60.0.3112.113 Safari/537.36',
  'upgrade-insecure-requests' => '1',
  'cache-control' => 'max-age=0',
  'connection' => 'close',
  'host' => '127.0.0.1',
)
[ info ] [ PARAM ] array (
)
[ info ] [ RUN ] app\admin\controller\Login->logout[ F:\phpStudy\WWW\TP_5.0.5_new\application\admin\controller\Login.php ]
[ info ] [ DB ] INIT mysql
[ info ] [ LOG ] INIT File
[ sql ] [ DB ] CONNECT:[ UseTime:0.011000s ] mysql:dbname=tp_5.0.5_new;host=127.0.0.1;port=3306;charset=utf8
[ sql ] [ SQL ] SHOW COLUMNS FROM `new_admin` [ RunTime:0.008001s ]

---------------------------------------------------------------
[ 2017-09-18T10:45:19+08:00 ] 127.0.0.1 127.0.0.1 GET /TP_5.0.5_new/public/index.php/admin/login/logout
[ log ] 127.0.0.1/TP_5.0.5_new/public/index.php/admin/login/logout [运行时间：0.069003s][吞吐率：14.49req/s] [内存消耗：2,140.44kb] [文件加载：56]
[ info ] [ LANG ] F:\phpStudy\WWW\TP_5.0.5_new\thinkphp\lang\zh-cn.php
[ info ] [ ROUTE ] array (
  'type' => 'module',
  'module' => 
  array (
    0 => 'admin',
    1 => 'login',
    2 => 'logout',
  ),
)
[ info ] [ HEADER ] array (
  'cookie' => 'thinkphp_show_page_trace=0|0; thinkphp_show_page_trace=0|0; thinkphp_show_page_trace=0|0; XSRF-TOKEN=eyJpdiI6InBZWkZrZVwva1Ixa05IK3lhM1NZc013PT0iLCJ2YWx1ZSI6IjZ4OThRVm9HSkluUnJqREdUekxSNkNIU2xYcW5IZW9hTGRnM1N1N3pNTFdcLzVKaVwvNVY2eXdRbzhSc1lVdEhka0w0XC9vWlYwR0JUcXVEZUNxakM2T2tRPT0iLCJtYWMiOiIzMjJiMzQxZDE5NDA5YTBlZmNiNjAzMzQ2YWYyYjhhYjhkYjRjYWZiNDE5OWViNTk1MjM5MjVlMDNiMGUzOTczIn0%3D; laravel_session=eyJpdiI6IjJ2UFF5bXFDXC8ydHhrbXVQeXRNbmZnPT0iLCJ2YWx1ZSI6IkhEakN0TTEzTjh3WlFHNlNjKzhlaHc4WmVmWW5HUjQ1Z3RsYUhubVdGbVd5TDYrcXltOVc3enhGR0ZscUViN2RMc1I5dEJWUTBnVVFKY0JGTWd0UzVBPT0iLCJtYWMiOiIxZGEwN2I1YTMyYzVlMTFhNGE5M2Q5MjEyN2E1NTI5YTRlMjVhNThjMTBkMGE4NDBiYmQ0MTM0OThmMDAzODE3In0%3D',
  'accept-language' => 'zh-CN,zh;q=0.8',
  'accept-encoding' => 'gzip, deflate, br',
  'accept' => 'text/html,application/xhtml+xml,application/xml;q=0.9,image/webp,image/apng,*/*;q=0.8',
  'user-agent' => 'Mozilla/5.0 (Windows NT 6.1; Win64; x64) AppleWebKit/537.36 (KHTML, like Gecko) Chrome/60.0.3112.113 Safari/537.36',
  'upgrade-insecure-requests' => '1',
  'cache-control' => 'max-age=0',
  'connection' => 'close',
  'host' => '127.0.0.1',
)
[ info ] [ PARAM ] array (
)
[ info ] [ RUN ] app\admin\controller\Login->logout[ F:\phpStudy\WWW\TP_5.0.5_new\application\admin\controller\Login.php ]
[ info ] [ DB ] INIT mysql
[ info ] [ LOG ] INIT File
[ sql ] [ DB ] CONNECT:[ UseTime:0.011001s ] mysql:dbname=tp_5.0.5_new;host=127.0.0.1;port=3306;charset=utf8
[ sql ] [ SQL ] SHOW COLUMNS FROM `new_admin` [ RunTime:0.008000s ]

---------------------------------------------------------------
[ 2017-09-18T10:45:19+08:00 ] 127.0.0.1 127.0.0.1 GET /TP_5.0.5_new/public/index.php/admin/login/logout
[ log ] 127.0.0.1/TP_5.0.5_new/public/index.php/admin/login/logout [运行时间：0.051003s][吞吐率：19.61req/s] [内存消耗：2,140.44kb] [文件加载：56]
[ info ] [ LANG ] F:\phpStudy\WWW\TP_5.0.5_new\thinkphp\lang\zh-cn.php
[ info ] [ ROUTE ] array (
  'type' => 'module',
  'module' => 
  array (
    0 => 'admin',
    1 => 'login',
    2 => 'logout',
  ),
)
[ info ] [ HEADER ] array (
  'cookie' => 'thinkphp_show_page_trace=0|0; thinkphp_show_page_trace=0|0; thinkphp_show_page_trace=0|0; XSRF-TOKEN=eyJpdiI6InBZWkZrZVwva1Ixa05IK3lhM1NZc013PT0iLCJ2YWx1ZSI6IjZ4OThRVm9HSkluUnJqREdUekxSNkNIU2xYcW5IZW9hTGRnM1N1N3pNTFdcLzVKaVwvNVY2eXdRbzhSc1lVdEhka0w0XC9vWlYwR0JUcXVEZUNxakM2T2tRPT0iLCJtYWMiOiIzMjJiMzQxZDE5NDA5YTBlZmNiNjAzMzQ2YWYyYjhhYjhkYjRjYWZiNDE5OWViNTk1MjM5MjVlMDNiMGUzOTczIn0%3D; laravel_session=eyJpdiI6IjJ2UFF5bXFDXC8ydHhrbXVQeXRNbmZnPT0iLCJ2YWx1ZSI6IkhEakN0TTEzTjh3WlFHNlNjKzhlaHc4WmVmWW5HUjQ1Z3RsYUhubVdGbVd5TDYrcXltOVc3enhGR0ZscUViN2RMc1I5dEJWUTBnVVFKY0JGTWd0UzVBPT0iLCJtYWMiOiIxZGEwN2I1YTMyYzVlMTFhNGE5M2Q5MjEyN2E1NTI5YTRlMjVhNThjMTBkMGE4NDBiYmQ0MTM0OThmMDAzODE3In0%3D',
  'accept-language' => 'zh-CN,zh;q=0.8',
  'accept-encoding' => 'gzip, deflate, br',
  'accept' => 'text/html,application/xhtml+xml,application/xml;q=0.9,image/webp,image/apng,*/*;q=0.8',
  'user-agent' => 'Mozilla/5.0 (Windows NT 6.1; Win64; x64) AppleWebKit/537.36 (KHTML, like Gecko) Chrome/60.0.3112.113 Safari/537.36',
  'upgrade-insecure-requests' => '1',
  'cache-control' => 'max-age=0',
  'connection' => 'close',
  'host' => '127.0.0.1',
)
[ info ] [ PARAM ] array (
)
[ info ] [ RUN ] app\admin\controller\Login->logout[ F:\phpStudy\WWW\TP_5.0.5_new\application\admin\controller\Login.php ]
[ info ] [ DB ] INIT mysql
[ info ] [ LOG ] INIT File
[ sql ] [ DB ] CONNECT:[ UseTime:0.011000s ] mysql:dbname=tp_5.0.5_new;host=127.0.0.1;port=3306;charset=utf8
[ sql ] [ SQL ] SHOW COLUMNS FROM `new_admin` [ RunTime:0.008001s ]

---------------------------------------------------------------
[ 2017-09-18T10:45:20+08:00 ] 127.0.0.1 127.0.0.1 GET /TP_5.0.5_new/public/index.php/admin/login/logout
[ log ] 127.0.0.1/TP_5.0.5_new/public/index.php/admin/login/logout [运行时间：0.067003s][吞吐率：14.92req/s] [内存消耗：2,140.44kb] [文件加载：56]
[ info ] [ LANG ] F:\phpStudy\WWW\TP_5.0.5_new\thinkphp\lang\zh-cn.php
[ info ] [ ROUTE ] array (
  'type' => 'module',
  'module' => 
  array (
    0 => 'admin',
    1 => 'login',
    2 => 'logout',
  ),
)
[ info ] [ HEADER ] array (
  'cookie' => 'thinkphp_show_page_trace=0|0; thinkphp_show_page_trace=0|0; thinkphp_show_page_trace=0|0; XSRF-TOKEN=eyJpdiI6InBZWkZrZVwva1Ixa05IK3lhM1NZc013PT0iLCJ2YWx1ZSI6IjZ4OThRVm9HSkluUnJqREdUekxSNkNIU2xYcW5IZW9hTGRnM1N1N3pNTFdcLzVKaVwvNVY2eXdRbzhSc1lVdEhka0w0XC9vWlYwR0JUcXVEZUNxakM2T2tRPT0iLCJtYWMiOiIzMjJiMzQxZDE5NDA5YTBlZmNiNjAzMzQ2YWYyYjhhYjhkYjRjYWZiNDE5OWViNTk1MjM5MjVlMDNiMGUzOTczIn0%3D; laravel_session=eyJpdiI6IjJ2UFF5bXFDXC8ydHhrbXVQeXRNbmZnPT0iLCJ2YWx1ZSI6IkhEakN0TTEzTjh3WlFHNlNjKzhlaHc4WmVmWW5HUjQ1Z3RsYUhubVdGbVd5TDYrcXltOVc3enhGR0ZscUViN2RMc1I5dEJWUTBnVVFKY0JGTWd0UzVBPT0iLCJtYWMiOiIxZGEwN2I1YTMyYzVlMTFhNGE5M2Q5MjEyN2E1NTI5YTRlMjVhNThjMTBkMGE4NDBiYmQ0MTM0OThmMDAzODE3In0%3D',
  'accept-language' => 'zh-CN,zh;q=0.8',
  'accept-encoding' => 'gzip, deflate, br',
  'accept' => 'text/html,application/xhtml+xml,application/xml;q=0.9,image/webp,image/apng,*/*;q=0.8',
  'user-agent' => 'Mozilla/5.0 (Windows NT 6.1; Win64; x64) AppleWebKit/537.36 (KHTML, like Gecko) Chrome/60.0.3112.113 Safari/537.36',
  'upgrade-insecure-requests' => '1',
  'cache-control' => 'max-age=0',
  'connection' => 'close',
  'host' => '127.0.0.1',
)
[ info ] [ PARAM ] array (
)
[ info ] [ RUN ] app\admin\controller\Login->logout[ F:\phpStudy\WWW\TP_5.0.5_new\application\admin\controller\Login.php ]
[ info ] [ DB ] INIT mysql
[ info ] [ LOG ] INIT File
[ sql ] [ DB ] CONNECT:[ UseTime:0.011001s ] mysql:dbname=tp_5.0.5_new;host=127.0.0.1;port=3306;charset=utf8
[ sql ] [ SQL ] SHOW COLUMNS FROM `new_admin` [ RunTime:0.008000s ]

---------------------------------------------------------------
[ 2017-09-18T10:45:20+08:00 ] 127.0.0.1 127.0.0.1 GET /TP_5.0.5_new/public/index.php/admin/login/logout
[ log ] 127.0.0.1/TP_5.0.5_new/public/index.php/admin/login/logout [运行时间：0.065004s][吞吐率：15.38req/s] [内存消耗：2,140.44kb] [文件加载：56]
[ info ] [ LANG ] F:\phpStudy\WWW\TP_5.0.5_new\thinkphp\lang\zh-cn.php
[ info ] [ ROUTE ] array (
  'type' => 'module',
  'module' => 
  array (
    0 => 'admin',
    1 => 'login',
    2 => 'logout',
  ),
)
[ info ] [ HEADER ] array (
  'cookie' => 'thinkphp_show_page_trace=0|0; thinkphp_show_page_trace=0|0; thinkphp_show_page_trace=0|0; XSRF-TOKEN=eyJpdiI6InBZWkZrZVwva1Ixa05IK3lhM1NZc013PT0iLCJ2YWx1ZSI6IjZ4OThRVm9HSkluUnJqREdUekxSNkNIU2xYcW5IZW9hTGRnM1N1N3pNTFdcLzVKaVwvNVY2eXdRbzhSc1lVdEhka0w0XC9vWlYwR0JUcXVEZUNxakM2T2tRPT0iLCJtYWMiOiIzMjJiMzQxZDE5NDA5YTBlZmNiNjAzMzQ2YWYyYjhhYjhkYjRjYWZiNDE5OWViNTk1MjM5MjVlMDNiMGUzOTczIn0%3D; laravel_session=eyJpdiI6IjJ2UFF5bXFDXC8ydHhrbXVQeXRNbmZnPT0iLCJ2YWx1ZSI6IkhEakN0TTEzTjh3WlFHNlNjKzhlaHc4WmVmWW5HUjQ1Z3RsYUhubVdGbVd5TDYrcXltOVc3enhGR0ZscUViN2RMc1I5dEJWUTBnVVFKY0JGTWd0UzVBPT0iLCJtYWMiOiIxZGEwN2I1YTMyYzVlMTFhNGE5M2Q5MjEyN2E1NTI5YTRlMjVhNThjMTBkMGE4NDBiYmQ0MTM0OThmMDAzODE3In0%3D',
  'accept-language' => 'zh-CN,zh;q=0.8',
  'accept-encoding' => 'gzip, deflate, br',
  'accept' => 'text/html,application/xhtml+xml,application/xml;q=0.9,image/webp,image/apng,*/*;q=0.8',
  'user-agent' => 'Mozilla/5.0 (Windows NT 6.1; Win64; x64) AppleWebKit/537.36 (KHTML, like Gecko) Chrome/60.0.3112.113 Safari/537.36',
  'upgrade-insecure-requests' => '1',
  'cache-control' => 'max-age=0',
  'connection' => 'close',
  'host' => '127.0.0.1',
)
[ info ] [ PARAM ] array (
)
[ info ] [ RUN ] app\admin\controller\Login->logout[ F:\phpStudy\WWW\TP_5.0.5_new\application\admin\controller\Login.php ]
[ info ] [ DB ] INIT mysql
[ info ] [ LOG ] INIT File
[ sql ] [ DB ] CONNECT:[ UseTime:0.011000s ] mysql:dbname=tp_5.0.5_new;host=127.0.0.1;port=3306;charset=utf8
[ sql ] [ SQL ] SHOW COLUMNS FROM `new_admin` [ RunTime:0.009001s ]

---------------------------------------------------------------
