[ 2017-05-12T16:09:31+08:00 ] 127.0.0.1 127.0.0.1 GET /TP_new/public/
[ log ] 127.0.0.1/TP_new/public/ [运行时间：0.330019s][吞吐率：3.03req/s] [内存消耗：1,347.26kb] [文件加载：38]
[ info ] [ LANG ] D:\phpstudy\WWW\TP_new\thinkphp\lang\zh-cn.php
[ info ] [ ROUTE ] array (
  'type' => 'module',
  'module' => 
  array (
    0 => '',
    1 => NULL,
    2 => NULL,
  ),
)
[ info ] [ HEADER ] array (
  'host' => '127.0.0.1',
  'connection' => 'keep-alive',
  'upgrade-insecure-requests' => '1',
  'user-agent' => 'Mozilla/5.0 (Windows NT 6.1; Win64; x64) AppleWebKit/537.36 (KHTML, like Gecko) Chrome/57.0.2987.110 Safari/537.36',
  'accept' => 'text/html,application/xhtml+xml,application/xml;q=0.9,image/webp,*/*;q=0.8',
  'referer' => 'http://127.0.0.1/TP_new/',
  'accept-encoding' => 'gzip, deflate, sdch, br',
  'accept-language' => 'zh-CN,zh;q=0.8',
  'cookie' => 'PHPSESSID=b62m2akmf4ce0lti4a20e71cj6',
)
[ info ] [ PARAM ] array (
)
[ info ] [ RUN ] app\index\controller\Index->index[ D:\phpstudy\WWW\TP_new\application\index\controller\Index.php ]
[ info ] [ LOG ] INIT File

---------------------------------------------------------------
[ 2017-05-12T16:09:35+08:00 ] 127.0.0.1 127.0.0.1 GET /TP_new/public/admin
[ log ] 127.0.0.1/TP_new/public/admin [运行时间：0.308617s][吞吐率：3.24req/s] [内存消耗：1,709.85kb] [文件加载：48]
[ info ] [ LANG ] D:\phpstudy\WWW\TP_new\thinkphp\lang\zh-cn.php
[ info ] [ ROUTE ] array (
  'type' => 'module',
  'module' => 
  array (
    0 => 'admin',
    1 => NULL,
    2 => NULL,
  ),
)
[ info ] [ HEADER ] array (
  'host' => '127.0.0.1',
  'connection' => 'keep-alive',
  'upgrade-insecure-requests' => '1',
  'user-agent' => 'Mozilla/5.0 (Windows NT 6.1; Win64; x64) AppleWebKit/537.36 (KHTML, like Gecko) Chrome/57.0.2987.110 Safari/537.36',
  'accept' => 'text/html,application/xhtml+xml,application/xml;q=0.9,image/webp,*/*;q=0.8',
  'accept-encoding' => 'gzip, deflate, sdch, br',
  'accept-language' => 'zh-CN,zh;q=0.8',
  'cookie' => 'PHPSESSID=b62m2akmf4ce0lti4a20e71cj6',
)
[ info ] [ PARAM ] array (
)
[ info ] [ SESSION ] INIT array (
  'id' => '',
  'var_session_id' => '',
  'prefix' => 'think_new',
  'type' => '',
  'auto_start' => true,
  'expire' => 1800,
)
[ info ] [ LOG ] INIT File

---------------------------------------------------------------
[ 2017-05-12T16:09:36+08:00 ] 127.0.0.1 127.0.0.1 GET /TP_new/public/admin/login/index.html
[ log ] 127.0.0.1/TP_new/public/admin/login/index.html [运行时间：0.135007s][吞吐率：7.41req/s] [内存消耗：1,698.84kb] [文件加载：46]
[ info ] [ LANG ] D:\phpstudy\WWW\TP_new\thinkphp\lang\zh-cn.php
[ info ] [ ROUTE ] array (
  'type' => 'module',
  'module' => 
  array (
    0 => 'admin',
    1 => 'login',
    2 => 'index',
  ),
)
[ info ] [ HEADER ] array (
  'host' => '127.0.0.1',
  'connection' => 'keep-alive',
  'upgrade-insecure-requests' => '1',
  'user-agent' => 'Mozilla/5.0 (Windows NT 6.1; Win64; x64) AppleWebKit/537.36 (KHTML, like Gecko) Chrome/57.0.2987.110 Safari/537.36',
  'accept' => 'text/html,application/xhtml+xml,application/xml;q=0.9,image/webp,*/*;q=0.8',
  'accept-encoding' => 'gzip, deflate, sdch, br',
  'accept-language' => 'zh-CN,zh;q=0.8',
  'cookie' => 'PHPSESSID=b62m2akmf4ce0lti4a20e71cj6',
)
[ info ] [ PARAM ] array (
)
[ info ] [ RUN ] app\admin\controller\Login->index[ D:\phpstudy\WWW\TP_new\application\admin\controller\Login.php ]
[ info ] [ VIEW ] D:\phpstudy\WWW\TP_new\public/../application/admin\view\login\index.html [ array (
) ]
[ info ] [ LOG ] INIT File

---------------------------------------------------------------
[ 2017-05-12T16:09:42+08:00 ] 127.0.0.1 127.0.0.1 GET /TP_new/public/admin/login/index.html?username=admin&password=admin
[ log ] 127.0.0.1/TP_new/public/admin/login/index.html?username=admin&password=admin [运行时间：0.059003s][吞吐率：16.95req/s] [内存消耗：1,699.42kb] [文件加载：46]
[ info ] [ LANG ] D:\phpstudy\WWW\TP_new\thinkphp\lang\zh-cn.php
[ info ] [ ROUTE ] array (
  'type' => 'module',
  'module' => 
  array (
    0 => 'admin',
    1 => 'login',
    2 => 'index',
  ),
)
[ info ] [ HEADER ] array (
  'host' => '127.0.0.1',
  'connection' => 'keep-alive',
  'upgrade-insecure-requests' => '1',
  'user-agent' => 'Mozilla/5.0 (Windows NT 6.1; Win64; x64) AppleWebKit/537.36 (KHTML, like Gecko) Chrome/57.0.2987.110 Safari/537.36',
  'accept' => 'text/html,application/xhtml+xml,application/xml;q=0.9,image/webp,*/*;q=0.8',
  'referer' => 'http://127.0.0.1/TP_new/public/admin/login/index.html',
  'accept-encoding' => 'gzip, deflate, sdch, br',
  'accept-language' => 'zh-CN,zh;q=0.8',
  'cookie' => 'PHPSESSID=b62m2akmf4ce0lti4a20e71cj6',
)
[ info ] [ PARAM ] array (
  'username' => 'admin',
  'password' => 'admin',
)
[ info ] [ RUN ] app\admin\controller\Login->index[ D:\phpstudy\WWW\TP_new\application\admin\controller\Login.php ]
[ info ] [ VIEW ] D:\phpstudy\WWW\TP_new\public/../application/admin\view\login\index.html [ array (
) ]
[ info ] [ LOG ] INIT File

---------------------------------------------------------------
[ 2017-05-12T16:09:43+08:00 ] 127.0.0.1 127.0.0.1 POST /TP_new/public/admin/login/index.html
[ log ] 127.0.0.1/TP_new/public/admin/login/index.html [运行时间：0.598232s][吞吐率：1.67req/s] [内存消耗：2,717.18kb] [文件加载：58]
[ info ] [ LANG ] D:\phpstudy\WWW\TP_new\thinkphp\lang\zh-cn.php
[ info ] [ ROUTE ] array (
  'type' => 'module',
  'module' => 
  array (
    0 => 'admin',
    1 => 'login',
    2 => 'index',
  ),
)
[ info ] [ HEADER ] array (
  'host' => '127.0.0.1',
  'connection' => 'keep-alive',
  'content-length' => '29',
  'accept' => 'application/json, text/javascript, */*; q=0.01',
  'origin' => 'http://127.0.0.1',
  'x-requested-with' => 'XMLHttpRequest',
  'user-agent' => 'Mozilla/5.0 (Windows NT 6.1; Win64; x64) AppleWebKit/537.36 (KHTML, like Gecko) Chrome/57.0.2987.110 Safari/537.36',
  'content-type' => 'application/x-www-form-urlencoded; charset=UTF-8',
  'referer' => 'http://127.0.0.1/TP_new/public/admin/login/index.html',
  'accept-encoding' => 'gzip, deflate, br',
  'accept-language' => 'zh-CN,zh;q=0.8',
  'cookie' => 'PHPSESSID=b62m2akmf4ce0lti4a20e71cj6',
)
[ info ] [ PARAM ] array (
  'username' => 'admin',
  'password' => 'admin',
)
[ info ] [ RUN ] app\admin\controller\Login->index[ D:\phpstudy\WWW\TP_new\application\admin\controller\Login.php ]
[ info ] [ DB ] INIT mysql
[ info ] [ SESSION ] INIT array (
  'id' => '',
  'var_session_id' => '',
  'prefix' => 'think_new',
  'type' => '',
  'auto_start' => true,
  'expire' => 1800,
)
[ info ] [ CACHE ] INIT File
[ info ] [ LOG ] INIT File
[ sql ] [ DB ] CONNECT:[ UseTime:0.011001s ] mysql:dbname=new;host=127.0.0.1;port=3306;charset=utf8
[ sql ] [ SQL ] SHOW COLUMNS FROM `new_admin` [ RunTime:0.095204s ]
[ sql ] [ SQL ] SELECT * FROM `new_admin` WHERE  `username` = 'admin' LIMIT 1 [ RunTime:0.001000s ]
[ sql ] [ SQL ] SELECT * FROM `new_admin` WHERE  `username` = 'admin'  AND `password` = 'ae26ee2b1583b607b0008b8e6131b149' LIMIT 1 [ RunTime:0.001000s ]
[ sql ] [ SQL ] UPDATE `new_admin`  SET `lastlogin`=1494576582,`lastip`='127.0.0.1'  WHERE  `id` = 1 [ RunTime:0.024001s ]

---------------------------------------------------------------
[ 2017-05-12T16:09:47+08:00 ] 127.0.0.1 127.0.0.1 POST /TP_new/public/admin/login/index.html
[ log ] 127.0.0.1/TP_new/public/admin/login/index.html [运行时间：0.127007s][吞吐率：7.87req/s] [内存消耗：2,637.13kb] [文件加载：55]
[ info ] [ LANG ] D:\phpstudy\WWW\TP_new\thinkphp\lang\zh-cn.php
[ info ] [ ROUTE ] array (
  'type' => 'module',
  'module' => 
  array (
    0 => 'admin',
    1 => 'login',
    2 => 'index',
  ),
)
[ info ] [ HEADER ] array (
  'host' => '127.0.0.1',
  'connection' => 'keep-alive',
  'content-length' => '19',
  'accept' => 'application/json, text/javascript, */*; q=0.01',
  'origin' => 'http://127.0.0.1',
  'x-requested-with' => 'XMLHttpRequest',
  'user-agent' => 'Mozilla/5.0 (Windows NT 6.1; Win64; x64) AppleWebKit/537.36 (KHTML, like Gecko) Chrome/57.0.2987.110 Safari/537.36',
  'content-type' => 'application/x-www-form-urlencoded; charset=UTF-8',
  'referer' => 'http://127.0.0.1/TP_new/public/admin/login/index.html?username=admin&password=admin',
  'accept-encoding' => 'gzip, deflate, br',
  'accept-language' => 'zh-CN,zh;q=0.8',
  'cookie' => 'PHPSESSID=b62m2akmf4ce0lti4a20e71cj6',
)
[ info ] [ PARAM ] array (
  'username' => '',
  'password' => '',
)
[ info ] [ RUN ] app\admin\controller\Login->index[ D:\phpstudy\WWW\TP_new\application\admin\controller\Login.php ]
[ info ] [ DB ] INIT mysql
[ info ] [ LOG ] INIT File
[ sql ] [ DB ] CONNECT:[ UseTime:0.004000s ] mysql:dbname=new;host=127.0.0.1;port=3306;charset=utf8
[ sql ] [ SQL ] SHOW COLUMNS FROM `new_admin` [ RunTime:0.014001s ]
[ sql ] [ SQL ] SELECT * FROM `new_admin` WHERE  `username` = '' LIMIT 1 [ RunTime:0.001000s ]

---------------------------------------------------------------
[ 2017-05-12T16:09:47+08:00 ] 127.0.0.1 127.0.0.1 GET /TP_new/public/admin/login/index.html?username=&password=
[ log ] 127.0.0.1/TP_new/public/admin/login/index.html?username=&password= [运行时间：0.095005s][吞吐率：10.53req/s] [内存消耗：1,699.46kb] [文件加载：46]
[ info ] [ LANG ] D:\phpstudy\WWW\TP_new\thinkphp\lang\zh-cn.php
[ info ] [ ROUTE ] array (
  'type' => 'module',
  'module' => 
  array (
    0 => 'admin',
    1 => 'login',
    2 => 'index',
  ),
)
[ info ] [ HEADER ] array (
  'host' => '127.0.0.1',
  'connection' => 'keep-alive',
  'upgrade-insecure-requests' => '1',
  'user-agent' => 'Mozilla/5.0 (Windows NT 6.1; Win64; x64) AppleWebKit/537.36 (KHTML, like Gecko) Chrome/57.0.2987.110 Safari/537.36',
  'accept' => 'text/html,application/xhtml+xml,application/xml;q=0.9,image/webp,*/*;q=0.8',
  'referer' => 'http://127.0.0.1/TP_new/public/admin/login/index.html?username=admin&password=admin',
  'accept-encoding' => 'gzip, deflate, sdch, br',
  'accept-language' => 'zh-CN,zh;q=0.8',
  'cookie' => 'PHPSESSID=b62m2akmf4ce0lti4a20e71cj6',
)
[ info ] [ PARAM ] array (
  'username' => '',
  'password' => '',
)
[ info ] [ RUN ] app\admin\controller\Login->index[ D:\phpstudy\WWW\TP_new\application\admin\controller\Login.php ]
[ info ] [ VIEW ] D:\phpstudy\WWW\TP_new\public/../application/admin\view\login\index.html [ array (
) ]
[ info ] [ LOG ] INIT File

---------------------------------------------------------------
[ 2017-05-12T16:09:56+08:00 ] 127.0.0.1 127.0.0.1 GET /TP_new/public/admin/login/index.html?username=admin&password=admin
[ log ] 127.0.0.1/TP_new/public/admin/login/index.html?username=admin&password=admin [运行时间：0.105006s][吞吐率：9.52req/s] [内存消耗：1,699.54kb] [文件加载：46]
[ info ] [ LANG ] D:\phpstudy\WWW\TP_new\thinkphp\lang\zh-cn.php
[ info ] [ ROUTE ] array (
  'type' => 'module',
  'module' => 
  array (
    0 => 'admin',
    1 => 'login',
    2 => 'index',
  ),
)
[ info ] [ HEADER ] array (
  'host' => '127.0.0.1',
  'connection' => 'keep-alive',
  'upgrade-insecure-requests' => '1',
  'user-agent' => 'Mozilla/5.0 (Windows NT 6.1; Win64; x64) AppleWebKit/537.36 (KHTML, like Gecko) Chrome/57.0.2987.110 Safari/537.36',
  'accept' => 'text/html,application/xhtml+xml,application/xml;q=0.9,image/webp,*/*;q=0.8',
  'referer' => 'http://127.0.0.1/TP_new/public/admin/login/index.html?username=&password=',
  'accept-encoding' => 'gzip, deflate, sdch, br',
  'accept-language' => 'zh-CN,zh;q=0.8',
  'cookie' => 'PHPSESSID=b62m2akmf4ce0lti4a20e71cj6',
)
[ info ] [ PARAM ] array (
  'username' => 'admin',
  'password' => 'admin',
)
[ info ] [ RUN ] app\admin\controller\Login->index[ D:\phpstudy\WWW\TP_new\application\admin\controller\Login.php ]
[ info ] [ VIEW ] D:\phpstudy\WWW\TP_new\public/../application/admin\view\login\index.html [ array (
) ]
[ info ] [ LOG ] INIT File

---------------------------------------------------------------
[ 2017-05-12T16:09:56+08:00 ] 127.0.0.1 127.0.0.1 POST /TP_new/public/admin/login/index.html
[ log ] 127.0.0.1/TP_new/public/admin/login/index.html [运行时间：0.151009s][吞吐率：6.62req/s] [内存消耗：2,641.21kb] [文件加载：55]
[ info ] [ LANG ] D:\phpstudy\WWW\TP_new\thinkphp\lang\zh-cn.php
[ info ] [ ROUTE ] array (
  'type' => 'module',
  'module' => 
  array (
    0 => 'admin',
    1 => 'login',
    2 => 'index',
  ),
)
[ info ] [ HEADER ] array (
  'host' => '127.0.0.1',
  'connection' => 'keep-alive',
  'content-length' => '29',
  'accept' => 'application/json, text/javascript, */*; q=0.01',
  'origin' => 'http://127.0.0.1',
  'x-requested-with' => 'XMLHttpRequest',
  'user-agent' => 'Mozilla/5.0 (Windows NT 6.1; Win64; x64) AppleWebKit/537.36 (KHTML, like Gecko) Chrome/57.0.2987.110 Safari/537.36',
  'content-type' => 'application/x-www-form-urlencoded; charset=UTF-8',
  'referer' => 'http://127.0.0.1/TP_new/public/admin/login/index.html?username=&password=',
  'accept-encoding' => 'gzip, deflate, br',
  'accept-language' => 'zh-CN,zh;q=0.8',
  'cookie' => 'PHPSESSID=b62m2akmf4ce0lti4a20e71cj6',
)
[ info ] [ PARAM ] array (
  'username' => 'admin',
  'password' => 'admin',
)
[ info ] [ RUN ] app\admin\controller\Login->index[ D:\phpstudy\WWW\TP_new\application\admin\controller\Login.php ]
[ info ] [ DB ] INIT mysql
[ info ] [ SESSION ] INIT array (
  'id' => '',
  'var_session_id' => '',
  'prefix' => 'think_new',
  'type' => '',
  'auto_start' => true,
  'expire' => 1800,
)
[ info ] [ LOG ] INIT File
[ sql ] [ DB ] CONNECT:[ UseTime:0.005000s ] mysql:dbname=new;host=127.0.0.1;port=3306;charset=utf8
[ sql ] [ SQL ] SHOW COLUMNS FROM `new_admin` [ RunTime:0.019002s ]
[ sql ] [ SQL ] SELECT * FROM `new_admin` WHERE  `username` = 'admin' LIMIT 1 [ RunTime:0.001000s ]
[ sql ] [ SQL ] SELECT * FROM `new_admin` WHERE  `username` = 'admin'  AND `password` = 'ae26ee2b1583b607b0008b8e6131b149' LIMIT 1 [ RunTime:0.001000s ]

---------------------------------------------------------------
[ 2017-05-12T16:10:14+08:00 ] 127.0.0.1 127.0.0.1 GET /TP_new/public/admin/index
[ log ] 127.0.0.1/TP_new/public/admin/index [运行时间：0.360620s][吞吐率：2.77req/s] [内存消耗：2,832.18kb] [文件加载：58]
[ info ] [ LANG ] D:\phpstudy\WWW\TP_new\thinkphp\lang\zh-cn.php
[ info ] [ ROUTE ] array (
  'type' => 'module',
  'module' => 
  array (
    0 => 'admin',
    1 => 'index',
    2 => NULL,
  ),
)
[ info ] [ HEADER ] array (
  'host' => '127.0.0.1',
  'connection' => 'keep-alive',
  'upgrade-insecure-requests' => '1',
  'user-agent' => 'Mozilla/5.0 (Windows NT 6.1; Win64; x64) AppleWebKit/537.36 (KHTML, like Gecko) Chrome/57.0.2987.110 Safari/537.36',
  'accept' => 'text/html,application/xhtml+xml,application/xml;q=0.9,image/webp,*/*;q=0.8',
  'accept-encoding' => 'gzip, deflate, sdch, br',
  'accept-language' => 'zh-CN,zh;q=0.8',
  'cookie' => 'PHPSESSID=b62m2akmf4ce0lti4a20e71cj6',
)
[ info ] [ PARAM ] array (
)
[ info ] [ SESSION ] INIT array (
  'id' => '',
  'var_session_id' => '',
  'prefix' => 'think_new',
  'type' => '',
  'auto_start' => true,
  'expire' => 1800,
)
[ info ] [ DB ] INIT mysql
[ info ] [ RUN ] app\admin\controller\Index->index[ D:\phpstudy\WWW\TP_new\application\admin\controller\Index.php ]
[ info ] [ VIEW ] D:\phpstudy\WWW\TP_new\public/../application/admin\view\index\index.html [ array (
  0 => 'userinfo',
  1 => 'mailinfo',
  2 => 'orderinfo',
) ]
[ info ] [ LOG ] INIT File
[ sql ] [ DB ] CONNECT:[ UseTime:0.011001s ] mysql:dbname=new;host=127.0.0.1;port=3306;charset=utf8
[ sql ] [ SQL ] SHOW COLUMNS FROM `new_admin` [ RunTime:0.013001s ]
[ sql ] [ SQL ] SELECT * FROM `new_admin` WHERE  `id` = 1 LIMIT 1 [ RunTime:0.001000s ]
[ sql ] [ SQL ] SHOW COLUMNS FROM `new_mail_admin` [ RunTime:0.059003s ]
[ sql ] [ SQL ] SELECT `ma`.*,`a`.`username`,`a`.`avatar`,`m`.`title`,`m`.`content`,`m`.`time` FROM `new_mail_admin` `ma` INNER JOIN `new_admin` `a` ON `ma`.`sendid`=`a`.`id` INNER JOIN `new_mail` `m` ON `ma`.`mailid`=`m`.`id` WHERE  `ma`.`receiveid` = 1  AND `ma`.`status` = 1 [ RunTime:0.014001s ]
[ sql ] [ SQL ] SHOW COLUMNS FROM `new_order` [ RunTime:0.040002s ]
[ sql ] [ SQL ] SELECT COUNT(*) AS tp_count FROM `new_order` WHERE  `status` = 1 LIMIT 1 [ RunTime:0.001000s ]
[ sql ] [ SQL ] SELECT COUNT(*) AS tp_count FROM `new_order` WHERE  `status` = 2 LIMIT 1 [ RunTime:0.000000s ]
[ sql ] [ SQL ] SELECT COUNT(*) AS tp_count FROM `new_order` WHERE  `status` = 3 LIMIT 1 [ RunTime:0.000000s ]
[ sql ] [ SQL ] SELECT COUNT(*) AS tp_count FROM `new_order` WHERE  `status` = 4 LIMIT 1 [ RunTime:0.000000s ]

---------------------------------------------------------------
[ 2017-05-12T16:10:14+08:00 ] 127.0.0.1 127.0.0.1 GET /TP_new/public/static/admin/images/avatar/two.png
[ log ] 127.0.0.1/TP_new/public/static/admin/images/avatar/two.png [运行时间：0.088005s][吞吐率：11.36req/s] [内存消耗：1,380.41kb] [文件加载：40]
[ info ] [ LANG ] D:\phpstudy\WWW\TP_new\thinkphp\lang\zh-cn.php
[ info ] [ ROUTE ] array (
  'type' => 'module',
  'module' => 
  array (
    0 => 'static',
    1 => 'admin',
    2 => 'images',
  ),
)
[ info ] [ HEADER ] array (
  'host' => '127.0.0.1',
  'connection' => 'keep-alive',
  'user-agent' => 'Mozilla/5.0 (Windows NT 6.1; Win64; x64) AppleWebKit/537.36 (KHTML, like Gecko) Chrome/57.0.2987.110 Safari/537.36',
  'accept' => 'image/webp,image/*,*/*;q=0.8',
  'referer' => 'http://127.0.0.1/TP_new/public/admin/index',
  'accept-encoding' => 'gzip, deflate, sdch, br',
  'accept-language' => 'zh-CN,zh;q=0.8',
  'cookie' => 'PHPSESSID=b62m2akmf4ce0lti4a20e71cj6',
)
[ info ] [ PARAM ] array (
  'avatar' => 'two.png',
)
[ info ] [ LOG ] INIT File

---------------------------------------------------------------
[ 2017-05-12T16:10:14+08:00 ] 127.0.0.1 127.0.0.1 GET /TP_new/public/static/admin/images/avatar/eight.png
[ log ] 127.0.0.1/TP_new/public/static/admin/images/avatar/eight.png [运行时间：0.193011s][吞吐率：5.18req/s] [内存消耗：1,380.34kb] [文件加载：40]
[ info ] [ LANG ] D:\phpstudy\WWW\TP_new\thinkphp\lang\zh-cn.php
[ info ] [ ROUTE ] array (
  'type' => 'module',
  'module' => 
  array (
    0 => 'static',
    1 => 'admin',
    2 => 'images',
  ),
)
[ info ] [ HEADER ] array (
  'host' => '127.0.0.1',
  'connection' => 'keep-alive',
  'user-agent' => 'Mozilla/5.0 (Windows NT 6.1; Win64; x64) AppleWebKit/537.36 (KHTML, like Gecko) Chrome/57.0.2987.110 Safari/537.36',
  'accept' => 'image/webp,image/*,*/*;q=0.8',
  'referer' => 'http://127.0.0.1/TP_new/public/admin/index',
  'accept-encoding' => 'gzip, deflate, sdch, br',
  'accept-language' => 'zh-CN,zh;q=0.8',
  'cookie' => 'PHPSESSID=b62m2akmf4ce0lti4a20e71cj6',
)
[ info ] [ PARAM ] array (
  'avatar' => 'eight.png',
)
[ info ] [ LOG ] INIT File

---------------------------------------------------------------
[ 2017-05-12T16:10:14+08:00 ] 127.0.0.1 127.0.0.1 GET /TP_new/public/static/admin/images/avatar/nine.png
[ log ] 127.0.0.1/TP_new/public/static/admin/images/avatar/nine.png [运行时间：0.139008s][吞吐率：7.19req/s] [内存消耗：1,380.41kb] [文件加载：40]
[ info ] [ LANG ] D:\phpstudy\WWW\TP_new\thinkphp\lang\zh-cn.php
[ info ] [ ROUTE ] array (
  'type' => 'module',
  'module' => 
  array (
    0 => 'static',
    1 => 'admin',
    2 => 'images',
  ),
)
[ info ] [ HEADER ] array (
  'host' => '127.0.0.1',
  'connection' => 'keep-alive',
  'user-agent' => 'Mozilla/5.0 (Windows NT 6.1; Win64; x64) AppleWebKit/537.36 (KHTML, like Gecko) Chrome/57.0.2987.110 Safari/537.36',
  'accept' => 'image/webp,image/*,*/*;q=0.8',
  'referer' => 'http://127.0.0.1/TP_new/public/admin/index',
  'accept-encoding' => 'gzip, deflate, sdch, br',
  'accept-language' => 'zh-CN,zh;q=0.8',
  'cookie' => 'PHPSESSID=b62m2akmf4ce0lti4a20e71cj6',
)
[ info ] [ PARAM ] array (
  'avatar' => 'nine.png',
)
[ info ] [ LOG ] INIT File

---------------------------------------------------------------
[ 2017-05-12T16:10:14+08:00 ] 127.0.0.1 127.0.0.1 GET /TP_new/public/static/admin/images/avatar/one.png
[ log ] 127.0.0.1/TP_new/public/static/admin/images/avatar/one.png [运行时间：0.176010s][吞吐率：5.68req/s] [内存消耗：1,380.40kb] [文件加载：40]
[ info ] [ LANG ] D:\phpstudy\WWW\TP_new\thinkphp\lang\zh-cn.php
[ info ] [ ROUTE ] array (
  'type' => 'module',
  'module' => 
  array (
    0 => 'static',
    1 => 'admin',
    2 => 'images',
  ),
)
[ info ] [ HEADER ] array (
  'host' => '127.0.0.1',
  'connection' => 'keep-alive',
  'user-agent' => 'Mozilla/5.0 (Windows NT 6.1; Win64; x64) AppleWebKit/537.36 (KHTML, like Gecko) Chrome/57.0.2987.110 Safari/537.36',
  'accept' => 'image/webp,image/*,*/*;q=0.8',
  'referer' => 'http://127.0.0.1/TP_new/public/admin/index',
  'accept-encoding' => 'gzip, deflate, sdch, br',
  'accept-language' => 'zh-CN,zh;q=0.8',
  'cookie' => 'PHPSESSID=b62m2akmf4ce0lti4a20e71cj6',
)
[ info ] [ PARAM ] array (
  'avatar' => 'one.png',
)
[ info ] [ LOG ] INIT File

---------------------------------------------------------------
[ 2017-05-12T16:10:14+08:00 ] 127.0.0.1 127.0.0.1 GET /TP_new/public/static/admin/images/avatar/seven.png
[ log ] 127.0.0.1/TP_new/public/static/admin/images/avatar/seven.png [运行时间：0.219012s][吞吐率：4.57req/s] [内存消耗：1,380.41kb] [文件加载：40]
[ info ] [ LANG ] D:\phpstudy\WWW\TP_new\thinkphp\lang\zh-cn.php
[ info ] [ ROUTE ] array (
  'type' => 'module',
  'module' => 
  array (
    0 => 'static',
    1 => 'admin',
    2 => 'images',
  ),
)
[ info ] [ HEADER ] array (
  'host' => '127.0.0.1',
  'connection' => 'keep-alive',
  'user-agent' => 'Mozilla/5.0 (Windows NT 6.1; Win64; x64) AppleWebKit/537.36 (KHTML, like Gecko) Chrome/57.0.2987.110 Safari/537.36',
  'accept' => 'image/webp,image/*,*/*;q=0.8',
  'referer' => 'http://127.0.0.1/TP_new/public/admin/index',
  'accept-encoding' => 'gzip, deflate, sdch, br',
  'accept-language' => 'zh-CN,zh;q=0.8',
  'cookie' => 'PHPSESSID=b62m2akmf4ce0lti4a20e71cj6',
)
[ info ] [ PARAM ] array (
  'avatar' => 'seven.png',
)
[ info ] [ LOG ] INIT File

---------------------------------------------------------------
[ 2017-05-12T16:10:14+08:00 ] 127.0.0.1 127.0.0.1 GET /TP_new/public/static/admin/images/avatar/three.png
[ log ] 127.0.0.1/TP_new/public/static/admin/images/avatar/three.png [运行时间：0.054003s][吞吐率：18.52req/s] [内存消耗：1,380.34kb] [文件加载：40]
[ info ] [ LANG ] D:\phpstudy\WWW\TP_new\thinkphp\lang\zh-cn.php
[ info ] [ ROUTE ] array (
  'type' => 'module',
  'module' => 
  array (
    0 => 'static',
    1 => 'admin',
    2 => 'images',
  ),
)
[ info ] [ HEADER ] array (
  'host' => '127.0.0.1',
  'connection' => 'keep-alive',
  'user-agent' => 'Mozilla/5.0 (Windows NT 6.1; Win64; x64) AppleWebKit/537.36 (KHTML, like Gecko) Chrome/57.0.2987.110 Safari/537.36',
  'accept' => 'image/webp,image/*,*/*;q=0.8',
  'referer' => 'http://127.0.0.1/TP_new/public/admin/index',
  'accept-encoding' => 'gzip, deflate, sdch, br',
  'accept-language' => 'zh-CN,zh;q=0.8',
  'cookie' => 'PHPSESSID=b62m2akmf4ce0lti4a20e71cj6',
)
[ info ] [ PARAM ] array (
  'avatar' => 'three.png',
)
[ info ] [ LOG ] INIT File

---------------------------------------------------------------
[ 2017-05-12T16:10:14+08:00 ] 127.0.0.1 127.0.0.1 GET /TP_new/public/static/admin/images/avatar/four.png
[ log ] 127.0.0.1/TP_new/public/static/admin/images/avatar/four.png [运行时间：0.054004s][吞吐率：18.52req/s] [内存消耗：1,380.41kb] [文件加载：40]
[ info ] [ LANG ] D:\phpstudy\WWW\TP_new\thinkphp\lang\zh-cn.php
[ info ] [ ROUTE ] array (
  'type' => 'module',
  'module' => 
  array (
    0 => 'static',
    1 => 'admin',
    2 => 'images',
  ),
)
[ info ] [ HEADER ] array (
  'host' => '127.0.0.1',
  'connection' => 'keep-alive',
  'user-agent' => 'Mozilla/5.0 (Windows NT 6.1; Win64; x64) AppleWebKit/537.36 (KHTML, like Gecko) Chrome/57.0.2987.110 Safari/537.36',
  'accept' => 'image/webp,image/*,*/*;q=0.8',
  'referer' => 'http://127.0.0.1/TP_new/public/admin/index',
  'accept-encoding' => 'gzip, deflate, sdch, br',
  'accept-language' => 'zh-CN,zh;q=0.8',
  'cookie' => 'PHPSESSID=b62m2akmf4ce0lti4a20e71cj6',
)
[ info ] [ PARAM ] array (
  'avatar' => 'four.png',
)
[ info ] [ LOG ] INIT File

---------------------------------------------------------------
[ 2017-05-12T16:10:15+08:00 ] 127.0.0.1 127.0.0.1 GET /TP_new/public/static/admin/images/avatar/ten.png
[ log ] 127.0.0.1/TP_new/public/static/admin/images/avatar/ten.png [运行时间：0.060003s][吞吐率：16.67req/s] [内存消耗：1,380.40kb] [文件加载：40]
[ info ] [ LANG ] D:\phpstudy\WWW\TP_new\thinkphp\lang\zh-cn.php
[ info ] [ ROUTE ] array (
  'type' => 'module',
  'module' => 
  array (
    0 => 'static',
    1 => 'admin',
    2 => 'images',
  ),
)
[ info ] [ HEADER ] array (
  'host' => '127.0.0.1',
  'connection' => 'keep-alive',
  'user-agent' => 'Mozilla/5.0 (Windows NT 6.1; Win64; x64) AppleWebKit/537.36 (KHTML, like Gecko) Chrome/57.0.2987.110 Safari/537.36',
  'accept' => 'image/webp,image/*,*/*;q=0.8',
  'referer' => 'http://127.0.0.1/TP_new/public/admin/index',
  'accept-encoding' => 'gzip, deflate, sdch, br',
  'accept-language' => 'zh-CN,zh;q=0.8',
  'cookie' => 'PHPSESSID=b62m2akmf4ce0lti4a20e71cj6',
)
[ info ] [ PARAM ] array (
  'avatar' => 'ten.png',
)
[ info ] [ LOG ] INIT File

---------------------------------------------------------------
[ 2017-05-12T16:10:15+08:00 ] 127.0.0.1 127.0.0.1 GET /TP_new/public/static/admin/images/avatar/five.png
[ log ] 127.0.0.1/TP_new/public/static/admin/images/avatar/five.png [运行时间：0.065004s][吞吐率：15.38req/s] [内存消耗：1,380.41kb] [文件加载：40]
[ info ] [ LANG ] D:\phpstudy\WWW\TP_new\thinkphp\lang\zh-cn.php
[ info ] [ ROUTE ] array (
  'type' => 'module',
  'module' => 
  array (
    0 => 'static',
    1 => 'admin',
    2 => 'images',
  ),
)
[ info ] [ HEADER ] array (
  'host' => '127.0.0.1',
  'connection' => 'keep-alive',
  'user-agent' => 'Mozilla/5.0 (Windows NT 6.1; Win64; x64) AppleWebKit/537.36 (KHTML, like Gecko) Chrome/57.0.2987.110 Safari/537.36',
  'accept' => 'image/webp,image/*,*/*;q=0.8',
  'referer' => 'http://127.0.0.1/TP_new/public/admin/index',
  'accept-encoding' => 'gzip, deflate, sdch, br',
  'accept-language' => 'zh-CN,zh;q=0.8',
  'cookie' => 'PHPSESSID=b62m2akmf4ce0lti4a20e71cj6',
)
[ info ] [ PARAM ] array (
  'avatar' => 'five.png',
)
[ info ] [ LOG ] INIT File

---------------------------------------------------------------
[ 2017-05-12T16:10:15+08:00 ] 127.0.0.1 127.0.0.1 GET /TP_new/public/static/admin/images/avatar/six.png
[ log ] 127.0.0.1/TP_new/public/static/admin/images/avatar/six.png [运行时间：0.066004s][吞吐率：15.15req/s] [内存消耗：1,380.40kb] [文件加载：40]
[ info ] [ LANG ] D:\phpstudy\WWW\TP_new\thinkphp\lang\zh-cn.php
[ info ] [ ROUTE ] array (
  'type' => 'module',
  'module' => 
  array (
    0 => 'static',
    1 => 'admin',
    2 => 'images',
  ),
)
[ info ] [ HEADER ] array (
  'host' => '127.0.0.1',
  'connection' => 'keep-alive',
  'user-agent' => 'Mozilla/5.0 (Windows NT 6.1; Win64; x64) AppleWebKit/537.36 (KHTML, like Gecko) Chrome/57.0.2987.110 Safari/537.36',
  'accept' => 'image/webp,image/*,*/*;q=0.8',
  'referer' => 'http://127.0.0.1/TP_new/public/admin/index',
  'accept-encoding' => 'gzip, deflate, sdch, br',
  'accept-language' => 'zh-CN,zh;q=0.8',
  'cookie' => 'PHPSESSID=b62m2akmf4ce0lti4a20e71cj6',
)
[ info ] [ PARAM ] array (
  'avatar' => 'six.png',
)
[ info ] [ LOG ] INIT File

---------------------------------------------------------------
