[ 2018-05-10T09:57:29+08:00 ] 127.0.0.1 127.0.0.1 GET /TP_5.0.5/public/index.php
[ log ] 127.0.0.1/TP_5.0.5/public/index.php [运行时间：0.242014s][吞吐率：4.13req/s] [内存消耗：1,328.55kb] [文件加载：43]
[ info ] [ LANG ] F:\phpStudy-2018\PHPTutorial\WWW\TP_5.0.5\thinkphp\lang\zh-cn.php
[ info ] [ ROUTE ] array (
  'type' => 'module',
  'module' => 
  array (
    0 => '',
    1 => NULL,
    2 => NULL,
  ),
)
[ info ] [ HEADER ] array (
  'accept-language' => 'zh-CN,zh;q=0.9',
  'accept-encoding' => 'gzip, deflate, br',
  'referer' => 'http://127.0.0.1/TP_5.0.5/public/',
  'accept' => 'text/html,application/xhtml+xml,application/xml;q=0.9,image/webp,image/apng,*/*;q=0.8',
  'user-agent' => 'Mozilla/5.0 (Windows NT 6.1; Win64; x64) AppleWebKit/537.36 (KHTML, like Gecko) Chrome/63.0.3239.132 Safari/537.36',
  'upgrade-insecure-requests' => '1',
  'connection' => 'close',
  'host' => '127.0.0.1',
)
[ info ] [ PARAM ] array (
)
[ info ] [ RUN ] app\index\controller\Index->index[ F:\phpStudy-2018\PHPTutorial\WWW\TP_5.0.5\application\index\controller\Index.php ]
[ info ] [ LOG ] INIT File

---------------------------------------------------------------
[ 2018-05-10T09:57:35+08:00 ] 127.0.0.1 127.0.0.1 GET /TP_5.0.5/public/index.php/test
[ log ] 127.0.0.1/TP_5.0.5/public/index.php/test [运行时间：0.058003s][吞吐率：17.24req/s] [内存消耗：1,482.34kb] [文件加载：47]
[ info ] [ LANG ] F:\phpStudy-2018\PHPTutorial\WWW\TP_5.0.5\thinkphp\lang\zh-cn.php
[ info ] [ ROUTE ] array (
  'type' => 'module',
  'module' => 
  array (
    0 => 'api',
    1 => 'test',
    2 => 'index',
  ),
  'convert' => false,
)
[ info ] [ HEADER ] array (
  'cookie' => 'thinkphp_show_page_trace=0|0',
  'accept-language' => 'zh-CN,zh;q=0.9',
  'accept-encoding' => 'gzip, deflate, br',
  'accept' => 'text/html,application/xhtml+xml,application/xml;q=0.9,image/webp,image/apng,*/*;q=0.8',
  'upgrade-insecure-requests' => '1',
  'user-agent' => 'Mozilla/5.0 (Windows NT 6.1; Win64; x64) AppleWebKit/537.36 (KHTML, like Gecko) Chrome/63.0.3239.132 Safari/537.36',
  'connection' => 'close',
  'host' => '127.0.0.1',
)
[ info ] [ PARAM ] array (
)
[ info ] [ RUN ] app\api\controller\Test->index[ F:\phpStudy-2018\PHPTutorial\WWW\TP_5.0.5\application\api\controller\Test.php ]
[ info ] [ LOG ] INIT File

---------------------------------------------------------------
[ 2018-05-10T09:57:47+08:00 ] 127.0.0.1 127.0.0.1 GET /TP_5.0.5/public/index.php/test
[ log ] 127.0.0.1/TP_5.0.5/public/index.php/test [运行时间：0.026002s][吞吐率：38.46req/s] [内存消耗：1,481.35kb] [文件加载：47]
[ info ] [ LANG ] F:\phpStudy-2018\PHPTutorial\WWW\TP_5.0.5\thinkphp\lang\zh-cn.php
[ info ] [ ROUTE ] array (
  'type' => 'module',
  'module' => 
  array (
    0 => 'api',
    1 => 'test',
    2 => 'index',
  ),
  'convert' => false,
)
[ info ] [ HEADER ] array (
  'connection' => 'close',
  'accept-encoding' => 'gzip, deflate',
  'host' => '127.0.0.1',
  'accept' => '*/*',
  'user-agent' => 'PostmanRuntime/6.3.2',
  'postman-token' => 'ca1cd6b8-795d-411b-8eaf-671ade08da28',
  'cache-control' => 'no-cache',
)
[ info ] [ PARAM ] array (
)
[ info ] [ RUN ] app\api\controller\Test->index[ F:\phpStudy-2018\PHPTutorial\WWW\TP_5.0.5\application\api\controller\Test.php ]
[ info ] [ LOG ] INIT File

---------------------------------------------------------------
[ 2018-05-10T09:59:37+08:00 ] 127.0.0.1 127.0.0.1 GET /TP_5.0.5/public/index.php/test
[ log ] 127.0.0.1/TP_5.0.5/public/index.php/test [运行时间：0.077005s][吞吐率：12.99req/s] [内存消耗：1,554.04kb] [文件加载：53]
[ info ] [ LANG ] F:\phpStudy-2018\PHPTutorial\WWW\TP_5.0.5\thinkphp\lang\zh-cn.php
[ info ] [ ROUTE ] array (
  'type' => 'module',
  'module' => 
  array (
    0 => 'api',
    1 => 'test',
    2 => 'index',
  ),
  'convert' => false,
)
[ info ] [ HEADER ] array (
  'connection' => 'close',
  'accept-encoding' => 'gzip, deflate',
  'host' => '127.0.0.1',
  'accept' => '*/*',
  'user-agent' => 'PostmanRuntime/6.3.2',
  'postman-token' => '96231467-71a3-4641-ab56-de881741f0dd',
  'cache-control' => 'no-cache',
)
[ info ] [ PARAM ] array (
)
[ info ] [ RUN ] app\api\controller\Test->index[ F:\phpStudy-2018\PHPTutorial\WWW\TP_5.0.5\application\api\controller\Test.php ]
[ info ] [ LOG ] INIT File
[ error ] [0]致命错误: Class 'App\Models\Admin' not found[F:\phpStudy-2018\PHPTutorial\WWW\TP_5.0.5\application\api\controller\Test.php:18]

---------------------------------------------------------------
[ 2018-05-10T10:00:21+08:00 ] 127.0.0.1 127.0.0.1 GET /TP_5.0.5/public/index.php/test
[ log ] 127.0.0.1/TP_5.0.5/public/index.php/test [运行时间：0.387022s][吞吐率：2.58req/s] [内存消耗：2,254.98kb] [文件加载：55]
[ info ] [ LANG ] F:\phpStudy-2018\PHPTutorial\WWW\TP_5.0.5\thinkphp\lang\zh-cn.php
[ info ] [ ROUTE ] array (
  'type' => 'module',
  'module' => 
  array (
    0 => 'api',
    1 => 'test',
    2 => 'index',
  ),
  'convert' => false,
)
[ info ] [ HEADER ] array (
  'connection' => 'close',
  'accept-encoding' => 'gzip, deflate',
  'host' => '127.0.0.1',
  'accept' => '*/*',
  'user-agent' => 'PostmanRuntime/6.3.2',
  'postman-token' => '6f3d7725-6130-42ce-ad31-162bbe747f36',
  'cache-control' => 'no-cache',
)
[ info ] [ PARAM ] array (
)
[ info ] [ RUN ] app\api\controller\Test->index[ F:\phpStudy-2018\PHPTutorial\WWW\TP_5.0.5\application\api\controller\Test.php ]
[ info ] [ DB ] INIT mysql
[ info ] [ LOG ] INIT File
[ sql ] [ DB ] CONNECT:[ UseTime:0.067004s ] mysql:dbname=tp_5.0.5_new;host=127.0.0.1;port=3306;charset=utf8
[ sql ] [ SQL ] SHOW COLUMNS FROM `new_admin` [ RunTime:0.221012s ]
[ sql ] [ SQL ] SELECT * FROM `new_admin` [ RunTime:0.014001s ]

---------------------------------------------------------------
[ 2018-05-10T10:13:07+08:00 ] 127.0.0.1 127.0.0.1 POST /TP_5.0.5/public/index.php/test
[ log ] 127.0.0.1/TP_5.0.5/public/index.php/test [运行时间：0.281801s][吞吐率：3.55req/s] [内存消耗：1,538.81kb] [文件加载：49]
[ info ] [ LANG ] F:\phpStudy-2018\PHPTutorial\WWW\TP_5.0.5\thinkphp\lang\zh-cn.php
[ info ] [ ROUTE ] array (
  'type' => 'module',
  'module' => 
  array (
    0 => 'api',
    1 => 'test',
    2 => 'save',
  ),
  'convert' => false,
)
[ info ] [ HEADER ] array (
  'connection' => 'close',
  'content-length' => '280',
  'content-type' => 'multipart/form-data; boundary=--------------------------088529259570664127788283',
  'accept-encoding' => 'gzip, deflate',
  'host' => '127.0.0.1',
  'accept' => '*/*',
  'user-agent' => 'PostmanRuntime/6.3.2',
  'postman-token' => '590a4075-a2d0-43d0-9dd6-2c192906be6d',
  'cache-control' => 'no-cache',
)
[ info ] [ PARAM ] array (
  'username' => 'totti',
  'password' => 'totti',
)
[ info ] [ RUN ] app\api\controller\Test->save[ F:\phpStudy-2018\PHPTutorial\WWW\TP_5.0.5\application\api\controller\Test.php ]
[ info ] [ LOG ] INIT File

---------------------------------------------------------------
[ 2018-05-10T10:15:04+08:00 ] 127.0.0.1 127.0.0.1 POST /TP_5.0.5/public/index.php/create
[ log ] 127.0.0.1/TP_5.0.5/public/index.php/create [运行时间：0.132602s][吞吐率：7.54req/s] [内存消耗：1,344.96kb] [文件加载：46]
[ info ] [ LANG ] F:\phpStudy-2018\PHPTutorial\WWW\TP_5.0.5\thinkphp\lang\zh-cn.php
[ info ] [ ROUTE ] array (
  'type' => 'module',
  'module' => 
  array (
    0 => 'create',
    1 => NULL,
    2 => NULL,
  ),
)
[ info ] [ HEADER ] array (
  'connection' => 'close',
  'content-length' => '280',
  'content-type' => 'multipart/form-data; boundary=--------------------------132569024539803758459789',
  'accept-encoding' => 'gzip, deflate',
  'host' => '127.0.0.1',
  'accept' => '*/*',
  'user-agent' => 'PostmanRuntime/6.3.2',
  'postman-token' => '93d1900a-60a8-43e5-b549-467e51489263',
  'cache-control' => 'no-cache',
)
[ info ] [ PARAM ] array (
  'username' => 'totti',
  'password' => 'totti',
)
[ info ] [ LOG ] INIT File

---------------------------------------------------------------
[ 2018-05-10T10:15:32+08:00 ] 127.0.0.1 127.0.0.1 POST /TP_5.0.5/public/index.php/create
[ log ] 127.0.0.1/TP_5.0.5/public/index.php/create [运行时间：0.035002s][吞吐率：28.57req/s] [内存消耗：1,344.96kb] [文件加载：46]
[ info ] [ LANG ] F:\phpStudy-2018\PHPTutorial\WWW\TP_5.0.5\thinkphp\lang\zh-cn.php
[ info ] [ ROUTE ] array (
  'type' => 'module',
  'module' => 
  array (
    0 => 'create',
    1 => NULL,
    2 => NULL,
  ),
)
[ info ] [ HEADER ] array (
  'connection' => 'close',
  'content-length' => '280',
  'content-type' => 'multipart/form-data; boundary=--------------------------956936984705759954840451',
  'accept-encoding' => 'gzip, deflate',
  'host' => '127.0.0.1',
  'accept' => '*/*',
  'user-agent' => 'PostmanRuntime/6.3.2',
  'postman-token' => '079af692-9dc7-4439-b386-e1e6e2382328',
  'cache-control' => 'no-cache',
)
[ info ] [ PARAM ] array (
  'username' => 'totti',
  'password' => 'totti',
)
[ info ] [ LOG ] INIT File

---------------------------------------------------------------
[ 2018-05-10T10:15:41+08:00 ] 127.0.0.1 127.0.0.1 POST /TP_5.0.5/public/index.php/test
[ log ] 127.0.0.1/TP_5.0.5/public/index.php/test [运行时间：0.055003s][吞吐率：18.18req/s] [内存消耗：1,537.64kb] [文件加载：49]
[ info ] [ LANG ] F:\phpStudy-2018\PHPTutorial\WWW\TP_5.0.5\thinkphp\lang\zh-cn.php
[ info ] [ ROUTE ] array (
  'type' => 'module',
  'module' => 
  array (
    0 => 'api',
    1 => 'test',
    2 => 'save',
  ),
  'convert' => false,
)
[ info ] [ HEADER ] array (
  'connection' => 'close',
  'content-length' => '280',
  'content-type' => 'multipart/form-data; boundary=--------------------------949381981526014929308359',
  'accept-encoding' => 'gzip, deflate',
  'host' => '127.0.0.1',
  'accept' => '*/*',
  'user-agent' => 'PostmanRuntime/6.3.2',
  'postman-token' => '2073e752-6bf7-46d7-98f3-55ab921f4e99',
  'cache-control' => 'no-cache',
)
[ info ] [ PARAM ] array (
  'username' => 'totti',
  'password' => 'totti',
)
[ info ] [ RUN ] app\api\controller\Test->save[ F:\phpStudy-2018\PHPTutorial\WWW\TP_5.0.5\application\api\controller\Test.php ]
[ info ] [ LOG ] INIT File

---------------------------------------------------------------
[ 2018-05-10T10:15:58+08:00 ] 127.0.0.1 127.0.0.1 GET /TP_5.0.5/public/index.php/test
[ log ] 127.0.0.1/TP_5.0.5/public/index.php/test [运行时间：0.084203s][吞吐率：11.88req/s] [内存消耗：2,256.81kb] [文件加载：55]
[ info ] [ LANG ] F:\phpStudy-2018\PHPTutorial\WWW\TP_5.0.5\thinkphp\lang\zh-cn.php
[ info ] [ ROUTE ] array (
  'type' => 'module',
  'module' => 
  array (
    0 => 'api',
    1 => 'test',
    2 => 'index',
  ),
  'convert' => false,
)
[ info ] [ HEADER ] array (
  'connection' => 'close',
  'accept-encoding' => 'gzip, deflate',
  'host' => '127.0.0.1',
  'accept' => '*/*',
  'user-agent' => 'PostmanRuntime/6.3.2',
  'postman-token' => 'f76da24d-bb4a-4ff6-b87d-689bd9e9ec2c',
  'cache-control' => 'no-cache',
)
[ info ] [ PARAM ] array (
)
[ info ] [ RUN ] app\api\controller\Test->index[ F:\phpStudy-2018\PHPTutorial\WWW\TP_5.0.5\application\api\controller\Test.php ]
[ info ] [ DB ] INIT mysql
[ info ] [ LOG ] INIT File
[ sql ] [ DB ] CONNECT:[ UseTime:0.008001s ] mysql:dbname=tp_5.0.5_new;host=127.0.0.1;port=3306;charset=utf8
[ sql ] [ SQL ] SHOW COLUMNS FROM `new_admin` [ RunTime:0.000000s ]
[ sql ] [ SQL ] SELECT * FROM `new_admin` [ RunTime:0.000000s ]

---------------------------------------------------------------
[ 2018-05-10T10:16:20+08:00 ] 127.0.0.1 127.0.0.1 POST /TP_5.0.5/public/index.php/test
[ log ] 127.0.0.1/TP_5.0.5/public/index.php/test [运行时间：0.044602s][吞吐率：22.42req/s] [内存消耗：1,537.64kb] [文件加载：49]
[ info ] [ LANG ] F:\phpStudy-2018\PHPTutorial\WWW\TP_5.0.5\thinkphp\lang\zh-cn.php
[ info ] [ ROUTE ] array (
  'type' => 'module',
  'module' => 
  array (
    0 => 'api',
    1 => 'test',
    2 => 'save',
  ),
  'convert' => false,
)
[ info ] [ HEADER ] array (
  'connection' => 'close',
  'content-length' => '280',
  'content-type' => 'multipart/form-data; boundary=--------------------------105937148019151623903685',
  'accept-encoding' => 'gzip, deflate',
  'host' => '127.0.0.1',
  'accept' => '*/*',
  'user-agent' => 'PostmanRuntime/6.3.2',
  'postman-token' => 'e76845e5-5f42-4f14-b33d-24d9b299905d',
  'cache-control' => 'no-cache',
)
[ info ] [ PARAM ] array (
  'username' => 'totti',
  'password' => 'totti',
)
[ info ] [ RUN ] app\api\controller\Test->save[ F:\phpStudy-2018\PHPTutorial\WWW\TP_5.0.5\application\api\controller\Test.php ]
[ info ] [ LOG ] INIT File

---------------------------------------------------------------
[ 2018-05-10T10:17:10+08:00 ] 127.0.0.1 127.0.0.1 POST /TP_5.0.5/public/index.php/test
[ log ] 127.0.0.1/TP_5.0.5/public/index.php/test [运行时间：0.032002s][吞吐率：31.25req/s] [内存消耗：1,536.20kb] [文件加载：49]
[ info ] [ LANG ] F:\phpStudy-2018\PHPTutorial\WWW\TP_5.0.5\thinkphp\lang\zh-cn.php
[ info ] [ ROUTE ] array (
  'type' => 'module',
  'module' => 
  array (
    0 => 'api',
    1 => 'test',
    2 => 'save',
  ),
  'convert' => false,
)
[ info ] [ HEADER ] array (
  'connection' => 'close',
  'content-length' => '280',
  'content-type' => 'multipart/form-data; boundary=--------------------------281704847222441642298877',
  'accept-encoding' => 'gzip, deflate',
  'host' => '127.0.0.1',
  'accept' => '*/*',
  'user-agent' => 'PostmanRuntime/6.3.2',
  'postman-token' => '0d833b5b-608e-4414-98de-78c4bab06639',
  'cache-control' => 'no-cache',
)
[ info ] [ PARAM ] array (
  'username' => 'totti',
  'password' => 'totti',
)
[ info ] [ RUN ] app\api\controller\Test->save[ F:\phpStudy-2018\PHPTutorial\WWW\TP_5.0.5\application\api\controller\Test.php ]
[ info ] [ LOG ] INIT File

---------------------------------------------------------------
[ 2018-05-10T10:17:21+08:00 ] 127.0.0.1 127.0.0.1 POST /TP_5.0.5/public/index.php/test/create
[ log ] 127.0.0.1/TP_5.0.5/public/index.php/test/create [运行时间：0.031200s][吞吐率：32.05req/s] [内存消耗：1,345.05kb] [文件加载：46]
[ info ] [ LANG ] F:\phpStudy-2018\PHPTutorial\WWW\TP_5.0.5\thinkphp\lang\zh-cn.php
[ info ] [ ROUTE ] array (
  'type' => 'module',
  'module' => 
  array (
    0 => 'test',
    1 => 'create',
    2 => NULL,
  ),
)
[ info ] [ HEADER ] array (
  'connection' => 'close',
  'content-length' => '280',
  'content-type' => 'multipart/form-data; boundary=--------------------------115633718061328352018705',
  'accept-encoding' => 'gzip, deflate',
  'host' => '127.0.0.1',
  'accept' => '*/*',
  'user-agent' => 'PostmanRuntime/6.3.2',
  'postman-token' => '1ffddabf-d46b-4f3a-bfa9-a03d8e8bae2d',
  'cache-control' => 'no-cache',
)
[ info ] [ PARAM ] array (
  'username' => 'totti',
  'password' => 'totti',
)
[ info ] [ LOG ] INIT File

---------------------------------------------------------------
[ 2018-05-10T10:17:52+08:00 ] 127.0.0.1 127.0.0.1 POST /TP_5.0.5/public/index.php/test/create
[ log ] 127.0.0.1/TP_5.0.5/public/index.php/test/create [运行时间：0.034002s][吞吐率：29.41req/s] [内存消耗：1,345.05kb] [文件加载：46]
[ info ] [ LANG ] F:\phpStudy-2018\PHPTutorial\WWW\TP_5.0.5\thinkphp\lang\zh-cn.php
[ info ] [ ROUTE ] array (
  'type' => 'module',
  'module' => 
  array (
    0 => 'test',
    1 => 'create',
    2 => NULL,
  ),
)
[ info ] [ HEADER ] array (
  'connection' => 'close',
  'content-length' => '280',
  'content-type' => 'multipart/form-data; boundary=--------------------------016510387171857491295974',
  'accept-encoding' => 'gzip, deflate',
  'host' => '127.0.0.1',
  'accept' => '*/*',
  'user-agent' => 'PostmanRuntime/6.3.2',
  'postman-token' => 'df951c03-7962-4a4f-bcad-f95edb6ebaf8',
  'cache-control' => 'no-cache',
)
[ info ] [ PARAM ] array (
  'username' => 'totti',
  'password' => 'totti',
)
[ info ] [ LOG ] INIT File

---------------------------------------------------------------
[ 2018-05-10T10:18:18+08:00 ] 127.0.0.1 127.0.0.1 POST /TP_5.0.5/public/index.php/test/create
[ log ] 127.0.0.1/TP_5.0.5/public/index.php/test/create [运行时间：0.031002s][吞吐率：32.26req/s] [内存消耗：1,344.46kb] [文件加载：46]
[ info ] [ LANG ] F:\phpStudy-2018\PHPTutorial\WWW\TP_5.0.5\thinkphp\lang\zh-cn.php
[ info ] [ ROUTE ] array (
  'type' => 'module',
  'module' => 
  array (
    0 => 'test',
    1 => 'create',
    2 => NULL,
  ),
)
[ info ] [ HEADER ] array (
  'connection' => 'close',
  'content-length' => '14',
  'accept-encoding' => 'gzip, deflate',
  'host' => '127.0.0.1',
  'accept' => '*/*',
  'user-agent' => 'PostmanRuntime/6.3.2',
  'content-type' => 'application/x-www-form-urlencoded',
  'postman-token' => '5a072756-ae9d-42e5-a025-f32b01f88537',
  'cache-control' => 'no-cache',
)
[ info ] [ PARAM ] array (
  'username' => 'totti',
)
[ info ] [ LOG ] INIT File

---------------------------------------------------------------
[ 2018-05-10T10:18:25+08:00 ] 127.0.0.1 127.0.0.1 POST /TP_5.0.5/public/index.php/test
[ log ] 127.0.0.1/TP_5.0.5/public/index.php/test [运行时间：0.045601s][吞吐率：21.93req/s] [内存消耗：1,535.20kb] [文件加载：49]
[ info ] [ LANG ] F:\phpStudy-2018\PHPTutorial\WWW\TP_5.0.5\thinkphp\lang\zh-cn.php
[ info ] [ ROUTE ] array (
  'type' => 'module',
  'module' => 
  array (
    0 => 'api',
    1 => 'test',
    2 => 'save',
  ),
  'convert' => false,
)
[ info ] [ HEADER ] array (
  'connection' => 'close',
  'content-length' => '14',
  'accept-encoding' => 'gzip, deflate',
  'host' => '127.0.0.1',
  'accept' => '*/*',
  'user-agent' => 'PostmanRuntime/6.3.2',
  'content-type' => 'application/x-www-form-urlencoded',
  'postman-token' => 'b41d0e1c-8aa0-441a-b04e-911dbeceefd9',
  'cache-control' => 'no-cache',
)
[ info ] [ PARAM ] array (
  'username' => 'totti',
)
[ info ] [ RUN ] app\api\controller\Test->save[ F:\phpStudy-2018\PHPTutorial\WWW\TP_5.0.5\application\api\controller\Test.php ]
[ info ] [ LOG ] INIT File

---------------------------------------------------------------
[ 2018-05-10T10:21:41+08:00 ] 127.0.0.1 127.0.0.1 PUT /TP_5.0.5/public/index.php/test/1/edit
[ log ] 127.0.0.1/TP_5.0.5/public/index.php/test/1/edit [运行时间：0.046800s][吞吐率：21.37req/s] [内存消耗：1,344.94kb] [文件加载：46]
[ info ] [ LANG ] F:\phpStudy-2018\PHPTutorial\WWW\TP_5.0.5\thinkphp\lang\zh-cn.php
[ info ] [ ROUTE ] array (
  'type' => 'module',
  'module' => 
  array (
    0 => 'test',
    1 => '1',
    2 => 'edit',
  ),
)
[ info ] [ HEADER ] array (
  'connection' => 'close',
  'content-length' => '14',
  'accept-encoding' => 'gzip, deflate',
  'host' => '127.0.0.1',
  'accept' => '*/*',
  'user-agent' => 'PostmanRuntime/6.3.2',
  'content-type' => 'application/x-www-form-urlencoded',
  'postman-token' => '2f8ca78b-ab2e-4b5a-8b00-50c357ceda42',
  'cache-control' => 'no-cache',
)
[ info ] [ PARAM ] array (
  'username' => 'totti',
)
[ info ] [ LOG ] INIT File

---------------------------------------------------------------
[ 2018-05-10T10:24:18+08:00 ] 127.0.0.1 127.0.0.1 PUT /TP_5.0.5/public/index.php/test/1
[ log ] 127.0.0.1/TP_5.0.5/public/index.php/test/1 [运行时间：0.047800s][吞吐率：20.92req/s] [内存消耗：1,536.39kb] [文件加载：49]
[ info ] [ LANG ] F:\phpStudy-2018\PHPTutorial\WWW\TP_5.0.5\thinkphp\lang\zh-cn.php
[ info ] [ ROUTE ] array (
  'type' => 'module',
  'module' => 
  array (
    0 => 'api',
    1 => 'test',
    2 => 'update',
  ),
  'convert' => false,
)
[ info ] [ HEADER ] array (
  'connection' => 'close',
  'content-length' => '14',
  'accept-encoding' => 'gzip, deflate',
  'host' => '127.0.0.1',
  'accept' => '*/*',
  'user-agent' => 'PostmanRuntime/6.3.2',
  'content-type' => 'application/x-www-form-urlencoded',
  'postman-token' => '82da9689-6df2-4d18-ad03-77d3a6f2bb2c',
  'cache-control' => 'no-cache',
)
[ info ] [ PARAM ] array (
  'username' => 'totti',
  'id' => '1',
)
[ info ] [ RUN ] app\api\controller\Test->update[ F:\phpStudy-2018\PHPTutorial\WWW\TP_5.0.5\application\api\controller\Test.php ]
[ info ] [ LOG ] INIT File

---------------------------------------------------------------
[ 2018-05-10T10:24:59+08:00 ] 127.0.0.1 127.0.0.1 PUT /TP_5.0.5/public/index.php/test/1
[ log ] 127.0.0.1/TP_5.0.5/public/index.php/test/1 [运行时间：0.033200s][吞吐率：30.12req/s] [内存消耗：1,536.71kb] [文件加载：49]
[ info ] [ LANG ] F:\phpStudy-2018\PHPTutorial\WWW\TP_5.0.5\thinkphp\lang\zh-cn.php
[ info ] [ ROUTE ] array (
  'type' => 'module',
  'module' => 
  array (
    0 => 'api',
    1 => 'test',
    2 => 'update',
  ),
  'convert' => false,
)
[ info ] [ HEADER ] array (
  'connection' => 'close',
  'content-length' => '14',
  'accept-encoding' => 'gzip, deflate',
  'host' => '127.0.0.1',
  'accept' => '*/*',
  'user-agent' => 'PostmanRuntime/6.3.2',
  'content-type' => 'application/x-www-form-urlencoded',
  'postman-token' => 'c90fa829-3a23-466f-902e-0f7f71ce28b5',
  'cache-control' => 'no-cache',
)
[ info ] [ PARAM ] array (
  'username' => 'totti',
  'id' => '1',
)
[ info ] [ RUN ] app\api\controller\Test->update[ F:\phpStudy-2018\PHPTutorial\WWW\TP_5.0.5\application\api\controller\Test.php ]
[ info ] [ LOG ] INIT File

---------------------------------------------------------------
[ 2018-05-10T10:25:25+08:00 ] 127.0.0.1 127.0.0.1 PUT /TP_5.0.5/public/index.php/test/1
[ log ] 127.0.0.1/TP_5.0.5/public/index.php/test/1 [运行时间：0.038201s][吞吐率：26.18req/s] [内存消耗：1,536.71kb] [文件加载：49]
[ info ] [ LANG ] F:\phpStudy-2018\PHPTutorial\WWW\TP_5.0.5\thinkphp\lang\zh-cn.php
[ info ] [ ROUTE ] array (
  'type' => 'module',
  'module' => 
  array (
    0 => 'api',
    1 => 'test',
    2 => 'update',
  ),
  'convert' => false,
)
[ info ] [ HEADER ] array (
  'connection' => 'close',
  'content-length' => '14',
  'accept-encoding' => 'gzip, deflate',
  'host' => '127.0.0.1',
  'accept' => '*/*',
  'user-agent' => 'PostmanRuntime/6.3.2',
  'content-type' => 'application/x-www-form-urlencoded',
  'postman-token' => 'e137801b-ddc0-42df-9b0e-6c860fb6322a',
  'cache-control' => 'no-cache',
)
[ info ] [ PARAM ] array (
  'username' => 'totti',
  'id' => '1',
)
[ info ] [ RUN ] app\api\controller\Test->update[ F:\phpStudy-2018\PHPTutorial\WWW\TP_5.0.5\application\api\controller\Test.php ]
[ info ] [ LOG ] INIT File

---------------------------------------------------------------
[ 2018-05-10T10:25:32+08:00 ] 127.0.0.1 127.0.0.1 PUT /TP_5.0.5/public/index.php/test
[ log ] 127.0.0.1/TP_5.0.5/public/index.php/test [运行时间：0.032002s][吞吐率：31.25req/s] [内存消耗：1,344.82kb] [文件加载：46]
[ info ] [ LANG ] F:\phpStudy-2018\PHPTutorial\WWW\TP_5.0.5\thinkphp\lang\zh-cn.php
[ info ] [ ROUTE ] array (
  'type' => 'module',
  'module' => 
  array (
    0 => 'test',
    1 => NULL,
    2 => NULL,
  ),
)
[ info ] [ HEADER ] array (
  'connection' => 'close',
  'content-length' => '14',
  'accept-encoding' => 'gzip, deflate',
  'host' => '127.0.0.1',
  'accept' => '*/*',
  'user-agent' => 'PostmanRuntime/6.3.2',
  'content-type' => 'application/x-www-form-urlencoded',
  'postman-token' => '62b9e084-e461-4c7a-8a2f-9c721a8d8bc2',
  'cache-control' => 'no-cache',
)
[ info ] [ PARAM ] array (
  'username' => 'totti',
)
[ info ] [ LOG ] INIT File

---------------------------------------------------------------
[ 2018-05-10T10:25:38+08:00 ] 127.0.0.1 127.0.0.1 PUT /TP_5.0.5/public/index.php/test/2
[ log ] 127.0.0.1/TP_5.0.5/public/index.php/test/2 [运行时间：0.045201s][吞吐率：22.12req/s] [内存消耗：1,536.71kb] [文件加载：49]
[ info ] [ LANG ] F:\phpStudy-2018\PHPTutorial\WWW\TP_5.0.5\thinkphp\lang\zh-cn.php
[ info ] [ ROUTE ] array (
  'type' => 'module',
  'module' => 
  array (
    0 => 'api',
    1 => 'test',
    2 => 'update',
  ),
  'convert' => false,
)
[ info ] [ HEADER ] array (
  'connection' => 'close',
  'content-length' => '14',
  'accept-encoding' => 'gzip, deflate',
  'host' => '127.0.0.1',
  'accept' => '*/*',
  'user-agent' => 'PostmanRuntime/6.3.2',
  'content-type' => 'application/x-www-form-urlencoded',
  'postman-token' => 'eeca560f-faa8-4a6f-b929-1fb1f4743458',
  'cache-control' => 'no-cache',
)
[ info ] [ PARAM ] array (
  'username' => 'totti',
  'id' => '2',
)
[ info ] [ RUN ] app\api\controller\Test->update[ F:\phpStudy-2018\PHPTutorial\WWW\TP_5.0.5\application\api\controller\Test.php ]
[ info ] [ LOG ] INIT File

---------------------------------------------------------------
[ 2018-05-10T10:25:46+08:00 ] 127.0.0.1 127.0.0.1 PUT /TP_5.0.5/public/index.php/test/2/edit
[ log ] 127.0.0.1/TP_5.0.5/public/index.php/test/2/edit [运行时间：0.045602s][吞吐率：21.93req/s] [内存消耗：1,344.94kb] [文件加载：46]
[ info ] [ LANG ] F:\phpStudy-2018\PHPTutorial\WWW\TP_5.0.5\thinkphp\lang\zh-cn.php
[ info ] [ ROUTE ] array (
  'type' => 'module',
  'module' => 
  array (
    0 => 'test',
    1 => '2',
    2 => 'edit',
  ),
)
[ info ] [ HEADER ] array (
  'connection' => 'close',
  'content-length' => '14',
  'accept-encoding' => 'gzip, deflate',
  'host' => '127.0.0.1',
  'accept' => '*/*',
  'user-agent' => 'PostmanRuntime/6.3.2',
  'content-type' => 'application/x-www-form-urlencoded',
  'postman-token' => '40d6c5f2-9be9-4925-b03f-1c0b8e84f120',
  'cache-control' => 'no-cache',
)
[ info ] [ PARAM ] array (
  'username' => 'totti',
)
[ info ] [ LOG ] INIT File

---------------------------------------------------------------
[ 2018-05-10T10:25:52+08:00 ] 127.0.0.1 127.0.0.1 PUT /TP_5.0.5/public/index.php/test/2
[ log ] 127.0.0.1/TP_5.0.5/public/index.php/test/2 [运行时间：0.047800s][吞吐率：20.92req/s] [内存消耗：1,536.71kb] [文件加载：49]
[ info ] [ LANG ] F:\phpStudy-2018\PHPTutorial\WWW\TP_5.0.5\thinkphp\lang\zh-cn.php
[ info ] [ ROUTE ] array (
  'type' => 'module',
  'module' => 
  array (
    0 => 'api',
    1 => 'test',
    2 => 'update',
  ),
  'convert' => false,
)
[ info ] [ HEADER ] array (
  'connection' => 'close',
  'content-length' => '14',
  'accept-encoding' => 'gzip, deflate',
  'host' => '127.0.0.1',
  'accept' => '*/*',
  'user-agent' => 'PostmanRuntime/6.3.2',
  'content-type' => 'application/x-www-form-urlencoded',
  'postman-token' => '975d45a7-3118-4146-a2b7-5bffdcbce434',
  'cache-control' => 'no-cache',
)
[ info ] [ PARAM ] array (
  'username' => 'totti',
  'id' => '2',
)
[ info ] [ RUN ] app\api\controller\Test->update[ F:\phpStudy-2018\PHPTutorial\WWW\TP_5.0.5\application\api\controller\Test.php ]
[ info ] [ LOG ] INIT File

---------------------------------------------------------------
[ 2018-05-10T10:26:47+08:00 ] 127.0.0.1 127.0.0.1 PUT /TP_5.0.5/public/index.php/test/2
[ log ] 127.0.0.1/TP_5.0.5/public/index.php/test/2 [运行时间：0.034002s][吞吐率：29.41req/s] [内存消耗：1,536.37kb] [文件加载：49]
[ info ] [ LANG ] F:\phpStudy-2018\PHPTutorial\WWW\TP_5.0.5\thinkphp\lang\zh-cn.php
[ info ] [ ROUTE ] array (
  'type' => 'module',
  'module' => 
  array (
    0 => 'api',
    1 => 'test',
    2 => 'update',
  ),
  'convert' => false,
)
[ info ] [ HEADER ] array (
  'connection' => 'close',
  'content-length' => '0',
  'accept-encoding' => 'gzip, deflate',
  'host' => '127.0.0.1',
  'accept' => '*/*',
  'user-agent' => 'PostmanRuntime/6.3.2',
  'content-type' => 'application/x-www-form-urlencoded',
  'postman-token' => '00446367-0d86-488c-9a60-0b6fde176d2b',
  'cache-control' => 'no-cache',
)
[ info ] [ PARAM ] array (
  'id' => '2',
)
[ info ] [ RUN ] app\api\controller\Test->update[ F:\phpStudy-2018\PHPTutorial\WWW\TP_5.0.5\application\api\controller\Test.php ]
[ info ] [ LOG ] INIT File

---------------------------------------------------------------
[ 2018-05-10T10:27:10+08:00 ] 127.0.0.1 127.0.0.1 GET /TP_5.0.5/public/index.php/test/1
[ log ] 127.0.0.1/TP_5.0.5/public/index.php/test/1 [运行时间：0.031002s][吞吐率：32.26req/s] [内存消耗：1,539.05kb] [文件加载：49]
[ info ] [ LANG ] F:\phpStudy-2018\PHPTutorial\WWW\TP_5.0.5\thinkphp\lang\zh-cn.php
[ info ] [ ROUTE ] array (
  'type' => 'module',
  'module' => 
  array (
    0 => 'api',
    1 => 'test',
    2 => 'read',
  ),
  'convert' => false,
)
[ info ] [ HEADER ] array (
  'cookie' => 'thinkphp_show_page_trace=0|0; XSRF-TOKEN=eyJpdiI6Imd5UTlaUUN6WkVuVng1NWVzVm53VXc9PSIsInZhbHVlIjoiQmhWTjlJMW1tTFQ2WGhKZEp0Q1FDZjVQWFk4OTNNVk40Z2MrMmdSZkhhbzJDQXJTQjZpKzhUdXE1TndIbDBsYStuM2NTeFlqaHR2WEtoNlwvaFZ6WWNnPT0iLCJtYWMiOiI1MTc4YjBmNGNiOWVmM2ZjMjNhNzIwMzA0NWM3OGIyYmEzZDk1OWZjZGJmNmI4ZDk1NmYzY2EyNDAzY2FjZDdjIn0%3D; laravel_session=eyJpdiI6Imd6bUtCVmUrU0lmQ0pXeUxmYnlqWGc9PSIsInZhbHVlIjoibXYweVJnZUpiRm1peVZIekI1QTNJUkNHeU9PRkcxaGM5YUx0ckdod1wvdkkyRHNldDNUYk5PWnRpQ0ZGbzBHWGducU5qZ2hnV1wvVVwvYVRoZ0xpTVRvb1E9PSIsIm1hYyI6IjM4NzE4ODAyMjNjZGM5ZTZmNWY2M2Y1ZjMxNjc1NWQxYmY2MjE3YzhiYTYxMGMyZmRlMTM0MDgzNjQ4OTAwYjUifQ%3D%3D',
  'accept-language' => 'zh-CN,zh;q=0.9',
  'accept-encoding' => 'gzip, deflate, br',
  'accept' => 'text/html,application/xhtml+xml,application/xml;q=0.9,image/webp,image/apng,*/*;q=0.8',
  'upgrade-insecure-requests' => '1',
  'user-agent' => 'Mozilla/5.0 (Windows NT 6.1; Win64; x64) AppleWebKit/537.36 (KHTML, like Gecko) Chrome/63.0.3239.132 Safari/537.36',
  'connection' => 'close',
  'host' => '127.0.0.1',
)
[ info ] [ PARAM ] array (
  'id' => '1',
)
[ info ] [ RUN ] app\api\controller\Test->read[ F:\phpStudy-2018\PHPTutorial\WWW\TP_5.0.5\application\api\controller\Test.php ]
[ info ] [ LOG ] INIT File

---------------------------------------------------------------
[ 2018-05-10T10:27:14+08:00 ] 127.0.0.1 127.0.0.1 GET /TP_5.0.5/public/index.php/test
[ log ] 127.0.0.1/TP_5.0.5/public/index.php/test [运行时间：0.087604s][吞吐率：11.42req/s] [内存消耗：2,259.24kb] [文件加载：55]
[ info ] [ LANG ] F:\phpStudy-2018\PHPTutorial\WWW\TP_5.0.5\thinkphp\lang\zh-cn.php
[ info ] [ ROUTE ] array (
  'type' => 'module',
  'module' => 
  array (
    0 => 'api',
    1 => 'test',
    2 => 'index',
  ),
  'convert' => false,
)
[ info ] [ HEADER ] array (
  'cookie' => 'thinkphp_show_page_trace=0|0; thinkphp_show_page_trace=0|0; XSRF-TOKEN=eyJpdiI6Imd5UTlaUUN6WkVuVng1NWVzVm53VXc9PSIsInZhbHVlIjoiQmhWTjlJMW1tTFQ2WGhKZEp0Q1FDZjVQWFk4OTNNVk40Z2MrMmdSZkhhbzJDQXJTQjZpKzhUdXE1TndIbDBsYStuM2NTeFlqaHR2WEtoNlwvaFZ6WWNnPT0iLCJtYWMiOiI1MTc4YjBmNGNiOWVmM2ZjMjNhNzIwMzA0NWM3OGIyYmEzZDk1OWZjZGJmNmI4ZDk1NmYzY2EyNDAzY2FjZDdjIn0%3D; laravel_session=eyJpdiI6Imd6bUtCVmUrU0lmQ0pXeUxmYnlqWGc9PSIsInZhbHVlIjoibXYweVJnZUpiRm1peVZIekI1QTNJUkNHeU9PRkcxaGM5YUx0ckdod1wvdkkyRHNldDNUYk5PWnRpQ0ZGbzBHWGducU5qZ2hnV1wvVVwvYVRoZ0xpTVRvb1E9PSIsIm1hYyI6IjM4NzE4ODAyMjNjZGM5ZTZmNWY2M2Y1ZjMxNjc1NWQxYmY2MjE3YzhiYTYxMGMyZmRlMTM0MDgzNjQ4OTAwYjUifQ%3D%3D',
  'accept-language' => 'zh-CN,zh;q=0.9',
  'accept-encoding' => 'gzip, deflate, br',
  'accept' => 'text/html,application/xhtml+xml,application/xml;q=0.9,image/webp,image/apng,*/*;q=0.8',
  'upgrade-insecure-requests' => '1',
  'user-agent' => 'Mozilla/5.0 (Windows NT 6.1; Win64; x64) AppleWebKit/537.36 (KHTML, like Gecko) Chrome/63.0.3239.132 Safari/537.36',
  'connection' => 'close',
  'host' => '127.0.0.1',
)
[ info ] [ PARAM ] array (
)
[ info ] [ RUN ] app\api\controller\Test->index[ F:\phpStudy-2018\PHPTutorial\WWW\TP_5.0.5\application\api\controller\Test.php ]
[ info ] [ DB ] INIT mysql
[ info ] [ LOG ] INIT File
[ sql ] [ DB ] CONNECT:[ UseTime:0.015001s ] mysql:dbname=tp_5.0.5_new;host=127.0.0.1;port=3306;charset=utf8
[ sql ] [ SQL ] SHOW COLUMNS FROM `new_admin` [ RunTime:0.004001s ]
[ sql ] [ SQL ] SELECT * FROM `new_admin` [ RunTime:0.001000s ]

---------------------------------------------------------------
[ 2018-05-10T10:28:13+08:00 ] 127.0.0.1 127.0.0.1 PUT /TP_5.0.5/public/index.php/test/2
[ log ] 127.0.0.1/TP_5.0.5/public/index.php/test/2 [运行时间：0.030001s][吞吐率：33.33req/s] [内存消耗：1,535.83kb] [文件加载：49]
[ info ] [ LANG ] F:\phpStudy-2018\PHPTutorial\WWW\TP_5.0.5\thinkphp\lang\zh-cn.php
[ info ] [ ROUTE ] array (
  'type' => 'module',
  'module' => 
  array (
    0 => 'api',
    1 => 'test',
    2 => 'update',
  ),
  'convert' => false,
)
[ info ] [ HEADER ] array (
  'connection' => 'close',
  'content-length' => '0',
  'accept-encoding' => 'gzip, deflate',
  'host' => '127.0.0.1',
  'accept' => '*/*',
  'user-agent' => 'PostmanRuntime/6.3.2',
  'postman-token' => 'f2edbe4e-eac3-4828-aa03-e74bd6a72d81',
  'cache-control' => 'no-cache',
)
[ info ] [ PARAM ] array (
  'id' => '2',
)
[ info ] [ RUN ] app\api\controller\Test->update[ F:\phpStudy-2018\PHPTutorial\WWW\TP_5.0.5\application\api\controller\Test.php ]
[ info ] [ LOG ] INIT File

---------------------------------------------------------------
[ 2018-05-10T10:28:32+08:00 ] 127.0.0.1 127.0.0.1 PUT /TP_5.0.5/public/index.php/test/2
[ log ] 127.0.0.1/TP_5.0.5/public/index.php/test/2 [运行时间：0.039601s][吞吐率：25.25req/s] [内存消耗：1,483.39kb] [文件加载：47]
[ info ] [ LANG ] F:\phpStudy-2018\PHPTutorial\WWW\TP_5.0.5\thinkphp\lang\zh-cn.php
[ info ] [ ROUTE ] array (
  'type' => 'module',
  'module' => 
  array (
    0 => 'api',
    1 => 'test',
    2 => 'update',
  ),
  'convert' => false,
)
[ info ] [ HEADER ] array (
  'connection' => 'close',
  'content-length' => '0',
  'accept-encoding' => 'gzip, deflate',
  'host' => '127.0.0.1',
  'accept' => '*/*',
  'user-agent' => 'PostmanRuntime/6.3.2',
  'postman-token' => '8ca2829d-a0ff-40ed-88f2-39bb863855c8',
  'cache-control' => 'no-cache',
)
[ info ] [ PARAM ] array (
  'id' => '2',
)
[ info ] [ RUN ] app\api\controller\Test->update[ F:\phpStudy-2018\PHPTutorial\WWW\TP_5.0.5\application\api\controller\Test.php ]
[ info ] [ LOG ] INIT File

---------------------------------------------------------------
[ 2018-05-10T10:32:26+08:00 ] 127.0.0.1 127.0.0.1 PUT /TP_5.0.5/public/index.php/test/2
[ log ] 127.0.0.1/TP_5.0.5/public/index.php/test/2 [运行时间：0.157001s][吞吐率：6.37req/s] [内存消耗：2,315.46kb] [文件加载：62]
[ info ] [ LANG ] F:\phpStudy-2018\PHPTutorial\WWW\TP_5.0.5\thinkphp\lang\zh-cn.php
[ info ] [ ROUTE ] array (
  'type' => 'module',
  'module' => 
  array (
    0 => 'api',
    1 => 'test',
    2 => 'update',
  ),
  'convert' => false,
)
[ info ] [ HEADER ] array (
  'connection' => 'close',
  'content-length' => '0',
  'accept-encoding' => 'gzip, deflate',
  'host' => '127.0.0.1',
  'accept' => '*/*',
  'user-agent' => 'PostmanRuntime/6.3.2',
  'postman-token' => '3db756a9-cdfe-4af9-8831-c7c5c134748c',
  'cache-control' => 'no-cache',
)
[ info ] [ PARAM ] array (
  'id' => '2',
)
[ info ] [ RUN ] app\api\controller\Test->update[ F:\phpStudy-2018\PHPTutorial\WWW\TP_5.0.5\application\api\controller\Test.php ]
[ info ] [ DB ] INIT mysql
[ info ] [ CACHE ] INIT File
[ info ] [ LOG ] INIT File
[ sql ] [ DB ] CONNECT:[ UseTime:0.015600s ] mysql:dbname=tp_5.0.5_new;host=127.0.0.1;port=3306;charset=utf8
[ sql ] [ SQL ] SHOW COLUMNS FROM `new_admin` [ RunTime:0.000000s ]
[ sql ] [ SQL ] SELECT * FROM `new_admin` WHERE  `id` = 2 LIMIT 1 [ RunTime:0.000000s ]
[ sql ] [ SQL ] UPDATE `new_admin`  SET `status`=0  WHERE  `id` = 2 [ RunTime:0.046800s ]
[ error ] [0]类型错误: Argument 3 passed to show() must be of the type array, object given, called in F:\phpStudy-2018\PHPTutorial\WWW\TP_5.0.5\application\api\controller\Test.php on line 96[F:\phpStudy-2018\PHPTutorial\WWW\TP_5.0.5\application\common.php:25]

---------------------------------------------------------------
[ 2018-05-10T10:32:37+08:00 ] 127.0.0.1 127.0.0.1 PUT /TP_5.0.5/public/index.php/test/1
[ log ] 127.0.0.1/TP_5.0.5/public/index.php/test/1 [运行时间：0.071603s][吞吐率：13.97req/s] [内存消耗：2,315.57kb] [文件加载：62]
[ info ] [ LANG ] F:\phpStudy-2018\PHPTutorial\WWW\TP_5.0.5\thinkphp\lang\zh-cn.php
[ info ] [ ROUTE ] array (
  'type' => 'module',
  'module' => 
  array (
    0 => 'api',
    1 => 'test',
    2 => 'update',
  ),
  'convert' => false,
)
[ info ] [ HEADER ] array (
  'connection' => 'close',
  'content-length' => '0',
  'accept-encoding' => 'gzip, deflate',
  'host' => '127.0.0.1',
  'accept' => '*/*',
  'user-agent' => 'PostmanRuntime/6.3.2',
  'postman-token' => '1d1780de-f183-45ce-8aab-f976d40c48c6',
  'cache-control' => 'no-cache',
)
[ info ] [ PARAM ] array (
  'id' => '1',
)
[ info ] [ RUN ] app\api\controller\Test->update[ F:\phpStudy-2018\PHPTutorial\WWW\TP_5.0.5\application\api\controller\Test.php ]
[ info ] [ DB ] INIT mysql
[ info ] [ CACHE ] INIT File
[ info ] [ LOG ] INIT File
[ sql ] [ DB ] CONNECT:[ UseTime:0.010000s ] mysql:dbname=tp_5.0.5_new;host=127.0.0.1;port=3306;charset=utf8
[ sql ] [ SQL ] SHOW COLUMNS FROM `new_admin` [ RunTime:0.001000s ]
[ sql ] [ SQL ] SELECT * FROM `new_admin` WHERE  `id` = 1 LIMIT 1 [ RunTime:0.000000s ]
[ sql ] [ SQL ] UPDATE `new_admin`  SET `status`=0  WHERE  `id` = 1 [ RunTime:0.002001s ]
[ error ] [0]类型错误: Argument 3 passed to show() must be of the type array, object given, called in F:\phpStudy-2018\PHPTutorial\WWW\TP_5.0.5\application\api\controller\Test.php on line 96[F:\phpStudy-2018\PHPTutorial\WWW\TP_5.0.5\application\common.php:25]

---------------------------------------------------------------
[ 2018-05-10T10:33:16+08:00 ] 127.0.0.1 127.0.0.1 PUT /TP_5.0.5/public/index.php/test/1
[ log ] 127.0.0.1/TP_5.0.5/public/index.php/test/1 [运行时间：0.027002s][吞吐率：37.03req/s] [内存消耗：1,483.54kb] [文件加载：47]
[ info ] [ LANG ] F:\phpStudy-2018\PHPTutorial\WWW\TP_5.0.5\thinkphp\lang\zh-cn.php
[ info ] [ ROUTE ] array (
  'type' => 'module',
  'module' => 
  array (
    0 => 'api',
    1 => 'test',
    2 => 'update',
  ),
  'convert' => false,
)
[ info ] [ HEADER ] array (
  'connection' => 'close',
  'content-length' => '0',
  'accept-encoding' => 'gzip, deflate',
  'host' => '127.0.0.1',
  'accept' => '*/*',
  'user-agent' => 'PostmanRuntime/6.3.2',
  'postman-token' => '934a9994-ecbb-450b-9fd1-6dc57a96e8f0',
  'cache-control' => 'no-cache',
)
[ info ] [ PARAM ] array (
  'id' => '1',
)
[ info ] [ RUN ] app\api\controller\Test->update[ F:\phpStudy-2018\PHPTutorial\WWW\TP_5.0.5\application\api\controller\Test.php ]
[ info ] [ LOG ] INIT File

---------------------------------------------------------------
[ 2018-05-10T10:33:33+08:00 ] 127.0.0.1 127.0.0.1 GET /TP_5.0.5/public/index.php/test/1
[ log ] 127.0.0.1/TP_5.0.5/public/index.php/test/1 [运行时间：0.031601s][吞吐率：31.64req/s] [内存消耗：1,536.11kb] [文件加载：49]
[ info ] [ LANG ] F:\phpStudy-2018\PHPTutorial\WWW\TP_5.0.5\thinkphp\lang\zh-cn.php
[ info ] [ ROUTE ] array (
  'type' => 'module',
  'module' => 
  array (
    0 => 'api',
    1 => 'test',
    2 => 'read',
  ),
  'convert' => false,
)
[ info ] [ HEADER ] array (
  'connection' => 'close',
  'accept-encoding' => 'gzip, deflate',
  'host' => '127.0.0.1',
  'accept' => '*/*',
  'user-agent' => 'PostmanRuntime/6.3.2',
  'postman-token' => '868597b7-d5a6-41bb-b101-2fab38847a19',
  'cache-control' => 'no-cache',
)
[ info ] [ PARAM ] array (
  'id' => '1',
)
[ info ] [ RUN ] app\api\controller\Test->read[ F:\phpStudy-2018\PHPTutorial\WWW\TP_5.0.5\application\api\controller\Test.php ]
[ info ] [ LOG ] INIT File

---------------------------------------------------------------
[ 2018-05-10T10:33:52+08:00 ] 127.0.0.1 127.0.0.1 PATCH /TP_5.0.5/public/index.php/test/1
[ log ] 127.0.0.1/TP_5.0.5/public/index.php/test/1 [运行时间：0.018600s][吞吐率：53.76req/s] [内存消耗：1,343.58kb] [文件加载：46]
[ info ] [ LANG ] F:\phpStudy-2018\PHPTutorial\WWW\TP_5.0.5\thinkphp\lang\zh-cn.php
[ info ] [ ROUTE ] array (
  'type' => 'module',
  'module' => 
  array (
    0 => 'test',
    1 => '1',
    2 => NULL,
  ),
)
[ info ] [ HEADER ] array (
  'connection' => 'close',
  'content-length' => '0',
  'accept-encoding' => 'gzip, deflate',
  'host' => '127.0.0.1',
  'accept' => '*/*',
  'user-agent' => 'PostmanRuntime/6.3.2',
  'postman-token' => '3924dab0-f951-40f9-a111-6221172f739c',
  'cache-control' => 'no-cache',
)
[ info ] [ PARAM ] array (
)
[ info ] [ LOG ] INIT File

---------------------------------------------------------------
[ 2018-05-10T10:34:05+08:00 ] 127.0.0.1 127.0.0.1 PUT /TP_5.0.5/public/index.php/test/1
[ log ] 127.0.0.1/TP_5.0.5/public/index.php/test/1 [运行时间：0.015600s][吞吐率：64.10req/s] [内存消耗：1,483.54kb] [文件加载：47]
[ info ] [ LANG ] F:\phpStudy-2018\PHPTutorial\WWW\TP_5.0.5\thinkphp\lang\zh-cn.php
[ info ] [ ROUTE ] array (
  'type' => 'module',
  'module' => 
  array (
    0 => 'api',
    1 => 'test',
    2 => 'update',
  ),
  'convert' => false,
)
[ info ] [ HEADER ] array (
  'connection' => 'close',
  'content-length' => '0',
  'accept-encoding' => 'gzip, deflate',
  'host' => '127.0.0.1',
  'accept' => '*/*',
  'user-agent' => 'PostmanRuntime/6.3.2',
  'postman-token' => '9e7c0d91-3ddd-41a7-b86b-5344053aad45',
  'cache-control' => 'no-cache',
)
[ info ] [ PARAM ] array (
  'id' => '1',
)
[ info ] [ RUN ] app\api\controller\Test->update[ F:\phpStudy-2018\PHPTutorial\WWW\TP_5.0.5\application\api\controller\Test.php ]
[ info ] [ LOG ] INIT File

---------------------------------------------------------------
[ 2018-05-10T10:34:39+08:00 ] 127.0.0.1 127.0.0.1 PUT /TP_5.0.5/public/index.php/test/1
[ log ] 127.0.0.1/TP_5.0.5/public/index.php/test/1 [运行时间：0.031200s][吞吐率：32.05req/s] [内存消耗：1,483.56kb] [文件加载：47]
[ info ] [ LANG ] F:\phpStudy-2018\PHPTutorial\WWW\TP_5.0.5\thinkphp\lang\zh-cn.php
[ info ] [ ROUTE ] array (
  'type' => 'module',
  'module' => 
  array (
    0 => 'api',
    1 => 'test',
    2 => 'update',
  ),
  'convert' => false,
)
[ info ] [ HEADER ] array (
  'connection' => 'close',
  'content-length' => '0',
  'accept-encoding' => 'gzip, deflate',
  'host' => '127.0.0.1',
  'accept' => '*/*',
  'user-agent' => 'PostmanRuntime/6.3.2',
  'postman-token' => '8b2433e9-521c-4759-b65d-3817ab3f20c9',
  'cache-control' => 'no-cache',
)
[ info ] [ PARAM ] array (
  'id' => '1',
)
[ info ] [ RUN ] app\api\controller\Test->update[ F:\phpStudy-2018\PHPTutorial\WWW\TP_5.0.5\application\api\controller\Test.php ]
[ info ] [ LOG ] INIT File

---------------------------------------------------------------
[ 2018-05-10T10:37:50+08:00 ] 127.0.0.1 127.0.0.1 PUT /TP_5.0.5/public/index.php/test/1
[ log ] 127.0.0.1/TP_5.0.5/public/index.php/test/1 [运行时间：0.080001s][吞吐率：12.50req/s] [内存消耗：2,354.41kb] [文件加载：62]
[ info ] [ LANG ] F:\phpStudy-2018\PHPTutorial\WWW\TP_5.0.5\thinkphp\lang\zh-cn.php
[ info ] [ ROUTE ] array (
  'type' => 'module',
  'module' => 
  array (
    0 => 'api',
    1 => 'test',
    2 => 'update',
  ),
  'convert' => false,
)
[ info ] [ HEADER ] array (
  'connection' => 'close',
  'content-length' => '0',
  'accept-encoding' => 'gzip, deflate',
  'host' => '127.0.0.1',
  'accept' => '*/*',
  'user-agent' => 'PostmanRuntime/6.3.2',
  'postman-token' => '9be8f7c9-2679-4d58-a09b-1eb6138057c9',
  'cache-control' => 'no-cache',
)
[ info ] [ PARAM ] array (
  'id' => '1',
)
[ info ] [ RUN ] app\api\controller\Test->update[ F:\phpStudy-2018\PHPTutorial\WWW\TP_5.0.5\application\api\controller\Test.php ]
[ info ] [ DB ] INIT mysql
[ info ] [ CACHE ] INIT File
[ info ] [ LOG ] INIT File
[ sql ] [ DB ] CONNECT:[ UseTime:0.015600s ] mysql:dbname=tp_5.0.5_new;host=127.0.0.1;port=3306;charset=utf8
[ sql ] [ SQL ] SHOW COLUMNS FROM `new_admin` [ RunTime:0.001000s ]
[ sql ] [ SQL ] SELECT * FROM `new_admin` WHERE  `id` = 1 LIMIT 1 [ RunTime:0.000000s ]
[ sql ] [ SQL ] UPDATE `new_admin`  SET `status`=1  WHERE  `id` = 1 [ RunTime:0.000000s ]
[ sql ] [ SQL ] SELECT * FROM `new_admin` WHERE  `id` = 1 LIMIT 1 [ RunTime:0.000000s ]
[ error ] [0]类型错误: Argument 3 passed to show() must be of the type array, object given, called in F:\phpStudy-2018\PHPTutorial\WWW\TP_5.0.5\application\api\controller\Test.php on line 98[F:\phpStudy-2018\PHPTutorial\WWW\TP_5.0.5\application\common.php:25]

---------------------------------------------------------------
[ 2018-05-10T10:38:06+08:00 ] 127.0.0.1 127.0.0.1 PUT /TP_5.0.5/public/index.php/test/1
[ log ] 127.0.0.1/TP_5.0.5/public/index.php/test/1 [运行时间：0.060602s][吞吐率：16.50req/s] [内存消耗：2,318.50kb] [文件加载：60]
[ info ] [ LANG ] F:\phpStudy-2018\PHPTutorial\WWW\TP_5.0.5\thinkphp\lang\zh-cn.php
[ info ] [ ROUTE ] array (
  'type' => 'module',
  'module' => 
  array (
    0 => 'api',
    1 => 'test',
    2 => 'update',
  ),
  'convert' => false,
)
[ info ] [ HEADER ] array (
  'connection' => 'close',
  'content-length' => '0',
  'accept-encoding' => 'gzip, deflate',
  'host' => '127.0.0.1',
  'accept' => '*/*',
  'user-agent' => 'PostmanRuntime/6.3.2',
  'postman-token' => 'e0f7c8d9-3c66-4aeb-90bb-a07eb29c5730',
  'cache-control' => 'no-cache',
)
[ info ] [ PARAM ] array (
  'id' => '1',
)
[ info ] [ RUN ] app\api\controller\Test->update[ F:\phpStudy-2018\PHPTutorial\WWW\TP_5.0.5\application\api\controller\Test.php ]
[ info ] [ DB ] INIT mysql
[ info ] [ LOG ] INIT File
[ sql ] [ DB ] CONNECT:[ UseTime:0.002000s ] mysql:dbname=tp_5.0.5_new;host=127.0.0.1;port=3306;charset=utf8
[ sql ] [ SQL ] SHOW COLUMNS FROM `new_admin` [ RunTime:0.002000s ]
[ sql ] [ SQL ] SELECT * FROM `new_admin` WHERE  `id` = 1 LIMIT 1 [ RunTime:0.000000s ]
[ sql ] [ SQL ] SELECT * FROM `new_admin` WHERE  `id` = 1 LIMIT 1 [ RunTime:0.001000s ]
[ error ] [0]类型错误: Argument 3 passed to show() must be of the type array, object given, called in F:\phpStudy-2018\PHPTutorial\WWW\TP_5.0.5\application\api\controller\Test.php on line 98[F:\phpStudy-2018\PHPTutorial\WWW\TP_5.0.5\application\common.php:25]

---------------------------------------------------------------
[ 2018-05-10T10:38:35+08:00 ] 127.0.0.1 127.0.0.1 PUT /TP_5.0.5/public/index.php/test/1
[ log ] 127.0.0.1/TP_5.0.5/public/index.php/test/1 [运行时间：0.062602s][吞吐率：15.97req/s] [内存消耗：2,318.25kb] [文件加载：60]
[ info ] [ LANG ] F:\phpStudy-2018\PHPTutorial\WWW\TP_5.0.5\thinkphp\lang\zh-cn.php
[ info ] [ ROUTE ] array (
  'type' => 'module',
  'module' => 
  array (
    0 => 'api',
    1 => 'test',
    2 => 'update',
  ),
  'convert' => false,
)
[ info ] [ HEADER ] array (
  'connection' => 'close',
  'content-length' => '0',
  'accept-encoding' => 'gzip, deflate',
  'host' => '127.0.0.1',
  'accept' => '*/*',
  'user-agent' => 'PostmanRuntime/6.3.2',
  'postman-token' => 'f32fd7c1-067c-4eb4-b690-dda3bcb7174f',
  'cache-control' => 'no-cache',
)
[ info ] [ PARAM ] array (
  'id' => '1',
)
[ info ] [ RUN ] app\api\controller\Test->update[ F:\phpStudy-2018\PHPTutorial\WWW\TP_5.0.5\application\api\controller\Test.php ]
[ info ] [ DB ] INIT mysql
[ info ] [ LOG ] INIT File
[ sql ] [ DB ] CONNECT:[ UseTime:0.002000s ] mysql:dbname=tp_5.0.5_new;host=127.0.0.1;port=3306;charset=utf8
[ sql ] [ SQL ] SHOW COLUMNS FROM `new_admin` [ RunTime:0.002001s ]
[ sql ] [ SQL ] SELECT * FROM `new_admin` WHERE  `id` = 1 LIMIT 1 [ RunTime:0.001000s ]
[ error ] [0]类型错误: Argument 3 passed to show() must be of the type array, object given, called in F:\phpStudy-2018\PHPTutorial\WWW\TP_5.0.5\application\api\controller\Test.php on line 97[F:\phpStudy-2018\PHPTutorial\WWW\TP_5.0.5\application\common.php:25]

---------------------------------------------------------------
[ 2018-05-10T10:40:16+08:00 ] 127.0.0.1 127.0.0.1 PUT /TP_5.0.5/public/index.php/test/1
[ log ] 127.0.0.1/TP_5.0.5/public/index.php/test/1 [运行时间：0.062400s][吞吐率：16.03req/s] [内存消耗：1,554.41kb] [文件加载：53]
[ info ] [ LANG ] F:\phpStudy-2018\PHPTutorial\WWW\TP_5.0.5\thinkphp\lang\zh-cn.php
[ info ] [ ROUTE ] array (
  'type' => 'module',
  'module' => 
  array (
    0 => 'api',
    1 => 'test',
    2 => 'update',
  ),
  'convert' => false,
)
[ info ] [ HEADER ] array (
  'connection' => 'close',
  'content-length' => '0',
  'accept-encoding' => 'gzip, deflate',
  'host' => '127.0.0.1',
  'accept' => '*/*',
  'user-agent' => 'PostmanRuntime/6.3.2',
  'postman-token' => 'cf123dd1-22f5-44b0-8ebc-9565572a9a19',
  'cache-control' => 'no-cache',
)
[ info ] [ PARAM ] array (
  'id' => '1',
)
[ info ] [ RUN ] app\api\controller\Test->update[ F:\phpStudy-2018\PHPTutorial\WWW\TP_5.0.5\application\api\controller\Test.php ]
[ info ] [ LOG ] INIT File
[ error ] [0]方法不存在:think\Request->all[F:\phpStudy-2018\PHPTutorial\WWW\TP_5.0.5\thinkphp\library\think\Request.php:147]

---------------------------------------------------------------
[ 2018-05-10T10:40:44+08:00 ] [ error ] [0]方法不存在:think\Request->all

---------------------------------------------------------------
[ 2018-05-10T10:41:11+08:00 ] [ sql ] [ DB ] CONNECT:[ UseTime:0.008000s ] mysql:dbname=tp_5.0.5_new;host=127.0.0.1;port=3306;charset=utf8
[ sql ] [ SQL ] SHOW COLUMNS FROM `new_admin` [ RunTime:0.002001s ]
[ sql ] [ SQL ] SELECT * FROM `new_admin` WHERE  `id` = 1 LIMIT 1 [ RunTime:0.001000s ]
[ error ] [0]类型错误: Argument 3 passed to show() must be of the type array, object given, called in F:\phpStudy-2018\PHPTutorial\WWW\TP_5.0.5\application\api\controller\Test.php on line 97

---------------------------------------------------------------
[ 2018-05-10T10:41:38+08:00 ] [ sql ] [ DB ] CONNECT:[ UseTime:0.015600s ] mysql:dbname=tp_5.0.5_new;host=127.0.0.1;port=3306;charset=utf8
[ sql ] [ SQL ] SHOW COLUMNS FROM `new_admin` [ RunTime:0.000000s ]
[ sql ] [ SQL ] SELECT * FROM `new_admin` WHERE  `id` = 1 LIMIT 1 [ RunTime:0.000000s ]
[ error ] [0]类型错误: Argument 3 passed to show() must be of the type array, object given, called in F:\phpStudy-2018\PHPTutorial\WWW\TP_5.0.5\application\api\controller\Test.php on line 97

---------------------------------------------------------------
[ 2018-05-10T10:42:05+08:00 ] [ sql ] [ DB ] CONNECT:[ UseTime:0.015600s ] mysql:dbname=tp_5.0.5_new;host=127.0.0.1;port=3306;charset=utf8
[ sql ] [ SQL ] SHOW COLUMNS FROM `new_admin` [ RunTime:0.000000s ]
[ sql ] [ SQL ] SELECT * FROM `new_admin` WHERE  `id` = 1 LIMIT 1 [ RunTime:0.000000s ]

---------------------------------------------------------------
[ 2018-05-10T10:42:41+08:00 ] [ sql ] [ DB ] CONNECT:[ UseTime:0.015600s ] mysql:dbname=tp_5.0.5_new;host=127.0.0.1;port=3306;charset=utf8
[ sql ] [ SQL ] SHOW COLUMNS FROM `new_admin` [ RunTime:0.000000s ]
[ sql ] [ SQL ] SELECT * FROM `new_admin` WHERE  `id` = 1 LIMIT 1 [ RunTime:0.000000s ]
[ sql ] [ SQL ] UPDATE `new_admin`  SET `status`=0  WHERE  `id` = 1 [ RunTime:0.000000s ]

---------------------------------------------------------------
[ 2018-05-10T10:42:45+08:00 ] [ sql ] [ DB ] CONNECT:[ UseTime:0.015600s ] mysql:dbname=tp_5.0.5_new;host=127.0.0.1;port=3306;charset=utf8
[ sql ] [ SQL ] SHOW COLUMNS FROM `new_admin` [ RunTime:0.000000s ]
[ sql ] [ SQL ] SELECT * FROM `new_admin` WHERE  `id` = 1 LIMIT 1 [ RunTime:0.000000s ]
[ sql ] [ SQL ] UPDATE `new_admin`  SET `status`=1  WHERE  `id` = 1 [ RunTime:0.015600s ]

---------------------------------------------------------------
[ 2018-05-10T10:42:47+08:00 ] [ sql ] [ DB ] CONNECT:[ UseTime:0.015600s ] mysql:dbname=tp_5.0.5_new;host=127.0.0.1;port=3306;charset=utf8
[ sql ] [ SQL ] SHOW COLUMNS FROM `new_admin` [ RunTime:0.000000s ]
[ sql ] [ SQL ] SELECT * FROM `new_admin` WHERE  `id` = 1 LIMIT 1 [ RunTime:0.000000s ]
[ sql ] [ SQL ] UPDATE `new_admin`  SET `status`=0  WHERE  `id` = 1 [ RunTime:0.016600s ]

---------------------------------------------------------------
[ 2018-05-10T10:44:10+08:00 ] [ sql ] [ DB ] CONNECT:[ UseTime:0.000000s ] mysql:dbname=tp_5.0.5_new;host=127.0.0.1;port=3306;charset=utf8
[ sql ] [ SQL ] SHOW COLUMNS FROM `new_admin` [ RunTime:0.000000s ]
[ sql ] [ SQL ] SELECT * FROM `new_admin` WHERE  `id` = 1 LIMIT 1 [ RunTime:0.000000s ]
[ error ] [0]类的属性不存在:app\common\model\Admin->statu

---------------------------------------------------------------
[ 2018-05-10T10:44:53+08:00 ] [ sql ] [ DB ] CONNECT:[ UseTime:0.015600s ] mysql:dbname=tp_5.0.5_new;host=127.0.0.1;port=3306;charset=utf8
[ sql ] [ SQL ] SHOW COLUMNS FROM `new_admin` [ RunTime:0.000000s ]
[ sql ] [ SQL ] SELECT * FROM `new_admin` WHERE  `id` = 1 LIMIT 1 [ RunTime:0.000000s ]
[ error ] [0]类的属性不存在:app\common\model\Admin->statu s

---------------------------------------------------------------
[ 2018-05-10T10:46:00+08:00 ] 127.0.0.1 127.0.0.1 PUT /TP_5.0.5/public/index.php/test/1
[ log ] 127.0.0.1/TP_5.0.5/public/index.php/test/1 [运行时间：0.062400s][吞吐率：16.03req/s] [内存消耗：2,314.33kb] [文件加载：59]
[ info ] [ LANG ] F:\phpStudy-2018\PHPTutorial\WWW\TP_5.0.5\thinkphp\lang\zh-cn.php
[ info ] [ ROUTE ] array (
  'type' => 'module',
  'module' => 
  array (
    0 => 'api',
    1 => 'test',
    2 => 'update',
  ),
  'convert' => false,
)
[ info ] [ HEADER ] array (
  'connection' => 'close',
  'content-length' => '0',
  'accept-encoding' => 'gzip, deflate',
  'host' => '127.0.0.1',
  'accept' => '*/*',
  'user-agent' => 'PostmanRuntime/6.3.2',
  'postman-token' => '3455b6b5-c4c8-4ca3-8f2c-be4495d2469d',
  'cache-control' => 'no-cache',
)
[ info ] [ PARAM ] array (
  'id' => '1',
)
[ info ] [ RUN ] app\api\controller\Test->update[ F:\phpStudy-2018\PHPTutorial\WWW\TP_5.0.5\application\api\controller\Test.php ]
[ info ] [ DB ] INIT mysql
[ info ] [ LOG ] INIT File
[ sql ] [ DB ] CONNECT:[ UseTime:0.015600s ] mysql:dbname=tp_5.0.5_new;host=127.0.0.1;port=3306;charset=utf8
[ sql ] [ SQL ] SHOW COLUMNS FROM `new_admin` [ RunTime:0.000000s ]
[ sql ] [ SQL ] SELECT * FROM `new_admin` WHERE  `id` = 1 LIMIT 1 [ RunTime:0.000000s ]
[ error ] [0]类的属性不存在:app\common\model\Admin->statu s[F:\phpStudy-2018\PHPTutorial\WWW\TP_5.0.5\thinkphp\library\think\Model.php:461]

---------------------------------------------------------------
[ 2018-05-10T10:46:10+08:00 ] [ sql ] [ DB ] CONNECT:[ UseTime:0.011001s ] mysql:dbname=tp_5.0.5_new;host=127.0.0.1;port=3306;charset=utf8
[ sql ] [ SQL ] SHOW COLUMNS FROM `new_admin` [ RunTime:0.001000s ]
[ sql ] [ SQL ] SELECT * FROM `new_admin` WHERE  `id` = 1 LIMIT 1 [ RunTime:0.001000s ]
[ error ] [0]类的属性不存在:app\common\model\Admin->statu s

---------------------------------------------------------------
[ 2018-05-10T10:51:50+08:00 ] [ sql ] [ DB ] CONNECT:[ UseTime:0.000000s ] mysql:dbname=tp_5.0.5_new;host=127.0.0.1;port=3306;charset=utf8
[ sql ] [ SQL ] SHOW COLUMNS FROM `new_admin` [ RunTime:0.000000s ]
[ error ] [10501]SQLSTATE[HY000]: General error: 1364 Field 'token' doesn't have a default value

---------------------------------------------------------------
[ 2018-05-10T10:52:40+08:00 ] [ sql ] [ DB ] CONNECT:[ UseTime:0.015600s ] mysql:dbname=tp_5.0.5_new;host=127.0.0.1;port=3306;charset=utf8
[ sql ] [ SQL ] SHOW COLUMNS FROM `new_admin` [ RunTime:0.000000s ]
[ error ] [10501]SQLSTATE[HY000]: General error: 1364 Field 'addtime' doesn't have a default value

---------------------------------------------------------------
[ 2018-05-10T10:53:06+08:00 ] [ sql ] [ DB ] CONNECT:[ UseTime:0.012000s ] mysql:dbname=tp_5.0.5_new;host=127.0.0.1;port=3306;charset=utf8
[ sql ] [ SQL ] SHOW COLUMNS FROM `new_admin` [ RunTime:0.001000s ]
[ error ] [10501]SQLSTATE[HY000]: General error: 1366 Incorrect integer value: 'time()' for column 'addtime' at row 1

---------------------------------------------------------------
[ 2018-05-10T10:53:14+08:00 ] [ sql ] [ DB ] CONNECT:[ UseTime:0.012001s ] mysql:dbname=tp_5.0.5_new;host=127.0.0.1;port=3306;charset=utf8
[ sql ] [ SQL ] SHOW COLUMNS FROM `new_admin` [ RunTime:0.001000s ]
[ sql ] [ SQL ] INSERT INTO `new_admin` (`username` , `password` , `token` , `addtime`) VALUES ('totti' , 'aa45eb2904b7e5d32905713ab1c3084c' , 'salt' , 1) [ RunTime:0.001000s ]

---------------------------------------------------------------
[ 2018-05-10T10:53:38+08:00 ] [ sql ] [ DB ] CONNECT:[ UseTime:0.015600s ] mysql:dbname=tp_5.0.5_new;host=127.0.0.1;port=3306;charset=utf8
[ sql ] [ SQL ] SHOW COLUMNS FROM `new_admin` [ RunTime:0.000000s ]
[ error ] [10501]SQLSTATE[HY000]: General error: 1364 Field 'addtime' doesn't have a default value

---------------------------------------------------------------
[ 2018-05-10T10:57:06+08:00 ] [ sql ] [ DB ] CONNECT:[ UseTime:0.000000s ] mysql:dbname=tp_5.0.5_new;host=127.0.0.1;port=3306;charset=utf8
[ sql ] [ SQL ] SHOW COLUMNS FROM `new_admin` [ RunTime:0.000000s ]
[ sql ] [ SQL ] SELECT * FROM `new_admin` WHERE  `id` = 1 LIMIT 1 [ RunTime:0.000000s ]

---------------------------------------------------------------
[ 2018-05-10T10:58:02+08:00 ] [ sql ] [ DB ] CONNECT:[ UseTime:0.015600s ] mysql:dbname=tp_5.0.5_new;host=127.0.0.1;port=3306;charset=utf8
[ sql ] [ SQL ] SHOW COLUMNS FROM `new_admin` [ RunTime:0.000000s ]
[ sql ] [ SQL ] SELECT * FROM `new_admin` WHERE  `id` = 1 LIMIT 1 [ RunTime:0.000000s ]
[ sql ] [ SQL ] UPDATE `new_admin`  SET `status`=1  WHERE  `id` = 1 [ RunTime:0.000000s ]

---------------------------------------------------------------
[ 2018-05-10T10:58:05+08:00 ] [ sql ] [ DB ] CONNECT:[ UseTime:0.015600s ] mysql:dbname=tp_5.0.5_new;host=127.0.0.1;port=3306;charset=utf8
[ sql ] [ SQL ] SHOW COLUMNS FROM `new_admin` [ RunTime:0.000000s ]
[ sql ] [ SQL ] SELECT * FROM `new_admin` WHERE  `id` = 1 LIMIT 1 [ RunTime:0.000000s ]
[ sql ] [ SQL ] UPDATE `new_admin`  SET `status`=0  WHERE  `id` = 1 [ RunTime:0.000000s ]

---------------------------------------------------------------
[ 2018-05-10T10:58:06+08:00 ] [ sql ] [ DB ] CONNECT:[ UseTime:0.015600s ] mysql:dbname=tp_5.0.5_new;host=127.0.0.1;port=3306;charset=utf8
[ sql ] [ SQL ] SHOW COLUMNS FROM `new_admin` [ RunTime:0.000000s ]
[ sql ] [ SQL ] SELECT * FROM `new_admin` WHERE  `id` = 1 LIMIT 1 [ RunTime:0.000000s ]
[ sql ] [ SQL ] UPDATE `new_admin`  SET `status`=1  WHERE  `id` = 1 [ RunTime:0.000000s ]

---------------------------------------------------------------
[ 2018-05-10T10:58:56+08:00 ] [ sql ] [ DB ] CONNECT:[ UseTime:0.015600s ] mysql:dbname=tp_5.0.5_new;host=127.0.0.1;port=3306;charset=utf8
[ sql ] [ SQL ] SHOW COLUMNS FROM `new_admin` [ RunTime:0.000000s ]
[ sql ] [ SQL ] SELECT * FROM `new_admin` WHERE  `id` = 1 LIMIT 1 [ RunTime:0.000000s ]
[ sql ] [ SQL ] UPDATE `new_admin`  SET `status`=0  WHERE  `id` = 1 [ RunTime:0.000000s ]

---------------------------------------------------------------
[ 2018-05-10T10:58:59+08:00 ] [ sql ] [ DB ] CONNECT:[ UseTime:0.015600s ] mysql:dbname=tp_5.0.5_new;host=127.0.0.1;port=3306;charset=utf8
[ sql ] [ SQL ] SHOW COLUMNS FROM `new_admin` [ RunTime:0.000000s ]
[ sql ] [ SQL ] SELECT * FROM `new_admin` WHERE  `id` = 1 LIMIT 1 [ RunTime:0.000000s ]

---------------------------------------------------------------
[ 2018-05-10T10:59:09+08:00 ] [ sql ] [ DB ] CONNECT:[ UseTime:0.015600s ] mysql:dbname=tp_5.0.5_new;host=127.0.0.1;port=3306;charset=utf8
[ sql ] [ SQL ] SHOW COLUMNS FROM `new_admin` [ RunTime:0.000000s ]
[ sql ] [ SQL ] SELECT * FROM `new_admin` WHERE  `id` = 1 LIMIT 1 [ RunTime:0.000000s ]

---------------------------------------------------------------
[ 2018-05-10T11:01:41+08:00 ] [ sql ] [ DB ] CONNECT:[ UseTime:0.015600s ] mysql:dbname=tp_5.0.5_new;host=127.0.0.1;port=3306;charset=utf8
[ sql ] [ SQL ] SHOW COLUMNS FROM `new_admin` [ RunTime:0.000000s ]
[ sql ] [ SQL ] SELECT * FROM `new_admin` WHERE  `id` = 10 LIMIT 1 [ RunTime:0.000000s ]
[ error ] [0]致命错误: Call to a member function delete() on null

---------------------------------------------------------------
[ 2018-05-10T11:02:31+08:00 ] [ sql ] [ DB ] CONNECT:[ UseTime:0.012000s ] mysql:dbname=tp_5.0.5_new;host=127.0.0.1;port=3306;charset=utf8
[ sql ] [ SQL ] SHOW COLUMNS FROM `new_admin` [ RunTime:0.001000s ]
[ sql ] [ SQL ] SELECT * FROM `new_admin` WHERE  `id` = 4 LIMIT 1 [ RunTime:0.001000s ]
[ sql ] [ SQL ] DELETE FROM `new_admin`    WHERE  `id` = 4 [ RunTime:0.004001s ]

---------------------------------------------------------------
[ 2018-05-10T11:03:11+08:00 ] [ sql ] [ DB ] CONNECT:[ UseTime:0.004000s ] mysql:dbname=tp_5.0.5_new;host=127.0.0.1;port=3306;charset=utf8
[ sql ] [ SQL ] SHOW COLUMNS FROM `new_admin` [ RunTime:0.002000s ]
[ sql ] [ SQL ] SELECT * FROM `new_admin` WHERE  `id` = 10 LIMIT 1 [ RunTime:0.001000s ]
[ error ] [0]致命错误: Call to a member function delete() on null

---------------------------------------------------------------
[ 2018-05-10T11:03:42+08:00 ] [ sql ] [ DB ] CONNECT:[ UseTime:0.012001s ] mysql:dbname=tp_5.0.5_new;host=127.0.0.1;port=3306;charset=utf8
[ sql ] [ SQL ] SHOW COLUMNS FROM `new_admin` [ RunTime:0.003000s ]
[ sql ] [ SQL ] SELECT * FROM `new_admin` WHERE  `id` = 10 LIMIT 1 [ RunTime:0.001000s ]
[ error ] [0]致命错误: Call to a member function delete() on null

---------------------------------------------------------------
[ 2018-05-10T11:03:48+08:00 ] [ sql ] [ DB ] CONNECT:[ UseTime:0.012000s ] mysql:dbname=tp_5.0.5_new;host=127.0.0.1;port=3306;charset=utf8
[ sql ] [ SQL ] SHOW COLUMNS FROM `new_admin` [ RunTime:0.002001s ]
[ sql ] [ SQL ] SELECT * FROM `new_admin` WHERE  `id` = 3 LIMIT 1 [ RunTime:0.000000s ]
[ sql ] [ SQL ] DELETE FROM `new_admin`    WHERE  `id` = 3 [ RunTime:0.002000s ]

---------------------------------------------------------------
[ 2018-05-10T11:07:07+08:00 ] [ sql ] [ DB ] CONNECT:[ UseTime:0.009000s ] mysql:dbname=tp_5.0.5_new;host=127.0.0.1;port=3306;charset=utf8
[ sql ] [ SQL ] SHOW COLUMNS FROM `new_order` [ RunTime:0.001000s ]
[ sql ] [ SQL ] SELECT * FROM `new_order` [ RunTime:0.001000s ]

---------------------------------------------------------------
[ 2018-05-10T11:08:36+08:00 ] [ error ] [64]Cannot declare class app\api\controller\Order because the name is already in use

---------------------------------------------------------------
[ 2018-05-10T11:09:56+08:00 ] [ sql ] [ DB ] CONNECT:[ UseTime:0.011001s ] mysql:dbname=tp_5.0.5_new;host=127.0.0.1;port=3306;charset=utf8
[ sql ] [ SQL ] SHOW COLUMNS FROM `new_order` [ RunTime:0.004000s ]
[ sql ] [ SQL ] SELECT * FROM `new_order` WHERE  `id` = 1 LIMIT 1 [ RunTime:0.000000s ]
[ error ] [0]类型错误: Argument 3 passed to show() must be of the type array, object given, called in F:\phpStudy-2018\PHPTutorial\WWW\TP_5.0.5\application\api\controller\Order.php on line 51

---------------------------------------------------------------
[ 2018-05-10T11:10:16+08:00 ] [ sql ] [ DB ] CONNECT:[ UseTime:0.012001s ] mysql:dbname=tp_5.0.5_new;host=127.0.0.1;port=3306;charset=utf8
[ sql ] [ SQL ] SHOW COLUMNS FROM `new_order` [ RunTime:0.002000s ]
[ sql ] [ SQL ] SELECT * FROM `new_order` WHERE  `id` = 1 LIMIT 1 [ RunTime:0.001000s ]

---------------------------------------------------------------
[ 2018-05-10T11:10:20+08:00 ] [ sql ] [ DB ] CONNECT:[ UseTime:0.003000s ] mysql:dbname=tp_5.0.5_new;host=127.0.0.1;port=3306;charset=utf8
[ sql ] [ SQL ] SHOW COLUMNS FROM `new_order` [ RunTime:0.004000s ]
[ sql ] [ SQL ] SELECT * FROM `new_order` [ RunTime:0.001000s ]

---------------------------------------------------------------
[ 2018-05-10T11:10:32+08:00 ] [ sql ] [ DB ] CONNECT:[ UseTime:0.011000s ] mysql:dbname=tp_5.0.5_new;host=127.0.0.1;port=3306;charset=utf8
[ sql ] [ SQL ] SHOW COLUMNS FROM `new_order` [ RunTime:0.002001s ]
[ sql ] [ SQL ] SELECT * FROM `new_order` WHERE  `id` = 1 LIMIT 1 [ RunTime:0.001000s ]

---------------------------------------------------------------
[ 2018-05-10T11:12:30+08:00 ] [ sql ] [ DB ] CONNECT:[ UseTime:0.012001s ] mysql:dbname=tp_5.0.5_new;host=127.0.0.1;port=3306;charset=utf8
[ sql ] [ SQL ] SHOW COLUMNS FROM `new_order` [ RunTime:0.003000s ]
[ sql ] [ SQL ] SELECT * FROM `new_order` WHERE  `id` = 1 LIMIT 1 [ RunTime:0.001000s ]
[ sql ] [ SQL ] UPDATE `new_order`  SET `status`=1  WHERE  `id` = 1 [ RunTime:0.002000s ]

---------------------------------------------------------------
[ 2018-05-10T11:12:31+08:00 ] [ sql ] [ DB ] CONNECT:[ UseTime:0.011001s ] mysql:dbname=tp_5.0.5_new;host=127.0.0.1;port=3306;charset=utf8
[ sql ] [ SQL ] SHOW COLUMNS FROM `new_order` [ RunTime:0.003000s ]
[ sql ] [ SQL ] SELECT * FROM `new_order` WHERE  `id` = 1 LIMIT 1 [ RunTime:0.001000s ]
[ sql ] [ SQL ] UPDATE `new_order`  SET `status`=0  WHERE  `id` = 1 [ RunTime:0.003001s ]

---------------------------------------------------------------
