[ 2018-05-11T08:35:34+08:00 ] [ sql ] [ DB ] CONNECT:[ UseTime:0.046800s ] mysql:dbname=tp_5.0.5_new;host=127.0.0.1;port=3306;charset=utf8
[ sql ] [ SQL ] SHOW COLUMNS FROM `new_admin` [ RunTime:0.042201s ]
[ sql ] [ SQL ] SELECT * FROM `new_admin` [ RunTime:0.000000s ]

---------------------------------------------------------------
[ 2018-05-11T08:35:53+08:00 ] [ sql ] [ DB ] CONNECT:[ UseTime:0.000000s ] mysql:dbname=tp_5.0.5_new;host=127.0.0.1;port=3306;charset=utf8
[ sql ] [ SQL ] SHOW COLUMNS FROM `new_admin` [ RunTime:0.000000s ]
[ sql ] [ SQL ] SELECT * FROM `new_admin` WHERE  `id` = 1 LIMIT 1 [ RunTime:0.000000s ]

---------------------------------------------------------------
[ 2018-05-11T08:36:06+08:00 ] [ sql ] [ DB ] CONNECT:[ UseTime:0.000000s ] mysql:dbname=tp_5.0.5_new;host=127.0.0.1;port=3306;charset=utf8
[ sql ] [ SQL ] SHOW COLUMNS FROM `new_admin` [ RunTime:0.000000s ]
[ sql ] [ SQL ] SELECT * FROM `new_admin` WHERE  `id` = 1 LIMIT 1 [ RunTime:0.015600s ]
[ sql ] [ SQL ] UPDATE `new_admin`  SET `status`=1  WHERE  `id` = 1 [ RunTime:0.000000s ]

---------------------------------------------------------------
[ 2018-05-11T08:36:07+08:00 ] [ sql ] [ DB ] CONNECT:[ UseTime:0.015600s ] mysql:dbname=tp_5.0.5_new;host=127.0.0.1;port=3306;charset=utf8
[ sql ] [ SQL ] SHOW COLUMNS FROM `new_admin` [ RunTime:0.000000s ]
[ sql ] [ SQL ] SELECT * FROM `new_admin` WHERE  `id` = 1 LIMIT 1 [ RunTime:0.000000s ]
[ sql ] [ SQL ] UPDATE `new_admin`  SET `status`=0  WHERE  `id` = 1 [ RunTime:0.000000s ]

---------------------------------------------------------------
[ 2018-05-11T08:36:08+08:00 ] [ sql ] [ DB ] CONNECT:[ UseTime:0.015600s ] mysql:dbname=tp_5.0.5_new;host=127.0.0.1;port=3306;charset=utf8
[ sql ] [ SQL ] SHOW COLUMNS FROM `new_admin` [ RunTime:0.000000s ]
[ sql ] [ SQL ] SELECT * FROM `new_admin` WHERE  `id` = 1 LIMIT 1 [ RunTime:0.000000s ]
[ sql ] [ SQL ] UPDATE `new_admin`  SET `status`=1  WHERE  `id` = 1 [ RunTime:0.000000s ]

---------------------------------------------------------------
[ 2018-05-11T08:36:27+08:00 ] [ sql ] [ DB ] CONNECT:[ UseTime:0.015600s ] mysql:dbname=tp_5.0.5_new;host=127.0.0.1;port=3306;charset=utf8
[ sql ] [ SQL ] SHOW COLUMNS FROM `new_admin` [ RunTime:0.000000s ]
[ sql ] [ SQL ] SELECT * FROM `new_admin` WHERE  `id` = 1 LIMIT 1 [ RunTime:0.000000s ]
[ error ] [0]类的属性不存在:app\common\model\Admin->statu

---------------------------------------------------------------
[ 2018-05-11T08:41:15+08:00 ] [ sql ] [ DB ] CONNECT:[ UseTime:0.016600s ] mysql:dbname=tp_5.0.5_new;host=127.0.0.1;port=3306;charset=utf8
[ sql ] [ SQL ] SHOW COLUMNS FROM `new_admin` [ RunTime:0.000000s ]
[ sql ] [ SQL ] SELECT * FROM `new_admin` WHERE  `id` = 1 LIMIT 1 [ RunTime:0.000000s ]

---------------------------------------------------------------
[ 2018-05-11T08:41:24+08:00 ] [ sql ] [ DB ] CONNECT:[ UseTime:0.015600s ] mysql:dbname=tp_5.0.5_new;host=127.0.0.1;port=3306;charset=utf8
[ sql ] [ SQL ] SHOW COLUMNS FROM `new_admin` [ RunTime:0.000000s ]
[ sql ] [ SQL ] SELECT * FROM `new_admin` WHERE  `id` = 1 LIMIT 1 [ RunTime:0.000000s ]

---------------------------------------------------------------
[ 2018-05-11T08:41:25+08:00 ] [ sql ] [ DB ] CONNECT:[ UseTime:0.016600s ] mysql:dbname=tp_5.0.5_new;host=127.0.0.1;port=3306;charset=utf8
[ sql ] [ SQL ] SHOW COLUMNS FROM `new_admin` [ RunTime:0.000000s ]
[ sql ] [ SQL ] SELECT * FROM `new_admin` WHERE  `id` = 1 LIMIT 1 [ RunTime:0.000000s ]

---------------------------------------------------------------
[ 2018-05-11T08:41:26+08:00 ] [ sql ] [ DB ] CONNECT:[ UseTime:0.015600s ] mysql:dbname=tp_5.0.5_new;host=127.0.0.1;port=3306;charset=utf8
[ sql ] [ SQL ] SHOW COLUMNS FROM `new_admin` [ RunTime:0.000000s ]
[ sql ] [ SQL ] SELECT * FROM `new_admin` WHERE  `id` = 1 LIMIT 1 [ RunTime:0.000000s ]

---------------------------------------------------------------
[ 2018-05-11T08:42:44+08:00 ] [ sql ] [ DB ] CONNECT:[ UseTime:0.015600s ] mysql:dbname=tp_5.0.5_new;host=127.0.0.1;port=3306;charset=utf8
[ sql ] [ SQL ] SHOW COLUMNS FROM `new_admin` [ RunTime:0.000000s ]
[ sql ] [ SQL ] SELECT * FROM `new_admin` WHERE  `id` = 1 LIMIT 1 [ RunTime:0.000000s ]

---------------------------------------------------------------
[ 2018-05-11T08:43:05+08:00 ] [ sql ] [ DB ] CONNECT:[ UseTime:0.015600s ] mysql:dbname=tp_5.0.5_new;host=127.0.0.1;port=3306;charset=utf8
[ sql ] [ SQL ] SHOW COLUMNS FROM `new_admin` [ RunTime:0.000000s ]
[ sql ] [ SQL ] SELECT * FROM `new_admin` WHERE  `id` = 1 LIMIT 1 [ RunTime:0.000000s ]

---------------------------------------------------------------
[ 2018-05-11T08:43:39+08:00 ] [ sql ] [ DB ] CONNECT:[ UseTime:0.031200s ] mysql:dbname=tp_5.0.5_new;host=127.0.0.1;port=3306;charset=utf8
[ sql ] [ SQL ] SHOW COLUMNS FROM `new_admin` [ RunTime:0.000000s ]
[ sql ] [ SQL ] SELECT * FROM `new_admin` WHERE  `id` = 1 LIMIT 1 [ RunTime:0.000000s ]

---------------------------------------------------------------
[ 2018-05-11T08:43:41+08:00 ] [ sql ] [ DB ] CONNECT:[ UseTime:0.015600s ] mysql:dbname=tp_5.0.5_new;host=127.0.0.1;port=3306;charset=utf8
[ sql ] [ SQL ] SHOW COLUMNS FROM `new_admin` [ RunTime:0.000000s ]
[ sql ] [ SQL ] SELECT * FROM `new_admin` WHERE  `id` = 1 LIMIT 1 [ RunTime:0.000000s ]

---------------------------------------------------------------
[ 2018-05-11T08:44:24+08:00 ] [ sql ] [ DB ] CONNECT:[ UseTime:0.015600s ] mysql:dbname=tp_5.0.5_new;host=127.0.0.1;port=3306;charset=utf8
[ sql ] [ SQL ] SHOW COLUMNS FROM `new_admin` [ RunTime:0.000000s ]
[ sql ] [ SQL ] SELECT * FROM `new_admin` WHERE  `id` = 1 LIMIT 1 [ RunTime:0.000000s ]

---------------------------------------------------------------
[ 2018-05-11T08:44:58+08:00 ] [ sql ] [ DB ] CONNECT:[ UseTime:0.015600s ] mysql:dbname=tp_5.0.5_new;host=127.0.0.1;port=3306;charset=utf8
[ sql ] [ SQL ] SHOW COLUMNS FROM `new_admin` [ RunTime:0.000000s ]
[ sql ] [ SQL ] SELECT * FROM `new_admin` WHERE  `id` = 1 LIMIT 1 [ RunTime:0.000000s ]
[ error ] [0]类的属性不存在:app\common\model\Admin->statu

---------------------------------------------------------------
[ 2018-05-11T08:45:00+08:00 ] [ sql ] [ DB ] CONNECT:[ UseTime:0.015600s ] mysql:dbname=tp_5.0.5_new;host=127.0.0.1;port=3306;charset=utf8
[ sql ] [ SQL ] SHOW COLUMNS FROM `new_admin` [ RunTime:0.000000s ]
[ sql ] [ SQL ] SELECT * FROM `new_admin` WHERE  `id` = 1 LIMIT 1 [ RunTime:0.000000s ]
[ error ] [0]类的属性不存在:app\common\model\Admin->statu

---------------------------------------------------------------
[ 2018-05-11T08:46:10+08:00 ] [ sql ] [ DB ] CONNECT:[ UseTime:0.015600s ] mysql:dbname=tp_5.0.5_new;host=127.0.0.1;port=3306;charset=utf8
[ sql ] [ SQL ] SHOW COLUMNS FROM `new_admin` [ RunTime:0.000000s ]
[ sql ] [ SQL ] SELECT * FROM `new_admin` WHERE  `id` = 1 LIMIT 1 [ RunTime:0.000000s ]
[ sql ] [ SQL ] UPDATE `new_admin`  SET `status`=0  WHERE  `id` = 1 [ RunTime:0.000000s ]

---------------------------------------------------------------
[ 2018-05-11T08:46:21+08:00 ] [ sql ] [ DB ] CONNECT:[ UseTime:0.015601s ] mysql:dbname=tp_5.0.5_new;host=127.0.0.1;port=3306;charset=utf8
[ sql ] [ SQL ] SHOW COLUMNS FROM `new_admin` [ RunTime:0.000000s ]
[ sql ] [ SQL ] SELECT * FROM `new_admin` WHERE  `id` = 1 LIMIT 1 [ RunTime:0.000000s ]
[ error ] [0]类的属性不存在:app\common\model\Admin->statu

---------------------------------------------------------------
[ 2018-05-11T08:46:23+08:00 ] [ sql ] [ DB ] CONNECT:[ UseTime:0.015600s ] mysql:dbname=tp_5.0.5_new;host=127.0.0.1;port=3306;charset=utf8
[ sql ] [ SQL ] SHOW COLUMNS FROM `new_admin` [ RunTime:0.000000s ]
[ sql ] [ SQL ] SELECT * FROM `new_admin` WHERE  `id` = 1 LIMIT 1 [ RunTime:0.000000s ]
[ error ] [0]类的属性不存在:app\common\model\Admin->statu

---------------------------------------------------------------
[ 2018-05-11T08:46:24+08:00 ] [ sql ] [ DB ] CONNECT:[ UseTime:0.015600s ] mysql:dbname=tp_5.0.5_new;host=127.0.0.1;port=3306;charset=utf8
[ sql ] [ SQL ] SHOW COLUMNS FROM `new_admin` [ RunTime:0.001000s ]
[ sql ] [ SQL ] SELECT * FROM `new_admin` WHERE  `id` = 1 LIMIT 1 [ RunTime:0.001000s ]
[ error ] [0]类的属性不存在:app\common\model\Admin->statu

---------------------------------------------------------------
[ 2018-05-11T08:48:00+08:00 ] [ sql ] [ DB ] CONNECT:[ UseTime:0.016600s ] mysql:dbname=tp_5.0.5_new;host=127.0.0.1;port=3306;charset=utf8
[ sql ] [ SQL ] SHOW COLUMNS FROM `new_admin` [ RunTime:0.000000s ]
[ sql ] [ SQL ] SELECT * FROM `new_admin` WHERE  `id` = 1 LIMIT 1 [ RunTime:0.000000s ]
[ error ] [0]类的属性不存在:app\common\model\Admin->statu

---------------------------------------------------------------
[ 2018-05-11T08:48:02+08:00 ] [ sql ] [ DB ] CONNECT:[ UseTime:0.003000s ] mysql:dbname=tp_5.0.5_new;host=127.0.0.1;port=3306;charset=utf8
[ sql ] [ SQL ] SHOW COLUMNS FROM `new_admin` [ RunTime:0.001000s ]
[ sql ] [ SQL ] SELECT * FROM `new_admin` WHERE  `id` = 1 LIMIT 1 [ RunTime:0.001000s ]
[ error ] [0]类的属性不存在:app\common\model\Admin->statu

---------------------------------------------------------------
[ 2018-05-11T08:48:04+08:00 ] [ sql ] [ DB ] CONNECT:[ UseTime:0.000000s ] mysql:dbname=tp_5.0.5_new;host=127.0.0.1;port=3306;charset=utf8
[ sql ] [ SQL ] SHOW COLUMNS FROM `new_admin` [ RunTime:0.000000s ]
[ sql ] [ SQL ] SELECT * FROM `new_admin` WHERE  `id` = 1 LIMIT 1 [ RunTime:0.000000s ]
[ error ] [0]类的属性不存在:app\common\model\Admin->statu

---------------------------------------------------------------
[ 2018-05-11T08:48:35+08:00 ] [ sql ] [ DB ] CONNECT:[ UseTime:0.015600s ] mysql:dbname=tp_5.0.5_new;host=127.0.0.1;port=3306;charset=utf8
[ sql ] [ SQL ] SHOW COLUMNS FROM `new_admin` [ RunTime:0.000000s ]
[ sql ] [ SQL ] SELECT * FROM `new_admin` WHERE  `id` = 1 LIMIT 1 [ RunTime:0.000000s ]
[ error ] [0]类的属性不存在:app\common\model\Admin->statu

---------------------------------------------------------------
[ 2018-05-11T08:48:36+08:00 ] [ sql ] [ DB ] CONNECT:[ UseTime:0.015600s ] mysql:dbname=tp_5.0.5_new;host=127.0.0.1;port=3306;charset=utf8
[ sql ] [ SQL ] SHOW COLUMNS FROM `new_admin` [ RunTime:0.000000s ]
[ sql ] [ SQL ] SELECT * FROM `new_admin` WHERE  `id` = 1 LIMIT 1 [ RunTime:0.000000s ]
[ error ] [0]类的属性不存在:app\common\model\Admin->statu

---------------------------------------------------------------
[ 2018-05-11T08:48:36+08:00 ] [ sql ] [ DB ] CONNECT:[ UseTime:0.002000s ] mysql:dbname=tp_5.0.5_new;host=127.0.0.1;port=3306;charset=utf8
[ sql ] [ SQL ] SHOW COLUMNS FROM `new_admin` [ RunTime:0.001000s ]
[ sql ] [ SQL ] SELECT * FROM `new_admin` WHERE  `id` = 1 LIMIT 1 [ RunTime:0.000000s ]
[ error ] [0]类的属性不存在:app\common\model\Admin->statu

---------------------------------------------------------------
[ 2018-05-11T08:49:28+08:00 ] [ sql ] [ DB ] CONNECT:[ UseTime:0.015600s ] mysql:dbname=tp_5.0.5_new;host=127.0.0.1;port=3306;charset=utf8
[ sql ] [ SQL ] SHOW COLUMNS FROM `new_admin` [ RunTime:0.000000s ]
[ sql ] [ SQL ] SELECT * FROM `new_admin` WHERE  `id` = 1 LIMIT 1 [ RunTime:0.000000s ]
[ error ] [0]类的属性不存在:app\common\model\Admin->statu

---------------------------------------------------------------
[ 2018-05-11T08:49:30+08:00 ] [ sql ] [ DB ] CONNECT:[ UseTime:0.011001s ] mysql:dbname=tp_5.0.5_new;host=127.0.0.1;port=3306;charset=utf8
[ sql ] [ SQL ] SHOW COLUMNS FROM `new_admin` [ RunTime:0.000000s ]
[ sql ] [ SQL ] SELECT * FROM `new_admin` WHERE  `id` = 1 LIMIT 1 [ RunTime:0.000000s ]
[ error ] [0]类的属性不存在:app\common\model\Admin->statu

---------------------------------------------------------------
[ 2018-05-11T08:50:45+08:00 ] [ sql ] [ DB ] CONNECT:[ UseTime:0.015600s ] mysql:dbname=tp_5.0.5_new;host=127.0.0.1;port=3306;charset=utf8
[ sql ] [ SQL ] SHOW COLUMNS FROM `new_admin` [ RunTime:0.000000s ]
[ sql ] [ SQL ] SELECT * FROM `new_admin` WHERE  `id` = 1 LIMIT 1 [ RunTime:0.000000s ]
[ error ] [0]类的属性不存在:app\common\model\Admin->statu

---------------------------------------------------------------
[ 2018-05-11T08:50:47+08:00 ] [ sql ] [ DB ] CONNECT:[ UseTime:0.025600s ] mysql:dbname=tp_5.0.5_new;host=127.0.0.1;port=3306;charset=utf8
[ sql ] [ SQL ] SHOW COLUMNS FROM `new_admin` [ RunTime:0.000000s ]
[ sql ] [ SQL ] SELECT * FROM `new_admin` WHERE  `id` = 1 LIMIT 1 [ RunTime:0.000000s ]
[ error ] [0]类的属性不存在:app\common\model\Admin->statu

---------------------------------------------------------------
[ 2018-05-11T08:51:18+08:00 ] [ sql ] [ DB ] CONNECT:[ UseTime:0.000000s ] mysql:dbname=tp_5.0.5_new;host=127.0.0.1;port=3306;charset=utf8
[ sql ] [ SQL ] SHOW COLUMNS FROM `new_admin` [ RunTime:0.000000s ]
[ sql ] [ SQL ] SELECT * FROM `new_admin` WHERE  `id` = 1 LIMIT 1 [ RunTime:0.000000s ]
[ error ] [0]类的属性不存在:app\common\model\Admin->statu

---------------------------------------------------------------
[ 2018-05-11T08:51:20+08:00 ] [ sql ] [ DB ] CONNECT:[ UseTime:0.015600s ] mysql:dbname=tp_5.0.5_new;host=127.0.0.1;port=3306;charset=utf8
[ sql ] [ SQL ] SHOW COLUMNS FROM `new_admin` [ RunTime:0.000000s ]
[ sql ] [ SQL ] SELECT * FROM `new_admin` WHERE  `id` = 1 LIMIT 1 [ RunTime:0.000000s ]
[ error ] [0]类的属性不存在:app\common\model\Admin->statu

---------------------------------------------------------------
[ 2018-05-11T08:52:06+08:00 ] [ sql ] [ DB ] CONNECT:[ UseTime:0.015600s ] mysql:dbname=tp_5.0.5_new;host=127.0.0.1;port=3306;charset=utf8
[ sql ] [ SQL ] SHOW COLUMNS FROM `new_admin` [ RunTime:0.000000s ]
[ sql ] [ SQL ] SELECT * FROM `new_admin` WHERE  `id` = 1 LIMIT 1 [ RunTime:0.000000s ]
[ error ] [404]

---------------------------------------------------------------
[ 2018-05-11T08:52:08+08:00 ] [ sql ] [ DB ] CONNECT:[ UseTime:0.011000s ] mysql:dbname=tp_5.0.5_new;host=127.0.0.1;port=3306;charset=utf8
[ sql ] [ SQL ] SHOW COLUMNS FROM `new_admin` [ RunTime:0.000000s ]
[ sql ] [ SQL ] SELECT * FROM `new_admin` WHERE  `id` = 1 LIMIT 1 [ RunTime:0.000000s ]
[ error ] [404]

---------------------------------------------------------------
[ 2018-05-11T08:52:33+08:00 ] [ sql ] [ DB ] CONNECT:[ UseTime:0.015600s ] mysql:dbname=tp_5.0.5_new;host=127.0.0.1;port=3306;charset=utf8
[ sql ] [ SQL ] SHOW COLUMNS FROM `new_admin` [ RunTime:0.000000s ]
[ sql ] [ SQL ] SELECT * FROM `new_admin` WHERE  `id` = 1 LIMIT 1 [ RunTime:0.000000s ]

---------------------------------------------------------------
[ 2018-05-11T08:53:07+08:00 ] [ sql ] [ DB ] CONNECT:[ UseTime:0.012000s ] mysql:dbname=tp_5.0.5_new;host=127.0.0.1;port=3306;charset=utf8
[ sql ] [ SQL ] SHOW COLUMNS FROM `new_admin` [ RunTime:0.001000s ]
[ sql ] [ SQL ] SELECT * FROM `new_admin` WHERE  `id` = 1 LIMIT 1 [ RunTime:0.001000s ]

---------------------------------------------------------------
[ 2018-05-11T08:53:10+08:00 ] [ sql ] [ DB ] CONNECT:[ UseTime:0.000000s ] mysql:dbname=tp_5.0.5_new;host=127.0.0.1;port=3306;charset=utf8
[ sql ] [ SQL ] SHOW COLUMNS FROM `new_admin` [ RunTime:0.000000s ]
[ sql ] [ SQL ] SELECT * FROM `new_admin` WHERE  `id` = 1 LIMIT 1 [ RunTime:0.000000s ]

---------------------------------------------------------------
[ 2018-05-11T08:53:23+08:00 ] [ sql ] [ DB ] CONNECT:[ UseTime:0.015600s ] mysql:dbname=tp_5.0.5_new;host=127.0.0.1;port=3306;charset=utf8
[ sql ] [ SQL ] SHOW COLUMNS FROM `new_admin` [ RunTime:0.000000s ]
[ sql ] [ SQL ] SELECT * FROM `new_admin` WHERE  `id` = 1 LIMIT 1 [ RunTime:0.000000s ]

---------------------------------------------------------------
[ 2018-05-11T08:53:24+08:00 ] [ sql ] [ DB ] CONNECT:[ UseTime:0.015600s ] mysql:dbname=tp_5.0.5_new;host=127.0.0.1;port=3306;charset=utf8
[ sql ] [ SQL ] SHOW COLUMNS FROM `new_admin` [ RunTime:0.000000s ]
[ sql ] [ SQL ] SELECT * FROM `new_admin` WHERE  `id` = 1 LIMIT 1 [ RunTime:0.000000s ]

---------------------------------------------------------------
[ 2018-05-11T08:53:48+08:00 ] [ sql ] [ DB ] CONNECT:[ UseTime:0.011000s ] mysql:dbname=tp_5.0.5_new;host=127.0.0.1;port=3306;charset=utf8
[ sql ] [ SQL ] SHOW COLUMNS FROM `new_admin` [ RunTime:0.001000s ]
[ sql ] [ SQL ] SELECT * FROM `new_admin` WHERE  `id` = 1 LIMIT 1 [ RunTime:0.001000s ]

---------------------------------------------------------------
[ 2018-05-11T08:53:51+08:00 ] [ sql ] [ DB ] CONNECT:[ UseTime:0.000000s ] mysql:dbname=tp_5.0.5_new;host=127.0.0.1;port=3306;charset=utf8
[ sql ] [ SQL ] SHOW COLUMNS FROM `new_admin` [ RunTime:0.015600s ]
[ sql ] [ SQL ] SELECT * FROM `new_admin` WHERE  `id` = 1 LIMIT 1 [ RunTime:0.000000s ]

---------------------------------------------------------------
[ 2018-05-11T08:54:16+08:00 ] [ sql ] [ DB ] CONNECT:[ UseTime:0.016601s ] mysql:dbname=tp_5.0.5_new;host=127.0.0.1;port=3306;charset=utf8
[ sql ] [ SQL ] SHOW COLUMNS FROM `new_admin` [ RunTime:0.001000s ]
[ sql ] [ SQL ] SELECT * FROM `new_admin` WHERE  `id` = 1 LIMIT 1 [ RunTime:0.000000s ]

---------------------------------------------------------------
[ 2018-05-11T08:54:19+08:00 ] [ sql ] [ DB ] CONNECT:[ UseTime:0.016601s ] mysql:dbname=tp_5.0.5_new;host=127.0.0.1;port=3306;charset=utf8
[ sql ] [ SQL ] SHOW COLUMNS FROM `new_admin` [ RunTime:0.001000s ]
[ sql ] [ SQL ] SELECT * FROM `new_admin` WHERE  `id` = 1 LIMIT 1 [ RunTime:0.000000s ]

---------------------------------------------------------------
[ 2018-05-11T08:55:16+08:00 ] [ sql ] [ DB ] CONNECT:[ UseTime:0.016600s ] mysql:dbname=tp_5.0.5_new;host=127.0.0.1;port=3306;charset=utf8
[ sql ] [ SQL ] SHOW COLUMNS FROM `new_admin` [ RunTime:0.001000s ]
[ sql ] [ SQL ] SELECT * FROM `new_admin` WHERE  `id` = 1 LIMIT 1 [ RunTime:0.000000s ]

---------------------------------------------------------------
[ 2018-05-11T08:55:17+08:00 ] [ sql ] [ DB ] CONNECT:[ UseTime:0.015600s ] mysql:dbname=tp_5.0.5_new;host=127.0.0.1;port=3306;charset=utf8
[ sql ] [ SQL ] SHOW COLUMNS FROM `new_admin` [ RunTime:0.000000s ]
[ sql ] [ SQL ] SELECT * FROM `new_admin` WHERE  `id` = 1 LIMIT 1 [ RunTime:0.000000s ]

---------------------------------------------------------------
[ 2018-05-11T08:55:29+08:00 ] [ sql ] [ DB ] CONNECT:[ UseTime:0.000000s ] mysql:dbname=tp_5.0.5_new;host=127.0.0.1;port=3306;charset=utf8
[ sql ] [ SQL ] SHOW COLUMNS FROM `new_admin` [ RunTime:0.000000s ]
[ sql ] [ SQL ] SELECT * FROM `new_admin` WHERE  `id` = 1 LIMIT 1 [ RunTime:0.000000s ]

---------------------------------------------------------------
[ 2018-05-11T08:55:30+08:00 ] [ sql ] [ DB ] CONNECT:[ UseTime:0.000000s ] mysql:dbname=tp_5.0.5_new;host=127.0.0.1;port=3306;charset=utf8
[ sql ] [ SQL ] SHOW COLUMNS FROM `new_admin` [ RunTime:0.000000s ]
[ sql ] [ SQL ] SELECT * FROM `new_admin` WHERE  `id` = 1 LIMIT 1 [ RunTime:0.000000s ]

---------------------------------------------------------------
[ 2018-05-11T08:55:51+08:00 ] [ sql ] [ DB ] CONNECT:[ UseTime:0.015600s ] mysql:dbname=tp_5.0.5_new;host=127.0.0.1;port=3306;charset=utf8
[ sql ] [ SQL ] SHOW COLUMNS FROM `new_admin` [ RunTime:0.000000s ]
[ sql ] [ SQL ] SELECT * FROM `new_admin` WHERE  `id` = 1 LIMIT 1 [ RunTime:0.000000s ]

---------------------------------------------------------------
[ 2018-05-11T08:56:11+08:00 ] [ sql ] [ DB ] CONNECT:[ UseTime:0.015600s ] mysql:dbname=tp_5.0.5_new;host=127.0.0.1;port=3306;charset=utf8
[ sql ] [ SQL ] SHOW COLUMNS FROM `new_admin` [ RunTime:0.000000s ]
[ sql ] [ SQL ] SELECT * FROM `new_admin` WHERE  `id` = 1 LIMIT 1 [ RunTime:0.000000s ]

---------------------------------------------------------------
[ 2018-05-11T08:56:57+08:00 ] [ sql ] [ DB ] CONNECT:[ UseTime:0.000000s ] mysql:dbname=tp_5.0.5_new;host=127.0.0.1;port=3306;charset=utf8
[ sql ] [ SQL ] SHOW COLUMNS FROM `new_admin` [ RunTime:0.000000s ]
[ sql ] [ SQL ] SELECT * FROM `new_admin` WHERE  `id` = 1 LIMIT 1 [ RunTime:0.000000s ]
[ error ] [0]类的属性不存在:app\common\model\Admin->statu

---------------------------------------------------------------
[ 2018-05-11T08:56:59+08:00 ] [ sql ] [ DB ] CONNECT:[ UseTime:0.015601s ] mysql:dbname=tp_5.0.5_new;host=127.0.0.1;port=3306;charset=utf8
[ sql ] [ SQL ] SHOW COLUMNS FROM `new_admin` [ RunTime:0.000000s ]
[ sql ] [ SQL ] SELECT * FROM `new_admin` WHERE  `id` = 1 LIMIT 1 [ RunTime:0.000000s ]
[ error ] [0]类的属性不存在:app\common\model\Admin->statu

---------------------------------------------------------------
[ 2018-05-11T08:57:18+08:00 ] [ sql ] [ DB ] CONNECT:[ UseTime:0.000000s ] mysql:dbname=tp_5.0.5_new;host=127.0.0.1;port=3306;charset=utf8
[ sql ] [ SQL ] SHOW COLUMNS FROM `new_admin` [ RunTime:0.000000s ]
[ sql ] [ SQL ] SELECT * FROM `new_admin` WHERE  `id` = 1 LIMIT 1 [ RunTime:0.015600s ]
[ error ] [0]类的属性不存在:app\common\model\Admin->statu

---------------------------------------------------------------
[ 2018-05-11T08:57:18+08:00 ] [ sql ] [ DB ] CONNECT:[ UseTime:0.000000s ] mysql:dbname=tp_5.0.5_new;host=127.0.0.1;port=3306;charset=utf8
[ sql ] [ SQL ] SHOW COLUMNS FROM `new_admin` [ RunTime:0.000000s ]
[ sql ] [ SQL ] SELECT * FROM `new_admin` WHERE  `id` = 1 LIMIT 1 [ RunTime:0.000000s ]
[ error ] [0]类的属性不存在:app\common\model\Admin->statu

---------------------------------------------------------------
[ 2018-05-11T08:57:19+08:00 ] [ sql ] [ DB ] CONNECT:[ UseTime:0.002000s ] mysql:dbname=tp_5.0.5_new;host=127.0.0.1;port=3306;charset=utf8
[ sql ] [ SQL ] SHOW COLUMNS FROM `new_admin` [ RunTime:0.001001s ]
[ sql ] [ SQL ] SELECT * FROM `new_admin` WHERE  `id` = 1 LIMIT 1 [ RunTime:0.001000s ]
[ error ] [0]类的属性不存在:app\common\model\Admin->statu

---------------------------------------------------------------
[ 2018-05-11T08:57:43+08:00 ] [ sql ] [ DB ] CONNECT:[ UseTime:0.015600s ] mysql:dbname=tp_5.0.5_new;host=127.0.0.1;port=3306;charset=utf8
[ sql ] [ SQL ] SHOW COLUMNS FROM `new_admin` [ RunTime:0.000000s ]
[ sql ] [ SQL ] SELECT * FROM `new_admin` WHERE  `id` = 1 LIMIT 1 [ RunTime:0.000000s ]
[ error ] [0]类的属性不存在:app\common\model\Admin->statu

---------------------------------------------------------------
[ 2018-05-11T08:58:19+08:00 ] [ sql ] [ DB ] CONNECT:[ UseTime:0.015600s ] mysql:dbname=tp_5.0.5_new;host=127.0.0.1;port=3306;charset=utf8
[ sql ] [ SQL ] SHOW COLUMNS FROM `new_admin` [ RunTime:0.000000s ]
[ sql ] [ SQL ] SELECT * FROM `new_admin` WHERE  `id` = 1 LIMIT 1 [ RunTime:0.000000s ]

---------------------------------------------------------------
[ 2018-05-11T08:58:21+08:00 ] [ sql ] [ DB ] CONNECT:[ UseTime:0.015600s ] mysql:dbname=tp_5.0.5_new;host=127.0.0.1;port=3306;charset=utf8
[ sql ] [ SQL ] SHOW COLUMNS FROM `new_admin` [ RunTime:0.000000s ]
[ sql ] [ SQL ] SELECT * FROM `new_admin` WHERE  `id` = 1 LIMIT 1 [ RunTime:0.000000s ]

---------------------------------------------------------------
[ 2018-05-11T08:58:34+08:00 ] [ sql ] [ DB ] CONNECT:[ UseTime:0.015600s ] mysql:dbname=tp_5.0.5_new;host=127.0.0.1;port=3306;charset=utf8
[ sql ] [ SQL ] SHOW COLUMNS FROM `new_admin` [ RunTime:0.000000s ]
[ sql ] [ SQL ] SELECT * FROM `new_admin` WHERE  `id` = 1 LIMIT 1 [ RunTime:0.000000s ]
[ sql ] [ SQL ] UPDATE `new_admin`  SET `status`=1  WHERE  `id` = 1 [ RunTime:0.000000s ]

---------------------------------------------------------------
[ 2018-05-11T08:58:35+08:00 ] [ sql ] [ DB ] CONNECT:[ UseTime:0.015600s ] mysql:dbname=tp_5.0.5_new;host=127.0.0.1;port=3306;charset=utf8
[ sql ] [ SQL ] SHOW COLUMNS FROM `new_admin` [ RunTime:0.000000s ]
[ sql ] [ SQL ] SELECT * FROM `new_admin` WHERE  `id` = 1 LIMIT 1 [ RunTime:0.000000s ]
[ sql ] [ SQL ] UPDATE `new_admin`  SET `status`=0  WHERE  `id` = 1 [ RunTime:0.000000s ]

---------------------------------------------------------------
[ 2018-05-11T08:58:54+08:00 ] [ sql ] [ DB ] CONNECT:[ UseTime:0.015600s ] mysql:dbname=tp_5.0.5_new;host=127.0.0.1;port=3306;charset=utf8
[ sql ] [ SQL ] SHOW COLUMNS FROM `new_admin` [ RunTime:0.000000s ]
[ sql ] [ SQL ] SELECT * FROM `new_admin` WHERE  `id` = 100 LIMIT 1 [ RunTime:0.015600s ]

---------------------------------------------------------------
[ 2018-05-11T08:58:56+08:00 ] [ sql ] [ DB ] CONNECT:[ UseTime:0.015600s ] mysql:dbname=tp_5.0.5_new;host=127.0.0.1;port=3306;charset=utf8
[ sql ] [ SQL ] SHOW COLUMNS FROM `new_admin` [ RunTime:0.000000s ]
[ sql ] [ SQL ] SELECT * FROM `new_admin` WHERE  `id` = 100 LIMIT 1 [ RunTime:0.000000s ]

---------------------------------------------------------------
[ 2018-05-11T09:01:37+08:00 ] [ sql ] [ DB ] CONNECT:[ UseTime:0.015600s ] mysql:dbname=tp_5.0.5_new;host=127.0.0.1;port=3306;charset=utf8
[ sql ] [ SQL ] SHOW COLUMNS FROM `new_admin` [ RunTime:0.000000s ]
[ sql ] [ SQL ] SELECT * FROM `new_admin` WHERE  `id` = 1 LIMIT 1 [ RunTime:0.000000s ]
[ sql ] [ SQL ] UPDATE `new_admin`  SET `status`=1  WHERE  `id` = 1 [ RunTime:0.000000s ]

---------------------------------------------------------------
[ 2018-05-11T09:01:45+08:00 ] [ sql ] [ DB ] CONNECT:[ UseTime:0.015600s ] mysql:dbname=tp_5.0.5_new;host=127.0.0.1;port=3306;charset=utf8
[ sql ] [ SQL ] SHOW COLUMNS FROM `new_admin` [ RunTime:0.000000s ]
[ sql ] [ SQL ] SELECT * FROM `new_admin` WHERE  `id` = 1 LIMIT 1 [ RunTime:0.000000s ]

---------------------------------------------------------------
[ 2018-05-11T09:01:46+08:00 ] [ sql ] [ DB ] CONNECT:[ UseTime:0.015600s ] mysql:dbname=tp_5.0.5_new;host=127.0.0.1;port=3306;charset=utf8
[ sql ] [ SQL ] SHOW COLUMNS FROM `new_admin` [ RunTime:0.000000s ]
[ sql ] [ SQL ] SELECT * FROM `new_admin` WHERE  `id` = 1 LIMIT 1 [ RunTime:0.000000s ]

---------------------------------------------------------------
[ 2018-05-11T09:03:44+08:00 ] [ sql ] [ DB ] CONNECT:[ UseTime:0.015600s ] mysql:dbname=tp_5.0.5_new;host=127.0.0.1;port=3306;charset=utf8
[ sql ] [ SQL ] SHOW COLUMNS FROM `new_admin` [ RunTime:0.000000s ]
[ sql ] [ SQL ] SELECT * FROM `new_admin` WHERE  `id` = 1 LIMIT 1 [ RunTime:0.000000s ]
[ sql ] [ SQL ] UPDATE `new_admin`  SET `status`=0  WHERE  `id` = 1 [ RunTime:0.000000s ]

---------------------------------------------------------------
[ 2018-05-11T09:03:45+08:00 ] [ sql ] [ DB ] CONNECT:[ UseTime:0.015600s ] mysql:dbname=tp_5.0.5_new;host=127.0.0.1;port=3306;charset=utf8
[ sql ] [ SQL ] SHOW COLUMNS FROM `new_admin` [ RunTime:0.000000s ]
[ sql ] [ SQL ] SELECT * FROM `new_admin` WHERE  `id` = 1 LIMIT 1 [ RunTime:0.000000s ]
[ sql ] [ SQL ] UPDATE `new_admin`  SET `status`=1  WHERE  `id` = 1 [ RunTime:0.015600s ]

---------------------------------------------------------------
[ 2018-05-11T09:08:26+08:00 ] [ sql ] [ DB ] CONNECT:[ UseTime:0.000000s ] mysql:dbname=tp_5.0.5_new;host=127.0.0.1;port=3306;charset=utf8
[ sql ] [ SQL ] SHOW COLUMNS FROM `new_admin` [ RunTime:0.015600s ]
[ sql ] [ SQL ] SELECT * FROM `new_admin` WHERE  `id` = 1 LIMIT 1 [ RunTime:0.000000s ]
[ sql ] [ SQL ] UPDATE `new_admin`  SET `status`=0  WHERE  `id` = 1 [ RunTime:0.000000s ]

---------------------------------------------------------------
[ 2018-05-11T09:08:42+08:00 ] [ sql ] [ DB ] CONNECT:[ UseTime:0.016601s ] mysql:dbname=tp_5.0.5_new;host=127.0.0.1;port=3306;charset=utf8
[ sql ] [ SQL ] SHOW COLUMNS FROM `new_admin` [ RunTime:0.000000s ]
[ sql ] [ SQL ] SELECT * FROM `new_admin` WHERE  `id` = 1 LIMIT 1 [ RunTime:0.000000s ]
[ sql ] [ SQL ] UPDATE `new_admin`  SET `status`=1  WHERE  `id` = 1 [ RunTime:0.000000s ]
[ error ] [0]类型错误: Argument 3 passed to api() must be of the type array, object given, called in F:\phpStudy-2018\PHPTutorial\WWW\TP_5.0.5\application\api\controller\Test.php on line 89

---------------------------------------------------------------
[ 2018-05-11T09:08:44+08:00 ] [ sql ] [ DB ] CONNECT:[ UseTime:0.015600s ] mysql:dbname=tp_5.0.5_new;host=127.0.0.1;port=3306;charset=utf8
[ sql ] [ SQL ] SHOW COLUMNS FROM `new_admin` [ RunTime:0.000000s ]
[ sql ] [ SQL ] SELECT * FROM `new_admin` WHERE  `id` = 1 LIMIT 1 [ RunTime:0.000000s ]
[ sql ] [ SQL ] UPDATE `new_admin`  SET `status`=0  WHERE  `id` = 1 [ RunTime:0.000000s ]
[ error ] [0]类型错误: Argument 3 passed to api() must be of the type array, object given, called in F:\phpStudy-2018\PHPTutorial\WWW\TP_5.0.5\application\api\controller\Test.php on line 89

---------------------------------------------------------------
[ 2018-05-11T09:09:09+08:00 ] [ sql ] [ DB ] CONNECT:[ UseTime:0.015600s ] mysql:dbname=tp_5.0.5_new;host=127.0.0.1;port=3306;charset=utf8
[ sql ] [ SQL ] SHOW COLUMNS FROM `new_admin` [ RunTime:0.000000s ]
[ sql ] [ SQL ] SELECT * FROM `new_admin` WHERE  `id` = 1 LIMIT 1 [ RunTime:0.000000s ]

---------------------------------------------------------------
[ 2018-05-11T09:09:11+08:00 ] [ sql ] [ DB ] CONNECT:[ UseTime:0.015600s ] mysql:dbname=tp_5.0.5_new;host=127.0.0.1;port=3306;charset=utf8
[ sql ] [ SQL ] SHOW COLUMNS FROM `new_admin` [ RunTime:0.000000s ]
[ sql ] [ SQL ] SELECT * FROM `new_admin` WHERE  `id` = 1 LIMIT 1 [ RunTime:0.000000s ]

---------------------------------------------------------------
[ 2018-05-11T09:12:48+08:00 ] [ sql ] [ DB ] CONNECT:[ UseTime:0.015600s ] mysql:dbname=tp_5.0.5_new;host=127.0.0.1;port=3306;charset=utf8
[ sql ] [ SQL ] SHOW COLUMNS FROM `new_admin` [ RunTime:0.000000s ]
[ sql ] [ SQL ] SELECT * FROM `new_admin` WHERE  `id` = 1 LIMIT 1 [ RunTime:0.000000s ]
[ sql ] [ SQL ] UPDATE `new_admin`  SET `status`=1  WHERE  `id` = 1 [ RunTime:0.000000s ]

---------------------------------------------------------------
[ 2018-05-11T10:21:13+08:00 ] [ sql ] [ DB ] CONNECT:[ UseTime:0.175010s ] mysql:dbname=tp_5.0.5_new;host=127.0.0.1;port=3306;charset=utf8
[ sql ] [ SQL ] SHOW COLUMNS FROM `new_admin` [ RunTime:0.242013s ]
[ sql ] [ SQL ] SELECT * FROM `new_admin` [ RunTime:0.020002s ]

---------------------------------------------------------------
[ 2018-05-11T10:22:25+08:00 ] [ sql ] [ DB ] CONNECT:[ UseTime:0.003001s ] mysql:dbname=tp_5.0.5_new;host=127.0.0.1;port=3306;charset=utf8
[ sql ] [ SQL ] SHOW COLUMNS FROM `new_admin` [ RunTime:0.001000s ]
[ sql ] [ SQL ] SELECT * FROM `new_admin` [ RunTime:0.000000s ]

---------------------------------------------------------------
[ 2018-05-11T14:25:34+08:00 ] [ sql ] [ DB ] CONNECT:[ UseTime:0.017001s ] mysql:dbname=tp_5.0.5_new;host=127.0.0.1;port=3306;charset=utf8
[ sql ] [ SQL ] SHOW COLUMNS FROM `new_admin` [ RunTime:0.007000s ]
[ sql ] [ SQL ] SELECT * FROM `new_admin` WHERE  `username` = 'admin' LIMIT 1 [ RunTime:0.087005s ]
[ sql ] [ SQL ] SELECT * FROM `new_admin` WHERE  `username` = 'admin'  AND `password` = 'ae26ee2b1583b607b0008b8e6131b149' LIMIT 1 [ RunTime:0.015001s ]
[ sql ] [ SQL ] UPDATE `new_admin`  SET `lastlogin`=1526019934  WHERE  `id` = 1 [ RunTime:0.083005s ]

---------------------------------------------------------------
[ 2018-05-11T14:25:37+08:00 ] [ sql ] [ DB ] CONNECT:[ UseTime:0.012000s ] mysql:dbname=tp_5.0.5_new;host=127.0.0.1;port=3306;charset=utf8
[ sql ] [ SQL ] SHOW COLUMNS FROM `new_admin` [ RunTime:0.006001s ]
[ sql ] [ SQL ] SELECT * FROM `new_admin` WHERE  `id` = 1 LIMIT 1 [ RunTime:0.017001s ]
[ sql ] [ SQL ] SHOW COLUMNS FROM `new_order` [ RunTime:0.114006s ]
[ sql ] [ SQL ] SELECT COUNT(*) AS tp_count FROM `new_order` LIMIT 1 [ RunTime:0.036002s ]
[ sql ] [ SQL ] SHOW COLUMNS FROM `new_mail_admin` [ RunTime:0.052003s ]
[ sql ] [ SQL ] SELECT COUNT(*) AS tp_count FROM `new_mail_admin` WHERE  `receiveid` = 1  AND `status` = 1 LIMIT 1 [ RunTime:0.002000s ]

---------------------------------------------------------------
[ 2018-05-11T14:25:46+08:00 ] [ sql ] [ DB ] CONNECT:[ UseTime:0.012001s ] mysql:dbname=tp_5.0.5_new;host=127.0.0.1;port=3306;charset=utf8
[ sql ] [ SQL ] SHOW COLUMNS FROM `new_admin` [ RunTime:0.004000s ]
[ sql ] [ SQL ] SELECT * FROM `new_admin` WHERE  `id` = 1 LIMIT 1 [ RunTime:0.000000s ]
[ sql ] [ SQL ] SHOW COLUMNS FROM `new_order` [ RunTime:0.002000s ]
[ sql ] [ SQL ] SELECT COUNT(*) AS tp_count FROM `new_order` LIMIT 1 [ RunTime:0.001000s ]
[ sql ] [ SQL ] SHOW COLUMNS FROM `new_mail_admin` [ RunTime:0.005001s ]
[ sql ] [ SQL ] SELECT COUNT(*) AS tp_count FROM `new_mail_admin` WHERE  `receiveid` = 1  AND `status` = 1 LIMIT 1 [ RunTime:0.000000s ]
[ sql ] [ SQL ] SELECT COUNT(*) AS tp_count FROM `new_order` LIMIT 1 [ RunTime:0.000000s ]
[ sql ] [ SQL ] SELECT * FROM `new_order` LIMIT 0,10 [ RunTime:0.001000s ]
[ sql ] [ SQL ] SHOW COLUMNS FROM `new_order_status` [ RunTime:0.052003s ]
[ sql ] [ SQL ] SELECT * FROM `new_order_status` WHERE  `id` IN (1,6,5,5,5,1,2,3,3,3) [ RunTime:0.023002s ]
[ sql ] [ SQL ] SHOW COLUMNS FROM `new_user` [ RunTime:0.047002s ]
[ sql ] [ SQL ] SELECT * FROM `new_user` WHERE  `id` IN (6,6,8,8,8,11,35,35,35,35) [ RunTime:0.010001s ]
[ sql ] [ SQL ] SELECT * FROM `new_order_status` WHERE  `id` = 1 LIMIT 1 [ RunTime:0.000000s ]
[ sql ] [ SQL ] SELECT * FROM `new_order_status` WHERE  `id` = 6 LIMIT 1 [ RunTime:0.000000s ]
[ sql ] [ SQL ] SELECT * FROM `new_order_status` WHERE  `id` = 5 LIMIT 1 [ RunTime:0.001000s ]
[ sql ] [ SQL ] SELECT * FROM `new_order_status` WHERE  `id` = 5 LIMIT 1 [ RunTime:0.000000s ]
[ sql ] [ SQL ] SELECT * FROM `new_order_status` WHERE  `id` = 5 LIMIT 1 [ RunTime:0.001000s ]
[ sql ] [ SQL ] SELECT * FROM `new_order_status` WHERE  `id` = 1 LIMIT 1 [ RunTime:0.000000s ]
[ sql ] [ SQL ] SELECT * FROM `new_order_status` WHERE  `id` = 2 LIMIT 1 [ RunTime:0.000000s ]
[ sql ] [ SQL ] SELECT * FROM `new_order_status` WHERE  `id` = 3 LIMIT 1 [ RunTime:0.000000s ]
[ sql ] [ SQL ] SELECT * FROM `new_order_status` WHERE  `id` = 3 LIMIT 1 [ RunTime:0.000000s ]
[ sql ] [ SQL ] SELECT * FROM `new_order_status` WHERE  `id` = 3 LIMIT 1 [ RunTime:0.001000s ]

---------------------------------------------------------------
[ 2018-05-11T14:25:49+08:00 ] [ sql ] [ DB ] CONNECT:[ UseTime:0.012001s ] mysql:dbname=tp_5.0.5_new;host=127.0.0.1;port=3306;charset=utf8
[ sql ] [ SQL ] SHOW COLUMNS FROM `new_admin` [ RunTime:0.003000s ]
[ sql ] [ SQL ] SELECT * FROM `new_admin` WHERE  `id` = 1 LIMIT 1 [ RunTime:0.001000s ]
[ sql ] [ SQL ] SHOW COLUMNS FROM `new_order` [ RunTime:0.002001s ]
[ sql ] [ SQL ] SELECT COUNT(*) AS tp_count FROM `new_order` LIMIT 1 [ RunTime:0.000000s ]
[ sql ] [ SQL ] SHOW COLUMNS FROM `new_mail_admin` [ RunTime:0.002000s ]
[ sql ] [ SQL ] SELECT COUNT(*) AS tp_count FROM `new_mail_admin` WHERE  `receiveid` = 1  AND `status` = 1 LIMIT 1 [ RunTime:0.000000s ]
[ sql ] [ SQL ] SELECT * FROM `new_order` [ RunTime:0.001000s ]
[ sql ] [ SQL ] SHOW COLUMNS FROM `new_order_status` [ RunTime:0.002000s ]
[ sql ] [ SQL ] SELECT * FROM `new_order_status` WHERE  `id` IN (1,6,5,5,5,1,2,3,3,3,1,2,2,5,1,1,1,1,5,1,5,2,3,3,5,1,2,2,2,3,6,4,4,1,3,1,4) [ RunTime:0.001000s ]
[ sql ] [ SQL ] SELECT * FROM `new_order_status` WHERE  `id` = 1 LIMIT 1 [ RunTime:0.001000s ]
[ sql ] [ SQL ] SELECT * FROM `new_order_status` WHERE  `id` = 6 LIMIT 1 [ RunTime:0.001000s ]
[ sql ] [ SQL ] SELECT * FROM `new_order_status` WHERE  `id` = 5 LIMIT 1 [ RunTime:0.001000s ]
[ sql ] [ SQL ] SELECT * FROM `new_order_status` WHERE  `id` = 5 LIMIT 1 [ RunTime:0.001000s ]
[ sql ] [ SQL ] SELECT * FROM `new_order_status` WHERE  `id` = 5 LIMIT 1 [ RunTime:0.001000s ]
[ sql ] [ SQL ] SELECT * FROM `new_order_status` WHERE  `id` = 1 LIMIT 1 [ RunTime:0.000000s ]
[ sql ] [ SQL ] SELECT * FROM `new_order_status` WHERE  `id` = 2 LIMIT 1 [ RunTime:0.000000s ]
[ sql ] [ SQL ] SELECT * FROM `new_order_status` WHERE  `id` = 3 LIMIT 1 [ RunTime:0.000000s ]
[ sql ] [ SQL ] SELECT * FROM `new_order_status` WHERE  `id` = 3 LIMIT 1 [ RunTime:0.000000s ]
[ sql ] [ SQL ] SELECT * FROM `new_order_status` WHERE  `id` = 3 LIMIT 1 [ RunTime:0.001000s ]
[ sql ] [ SQL ] SELECT * FROM `new_order_status` WHERE  `id` = 1 LIMIT 1 [ RunTime:0.001000s ]
[ sql ] [ SQL ] SELECT * FROM `new_order_status` WHERE  `id` = 2 LIMIT 1 [ RunTime:0.001001s ]
[ sql ] [ SQL ] SELECT * FROM `new_order_status` WHERE  `id` = 2 LIMIT 1 [ RunTime:0.000000s ]
[ sql ] [ SQL ] SELECT * FROM `new_order_status` WHERE  `id` = 5 LIMIT 1 [ RunTime:0.000000s ]
[ sql ] [ SQL ] SELECT * FROM `new_order_status` WHERE  `id` = 1 LIMIT 1 [ RunTime:0.000000s ]
[ sql ] [ SQL ] SELECT * FROM `new_order_status` WHERE  `id` = 1 LIMIT 1 [ RunTime:0.000000s ]
[ sql ] [ SQL ] SELECT * FROM `new_order_status` WHERE  `id` = 1 LIMIT 1 [ RunTime:0.000000s ]
[ sql ] [ SQL ] SELECT * FROM `new_order_status` WHERE  `id` = 1 LIMIT 1 [ RunTime:0.000000s ]
[ sql ] [ SQL ] SELECT * FROM `new_order_status` WHERE  `id` = 5 LIMIT 1 [ RunTime:0.001000s ]
[ sql ] [ SQL ] SELECT * FROM `new_order_status` WHERE  `id` = 1 LIMIT 1 [ RunTime:0.001000s ]
[ sql ] [ SQL ] SELECT * FROM `new_order_status` WHERE  `id` = 5 LIMIT 1 [ RunTime:0.001000s ]
[ sql ] [ SQL ] SELECT * FROM `new_order_status` WHERE  `id` = 2 LIMIT 1 [ RunTime:0.000000s ]
[ sql ] [ SQL ] SELECT * FROM `new_order_status` WHERE  `id` = 3 LIMIT 1 [ RunTime:0.000000s ]
[ sql ] [ SQL ] SELECT * FROM `new_order_status` WHERE  `id` = 3 LIMIT 1 [ RunTime:0.000000s ]
[ sql ] [ SQL ] SELECT * FROM `new_order_status` WHERE  `id` = 5 LIMIT 1 [ RunTime:0.001000s ]
[ sql ] [ SQL ] SELECT * FROM `new_order_status` WHERE  `id` = 1 LIMIT 1 [ RunTime:0.001000s ]
[ sql ] [ SQL ] SELECT * FROM `new_order_status` WHERE  `id` = 2 LIMIT 1 [ RunTime:0.001000s ]
[ sql ] [ SQL ] SELECT * FROM `new_order_status` WHERE  `id` = 2 LIMIT 1 [ RunTime:0.000000s ]
[ sql ] [ SQL ] SELECT * FROM `new_order_status` WHERE  `id` = 2 LIMIT 1 [ RunTime:0.001000s ]
[ sql ] [ SQL ] SELECT * FROM `new_order_status` WHERE  `id` = 3 LIMIT 1 [ RunTime:0.000000s ]
[ sql ] [ SQL ] SELECT * FROM `new_order_status` WHERE  `id` = 6 LIMIT 1 [ RunTime:0.000000s ]
[ sql ] [ SQL ] SELECT * FROM `new_order_status` WHERE  `id` = 4 LIMIT 1 [ RunTime:0.000000s ]
[ sql ] [ SQL ] SELECT * FROM `new_order_status` WHERE  `id` = 4 LIMIT 1 [ RunTime:0.000000s ]
[ sql ] [ SQL ] SELECT * FROM `new_order_status` WHERE  `id` = 1 LIMIT 1 [ RunTime:0.000000s ]
[ sql ] [ SQL ] SELECT * FROM `new_order_status` WHERE  `id` = 3 LIMIT 1 [ RunTime:0.000000s ]
[ sql ] [ SQL ] SELECT * FROM `new_order_status` WHERE  `id` = 1 LIMIT 1 [ RunTime:0.001001s ]
[ sql ] [ SQL ] SELECT * FROM `new_order_status` WHERE  `id` = 4 LIMIT 1 [ RunTime:0.000000s ]

---------------------------------------------------------------
[ 2018-05-11T15:26:13+08:00 ] [ sql ] [ DB ] CONNECT:[ UseTime:0.037002s ] mysql:dbname=tp_5.0.5_new;host=127.0.0.1;port=3306;charset=utf8
[ sql ] [ SQL ] SHOW COLUMNS FROM `new_admin` [ RunTime:0.092005s ]
[ sql ] [ SQL ] SELECT * FROM `new_admin` WHERE  `id` = 1 LIMIT 1 [ RunTime:0.002000s ]
[ sql ] [ SQL ] UPDATE `new_admin`  SET `status`=0  WHERE  `id` = 1 [ RunTime:0.002000s ]

---------------------------------------------------------------
[ 2018-05-11T15:26:15+08:00 ] [ sql ] [ DB ] CONNECT:[ UseTime:0.011000s ] mysql:dbname=tp_5.0.5_new;host=127.0.0.1;port=3306;charset=utf8
[ sql ] [ SQL ] SHOW COLUMNS FROM `new_admin` [ RunTime:0.002000s ]
[ sql ] [ SQL ] SELECT * FROM `new_admin` WHERE  `id` = 1 LIMIT 1 [ RunTime:0.001000s ]
[ sql ] [ SQL ] UPDATE `new_admin`  SET `status`=1  WHERE  `id` = 1 [ RunTime:0.001000s ]

---------------------------------------------------------------
[ 2018-05-11T15:26:22+08:00 ] [ sql ] [ DB ] CONNECT:[ UseTime:0.011001s ] mysql:dbname=tp_5.0.5_new;host=127.0.0.1;port=3306;charset=utf8
[ sql ] [ SQL ] SHOW COLUMNS FROM `new_admin` [ RunTime:0.002000s ]
[ sql ] [ SQL ] SELECT * FROM `new_admin` WHERE  `id` = 1 LIMIT 1 [ RunTime:0.001000s ]
[ error ] [0]类的属性不存在:app\common\model\Admin->statuss

---------------------------------------------------------------
[ 2018-05-11T15:26:25+08:00 ] [ sql ] [ DB ] CONNECT:[ UseTime:0.011001s ] mysql:dbname=tp_5.0.5_new;host=127.0.0.1;port=3306;charset=utf8
[ sql ] [ SQL ] SHOW COLUMNS FROM `new_admin` [ RunTime:0.002000s ]
[ sql ] [ SQL ] SELECT * FROM `new_admin` WHERE  `id` = 1 LIMIT 1 [ RunTime:0.001000s ]
[ error ] [0]类的属性不存在:app\common\model\Admin->statuss

---------------------------------------------------------------
[ 2018-05-11T15:26:26+08:00 ] [ sql ] [ DB ] CONNECT:[ UseTime:0.012000s ] mysql:dbname=tp_5.0.5_new;host=127.0.0.1;port=3306;charset=utf8
[ sql ] [ SQL ] SHOW COLUMNS FROM `new_admin` [ RunTime:0.002001s ]
[ sql ] [ SQL ] SELECT * FROM `new_admin` WHERE  `id` = 1 LIMIT 1 [ RunTime:0.001000s ]
[ error ] [0]类的属性不存在:app\common\model\Admin->statuss

---------------------------------------------------------------
[ 2018-05-11T15:26:45+08:00 ] [ sql ] [ DB ] CONNECT:[ UseTime:0.003000s ] mysql:dbname=tp_5.0.5_new;host=127.0.0.1;port=3306;charset=utf8
[ sql ] [ SQL ] SHOW COLUMNS FROM `new_admin` [ RunTime:0.002000s ]
[ sql ] [ SQL ] SELECT * FROM `new_admin` WHERE  `id` = 1 LIMIT 1 [ RunTime:0.001000s ]
[ error ] [0]类的属性不存在:app\common\model\Admin->statuss

---------------------------------------------------------------
[ 2018-05-11T15:26:46+08:00 ] [ sql ] [ DB ] CONNECT:[ UseTime:0.002000s ] mysql:dbname=tp_5.0.5_new;host=127.0.0.1;port=3306;charset=utf8
[ sql ] [ SQL ] SHOW COLUMNS FROM `new_admin` [ RunTime:0.002000s ]
[ sql ] [ SQL ] SELECT * FROM `new_admin` WHERE  `id` = 1 LIMIT 1 [ RunTime:0.000000s ]
[ error ] [0]类的属性不存在:app\common\model\Admin->statuss

---------------------------------------------------------------
[ 2018-05-11T15:27:08+08:00 ] [ sql ] [ DB ] CONNECT:[ UseTime:0.003000s ] mysql:dbname=tp_5.0.5_new;host=127.0.0.1;port=3306;charset=utf8
[ sql ] [ SQL ] SHOW COLUMNS FROM `new_admin` [ RunTime:0.002000s ]
[ sql ] [ SQL ] SELECT * FROM `new_admin` WHERE  `id` = 1 LIMIT 1 [ RunTime:0.001000s ]
[ error ] [0]类的属性不存在:app\common\model\Admin->statuss

---------------------------------------------------------------
[ 2018-05-11T15:27:09+08:00 ] [ sql ] [ DB ] CONNECT:[ UseTime:0.011001s ] mysql:dbname=tp_5.0.5_new;host=127.0.0.1;port=3306;charset=utf8
[ sql ] [ SQL ] SHOW COLUMNS FROM `new_admin` [ RunTime:0.002000s ]
[ sql ] [ SQL ] SELECT * FROM `new_admin` WHERE  `id` = 1 LIMIT 1 [ RunTime:0.001000s ]
[ error ] [0]类的属性不存在:app\common\model\Admin->statuss

---------------------------------------------------------------
[ 2018-05-11T15:27:41+08:00 ] [ sql ] [ DB ] CONNECT:[ UseTime:0.011001s ] mysql:dbname=tp_5.0.5_new;host=127.0.0.1;port=3306;charset=utf8
[ sql ] [ SQL ] SHOW COLUMNS FROM `new_admin` [ RunTime:0.002000s ]
[ sql ] [ SQL ] SELECT * FROM `new_admin` WHERE  `id` = 1 LIMIT 1 [ RunTime:0.001000s ]
[ error ] [0]类的属性不存在:app\common\model\Admin->statuss

---------------------------------------------------------------
[ 2018-05-11T15:27:42+08:00 ] [ sql ] [ DB ] CONNECT:[ UseTime:0.012000s ] mysql:dbname=tp_5.0.5_new;host=127.0.0.1;port=3306;charset=utf8
[ sql ] [ SQL ] SHOW COLUMNS FROM `new_admin` [ RunTime:0.002000s ]
[ sql ] [ SQL ] SELECT * FROM `new_admin` WHERE  `id` = 1 LIMIT 1 [ RunTime:0.001001s ]
[ error ] [0]类的属性不存在:app\common\model\Admin->statuss

---------------------------------------------------------------
[ 2018-05-11T15:27:42+08:00 ] [ sql ] [ DB ] CONNECT:[ UseTime:0.011001s ] mysql:dbname=tp_5.0.5_new;host=127.0.0.1;port=3306;charset=utf8
[ sql ] [ SQL ] SHOW COLUMNS FROM `new_admin` [ RunTime:0.002000s ]
[ sql ] [ SQL ] SELECT * FROM `new_admin` WHERE  `id` = 1 LIMIT 1 [ RunTime:0.001000s ]
[ error ] [0]类的属性不存在:app\common\model\Admin->statuss

---------------------------------------------------------------
[ 2018-05-11T15:27:43+08:00 ] [ sql ] [ DB ] CONNECT:[ UseTime:0.012000s ] mysql:dbname=tp_5.0.5_new;host=127.0.0.1;port=3306;charset=utf8
[ sql ] [ SQL ] SHOW COLUMNS FROM `new_admin` [ RunTime:0.002000s ]
[ sql ] [ SQL ] SELECT * FROM `new_admin` WHERE  `id` = 1 LIMIT 1 [ RunTime:0.000000s ]
[ error ] [0]类的属性不存在:app\common\model\Admin->statuss

---------------------------------------------------------------
[ 2018-05-11T15:28:39+08:00 ] [ sql ] [ DB ] CONNECT:[ UseTime:0.012001s ] mysql:dbname=tp_5.0.5_new;host=127.0.0.1;port=3306;charset=utf8
[ sql ] [ SQL ] SHOW COLUMNS FROM `new_admin` [ RunTime:0.002000s ]
[ sql ] [ SQL ] SELECT * FROM `new_admin` WHERE  `id` = 1 LIMIT 1 [ RunTime:0.001000s ]
[ error ] [0]类的属性不存在:app\common\model\Admin->statuss

---------------------------------------------------------------
[ 2018-05-11T15:28:40+08:00 ] [ sql ] [ DB ] CONNECT:[ UseTime:0.011001s ] mysql:dbname=tp_5.0.5_new;host=127.0.0.1;port=3306;charset=utf8
[ sql ] [ SQL ] SHOW COLUMNS FROM `new_admin` [ RunTime:0.002000s ]
[ sql ] [ SQL ] SELECT * FROM `new_admin` WHERE  `id` = 1 LIMIT 1 [ RunTime:0.001000s ]
[ error ] [0]类的属性不存在:app\common\model\Admin->statuss

---------------------------------------------------------------
[ 2018-05-11T15:29:17+08:00 ] [ sql ] [ DB ] CONNECT:[ UseTime:0.011001s ] mysql:dbname=tp_5.0.5_new;host=127.0.0.1;port=3306;charset=utf8
[ sql ] [ SQL ] SHOW COLUMNS FROM `new_admin` [ RunTime:0.002000s ]
[ sql ] [ SQL ] SELECT * FROM `new_admin` WHERE  `id` = 1 LIMIT 1 [ RunTime:0.001000s ]
[ error ] [0]类的属性不存在:app\common\model\Admin->statuss

---------------------------------------------------------------
[ 2018-05-11T15:29:19+08:00 ] [ sql ] [ DB ] CONNECT:[ UseTime:0.003000s ] mysql:dbname=tp_5.0.5_new;host=127.0.0.1;port=3306;charset=utf8
[ sql ] [ SQL ] SHOW COLUMNS FROM `new_admin` [ RunTime:0.001000s ]
[ sql ] [ SQL ] SELECT * FROM `new_admin` WHERE  `id` = 1 LIMIT 1 [ RunTime:0.001000s ]
[ error ] [0]类的属性不存在:app\common\model\Admin->statuss

---------------------------------------------------------------
[ 2018-05-11T15:29:21+08:00 ] [ sql ] [ DB ] CONNECT:[ UseTime:0.011000s ] mysql:dbname=tp_5.0.5_new;host=127.0.0.1;port=3306;charset=utf8
[ sql ] [ SQL ] SHOW COLUMNS FROM `new_admin` [ RunTime:0.001000s ]
[ sql ] [ SQL ] SELECT * FROM `new_admin` WHERE  `id` = 1 LIMIT 1 [ RunTime:0.001000s ]
[ error ] [0]类的属性不存在:app\common\model\Admin->statuss

---------------------------------------------------------------
[ 2018-05-11T15:29:28+08:00 ] [ sql ] [ DB ] CONNECT:[ UseTime:0.011001s ] mysql:dbname=tp_5.0.5_new;host=127.0.0.1;port=3306;charset=utf8
[ sql ] [ SQL ] SHOW COLUMNS FROM `new_admin` [ RunTime:0.001000s ]
[ sql ] [ SQL ] SELECT * FROM `new_admin` WHERE  `id` = 1 LIMIT 1 [ RunTime:0.001000s ]
[ error ] [0]类的属性不存在:app\common\model\Admin->statuss

---------------------------------------------------------------
[ 2018-05-11T15:29:43+08:00 ] [ sql ] [ DB ] CONNECT:[ UseTime:0.011001s ] mysql:dbname=tp_5.0.5_new;host=127.0.0.1;port=3306;charset=utf8
[ sql ] [ SQL ] SHOW COLUMNS FROM `new_admin` [ RunTime:0.001000s ]
[ sql ] [ SQL ] SELECT * FROM `new_admin` WHERE  `id` = 1 LIMIT 1 [ RunTime:0.001000s ]
[ error ] [0]类的属性不存在:app\common\model\Admin->statuss

---------------------------------------------------------------
[ 2018-05-11T15:30:26+08:00 ] [ sql ] [ DB ] CONNECT:[ UseTime:0.003001s ] mysql:dbname=tp_5.0.5_new;host=127.0.0.1;port=3306;charset=utf8
[ sql ] [ SQL ] SHOW COLUMNS FROM `new_admin` [ RunTime:0.001000s ]
[ sql ] [ SQL ] SELECT * FROM `new_admin` WHERE  `id` = 1 LIMIT 1 [ RunTime:0.000000s ]
[ sql ] [ SQL ] UPDATE `new_admin`  SET `status`=0  WHERE  `id` = 1 [ RunTime:0.001000s ]

---------------------------------------------------------------
[ 2018-05-11T15:30:31+08:00 ] [ sql ] [ DB ] CONNECT:[ UseTime:0.012001s ] mysql:dbname=tp_5.0.5_new;host=127.0.0.1;port=3306;charset=utf8
[ sql ] [ SQL ] SHOW COLUMNS FROM `new_admin` [ RunTime:0.001000s ]
[ sql ] [ SQL ] SELECT * FROM `new_admin` WHERE  `id` = 1 LIMIT 1 [ RunTime:0.001000s ]

---------------------------------------------------------------
[ 2018-05-11T15:31:09+08:00 ] [ sql ] [ DB ] CONNECT:[ UseTime:0.011001s ] mysql:dbname=tp_5.0.5_new;host=127.0.0.1;port=3306;charset=utf8
[ sql ] [ SQL ] SHOW COLUMNS FROM `new_admin` [ RunTime:0.001000s ]
[ sql ] [ SQL ] SELECT * FROM `new_admin` WHERE  `id` = 1 LIMIT 1 [ RunTime:0.001000s ]
[ error ] [0]致命错误: Class 'Think\Exception' not found

---------------------------------------------------------------
[ 2018-05-11T15:31:28+08:00 ] [ sql ] [ DB ] CONNECT:[ UseTime:0.010001s ] mysql:dbname=tp_5.0.5_new;host=127.0.0.1;port=3306;charset=utf8
[ sql ] [ SQL ] SHOW COLUMNS FROM `new_admin` [ RunTime:0.001000s ]
[ sql ] [ SQL ] SELECT * FROM `new_admin` WHERE  `id` = 1 LIMIT 1 [ RunTime:0.001000s ]
[ error ] [404]

---------------------------------------------------------------
[ 2018-05-11T15:31:29+08:00 ] [ sql ] [ DB ] CONNECT:[ UseTime:0.002001s ] mysql:dbname=tp_5.0.5_new;host=127.0.0.1;port=3306;charset=utf8
[ sql ] [ SQL ] SHOW COLUMNS FROM `new_admin` [ RunTime:0.001000s ]
[ sql ] [ SQL ] SELECT * FROM `new_admin` WHERE  `id` = 1 LIMIT 1 [ RunTime:0.000000s ]
[ error ] [404]

---------------------------------------------------------------
[ 2018-05-11T15:31:39+08:00 ] [ sql ] [ DB ] CONNECT:[ UseTime:0.012001s ] mysql:dbname=tp_5.0.5_new;host=127.0.0.1;port=3306;charset=utf8
[ sql ] [ SQL ] SHOW COLUMNS FROM `new_admin` [ RunTime:0.001000s ]
[ sql ] [ SQL ] SELECT * FROM `new_admin` WHERE  `id` = 1 LIMIT 1 [ RunTime:0.001000s ]
[ error ] [404]dddddddddd

---------------------------------------------------------------
[ 2018-05-11T15:33:01+08:00 ] [ sql ] [ DB ] CONNECT:[ UseTime:0.008000s ] mysql:dbname=tp_5.0.5_new;host=127.0.0.1;port=3306;charset=utf8
[ sql ] [ SQL ] SHOW COLUMNS FROM `new_admin` [ RunTime:0.001000s ]
[ sql ] [ SQL ] SELECT * FROM `new_admin` WHERE  `id` = 1 LIMIT 1 [ RunTime:0.000000s ]
[ error ] [0]致命错误: Wrong parameters for Exception([string $message [, long $code [, Throwable $previous = NULL]]])

---------------------------------------------------------------
[ 2018-05-11T15:33:33+08:00 ] [ sql ] [ DB ] CONNECT:[ UseTime:0.011001s ] mysql:dbname=tp_5.0.5_new;host=127.0.0.1;port=3306;charset=utf8
[ sql ] [ SQL ] SHOW COLUMNS FROM `new_admin` [ RunTime:0.001000s ]
[ sql ] [ SQL ] SELECT * FROM `new_admin` WHERE  `id` = 1 LIMIT 1 [ RunTime:0.001000s ]
[ error ] [0]类的属性不存在:app\common\model\Admin->stastus

---------------------------------------------------------------
[ 2018-05-11T15:33:47+08:00 ] [ sql ] [ DB ] CONNECT:[ UseTime:0.011001s ] mysql:dbname=tp_5.0.5_new;host=127.0.0.1;port=3306;charset=utf8
[ sql ] [ SQL ] SHOW COLUMNS FROM `new_admin` [ RunTime:0.001000s ]
[ sql ] [ SQL ] SELECT * FROM `new_admin` WHERE  `id` = 1 LIMIT 1 [ RunTime:0.001000s ]

---------------------------------------------------------------
[ 2018-05-11T15:36:47+08:00 ] [ sql ] [ DB ] CONNECT:[ UseTime:0.012001s ] mysql:dbname=tp_5.0.5_new;host=127.0.0.1;port=3306;charset=utf8
[ sql ] [ SQL ] SHOW COLUMNS FROM `new_admin` [ RunTime:0.001000s ]
[ sql ] [ SQL ] SELECT * FROM `new_admin` WHERE  `id` = 1 LIMIT 1 [ RunTime:0.000000s ]
[ sql ] [ SQL ] UPDATE `new_admin`  SET `status`=1  WHERE  `id` = 1 [ RunTime:0.002000s ]

---------------------------------------------------------------
[ 2018-05-11T15:36:52+08:00 ] [ sql ] [ DB ] CONNECT:[ UseTime:0.011000s ] mysql:dbname=tp_5.0.5_new;host=127.0.0.1;port=3306;charset=utf8
[ sql ] [ SQL ] SHOW COLUMNS FROM `new_admin` [ RunTime:0.001000s ]
[ sql ] [ SQL ] SELECT * FROM `new_admin` WHERE  `id` = 1 LIMIT 1 [ RunTime:0.001000s ]
[ error ] [0]异常消息

---------------------------------------------------------------
[ 2018-05-11T15:36:54+08:00 ] [ sql ] [ DB ] CONNECT:[ UseTime:0.003000s ] mysql:dbname=tp_5.0.5_new;host=127.0.0.1;port=3306;charset=utf8
[ sql ] [ SQL ] SHOW COLUMNS FROM `new_admin` [ RunTime:0.001000s ]
[ sql ] [ SQL ] SELECT * FROM `new_admin` WHERE  `id` = 1 LIMIT 1 [ RunTime:0.001000s ]
[ error ] [0]异常消息

---------------------------------------------------------------
[ 2018-05-11T15:37:16+08:00 ] [ sql ] [ DB ] CONNECT:[ UseTime:0.002000s ] mysql:dbname=tp_5.0.5_new;host=127.0.0.1;port=3306;charset=utf8
[ sql ] [ SQL ] SHOW COLUMNS FROM `new_admin` [ RunTime:0.001000s ]
[ sql ] [ SQL ] SELECT * FROM `new_admin` WHERE  `id` = 1 LIMIT 1 [ RunTime:0.001000s ]
[ error ] [0]类的属性不存在:app\common\model\Admin->sstatus

---------------------------------------------------------------
[ 2018-05-11T15:37:58+08:00 ] [ sql ] [ DB ] CONNECT:[ UseTime:0.011000s ] mysql:dbname=tp_5.0.5_new;host=127.0.0.1;port=3306;charset=utf8
[ sql ] [ SQL ] SHOW COLUMNS FROM `new_admin` [ RunTime:0.001000s ]
[ sql ] [ SQL ] SELECT * FROM `new_admin` WHERE  `id` = 1 LIMIT 1 [ RunTime:0.001000s ]
[ error ] [0]类的属性不存在:app\common\model\Admin->sstatus

---------------------------------------------------------------
[ 2018-05-11T15:38:22+08:00 ] [ sql ] [ DB ] CONNECT:[ UseTime:0.010000s ] mysql:dbname=tp_5.0.5_new;host=127.0.0.1;port=3306;charset=utf8
[ sql ] [ SQL ] SHOW COLUMNS FROM `new_admin` [ RunTime:0.001000s ]
[ sql ] [ SQL ] SELECT * FROM `new_admin` WHERE  `id` = 1 LIMIT 1 [ RunTime:0.001001s ]
[ error ] [0]致命错误: Wrong parameters for Exception([string $message [, long $code [, Throwable $previous = NULL]]])

---------------------------------------------------------------
[ 2018-05-11T15:40:34+08:00 ] [ sql ] [ DB ] CONNECT:[ UseTime:0.008000s ] mysql:dbname=tp_5.0.5_new;host=127.0.0.1;port=3306;charset=utf8
[ sql ] [ SQL ] SHOW COLUMNS FROM `new_admin` [ RunTime:0.001000s ]
[ sql ] [ SQL ] SELECT * FROM `new_admin` WHERE  `id` = 1 LIMIT 1 [ RunTime:0.000000s ]
[ error ] [0]类型错误: Argument 3 passed to think\exception\HttpException::__construct() must be an instance of Exception or null, string given, called in F:\phpStudy-2018\PHPTutorial\WWW\TP_5.0.5\application\api\controller\Test.php on line 92

---------------------------------------------------------------
[ 2018-05-11T15:41:12+08:00 ] [ sql ] [ DB ] CONNECT:[ UseTime:0.012000s ] mysql:dbname=tp_5.0.5_new;host=127.0.0.1;port=3306;charset=utf8
[ sql ] [ SQL ] SHOW COLUMNS FROM `new_admin` [ RunTime:0.001000s ]
[ sql ] [ SQL ] SELECT * FROM `new_admin` WHERE  `id` = 1 LIMIT 1 [ RunTime:0.001000s ]

---------------------------------------------------------------
[ 2018-05-11T15:41:14+08:00 ] [ sql ] [ DB ] CONNECT:[ UseTime:0.012001s ] mysql:dbname=tp_5.0.5_new;host=127.0.0.1;port=3306;charset=utf8
[ sql ] [ SQL ] SHOW COLUMNS FROM `new_admin` [ RunTime:0.001000s ]
[ sql ] [ SQL ] SELECT * FROM `new_admin` WHERE  `id` = 1 LIMIT 1 [ RunTime:0.001000s ]

---------------------------------------------------------------
[ 2018-05-11T15:41:29+08:00 ] [ sql ] [ DB ] CONNECT:[ UseTime:0.012001s ] mysql:dbname=tp_5.0.5_new;host=127.0.0.1;port=3306;charset=utf8
[ sql ] [ SQL ] SHOW COLUMNS FROM `new_admin` [ RunTime:0.001000s ]
[ sql ] [ SQL ] SELECT * FROM `new_admin` WHERE  `id` = 1 LIMIT 1 [ RunTime:0.001000s ]
[ error ] [0]类的属性不存在:app\common\model\Admin->sstatus

---------------------------------------------------------------
[ 2018-05-11T15:41:31+08:00 ] [ sql ] [ DB ] CONNECT:[ UseTime:0.012001s ] mysql:dbname=tp_5.0.5_new;host=127.0.0.1;port=3306;charset=utf8
[ sql ] [ SQL ] SHOW COLUMNS FROM `new_admin` [ RunTime:0.001000s ]
[ sql ] [ SQL ] SELECT * FROM `new_admin` WHERE  `id` = 1 LIMIT 1 [ RunTime:0.001000s ]
[ error ] [0]类的属性不存在:app\common\model\Admin->sstatus

---------------------------------------------------------------
[ 2018-05-11T15:41:48+08:00 ] [ sql ] [ DB ] CONNECT:[ UseTime:0.002000s ] mysql:dbname=tp_5.0.5_new;host=127.0.0.1;port=3306;charset=utf8
[ sql ] [ SQL ] SHOW COLUMNS FROM `new_admin` [ RunTime:0.001000s ]
[ sql ] [ SQL ] SELECT * FROM `new_admin` WHERE  `id` = 1 LIMIT 1 [ RunTime:0.000000s ]
[ error ] [0]类的属性不存在:app\common\model\Admin->sstatus

---------------------------------------------------------------
[ 2018-05-11T15:42:32+08:00 ] [ sql ] [ DB ] CONNECT:[ UseTime:0.011001s ] mysql:dbname=tp_5.0.5_new;host=127.0.0.1;port=3306;charset=utf8
[ sql ] [ SQL ] SHOW COLUMNS FROM `new_admin` [ RunTime:0.001000s ]
[ sql ] [ SQL ] SELECT * FROM `new_admin` WHERE  `id` = 1 LIMIT 1 [ RunTime:0.001000s ]
[ error ] [0]8888

---------------------------------------------------------------
[ 2018-05-11T15:42:33+08:00 ] [ sql ] [ DB ] CONNECT:[ UseTime:0.012000s ] mysql:dbname=tp_5.0.5_new;host=127.0.0.1;port=3306;charset=utf8
[ sql ] [ SQL ] SHOW COLUMNS FROM `new_admin` [ RunTime:0.001000s ]
[ sql ] [ SQL ] SELECT * FROM `new_admin` WHERE  `id` = 1 LIMIT 1 [ RunTime:0.001000s ]
[ error ] [0]8888

---------------------------------------------------------------
[ 2018-05-11T15:48:44+08:00 ] [ sql ] [ DB ] CONNECT:[ UseTime:0.008000s ] mysql:dbname=tp_5.0.5_new;host=127.0.0.1;port=3306;charset=utf8
[ sql ] [ SQL ] SHOW COLUMNS FROM `new_admin` [ RunTime:0.000000s ]
[ sql ] [ SQL ] SELECT * FROM `new_admin` WHERE  `id` = 1 LIMIT 1 [ RunTime:0.000000s ]
[ log ] 666666666666666666666666property not exists:app\common\model\Admin->sstatus
[ error ] [0]类的属性不存在:app\common\model\Admin->sstatus

---------------------------------------------------------------
[ 2018-05-11T15:52:29+08:00 ] [ sql ] [ DB ] CONNECT:[ UseTime:0.012000s ] mysql:dbname=tp_5.0.5_new;host=127.0.0.1;port=3306;charset=utf8
[ sql ] [ SQL ] SHOW COLUMNS FROM `new_admin` [ RunTime:0.001000s ]
[ sql ] [ SQL ] SELECT * FROM `new_admin` WHERE  `id` = 1 LIMIT 1 [ RunTime:0.001000s ]
[ error ] [0]类的属性不存在:app\common\model\Admin->sstatus

---------------------------------------------------------------
