[ 2018-05-14T08:36:38+08:00 ] [ sql ] [ DB ] CONNECT:[ UseTime:0.021001s ] mysql:dbname=tp_5.0.5_new;host=127.0.0.1;port=3306;charset=utf8
[ sql ] [ SQL ] SHOW COLUMNS FROM `new_admin` [ RunTime:0.019001s ]
[ sql ] [ SQL ] SELECT * FROM `new_admin` WHERE  `id` = 1 LIMIT 1 [ RunTime:0.001000s ]
[ error ] [0]类的属性不存在:app\common\model\Admin->stat us

---------------------------------------------------------------
[ 2018-05-14T08:36:58+08:00 ] [ sql ] [ DB ] CONNECT:[ UseTime:0.010000s ] mysql:dbname=tp_5.0.5_new;host=127.0.0.1;port=3306;charset=utf8
[ sql ] [ SQL ] SHOW COLUMNS FROM `new_admin` [ RunTime:0.002001s ]
[ sql ] [ SQL ] SELECT * FROM `new_admin` WHERE  `id` = 1 LIMIT 1 [ RunTime:0.001000s ]
[ error ] [0]类的属性不存在:app\common\model\Admin->stat us

---------------------------------------------------------------
[ 2018-05-14T08:37:10+08:00 ] [ sql ] [ DB ] CONNECT:[ UseTime:0.011000s ] mysql:dbname=tp_5.0.5_new;host=127.0.0.1;port=3306;charset=utf8
[ sql ] [ SQL ] SHOW COLUMNS FROM `new_admin` [ RunTime:0.002000s ]
[ sql ] [ SQL ] SELECT * FROM `new_admin` WHERE  `id` = 1 LIMIT 1 [ RunTime:0.001000s ]
[ error ] [0]类的属性不存在:app\common\model\Admin->stat us

---------------------------------------------------------------
[ 2018-05-14T08:37:20+08:00 ] [ sql ] [ DB ] CONNECT:[ UseTime:0.011001s ] mysql:dbname=tp_5.0.5_new;host=127.0.0.1;port=3306;charset=utf8
[ sql ] [ SQL ] SHOW COLUMNS FROM `new_admin` [ RunTime:0.002000s ]
[ sql ] [ SQL ] SELECT * FROM `new_admin` WHERE  `id` = 1 LIMIT 1 [ RunTime:0.001000s ]
[ error ] [404]类的属性不存在:app\common\model\Admin->stat us

---------------------------------------------------------------
[ 2018-05-14T09:08:13+08:00 ] [ error ] [0]致命错误: Call to undefined function app\common\lib\mcrypt_module_open()

---------------------------------------------------------------
[ 2018-05-14T09:14:31+08:00 ] [ error ] [0]类型错误: Argument 3 passed to api() must be of the type array, string given, called in F:\phpStudy-2018\PHPTutorial\WWW\TP_5.0.5\application\api\controller\Test.php on line 27

---------------------------------------------------------------
[ 2018-05-14T09:14:55+08:00 ] [ error ] [0]类型错误: Argument 3 passed to api() must be of the type array, string given, called in F:\phpStudy-2018\PHPTutorial\WWW\TP_5.0.5\application\api\controller\Test.php on line 27

---------------------------------------------------------------
