[ 2018-05-15T09:05:19+08:00 ] [ error ] [0]sign不合法

---------------------------------------------------------------
[ 2018-05-15T09:06:04+08:00 ] [ error ] [8]未定义数组索引: app_type

---------------------------------------------------------------
[ 2018-05-15T09:06:18+08:00 ] [ error ] [8]未定义数组索引: app_type

---------------------------------------------------------------
[ 2018-05-15T09:06:51+08:00 ] [ error ] [8]未定义数组索引: app_type

---------------------------------------------------------------
[ 2018-05-15T09:07:50+08:00 ] [ error ] [8]未定义数组索引: app_type

---------------------------------------------------------------
[ 2018-05-15T09:08:18+08:00 ] [ sql ] [ DB ] CONNECT:[ UseTime:0.015600s ] mysql:dbname=tp_5.0.5_new;host=127.0.0.1;port=3306;charset=utf8
[ sql ] [ SQL ] SHOW COLUMNS FROM `new_admin` [ RunTime:0.015600s ]
[ sql ] [ SQL ] SELECT * FROM `new_admin` [ RunTime:0.000000s ]

---------------------------------------------------------------
[ 2018-05-15T09:09:26+08:00 ] [ sql ] [ DB ] CONNECT:[ UseTime:0.015600s ] mysql:dbname=tp_5.0.5_new;host=127.0.0.1;port=3306;charset=utf8
[ sql ] [ SQL ] SHOW COLUMNS FROM `new_admin` [ RunTime:0.000000s ]
[ sql ] [ SQL ] SELECT * FROM `new_admin` [ RunTime:0.000000s ]

---------------------------------------------------------------
[ 2018-05-15T09:09:59+08:00 ] [ error ] [8]未定义数组索引: app_type

---------------------------------------------------------------
[ 2018-05-15T09:10:27+08:00 ] [ error ] [0]校验失败

---------------------------------------------------------------
[ 2018-05-15T09:10:28+08:00 ] [ error ] [0]校验失败

---------------------------------------------------------------
[ 2018-05-15T09:10:50+08:00 ] [ sql ] [ DB ] CONNECT:[ UseTime:0.015600s ] mysql:dbname=tp_5.0.5_new;host=127.0.0.1;port=3306;charset=utf8
[ sql ] [ SQL ] SHOW COLUMNS FROM `new_admin` [ RunTime:0.000000s ]
[ sql ] [ SQL ] SELECT * FROM `new_admin` [ RunTime:0.000000s ]

---------------------------------------------------------------
[ 2018-05-15T09:13:10+08:00 ] [ error ] [0]app_type类型不合法

---------------------------------------------------------------
[ 2018-05-15T09:15:43+08:00 ] [ sql ] [ DB ] CONNECT:[ UseTime:0.015600s ] mysql:dbname=tp_5.0.5_new;host=127.0.0.1;port=3306;charset=utf8
[ sql ] [ SQL ] SHOW COLUMNS FROM `new_admin` [ RunTime:0.000000s ]
[ sql ] [ SQL ] SELECT * FROM `new_admin` [ RunTime:0.000000s ]

---------------------------------------------------------------
[ 2018-05-15T09:16:05+08:00 ] [ error ] [8]未定义数组索引: app_type

---------------------------------------------------------------
[ 2018-05-15T09:16:23+08:00 ] [ error ] [8]未定义数组索引: apps_type

---------------------------------------------------------------
[ 2018-05-15T09:16:24+08:00 ] [ error ] [8]未定义数组索引: apps_type

---------------------------------------------------------------
[ 2018-05-15T09:16:44+08:00 ] [ sql ] [ DB ] CONNECT:[ UseTime:0.015600s ] mysql:dbname=tp_5.0.5_new;host=127.0.0.1;port=3306;charset=utf8
[ sql ] [ SQL ] SHOW COLUMNS FROM `new_admin` [ RunTime:0.000000s ]
[ sql ] [ SQL ] SELECT * FROM `new_admin` [ RunTime:0.000000s ]

---------------------------------------------------------------
[ 2018-05-15T09:16:55+08:00 ] [ error ] [0]校验失败

---------------------------------------------------------------
[ 2018-05-15T09:17:18+08:00 ] [ sql ] [ DB ] CONNECT:[ UseTime:0.015600s ] mysql:dbname=tp_5.0.5_new;host=127.0.0.1;port=3306;charset=utf8
[ sql ] [ SQL ] SHOW COLUMNS FROM `new_admin` [ RunTime:0.000000s ]
[ sql ] [ SQL ] SELECT * FROM `new_admin` [ RunTime:0.000000s ]

---------------------------------------------------------------
[ 2018-05-15T09:17:23+08:00 ] [ error ] [0]校验失败

---------------------------------------------------------------
[ 2018-05-15T09:17:47+08:00 ] [ error ] [0]校验失败

---------------------------------------------------------------
[ 2018-05-15T09:17:48+08:00 ] [ error ] [0]校验失败

---------------------------------------------------------------
[ 2018-05-15T09:18:21+08:00 ] [ error ] [0]校验失败

---------------------------------------------------------------
[ 2018-05-15T09:18:22+08:00 ] [ error ] [0]校验失败

---------------------------------------------------------------
[ 2018-05-15T09:19:10+08:00 ] [ sql ] [ DB ] CONNECT:[ UseTime:0.015600s ] mysql:dbname=tp_5.0.5_new;host=127.0.0.1;port=3306;charset=utf8
[ sql ] [ SQL ] SHOW COLUMNS FROM `new_admin` [ RunTime:0.000000s ]
[ sql ] [ SQL ] SELECT * FROM `new_admin` [ RunTime:0.000000s ]

---------------------------------------------------------------
[ 2018-05-15T09:19:27+08:00 ] [ sql ] [ DB ] CONNECT:[ UseTime:0.015600s ] mysql:dbname=tp_5.0.5_new;host=127.0.0.1;port=3306;charset=utf8
[ sql ] [ SQL ] SHOW COLUMNS FROM `new_admin` [ RunTime:0.000000s ]
[ sql ] [ SQL ] SELECT * FROM `new_admin` [ RunTime:0.000000s ]
[ error ] [0]类型错误: Argument 3 passed to api() must be of the type array, boolean given, called in F:\phpStudy-2018\PHPTutorial\WWW\TP_5.0.5\application\api\controller\Test.php on line 23

---------------------------------------------------------------
[ 2018-05-15T09:19:57+08:00 ] [ sql ] [ DB ] CONNECT:[ UseTime:0.015600s ] mysql:dbname=tp_5.0.5_new;host=127.0.0.1;port=3306;charset=utf8
[ sql ] [ SQL ] SHOW COLUMNS FROM `new_admin` [ RunTime:0.000000s ]
[ sql ] [ SQL ] SELECT * FROM `new_admin` [ RunTime:0.000000s ]
[ error ] [0]类型错误: Argument 3 passed to api() must be of the type array, boolean given, called in F:\phpStudy-2018\PHPTutorial\WWW\TP_5.0.5\application\api\controller\Test.php on line 23

---------------------------------------------------------------
[ 2018-05-15T09:20:23+08:00 ] [ sql ] [ DB ] CONNECT:[ UseTime:0.011001s ] mysql:dbname=tp_5.0.5_new;host=127.0.0.1;port=3306;charset=utf8
[ sql ] [ SQL ] SHOW COLUMNS FROM `new_admin` [ RunTime:0.002000s ]
[ sql ] [ SQL ] SELECT * FROM `new_admin` [ RunTime:0.000000s ]

---------------------------------------------------------------
[ 2018-05-15T09:20:26+08:00 ] [ sql ] [ DB ] CONNECT:[ UseTime:0.031200s ] mysql:dbname=tp_5.0.5_new;host=127.0.0.1;port=3306;charset=utf8
[ sql ] [ SQL ] SHOW COLUMNS FROM `new_admin` [ RunTime:0.000000s ]
[ sql ] [ SQL ] SELECT * FROM `new_admin` [ RunTime:0.000000s ]

---------------------------------------------------------------
[ 2018-05-15T09:23:00+08:00 ] [ sql ] [ DB ] CONNECT:[ UseTime:0.015600s ] mysql:dbname=tp_5.0.5_new;host=127.0.0.1;port=3306;charset=utf8
[ sql ] [ SQL ] SHOW COLUMNS FROM `new_admin` [ RunTime:0.000000s ]
[ sql ] [ SQL ] SELECT * FROM `new_admin` [ RunTime:0.000000s ]

---------------------------------------------------------------
[ 2018-05-15T09:26:15+08:00 ] [ error ] [2]openssl_encrypt(): Using an empty Initialization Vector (iv) is potentially insecure and not recommended

---------------------------------------------------------------
[ 2018-05-15T09:27:34+08:00 ] [ error ] [2]openssl_encrypt(): IV passed is 24 bytes long which is longer than the 16 expected by selected cipher, truncating

---------------------------------------------------------------
[ 2018-05-15T09:28:03+08:00 ] [ error ] [2]openssl_encrypt(): IV passed is 24 bytes long which is longer than the 16 expected by selected cipher, truncating

---------------------------------------------------------------
[ 2018-05-15T09:28:24+08:00 ] [ error ] [2]openssl_encrypt(): IV passed is 24 bytes long which is longer than the 16 expected by selected cipher, truncating

---------------------------------------------------------------
[ 2018-05-15T09:28:27+08:00 ] [ error ] [2]openssl_encrypt(): IV passed is 24 bytes long which is longer than the 16 expected by selected cipher, truncating

---------------------------------------------------------------
[ 2018-05-15T09:28:27+08:00 ] [ error ] [2]openssl_encrypt(): IV passed is 24 bytes long which is longer than the 16 expected by selected cipher, truncating

---------------------------------------------------------------
[ 2018-05-15T09:28:39+08:00 ] [ sql ] [ DB ] CONNECT:[ UseTime:0.015600s ] mysql:dbname=tp_5.0.5_new;host=127.0.0.1;port=3306;charset=utf8
[ sql ] [ SQL ] SHOW COLUMNS FROM `new_admin` [ RunTime:0.000000s ]
[ sql ] [ SQL ] SELECT * FROM `new_admin` [ RunTime:0.000000s ]

---------------------------------------------------------------
[ 2018-05-15T09:29:46+08:00 ] [ error ] [2]openssl_encrypt(): IV passed is 24 bytes long which is longer than the 16 expected by selected cipher, truncating

---------------------------------------------------------------
[ 2018-05-15T09:30:18+08:00 ] [ error ] [2]openssl_encrypt(): IV passed is 24 bytes long which is longer than the 16 expected by selected cipher, truncating

---------------------------------------------------------------
[ 2018-05-15T09:30:55+08:00 ] [ error ] [2]openssl_encrypt(): IV passed is 24 bytes long which is longer than the 16 expected by selected cipher, truncating

---------------------------------------------------------------
[ 2018-05-15T09:31:07+08:00 ] [ error ] [2]openssl_encrypt(): IV passed is 24 bytes long which is longer than the 16 expected by selected cipher, truncating

---------------------------------------------------------------
[ 2018-05-15T09:31:39+08:00 ] [ error ] [2]openssl_encrypt(): IV passed is 24 bytes long which is longer than the 16 expected by selected cipher, truncating

---------------------------------------------------------------
[ 2018-05-15T09:31:54+08:00 ] [ error ] [2]openssl_encrypt(): Using an empty Initialization Vector (iv) is potentially insecure and not recommended

---------------------------------------------------------------
[ 2018-05-15T09:33:06+08:00 ] [ error ] [2]openssl_encrypt(): Using an empty Initialization Vector (iv) is potentially insecure and not recommended

---------------------------------------------------------------
[ 2018-05-15T09:33:07+08:00 ] [ error ] [2]openssl_encrypt(): Using an empty Initialization Vector (iv) is potentially insecure and not recommended

---------------------------------------------------------------
[ 2018-05-15T09:35:05+08:00 ] [ error ] [2]openssl_encrypt(): Using an empty Initialization Vector (iv) is potentially insecure and not recommended

---------------------------------------------------------------
[ 2018-05-15T09:37:22+08:00 ] [ error ] [8]未定义变量: data

---------------------------------------------------------------
[ 2018-05-15T09:37:36+08:00 ] [ sql ] [ DB ] CONNECT:[ UseTime:0.062400s ] mysql:dbname=tp_5.0.5_new;host=127.0.0.1;port=3306;charset=utf8
[ sql ] [ SQL ] SHOW COLUMNS FROM `new_admin` [ RunTime:0.000000s ]
[ sql ] [ SQL ] SELECT * FROM `new_admin` [ RunTime:0.000000s ]

---------------------------------------------------------------
[ 2018-05-15T09:46:08+08:00 ] [ error ] [2]openssl_encrypt(): IV passed is only 6 bytes long, cipher expects an IV of precisely 16 bytes, padding with \0

---------------------------------------------------------------
[ 2018-05-15T09:46:38+08:00 ] [ error ] [2]openssl_encrypt(): IV passed is 20 bytes long which is longer than the 16 expected by selected cipher, truncating

---------------------------------------------------------------
[ 2018-05-15T09:46:39+08:00 ] [ error ] [2]openssl_encrypt(): IV passed is 20 bytes long which is longer than the 16 expected by selected cipher, truncating

---------------------------------------------------------------
[ 2018-05-15T09:47:29+08:00 ] [ sql ] [ DB ] CONNECT:[ UseTime:0.010000s ] mysql:dbname=tp_5.0.5_new;host=127.0.0.1;port=3306;charset=utf8
[ sql ] [ SQL ] SHOW COLUMNS FROM `new_admin` [ RunTime:0.000000s ]
[ sql ] [ SQL ] SELECT * FROM `new_admin` [ RunTime:0.010000s ]

---------------------------------------------------------------
[ 2018-05-15T09:47:32+08:00 ] [ sql ] [ DB ] CONNECT:[ UseTime:0.015600s ] mysql:dbname=tp_5.0.5_new;host=127.0.0.1;port=3306;charset=utf8
[ sql ] [ SQL ] SHOW COLUMNS FROM `new_admin` [ RunTime:0.000000s ]
[ sql ] [ SQL ] SELECT * FROM `new_admin` [ RunTime:0.000000s ]

---------------------------------------------------------------
[ 2018-05-15T09:50:13+08:00 ] [ sql ] [ DB ] CONNECT:[ UseTime:0.015600s ] mysql:dbname=tp_5.0.5_new;host=127.0.0.1;port=3306;charset=utf8
[ sql ] [ SQL ] SHOW COLUMNS FROM `new_admin` [ RunTime:0.000000s ]
[ sql ] [ SQL ] SELECT * FROM `new_admin` [ RunTime:0.000000s ]

---------------------------------------------------------------
[ 2018-05-15T09:50:15+08:00 ] [ sql ] [ DB ] CONNECT:[ UseTime:0.015600s ] mysql:dbname=tp_5.0.5_new;host=127.0.0.1;port=3306;charset=utf8
[ sql ] [ SQL ] SHOW COLUMNS FROM `new_admin` [ RunTime:0.000000s ]
[ sql ] [ SQL ] SELECT * FROM `new_admin` [ RunTime:0.000000s ]

---------------------------------------------------------------
[ 2018-05-15T09:50:17+08:00 ] [ sql ] [ DB ] CONNECT:[ UseTime:0.015600s ] mysql:dbname=tp_5.0.5_new;host=127.0.0.1;port=3306;charset=utf8
[ sql ] [ SQL ] SHOW COLUMNS FROM `new_admin` [ RunTime:0.000000s ]
[ sql ] [ SQL ] SELECT * FROM `new_admin` [ RunTime:0.000000s ]

---------------------------------------------------------------
[ 2018-05-15T09:50:18+08:00 ] [ sql ] [ DB ] CONNECT:[ UseTime:0.015600s ] mysql:dbname=tp_5.0.5_new;host=127.0.0.1;port=3306;charset=utf8
[ sql ] [ SQL ] SHOW COLUMNS FROM `new_admin` [ RunTime:0.000000s ]
[ sql ] [ SQL ] SELECT * FROM `new_admin` [ RunTime:0.000000s ]

---------------------------------------------------------------
[ 2018-05-15T09:50:19+08:00 ] [ sql ] [ DB ] CONNECT:[ UseTime:0.025600s ] mysql:dbname=tp_5.0.5_new;host=127.0.0.1;port=3306;charset=utf8
[ sql ] [ SQL ] SHOW COLUMNS FROM `new_admin` [ RunTime:0.000000s ]
[ sql ] [ SQL ] SELECT * FROM `new_admin` [ RunTime:0.000000s ]

---------------------------------------------------------------
[ 2018-05-15T09:50:20+08:00 ] [ sql ] [ DB ] CONNECT:[ UseTime:0.015600s ] mysql:dbname=tp_5.0.5_new;host=127.0.0.1;port=3306;charset=utf8
[ sql ] [ SQL ] SHOW COLUMNS FROM `new_admin` [ RunTime:0.000000s ]
[ sql ] [ SQL ] SELECT * FROM `new_admin` [ RunTime:0.000000s ]

---------------------------------------------------------------
[ 2018-05-15T09:50:21+08:00 ] [ sql ] [ DB ] CONNECT:[ UseTime:0.018600s ] mysql:dbname=tp_5.0.5_new;host=127.0.0.1;port=3306;charset=utf8
[ sql ] [ SQL ] SHOW COLUMNS FROM `new_admin` [ RunTime:0.000000s ]
[ sql ] [ SQL ] SELECT * FROM `new_admin` [ RunTime:0.000000s ]

---------------------------------------------------------------
[ 2018-05-15T09:50:21+08:00 ] [ sql ] [ DB ] CONNECT:[ UseTime:0.012001s ] mysql:dbname=tp_5.0.5_new;host=127.0.0.1;port=3306;charset=utf8
[ sql ] [ SQL ] SHOW COLUMNS FROM `new_admin` [ RunTime:0.002000s ]
[ sql ] [ SQL ] SELECT * FROM `new_admin` [ RunTime:0.000000s ]

---------------------------------------------------------------
[ 2018-05-15T09:50:39+08:00 ] [ sql ] [ DB ] CONNECT:[ UseTime:0.015600s ] mysql:dbname=tp_5.0.5_new;host=127.0.0.1;port=3306;charset=utf8
[ sql ] [ SQL ] SHOW COLUMNS FROM `new_admin` [ RunTime:0.000000s ]
[ sql ] [ SQL ] SELECT * FROM `new_admin` [ RunTime:0.000000s ]

---------------------------------------------------------------
[ 2018-05-15T09:50:40+08:00 ] [ sql ] [ DB ] CONNECT:[ UseTime:0.015600s ] mysql:dbname=tp_5.0.5_new;host=127.0.0.1;port=3306;charset=utf8
[ sql ] [ SQL ] SHOW COLUMNS FROM `new_admin` [ RunTime:0.000000s ]
[ sql ] [ SQL ] SELECT * FROM `new_admin` [ RunTime:0.000000s ]

---------------------------------------------------------------
[ 2018-05-15T09:50:41+08:00 ] [ sql ] [ DB ] CONNECT:[ UseTime:0.015600s ] mysql:dbname=tp_5.0.5_new;host=127.0.0.1;port=3306;charset=utf8
[ sql ] [ SQL ] SHOW COLUMNS FROM `new_admin` [ RunTime:0.000000s ]
[ sql ] [ SQL ] SELECT * FROM `new_admin` [ RunTime:0.000000s ]

---------------------------------------------------------------
[ 2018-05-15T09:52:36+08:00 ] [ error ] [2]openssl_decrypt(): IV passed is 32 bytes long which is longer than the 16 expected by selected cipher, truncating

---------------------------------------------------------------
[ 2018-05-15T09:53:05+08:00 ] [ sql ] [ DB ] CONNECT:[ UseTime:0.015600s ] mysql:dbname=tp_5.0.5_new;host=127.0.0.1;port=3306;charset=utf8
[ sql ] [ SQL ] SHOW COLUMNS FROM `new_admin` [ RunTime:0.000000s ]
[ sql ] [ SQL ] SELECT * FROM `new_admin` [ RunTime:0.000000s ]

---------------------------------------------------------------
[ 2018-05-15T09:53:06+08:00 ] [ sql ] [ DB ] CONNECT:[ UseTime:0.000000s ] mysql:dbname=tp_5.0.5_new;host=127.0.0.1;port=3306;charset=utf8
[ sql ] [ SQL ] SHOW COLUMNS FROM `new_admin` [ RunTime:0.000000s ]
[ sql ] [ SQL ] SELECT * FROM `new_admin` [ RunTime:0.000000s ]

---------------------------------------------------------------
[ 2018-05-15T09:53:37+08:00 ] [ sql ] [ DB ] CONNECT:[ UseTime:0.015600s ] mysql:dbname=tp_5.0.5_new;host=127.0.0.1;port=3306;charset=utf8
[ sql ] [ SQL ] SHOW COLUMNS FROM `new_admin` [ RunTime:0.000000s ]
[ error ] [10501]SQLSTATE[HY000]: General error: 1364 Field 'addtime' doesn't have a default value

---------------------------------------------------------------
[ 2018-05-15T09:54:30+08:00 ] [ sql ] [ DB ] CONNECT:[ UseTime:0.015600s ] mysql:dbname=tp_5.0.5_new;host=127.0.0.1;port=3306;charset=utf8
[ sql ] [ SQL ] SHOW COLUMNS FROM `new_admin` [ RunTime:0.015600s ]
[ error ] [10501]SQLSTATE[HY000]: General error: 1364 Field 'addtime' doesn't have a default value

---------------------------------------------------------------
[ 2018-05-15T09:56:07+08:00 ] [ error ] [0]sign不合法

---------------------------------------------------------------
[ 2018-05-15T09:56:46+08:00 ] [ sql ] [ DB ] CONNECT:[ UseTime:0.015600s ] mysql:dbname=tp_5.0.5_new;host=127.0.0.1;port=3306;charset=utf8
[ sql ] [ SQL ] SHOW COLUMNS FROM `new_admin` [ RunTime:0.000000s ]
[ sql ] [ SQL ] SELECT * FROM `new_admin` [ RunTime:0.000000s ]

---------------------------------------------------------------
[ 2018-05-15T09:57:18+08:00 ] [ sql ] [ DB ] CONNECT:[ UseTime:0.031200s ] mysql:dbname=tp_5.0.5_new;host=127.0.0.1;port=3306;charset=utf8
[ sql ] [ SQL ] SHOW COLUMNS FROM `new_admin` [ RunTime:0.000000s ]
[ sql ] [ SQL ] SELECT * FROM `new_admin` [ RunTime:0.000000s ]

---------------------------------------------------------------
[ 2018-05-15T09:57:33+08:00 ] [ error ] [2]openssl_decrypt(): IV passed is 32 bytes long which is longer than the 16 expected by selected cipher, truncating

---------------------------------------------------------------
[ 2018-05-15T09:57:35+08:00 ] [ error ] [2]openssl_decrypt(): IV passed is 32 bytes long which is longer than the 16 expected by selected cipher, truncating

---------------------------------------------------------------
[ 2018-05-15T09:58:52+08:00 ] [ sql ] [ DB ] CONNECT:[ UseTime:0.015600s ] mysql:dbname=tp_5.0.5_new;host=127.0.0.1;port=3306;charset=utf8
[ sql ] [ SQL ] SHOW COLUMNS FROM `new_admin` [ RunTime:0.000000s ]
[ sql ] [ SQL ] SELECT * FROM `new_admin` [ RunTime:0.000000s ]

---------------------------------------------------------------
[ 2018-05-15T09:59:45+08:00 ] [ error ] [8]未定义数组索引: time

---------------------------------------------------------------
[ 2018-05-15T10:01:26+08:00 ] [ error ] [8]未定义数组索引: sign

---------------------------------------------------------------
[ 2018-05-15T10:01:58+08:00 ] [ sql ] [ DB ] CONNECT:[ UseTime:0.015600s ] mysql:dbname=tp_5.0.5_new;host=127.0.0.1;port=3306;charset=utf8
[ sql ] [ SQL ] SHOW COLUMNS FROM `new_admin` [ RunTime:0.000000s ]
[ sql ] [ SQL ] SELECT * FROM `new_admin` [ RunTime:0.000000s ]

---------------------------------------------------------------
[ 2018-05-15T10:02:31+08:00 ] [ sql ] [ DB ] CONNECT:[ UseTime:0.015600s ] mysql:dbname=tp_5.0.5_new;host=127.0.0.1;port=3306;charset=utf8
[ sql ] [ SQL ] SHOW COLUMNS FROM `new_admin` [ RunTime:0.000000s ]
[ sql ] [ SQL ] SELECT * FROM `new_admin` [ RunTime:0.000000s ]

---------------------------------------------------------------
[ 2018-05-15T10:03:28+08:00 ] [ error ] [0]校验失败

---------------------------------------------------------------
[ 2018-05-15T10:03:29+08:00 ] [ error ] [0]校验失败

---------------------------------------------------------------
[ 2018-05-15T10:03:50+08:00 ] [ error ] [0]校验失败

---------------------------------------------------------------
[ 2018-05-15T10:03:51+08:00 ] [ error ] [0]校验失败

---------------------------------------------------------------
[ 2018-05-15T10:03:51+08:00 ] [ error ] [0]校验失败

---------------------------------------------------------------
[ 2018-05-15T10:04:40+08:00 ] [ sql ] [ DB ] CONNECT:[ UseTime:0.015600s ] mysql:dbname=tp_5.0.5_new;host=127.0.0.1;port=3306;charset=utf8
[ sql ] [ SQL ] SHOW COLUMNS FROM `new_admin` [ RunTime:0.000000s ]
[ sql ] [ SQL ] SELECT * FROM `new_admin` [ RunTime:0.000000s ]
[ error ] [0]类型错误: Argument 3 passed to api() must be of the type array, boolean given, called in F:\phpStudy-2018\PHPTutorial\WWW\TP_5.0.5\application\api\controller\Test.php on line 23

---------------------------------------------------------------
[ 2018-05-15T10:05:06+08:00 ] [ sql ] [ DB ] CONNECT:[ UseTime:0.015600s ] mysql:dbname=tp_5.0.5_new;host=127.0.0.1;port=3306;charset=utf8
[ sql ] [ SQL ] SHOW COLUMNS FROM `new_admin` [ RunTime:0.000000s ]
[ sql ] [ SQL ] SELECT * FROM `new_admin` [ RunTime:0.000000s ]

---------------------------------------------------------------
[ 2018-05-15T10:05:08+08:00 ] [ sql ] [ DB ] CONNECT:[ UseTime:0.012001s ] mysql:dbname=tp_5.0.5_new;host=127.0.0.1;port=3306;charset=utf8
[ sql ] [ SQL ] SHOW COLUMNS FROM `new_admin` [ RunTime:0.001000s ]
[ sql ] [ SQL ] SELECT * FROM `new_admin` [ RunTime:0.000000s ]

---------------------------------------------------------------
[ 2018-05-15T10:05:56+08:00 ] [ sql ] [ DB ] CONNECT:[ UseTime:0.015600s ] mysql:dbname=tp_5.0.5_new;host=127.0.0.1;port=3306;charset=utf8
[ sql ] [ SQL ] SHOW COLUMNS FROM `new_admin` [ RunTime:0.000000s ]
[ sql ] [ SQL ] SELECT * FROM `new_admin` [ RunTime:0.000000s ]
[ error ] [0]类型错误: Argument 3 passed to api() must be of the type array, boolean given, called in F:\phpStudy-2018\PHPTutorial\WWW\TP_5.0.5\application\api\controller\Test.php on line 23

---------------------------------------------------------------
[ 2018-05-15T10:05:58+08:00 ] [ sql ] [ DB ] CONNECT:[ UseTime:0.015600s ] mysql:dbname=tp_5.0.5_new;host=127.0.0.1;port=3306;charset=utf8
[ sql ] [ SQL ] SHOW COLUMNS FROM `new_admin` [ RunTime:0.000000s ]
[ sql ] [ SQL ] SELECT * FROM `new_admin` [ RunTime:0.000000s ]
[ error ] [0]类型错误: Argument 3 passed to api() must be of the type array, boolean given, called in F:\phpStudy-2018\PHPTutorial\WWW\TP_5.0.5\application\api\controller\Test.php on line 23

---------------------------------------------------------------
[ 2018-05-15T10:05:58+08:00 ] [ sql ] [ DB ] CONNECT:[ UseTime:0.012001s ] mysql:dbname=tp_5.0.5_new;host=127.0.0.1;port=3306;charset=utf8
[ sql ] [ SQL ] SHOW COLUMNS FROM `new_admin` [ RunTime:0.001000s ]
[ sql ] [ SQL ] SELECT * FROM `new_admin` [ RunTime:0.000000s ]
[ error ] [0]类型错误: Argument 3 passed to api() must be of the type array, boolean given, called in F:\phpStudy-2018\PHPTutorial\WWW\TP_5.0.5\application\api\controller\Test.php on line 23

---------------------------------------------------------------
[ 2018-05-15T10:07:08+08:00 ] [ sql ] [ DB ] CONNECT:[ UseTime:0.015600s ] mysql:dbname=tp_5.0.5_new;host=127.0.0.1;port=3306;charset=utf8
[ sql ] [ SQL ] SHOW COLUMNS FROM `new_admin` [ RunTime:0.000000s ]
[ sql ] [ SQL ] SELECT * FROM `new_admin` [ RunTime:0.000000s ]

---------------------------------------------------------------
[ 2018-05-15T10:07:09+08:00 ] [ sql ] [ DB ] CONNECT:[ UseTime:0.002000s ] mysql:dbname=tp_5.0.5_new;host=127.0.0.1;port=3306;charset=utf8
[ sql ] [ SQL ] SHOW COLUMNS FROM `new_admin` [ RunTime:0.001000s ]
[ sql ] [ SQL ] SELECT * FROM `new_admin` [ RunTime:0.000000s ]

---------------------------------------------------------------
[ 2018-05-15T10:07:30+08:00 ] [ error ] [0]校验失败

---------------------------------------------------------------
