[ 2018-05-18T10:03:53+08:00 ] [ error ] [8]未定义数组索引: type

---------------------------------------------------------------
[ 2018-05-18T10:04:58+08:00 ] [ error ] [8]未定义数组索引: type

---------------------------------------------------------------
[ 2018-05-18T10:05:10+08:00 ] [ error ] [8]未定义数组索引: type

---------------------------------------------------------------
[ 2018-05-18T10:05:31+08:00 ] [ error ] [8]未定义数组索引: type

---------------------------------------------------------------
[ 2018-05-18T10:05:52+08:00 ] [ error ] [8]未定义数组索引: type

---------------------------------------------------------------
[ 2018-05-18T10:07:53+08:00 ] [ error ] [-1]Class app\api\Test does not exist

---------------------------------------------------------------
[ 2018-05-18T10:08:03+08:00 ] [ error ] [8]未定义数组索引: type

---------------------------------------------------------------
[ 2018-05-18T10:08:28+08:00 ] [ sql ] [ DB ] CONNECT:[ UseTime:0.096005s ] mysql:dbname=tp_5.0.5_new;host=127.0.0.1;port=3306;charset=utf8
[ sql ] [ SQL ] SHOW COLUMNS FROM `new_admin` [ RunTime:0.253015s ]
[ sql ] [ SQL ] SELECT * FROM `new_admin` [ RunTime:0.020001s ]

---------------------------------------------------------------
[ 2018-05-18T10:09:19+08:00 ] [ error ] [8]未定义数组索引: type

---------------------------------------------------------------
[ 2018-05-18T10:10:47+08:00 ] [ error ] [-1]Class app\api\controller\v1\Order does not exist

---------------------------------------------------------------
[ 2018-05-18T10:11:52+08:00 ] [ error ] [-1]Class app\api\controller\v1\Order does not exist

---------------------------------------------------------------
[ 2018-05-18T10:12:21+08:00 ] [ error ] [8]未定义数组索引: type

---------------------------------------------------------------
[ 2018-05-18T10:12:35+08:00 ] [ sql ] [ DB ] CONNECT:[ UseTime:0.012000s ] mysql:dbname=tp_5.0.5_new;host=127.0.0.1;port=3306;charset=utf8
[ sql ] [ SQL ] SHOW COLUMNS FROM `new_order` [ RunTime:0.031002s ]
[ sql ] [ SQL ] SELECT COUNT(*) AS tp_count FROM `new_order` LIMIT 1 [ RunTime:0.037002s ]
[ sql ] [ SQL ] SELECT * FROM `new_order` LIMIT 0,10 [ RunTime:0.001000s ]
[ error ] [0]类型错误: Argument 3 passed to api() must be of the type array, object given, called in F:\phpStudy-2018\PHPTutorial\WWW\TP_5.0.5\application\api\controller\v1\Orderssss.php on line 30

---------------------------------------------------------------
[ 2018-05-18T10:12:48+08:00 ] [ sql ] [ DB ] CONNECT:[ UseTime:0.002000s ] mysql:dbname=tp_5.0.5_new;host=127.0.0.1;port=3306;charset=utf8
[ sql ] [ SQL ] SHOW COLUMNS FROM `new_order` [ RunTime:0.002001s ]
[ sql ] [ SQL ] SELECT COUNT(*) AS tp_count FROM `new_order` LIMIT 1 [ RunTime:0.000000s ]
[ sql ] [ SQL ] SELECT * FROM `new_order` LIMIT 0,10 [ RunTime:0.000000s ]

---------------------------------------------------------------
[ 2018-05-18T10:22:19+08:00 ] [ sql ] [ DB ] CONNECT:[ UseTime:0.022001s ] mysql:dbname=tp_5.0.5_new;host=127.0.0.1;port=3306;charset=utf8
[ sql ] [ SQL ] SHOW COLUMNS FROM `new_order` [ RunTime:0.002000s ]
[ sql ] [ SQL ] SELECT COUNT(*) AS tp_count FROM `new_order` LIMIT 1 [ RunTime:0.000000s ]
[ sql ] [ SQL ] SELECT * FROM `new_order` LIMIT 0,10 [ RunTime:0.000000s ]

---------------------------------------------------------------
[ 2018-05-18T10:22:57+08:00 ] [ sql ] [ DB ] CONNECT:[ UseTime:0.010000s ] mysql:dbname=tp_5.0.5_new;host=127.0.0.1;port=3306;charset=utf8
[ sql ] [ SQL ] SHOW COLUMNS FROM `new_order` [ RunTime:0.002000s ]
[ sql ] [ SQL ] SELECT COUNT(*) AS tp_count FROM `new_order` LIMIT 1 [ RunTime:0.001000s ]
[ sql ] [ SQL ] SELECT * FROM `new_order` LIMIT 0,10 [ RunTime:0.000000s ]

---------------------------------------------------------------
[ 2018-05-18T10:24:04+08:00 ] [ error ] [8]未定义数组索引: type

---------------------------------------------------------------
[ 2018-05-18T10:24:59+08:00 ] [ error ] [8]未定义数组索引: type

---------------------------------------------------------------
[ 2018-05-18T10:25:04+08:00 ] [ error ] [0]sign不合法

---------------------------------------------------------------
[ 2018-05-18T10:25:08+08:00 ] [ error ] [8]未定义数组索引: type

---------------------------------------------------------------
[ 2018-05-18T10:26:33+08:00 ] [ error ] [8]未定义数组索引: type

---------------------------------------------------------------
[ 2018-05-18T10:27:19+08:00 ] [ error ] [8]未定义数组索引: type

---------------------------------------------------------------
[ 2018-05-18T10:27:20+08:00 ] [ error ] [8]未定义数组索引: type

---------------------------------------------------------------
[ 2018-05-18T10:27:21+08:00 ] [ error ] [8]未定义数组索引: type

---------------------------------------------------------------
[ 2018-05-18T10:27:39+08:00 ] [ error ] [8]未定义数组索引: type

---------------------------------------------------------------
[ 2018-05-18T10:27:40+08:00 ] [ error ] [8]未定义数组索引: type

---------------------------------------------------------------
[ 2018-05-18T10:27:51+08:00 ] [ sql ] [ DB ] CONNECT:[ UseTime:0.013001s ] mysql:dbname=tp_5.0.5_new;host=127.0.0.1;port=3306;charset=utf8
[ sql ] [ SQL ] SHOW COLUMNS FROM `new_order` [ RunTime:0.002000s ]
[ sql ] [ SQL ] SELECT COUNT(*) AS tp_count FROM `new_order` LIMIT 1 [ RunTime:0.001000s ]
[ sql ] [ SQL ] SELECT * FROM `new_order` LIMIT 0,10 [ RunTime:0.001000s ]

---------------------------------------------------------------
[ 2018-05-18T10:28:16+08:00 ] [ sql ] [ DB ] CONNECT:[ UseTime:0.011001s ] mysql:dbname=tp_5.0.5_new;host=127.0.0.1;port=3306;charset=utf8
[ sql ] [ SQL ] SHOW COLUMNS FROM `new_order` [ RunTime:0.002000s ]
[ sql ] [ SQL ] SELECT COUNT(*) AS tp_count FROM `new_order` LIMIT 1 [ RunTime:0.001000s ]
[ sql ] [ SQL ] SELECT * FROM `new_order` LIMIT 0,10 [ RunTime:0.000000s ]

---------------------------------------------------------------
[ 2018-05-18T10:28:22+08:00 ] [ error ] [8]未定义数组索引: type

---------------------------------------------------------------
[ 2018-05-18T10:31:29+08:00 ] [ error ] [0]致命错误: Call to undefined function app\common\lib\http_build_str()

---------------------------------------------------------------
[ 2018-05-18T10:47:59+08:00 ] [ sql ] [ DB ] CONNECT:[ UseTime:0.055003s ] mysql:dbname=tp_5.0.5_new;host=127.0.0.1;port=3306;charset=utf8
[ sql ] [ SQL ] SHOW COLUMNS FROM `new_admin` [ RunTime:0.003001s ]
[ sql ] [ SQL ] SELECT * FROM `new_admin` [ RunTime:0.001000s ]
[ error ] [0]致命错误: Call to a member function toArray() on array

---------------------------------------------------------------
[ 2018-05-18T11:21:50+08:00 ] [ sql ] [ DB ] CONNECT:[ UseTime:0.029002s ] mysql:dbname=tp_5.0.5_new;host=127.0.0.1;port=3306;charset=utf8
[ sql ] [ SQL ] SHOW COLUMNS FROM `new_admin` [ RunTime:0.002000s ]
[ sql ] [ SQL ] SELECT * FROM `new_admin` [ RunTime:0.001000s ]
[ error ] [0]致命错误: Call to a member function toArray() on array

---------------------------------------------------------------
[ 2018-05-18T11:22:47+08:00 ] [ sql ] [ DB ] CONNECT:[ UseTime:0.011000s ] mysql:dbname=tp_5.0.5_new;host=127.0.0.1;port=3306;charset=utf8
[ sql ] [ SQL ] SHOW COLUMNS FROM `new_admin` [ RunTime:0.002000s ]
[ sql ] [ SQL ] SELECT * FROM `new_admin` [ RunTime:0.001000s ]

---------------------------------------------------------------
[ 2018-05-18T11:23:18+08:00 ] [ sql ] [ DB ] CONNECT:[ UseTime:0.003000s ] mysql:dbname=tp_5.0.5_new;host=127.0.0.1;port=3306;charset=utf8
[ sql ] [ SQL ] SHOW COLUMNS FROM `new_admin` [ RunTime:0.002000s ]
[ sql ] [ SQL ] SELECT * FROM `new_admin` [ RunTime:0.000000s ]

---------------------------------------------------------------
[ 2018-05-18T11:23:27+08:00 ] [ sql ] [ DB ] CONNECT:[ UseTime:0.011001s ] mysql:dbname=tp_5.0.5_new;host=127.0.0.1;port=3306;charset=utf8
[ sql ] [ SQL ] SHOW COLUMNS FROM `new_admin` [ RunTime:0.002000s ]
[ sql ] [ SQL ] SELECT * FROM `new_admin` WHERE  `id` = 1 LIMIT 1 [ RunTime:0.072004s ]
[ error ] [0]类的属性不存在:app\common\model\Admin->stat us

---------------------------------------------------------------
[ 2018-05-18T11:23:30+08:00 ] [ sql ] [ DB ] CONNECT:[ UseTime:0.003000s ] mysql:dbname=tp_5.0.5_new;host=127.0.0.1;port=3306;charset=utf8
[ sql ] [ SQL ] SHOW COLUMNS FROM `new_admin` [ RunTime:0.002000s ]
[ sql ] [ SQL ] SELECT * FROM `new_admin` WHERE  `id` = 1 LIMIT 1 [ RunTime:0.001000s ]
[ error ] [0]类的属性不存在:app\common\model\Admin->stat us

---------------------------------------------------------------
[ 2018-05-18T11:23:41+08:00 ] [ sql ] [ DB ] CONNECT:[ UseTime:0.003000s ] mysql:dbname=tp_5.0.5_new;host=127.0.0.1;port=3306;charset=utf8
[ sql ] [ SQL ] SHOW COLUMNS FROM `new_admin` [ RunTime:0.002000s ]
[ sql ] [ SQL ] SELECT * FROM `new_admin` WHERE  `id` = 1 LIMIT 1 [ RunTime:0.001000s ]

---------------------------------------------------------------
[ 2018-05-18T11:24:05+08:00 ] [ sql ] [ DB ] CONNECT:[ UseTime:0.011001s ] mysql:dbname=tp_5.0.5_new;host=127.0.0.1;port=3306;charset=utf8
[ sql ] [ SQL ] SHOW COLUMNS FROM `new_admin` [ RunTime:0.002000s ]
[ sql ] [ SQL ] SELECT * FROM `new_admin` WHERE  `id` = 1 LIMIT 1 [ RunTime:0.001000s ]
[ error ] [0]类的属性不存在:app\common\model\Admin->stat us

---------------------------------------------------------------
[ 2018-05-18T11:24:16+08:00 ] [ sql ] [ DB ] CONNECT:[ UseTime:0.011000s ] mysql:dbname=tp_5.0.5_new;host=127.0.0.1;port=3306;charset=utf8
[ sql ] [ SQL ] SHOW COLUMNS FROM `new_admin` [ RunTime:0.002000s ]
[ sql ] [ SQL ] SELECT * FROM `new_admin` WHERE  `id` = 1 LIMIT 1 [ RunTime:0.000000s ]
[ sql ] [ SQL ] UPDATE `new_admin`  SET `status`=0  WHERE  `id` = 1 [ RunTime:0.081005s ]

---------------------------------------------------------------
[ 2018-05-18T11:24:19+08:00 ] [ sql ] [ DB ] CONNECT:[ UseTime:0.011001s ] mysql:dbname=tp_5.0.5_new;host=127.0.0.1;port=3306;charset=utf8
[ sql ] [ SQL ] SHOW COLUMNS FROM `new_admin` [ RunTime:0.001000s ]
[ sql ] [ SQL ] SELECT * FROM `new_admin` WHERE  `id` = 1 LIMIT 1 [ RunTime:0.001000s ]
[ sql ] [ SQL ] UPDATE `new_admin`  SET `status`=1  WHERE  `id` = 1 [ RunTime:0.003000s ]

---------------------------------------------------------------
